[0.054s] Invoking command in '/home/leo/TFG_Proyect/build/warehouse_simulation': /usr/bin/cmake /home/leo/TFG_Proyect/src/ros2_ws/src/warehouse_simulation_toolkit -DCATKIN_INSTALL_INTO_PREFIX_ROOT=0 -DCMAKE_INSTALL_PREFIX=/home/leo/TFG_Proyect/install/warehouse_simulation
[0.059s] [0mCMake Deprecation Warning at CMakeLists.txt:1 (cmake_minimum_required):
[0.059s]   Compatibility with CMake < 2.8.12 will be removed from a future version of
[0.059s]   CMake.
[0.059s] 
[0.059s]   Update the VERSION argument <min> value or use a ...<max> suffix to tell
[0.059s]   CMake that the project does not need compatibility with older versions.
[0.059s] 
[0.059s] [0m
[0.093s] -- The C compiler identification is GNU 11.4.0
[0.138s] -- The CXX compiler identification is GNU 11.4.0
[0.143s] -- Detecting C compiler ABI info
[0.188s] -- Detecting C compiler ABI info - done
[0.194s] -- Check for working C compiler: /usr/bin/cc - skipped
[0.194s] -- Detecting C compile features
[0.195s] -- Detecting C compile features - done
[0.198s] -- Detecting CXX compiler ABI info
[0.250s] -- Detecting CXX compiler ABI info - done
[0.256s] -- Check for working CXX compiler: /usr/bin/c++ - skipped
[0.256s] -- Detecting CXX compile features
[0.256s] -- Detecting CXX compile features - done
[0.264s] [31mCMake Error at CMakeLists.txt:10 (find_package):
[0.264s]   By not providing "Findcatkin.cmake" in CMAKE_MODULE_PATH this project has
[0.264s]   asked CMake to find a package configuration file provided by "catkin", but
[0.264s]   CMake did not find one.
[0.264s] 
[0.264s]   Could not find a package configuration file provided by "catkin" with any
[0.264s]   of the following names:
[0.264s] 
[0.264s]     catkinConfig.cmake
[0.264s]     catkin-config.cmake
[0.264s] 
[0.264s]   Add the installation prefix of "catkin" to CMAKE_PREFIX_PATH or set
[0.264s]   "catkin_DIR" to a directory containing one of the above files.  If "catkin"
[0.264s]   provides a separate development package or SDK, be sure it has been
[0.264s]   installed.
[0.264s] 
[0.265s] [0m
[0.265s] -- Configuring incomplete, errors occurred!
[0.265s] See also "/home/leo/TFG_Proyect/build/warehouse_simulation/CMakeFiles/CMakeOutput.log".
[0.266s] Invoked command in '/home/leo/TFG_Proyect/build/warehouse_simulation' returned '1': /usr/bin/cmake /home/leo/TFG_Proyect/src/ros2_ws/src/warehouse_simulation_toolkit -DCATKIN_INSTALL_INTO_PREFIX_ROOT=0 -DCMAKE_INSTALL_PREFIX=/home/leo/TFG_Proyect/install/warehouse_simulation
