[0.043s] Invoking command in '/home/leo/TFG_Proyect/build/aws_robomaker_small_warehouse_world': /usr/bin/cmake /home/leo/TFG_Proyect/ros2_ws/src/gazebo_simulations/aws-robomaker-small-warehouse-world -DCATKIN_INSTALL_INTO_PREFIX_ROOT=0 -DCMAKE_INSTALL_PREFIX=/home/leo/TFG_Proyect/install/aws_robomaker_small_warehouse_world
[0.048s] [0mCMake Deprecation Warning at CMakeLists.txt:1 (cmake_minimum_required):
[0.048s]   Compatibility with CMake < 2.8.12 will be removed from a future version of
[0.048s]   CMake.
[0.048s] 
[0.048s]   Update the VERSION argument <min> value or use a ...<max> suffix to tell
[0.048s]   CMake that the project does not need compatibility with older versions.
[0.048s] 
[0.048s] [0m
[0.121s] -- The C compiler identification is GNU 11.4.0
[0.181s] -- The CXX compiler identification is GNU 11.4.0
[0.187s] -- Detecting C compiler ABI info
[0.239s] -- Detecting C compiler ABI info - done
[0.244s] -- Check for working C compiler: /usr/bin/cc - skipped
[0.245s] -- Detecting C compile features
[0.245s] -- Detecting C compile features - done
[0.247s] -- Detecting CXX compiler ABI info
[0.303s] -- Detecting CXX compiler ABI info - done
[0.309s] -- Check for working CXX compiler: /usr/bin/c++ - skipped
[0.309s] -- Detecting CXX compile features
[0.309s] -- Detecting CXX compile features - done
[0.317s] [31mCMake Error at CMakeLists.txt:4 (find_package):
[0.317s]   By not providing "Findcatkin.cmake" in CMAKE_MODULE_PATH this project has
[0.317s]   asked CMake to find a package configuration file provided by "catkin", but
[0.317s]   CMake did not find one.
[0.317s] 
[0.317s]   Could not find a package configuration file provided by "catkin" with any
[0.317s]   of the following names:
[0.317s] 
[0.317s]     catkinConfig.cmake
[0.317s]     catkin-config.cmake
[0.317s] 
[0.318s]   Add the installation prefix of "catkin" to CMAKE_PREFIX_PATH or set
[0.318s]   "catkin_DIR" to a directory containing one of the above files.  If "catkin"
[0.318s]   provides a separate development package or SDK, be sure it has been
[0.318s]   installed.
[0.318s] 
[0.318s] [0m
[0.318s] -- Configuring incomplete, errors occurred!
[0.318s] See also "/home/leo/TFG_Proyect/build/aws_robomaker_small_warehouse_world/CMakeFiles/CMakeOutput.log".
[0.320s] Invoked command in '/home/leo/TFG_Proyect/build/aws_robomaker_small_warehouse_world' returned '1': /usr/bin/cmake /home/leo/TFG_Proyect/ros2_ws/src/gazebo_simulations/aws-robomaker-small-warehouse-world -DCATKIN_INSTALL_INTO_PREFIX_ROOT=0 -DCMAKE_INSTALL_PREFIX=/home/leo/TFG_Proyect/install/aws_robomaker_small_warehouse_world
