[0.801s] DEBUG:colcon:Command line arguments: ['/usr/bin/colcon', 'build']
[0.801s] DEBUG:colcon:Parsed command line arguments: Namespace(log_base=None, log_level=None, verb_name='build', build_base='build', install_base='install', merge_install=False, symlink_install=False, test_result_base=None, continue_on_error=False, executor='parallel', parallel_workers=8, event_handlers=None, ignore_user_meta=False, metas=['./colcon.meta'], base_paths=['.'], packages_ignore=None, packages_ignore_regex=None, paths=None, packages_up_to=None, packages_up_to_regex=None, packages_above=None, packages_above_and_dependencies=None, packages_above_depth=None, packages_select_by_dep=None, packages_skip_by_dep=None, packages_skip_up_to=None, packages_select_build_failed=False, packages_skip_build_finished=False, packages_select_test_failures=False, packages_skip_test_passed=False, packages_select=None, packages_skip=None, packages_select_regex=None, packages_skip_regex=None, packages_start=None, packages_end=None, allow_overriding=[], cmake_args=None, cmake_target=None, cmake_target_skip_unavailable=False, cmake_clean_cache=False, cmake_clean_first=False, cmake_force_configure=False, ament_cmake_args=None, catkin_cmake_args=None, catkin_skip_building_tests=False, verb_parser=<colcon_defaults.argument_parser.defaults.DefaultArgumentsDecorator object at 0x7ffa28d780a0>, verb_extension=<colcon_core.verb.build.BuildVerb object at 0x7ffa29f67d30>, main=<bound method BuildVerb.main of <colcon_core.verb.build.BuildVerb object at 0x7ffa29f67d30>>)
[0.848s] Level 1:colcon.colcon_core.package_discovery:discover_packages(colcon_meta) check parameters
[0.848s] Level 1:colcon.colcon_core.package_discovery:discover_packages(recursive) check parameters
[0.848s] Level 1:colcon.colcon_core.package_discovery:discover_packages(ignore) check parameters
[0.848s] Level 1:colcon.colcon_core.package_discovery:discover_packages(path) check parameters
[0.848s] Level 1:colcon.colcon_core.package_discovery:discover_packages(colcon_meta) discover
[0.848s] Level 1:colcon.colcon_core.package_discovery:discover_packages(recursive) discover
[0.848s] INFO:colcon.colcon_core.package_discovery:Crawling recursively for packages in '/home/leo/TFG_Proyect'
[0.848s] Level 1:colcon.colcon_core.package_identification:_identify(.) by extensions ['ignore', 'ignore_ament_install']
[0.848s] Level 1:colcon.colcon_core.package_identification:_identify(.) by extension 'ignore'
[0.848s] Level 1:colcon.colcon_core.package_identification:_identify(.) by extension 'ignore_ament_install'
[0.848s] Level 1:colcon.colcon_core.package_identification:_identify(.) by extensions ['colcon_pkg']
[0.848s] Level 1:colcon.colcon_core.package_identification:_identify(.) by extension 'colcon_pkg'
[0.848s] Level 1:colcon.colcon_core.package_identification:_identify(.) by extensions ['colcon_meta']
[0.848s] Level 1:colcon.colcon_core.package_identification:_identify(.) by extension 'colcon_meta'
[0.848s] Level 1:colcon.colcon_core.package_identification:_identify(.) by extensions ['ros']
[0.848s] Level 1:colcon.colcon_core.package_identification:_identify(.) by extension 'ros'
[0.857s] Level 1:colcon.colcon_core.package_identification:_identify(.) by extensions ['cmake', 'python']
[0.857s] Level 1:colcon.colcon_core.package_identification:_identify(.) by extension 'cmake'
[0.857s] Level 1:colcon.colcon_core.package_identification:_identify(.) by extension 'python'
[0.857s] Level 1:colcon.colcon_core.package_identification:_identify(.) by extensions ['python_setup_py']
[0.857s] Level 1:colcon.colcon_core.package_identification:_identify(.) by extension 'python_setup_py'
[0.858s] Level 1:colcon.colcon_core.package_identification:_identify(build) by extensions ['ignore', 'ignore_ament_install']
[0.858s] Level 1:colcon.colcon_core.package_identification:_identify(build) by extension 'ignore'
[0.858s] Level 1:colcon.colcon_core.package_identification:_identify(build) ignored
[0.858s] Level 1:colcon.colcon_core.package_identification:_identify(install) by extensions ['ignore', 'ignore_ament_install']
[0.858s] Level 1:colcon.colcon_core.package_identification:_identify(install) by extension 'ignore'
[0.858s] Level 1:colcon.colcon_core.package_identification:_identify(install) ignored
[0.858s] Level 1:colcon.colcon_core.package_identification:_identify(log) by extensions ['ignore', 'ignore_ament_install']
[0.858s] Level 1:colcon.colcon_core.package_identification:_identify(log) by extension 'ignore'
[0.858s] Level 1:colcon.colcon_core.package_identification:_identify(log) ignored
[0.858s] Level 1:colcon.colcon_core.package_identification:_identify(src) by extensions ['ignore', 'ignore_ament_install']
[0.858s] Level 1:colcon.colcon_core.package_identification:_identify(src) by extension 'ignore'
[0.858s] Level 1:colcon.colcon_core.package_identification:_identify(src) by extension 'ignore_ament_install'
[0.858s] Level 1:colcon.colcon_core.package_identification:_identify(src) by extensions ['colcon_pkg']
[0.858s] Level 1:colcon.colcon_core.package_identification:_identify(src) by extension 'colcon_pkg'
[0.858s] Level 1:colcon.colcon_core.package_identification:_identify(src) by extensions ['colcon_meta']
[0.858s] Level 1:colcon.colcon_core.package_identification:_identify(src) by extension 'colcon_meta'
[0.858s] Level 1:colcon.colcon_core.package_identification:_identify(src) by extensions ['ros']
[0.858s] Level 1:colcon.colcon_core.package_identification:_identify(src) by extension 'ros'
[0.858s] Level 1:colcon.colcon_core.package_identification:_identify(src) by extensions ['cmake', 'python']
[0.858s] Level 1:colcon.colcon_core.package_identification:_identify(src) by extension 'cmake'
[0.858s] Level 1:colcon.colcon_core.package_identification:_identify(src) by extension 'python'
[0.858s] Level 1:colcon.colcon_core.package_identification:_identify(src) by extensions ['python_setup_py']
[0.858s] Level 1:colcon.colcon_core.package_identification:_identify(src) by extension 'python_setup_py'
[0.858s] Level 1:colcon.colcon_core.package_identification:_identify(src/ros2_ws) by extensions ['ignore', 'ignore_ament_install']
[0.858s] Level 1:colcon.colcon_core.package_identification:_identify(src/ros2_ws) by extension 'ignore'
[0.858s] Level 1:colcon.colcon_core.package_identification:_identify(src/ros2_ws) by extension 'ignore_ament_install'
[0.858s] Level 1:colcon.colcon_core.package_identification:_identify(src/ros2_ws) by extensions ['colcon_pkg']
[0.858s] Level 1:colcon.colcon_core.package_identification:_identify(src/ros2_ws) by extension 'colcon_pkg'
[0.859s] Level 1:colcon.colcon_core.package_identification:_identify(src/ros2_ws) by extensions ['colcon_meta']
[0.859s] Level 1:colcon.colcon_core.package_identification:_identify(src/ros2_ws) by extension 'colcon_meta'
[0.859s] Level 1:colcon.colcon_core.package_identification:_identify(src/ros2_ws) by extensions ['ros']
[0.859s] Level 1:colcon.colcon_core.package_identification:_identify(src/ros2_ws) by extension 'ros'
[0.859s] Level 1:colcon.colcon_core.package_identification:_identify(src/ros2_ws) by extensions ['cmake', 'python']
[0.859s] Level 1:colcon.colcon_core.package_identification:_identify(src/ros2_ws) by extension 'cmake'
[0.859s] Level 1:colcon.colcon_core.package_identification:_identify(src/ros2_ws) by extension 'python'
[0.859s] Level 1:colcon.colcon_core.package_identification:_identify(src/ros2_ws) by extensions ['python_setup_py']
[0.859s] Level 1:colcon.colcon_core.package_identification:_identify(src/ros2_ws) by extension 'python_setup_py'
[0.859s] Level 1:colcon.colcon_core.package_identification:_identify(src/ros2_ws/build) by extensions ['ignore', 'ignore_ament_install']
[0.859s] Level 1:colcon.colcon_core.package_identification:_identify(src/ros2_ws/build) by extension 'ignore'
[0.859s] Level 1:colcon.colcon_core.package_identification:_identify(src/ros2_ws/build) ignored
[0.859s] Level 1:colcon.colcon_core.package_identification:_identify(src/ros2_ws/install) by extensions ['ignore', 'ignore_ament_install']
[0.859s] Level 1:colcon.colcon_core.package_identification:_identify(src/ros2_ws/install) by extension 'ignore'
[0.859s] Level 1:colcon.colcon_core.package_identification:_identify(src/ros2_ws/install) ignored
[0.859s] Level 1:colcon.colcon_core.package_identification:_identify(src/ros2_ws/log) by extensions ['ignore', 'ignore_ament_install']
[0.859s] Level 1:colcon.colcon_core.package_identification:_identify(src/ros2_ws/log) by extension 'ignore'
[0.859s] Level 1:colcon.colcon_core.package_identification:_identify(src/ros2_ws/log) ignored
[0.859s] Level 1:colcon.colcon_core.package_identification:_identify(src/ros2_ws/src) by extensions ['ignore', 'ignore_ament_install']
[0.859s] Level 1:colcon.colcon_core.package_identification:_identify(src/ros2_ws/src) by extension 'ignore'
[0.859s] Level 1:colcon.colcon_core.package_identification:_identify(src/ros2_ws/src) by extension 'ignore_ament_install'
[0.859s] Level 1:colcon.colcon_core.package_identification:_identify(src/ros2_ws/src) by extensions ['colcon_pkg']
[0.859s] Level 1:colcon.colcon_core.package_identification:_identify(src/ros2_ws/src) by extension 'colcon_pkg'
[0.859s] Level 1:colcon.colcon_core.package_identification:_identify(src/ros2_ws/src) by extensions ['colcon_meta']
[0.859s] Level 1:colcon.colcon_core.package_identification:_identify(src/ros2_ws/src) by extension 'colcon_meta'
[0.859s] Level 1:colcon.colcon_core.package_identification:_identify(src/ros2_ws/src) by extensions ['ros']
[0.859s] Level 1:colcon.colcon_core.package_identification:_identify(src/ros2_ws/src) by extension 'ros'
[0.859s] Level 1:colcon.colcon_core.package_identification:_identify(src/ros2_ws/src) by extensions ['cmake', 'python']
[0.859s] Level 1:colcon.colcon_core.package_identification:_identify(src/ros2_ws/src) by extension 'cmake'
[0.859s] Level 1:colcon.colcon_core.package_identification:_identify(src/ros2_ws/src) by extension 'python'
[0.859s] Level 1:colcon.colcon_core.package_identification:_identify(src/ros2_ws/src) by extensions ['python_setup_py']
[0.859s] Level 1:colcon.colcon_core.package_identification:_identify(src/ros2_ws/src) by extension 'python_setup_py'
[0.860s] Level 1:colcon.colcon_core.package_identification:_identify(src/ros2_ws/src/gazebo_worlds) by extensions ['ignore', 'ignore_ament_install']
[0.860s] Level 1:colcon.colcon_core.package_identification:_identify(src/ros2_ws/src/gazebo_worlds) by extension 'ignore'
[0.860s] Level 1:colcon.colcon_core.package_identification:_identify(src/ros2_ws/src/gazebo_worlds) by extension 'ignore_ament_install'
[0.860s] Level 1:colcon.colcon_core.package_identification:_identify(src/ros2_ws/src/gazebo_worlds) by extensions ['colcon_pkg']
[0.860s] Level 1:colcon.colcon_core.package_identification:_identify(src/ros2_ws/src/gazebo_worlds) by extension 'colcon_pkg'
[0.860s] Level 1:colcon.colcon_core.package_identification:_identify(src/ros2_ws/src/gazebo_worlds) by extensions ['colcon_meta']
[0.860s] Level 1:colcon.colcon_core.package_identification:_identify(src/ros2_ws/src/gazebo_worlds) by extension 'colcon_meta'
[0.860s] Level 1:colcon.colcon_core.package_identification:_identify(src/ros2_ws/src/gazebo_worlds) by extensions ['ros']
[0.860s] Level 1:colcon.colcon_core.package_identification:_identify(src/ros2_ws/src/gazebo_worlds) by extension 'ros'
[0.860s] Level 1:colcon.colcon_core.package_identification:_identify(src/ros2_ws/src/gazebo_worlds) by extensions ['cmake', 'python']
[0.860s] Level 1:colcon.colcon_core.package_identification:_identify(src/ros2_ws/src/gazebo_worlds) by extension 'cmake'
[0.860s] Level 1:colcon.colcon_core.package_identification:_identify(src/ros2_ws/src/gazebo_worlds) by extension 'python'
[0.860s] Level 1:colcon.colcon_core.package_identification:_identify(src/ros2_ws/src/gazebo_worlds) by extensions ['python_setup_py']
[0.860s] Level 1:colcon.colcon_core.package_identification:_identify(src/ros2_ws/src/gazebo_worlds) by extension 'python_setup_py'
[0.860s] Level 1:colcon.colcon_core.package_identification:_identify(src/ros2_ws/src/gazebo_worlds/Depot) by extensions ['ignore', 'ignore_ament_install']
[0.860s] Level 1:colcon.colcon_core.package_identification:_identify(src/ros2_ws/src/gazebo_worlds/Depot) by extension 'ignore'
[0.860s] Level 1:colcon.colcon_core.package_identification:_identify(src/ros2_ws/src/gazebo_worlds/Depot) by extension 'ignore_ament_install'
[0.860s] Level 1:colcon.colcon_core.package_identification:_identify(src/ros2_ws/src/gazebo_worlds/Depot) by extensions ['colcon_pkg']
[0.860s] Level 1:colcon.colcon_core.package_identification:_identify(src/ros2_ws/src/gazebo_worlds/Depot) by extension 'colcon_pkg'
[0.860s] Level 1:colcon.colcon_core.package_identification:_identify(src/ros2_ws/src/gazebo_worlds/Depot) by extensions ['colcon_meta']
[0.860s] Level 1:colcon.colcon_core.package_identification:_identify(src/ros2_ws/src/gazebo_worlds/Depot) by extension 'colcon_meta'
[0.860s] Level 1:colcon.colcon_core.package_identification:_identify(src/ros2_ws/src/gazebo_worlds/Depot) by extensions ['ros']
[0.860s] Level 1:colcon.colcon_core.package_identification:_identify(src/ros2_ws/src/gazebo_worlds/Depot) by extension 'ros'
[0.860s] Level 1:colcon.colcon_core.package_identification:_identify(src/ros2_ws/src/gazebo_worlds/Depot) by extensions ['cmake', 'python']
[0.860s] Level 1:colcon.colcon_core.package_identification:_identify(src/ros2_ws/src/gazebo_worlds/Depot) by extension 'cmake'
[0.860s] Level 1:colcon.colcon_core.package_identification:_identify(src/ros2_ws/src/gazebo_worlds/Depot) by extension 'python'
[0.860s] Level 1:colcon.colcon_core.package_identification:_identify(src/ros2_ws/src/gazebo_worlds/Depot) by extensions ['python_setup_py']
[0.860s] Level 1:colcon.colcon_core.package_identification:_identify(src/ros2_ws/src/gazebo_worlds/Depot) by extension 'python_setup_py'
[0.860s] Level 1:colcon.colcon_core.package_identification:_identify(src/ros2_ws/src/gazebo_worlds/Depot/materials) by extensions ['ignore', 'ignore_ament_install']
[0.861s] Level 1:colcon.colcon_core.package_identification:_identify(src/ros2_ws/src/gazebo_worlds/Depot/materials) by extension 'ignore'
[0.861s] Level 1:colcon.colcon_core.package_identification:_identify(src/ros2_ws/src/gazebo_worlds/Depot/materials) by extension 'ignore_ament_install'
[0.861s] Level 1:colcon.colcon_core.package_identification:_identify(src/ros2_ws/src/gazebo_worlds/Depot/materials) by extensions ['colcon_pkg']
[0.861s] Level 1:colcon.colcon_core.package_identification:_identify(src/ros2_ws/src/gazebo_worlds/Depot/materials) by extension 'colcon_pkg'
[0.861s] Level 1:colcon.colcon_core.package_identification:_identify(src/ros2_ws/src/gazebo_worlds/Depot/materials) by extensions ['colcon_meta']
[0.861s] Level 1:colcon.colcon_core.package_identification:_identify(src/ros2_ws/src/gazebo_worlds/Depot/materials) by extension 'colcon_meta'
[0.861s] Level 1:colcon.colcon_core.package_identification:_identify(src/ros2_ws/src/gazebo_worlds/Depot/materials) by extensions ['ros']
[0.861s] Level 1:colcon.colcon_core.package_identification:_identify(src/ros2_ws/src/gazebo_worlds/Depot/materials) by extension 'ros'
[0.861s] Level 1:colcon.colcon_core.package_identification:_identify(src/ros2_ws/src/gazebo_worlds/Depot/materials) by extensions ['cmake', 'python']
[0.861s] Level 1:colcon.colcon_core.package_identification:_identify(src/ros2_ws/src/gazebo_worlds/Depot/materials) by extension 'cmake'
[0.861s] Level 1:colcon.colcon_core.package_identification:_identify(src/ros2_ws/src/gazebo_worlds/Depot/materials) by extension 'python'
[0.861s] Level 1:colcon.colcon_core.package_identification:_identify(src/ros2_ws/src/gazebo_worlds/Depot/materials) by extensions ['python_setup_py']
[0.861s] Level 1:colcon.colcon_core.package_identification:_identify(src/ros2_ws/src/gazebo_worlds/Depot/materials) by extension 'python_setup_py'
[0.861s] Level 1:colcon.colcon_core.package_identification:_identify(src/ros2_ws/src/gazebo_worlds/Depot/materials/scripts) by extensions ['ignore', 'ignore_ament_install']
[0.861s] Level 1:colcon.colcon_core.package_identification:_identify(src/ros2_ws/src/gazebo_worlds/Depot/materials/scripts) by extension 'ignore'
[0.861s] Level 1:colcon.colcon_core.package_identification:_identify(src/ros2_ws/src/gazebo_worlds/Depot/materials/scripts) by extension 'ignore_ament_install'
[0.861s] Level 1:colcon.colcon_core.package_identification:_identify(src/ros2_ws/src/gazebo_worlds/Depot/materials/scripts) by extensions ['colcon_pkg']
[0.861s] Level 1:colcon.colcon_core.package_identification:_identify(src/ros2_ws/src/gazebo_worlds/Depot/materials/scripts) by extension 'colcon_pkg'
[0.861s] Level 1:colcon.colcon_core.package_identification:_identify(src/ros2_ws/src/gazebo_worlds/Depot/materials/scripts) by extensions ['colcon_meta']
[0.861s] Level 1:colcon.colcon_core.package_identification:_identify(src/ros2_ws/src/gazebo_worlds/Depot/materials/scripts) by extension 'colcon_meta'
[0.861s] Level 1:colcon.colcon_core.package_identification:_identify(src/ros2_ws/src/gazebo_worlds/Depot/materials/scripts) by extensions ['ros']
[0.861s] Level 1:colcon.colcon_core.package_identification:_identify(src/ros2_ws/src/gazebo_worlds/Depot/materials/scripts) by extension 'ros'
[0.861s] Level 1:colcon.colcon_core.package_identification:_identify(src/ros2_ws/src/gazebo_worlds/Depot/materials/scripts) by extensions ['cmake', 'python']
[0.861s] Level 1:colcon.colcon_core.package_identification:_identify(src/ros2_ws/src/gazebo_worlds/Depot/materials/scripts) by extension 'cmake'
[0.861s] Level 1:colcon.colcon_core.package_identification:_identify(src/ros2_ws/src/gazebo_worlds/Depot/materials/scripts) by extension 'python'
[0.861s] Level 1:colcon.colcon_core.package_identification:_identify(src/ros2_ws/src/gazebo_worlds/Depot/materials/scripts) by extensions ['python_setup_py']
[0.861s] Level 1:colcon.colcon_core.package_identification:_identify(src/ros2_ws/src/gazebo_worlds/Depot/materials/scripts) by extension 'python_setup_py'
[0.862s] Level 1:colcon.colcon_core.package_identification:_identify(src/ros2_ws/src/gazebo_worlds/Depot/materials/textures) by extensions ['ignore', 'ignore_ament_install']
[0.862s] Level 1:colcon.colcon_core.package_identification:_identify(src/ros2_ws/src/gazebo_worlds/Depot/materials/textures) by extension 'ignore'
[0.862s] Level 1:colcon.colcon_core.package_identification:_identify(src/ros2_ws/src/gazebo_worlds/Depot/materials/textures) by extension 'ignore_ament_install'
[0.862s] Level 1:colcon.colcon_core.package_identification:_identify(src/ros2_ws/src/gazebo_worlds/Depot/materials/textures) by extensions ['colcon_pkg']
[0.862s] Level 1:colcon.colcon_core.package_identification:_identify(src/ros2_ws/src/gazebo_worlds/Depot/materials/textures) by extension 'colcon_pkg'
[0.862s] Level 1:colcon.colcon_core.package_identification:_identify(src/ros2_ws/src/gazebo_worlds/Depot/materials/textures) by extensions ['colcon_meta']
[0.862s] Level 1:colcon.colcon_core.package_identification:_identify(src/ros2_ws/src/gazebo_worlds/Depot/materials/textures) by extension 'colcon_meta'
[0.862s] Level 1:colcon.colcon_core.package_identification:_identify(src/ros2_ws/src/gazebo_worlds/Depot/materials/textures) by extensions ['ros']
[0.862s] Level 1:colcon.colcon_core.package_identification:_identify(src/ros2_ws/src/gazebo_worlds/Depot/materials/textures) by extension 'ros'
[0.862s] Level 1:colcon.colcon_core.package_identification:_identify(src/ros2_ws/src/gazebo_worlds/Depot/materials/textures) by extensions ['cmake', 'python']
[0.862s] Level 1:colcon.colcon_core.package_identification:_identify(src/ros2_ws/src/gazebo_worlds/Depot/materials/textures) by extension 'cmake'
[0.862s] Level 1:colcon.colcon_core.package_identification:_identify(src/ros2_ws/src/gazebo_worlds/Depot/materials/textures) by extension 'python'
[0.862s] Level 1:colcon.colcon_core.package_identification:_identify(src/ros2_ws/src/gazebo_worlds/Depot/materials/textures) by extensions ['python_setup_py']
[0.862s] Level 1:colcon.colcon_core.package_identification:_identify(src/ros2_ws/src/gazebo_worlds/Depot/materials/textures) by extension 'python_setup_py'
[0.862s] Level 1:colcon.colcon_core.package_identification:_identify(src/ros2_ws/src/gazebo_worlds/Depot/meshes) by extensions ['ignore', 'ignore_ament_install']
[0.862s] Level 1:colcon.colcon_core.package_identification:_identify(src/ros2_ws/src/gazebo_worlds/Depot/meshes) by extension 'ignore'
[0.862s] Level 1:colcon.colcon_core.package_identification:_identify(src/ros2_ws/src/gazebo_worlds/Depot/meshes) by extension 'ignore_ament_install'
[0.862s] Level 1:colcon.colcon_core.package_identification:_identify(src/ros2_ws/src/gazebo_worlds/Depot/meshes) by extensions ['colcon_pkg']
[0.862s] Level 1:colcon.colcon_core.package_identification:_identify(src/ros2_ws/src/gazebo_worlds/Depot/meshes) by extension 'colcon_pkg'
[0.862s] Level 1:colcon.colcon_core.package_identification:_identify(src/ros2_ws/src/gazebo_worlds/Depot/meshes) by extensions ['colcon_meta']
[0.862s] Level 1:colcon.colcon_core.package_identification:_identify(src/ros2_ws/src/gazebo_worlds/Depot/meshes) by extension 'colcon_meta'
[0.862s] Level 1:colcon.colcon_core.package_identification:_identify(src/ros2_ws/src/gazebo_worlds/Depot/meshes) by extensions ['ros']
[0.862s] Level 1:colcon.colcon_core.package_identification:_identify(src/ros2_ws/src/gazebo_worlds/Depot/meshes) by extension 'ros'
[0.862s] Level 1:colcon.colcon_core.package_identification:_identify(src/ros2_ws/src/gazebo_worlds/Depot/meshes) by extensions ['cmake', 'python']
[0.862s] Level 1:colcon.colcon_core.package_identification:_identify(src/ros2_ws/src/gazebo_worlds/Depot/meshes) by extension 'cmake'
[0.862s] Level 1:colcon.colcon_core.package_identification:_identify(src/ros2_ws/src/gazebo_worlds/Depot/meshes) by extension 'python'
[0.862s] Level 1:colcon.colcon_core.package_identification:_identify(src/ros2_ws/src/gazebo_worlds/Depot/meshes) by extensions ['python_setup_py']
[0.862s] Level 1:colcon.colcon_core.package_identification:_identify(src/ros2_ws/src/gazebo_worlds/Depot/meshes) by extension 'python_setup_py'
[0.862s] Level 1:colcon.colcon_core.package_identification:_identify(src/ros2_ws/src/gazebo_worlds/Depot/thumbnails) by extensions ['ignore', 'ignore_ament_install']
[0.863s] Level 1:colcon.colcon_core.package_identification:_identify(src/ros2_ws/src/gazebo_worlds/Depot/thumbnails) by extension 'ignore'
[0.863s] Level 1:colcon.colcon_core.package_identification:_identify(src/ros2_ws/src/gazebo_worlds/Depot/thumbnails) by extension 'ignore_ament_install'
[0.863s] Level 1:colcon.colcon_core.package_identification:_identify(src/ros2_ws/src/gazebo_worlds/Depot/thumbnails) by extensions ['colcon_pkg']
[0.863s] Level 1:colcon.colcon_core.package_identification:_identify(src/ros2_ws/src/gazebo_worlds/Depot/thumbnails) by extension 'colcon_pkg'
[0.863s] Level 1:colcon.colcon_core.package_identification:_identify(src/ros2_ws/src/gazebo_worlds/Depot/thumbnails) by extensions ['colcon_meta']
[0.863s] Level 1:colcon.colcon_core.package_identification:_identify(src/ros2_ws/src/gazebo_worlds/Depot/thumbnails) by extension 'colcon_meta'
[0.863s] Level 1:colcon.colcon_core.package_identification:_identify(src/ros2_ws/src/gazebo_worlds/Depot/thumbnails) by extensions ['ros']
[0.863s] Level 1:colcon.colcon_core.package_identification:_identify(src/ros2_ws/src/gazebo_worlds/Depot/thumbnails) by extension 'ros'
[0.863s] Level 1:colcon.colcon_core.package_identification:_identify(src/ros2_ws/src/gazebo_worlds/Depot/thumbnails) by extensions ['cmake', 'python']
[0.863s] Level 1:colcon.colcon_core.package_identification:_identify(src/ros2_ws/src/gazebo_worlds/Depot/thumbnails) by extension 'cmake'
[0.863s] Level 1:colcon.colcon_core.package_identification:_identify(src/ros2_ws/src/gazebo_worlds/Depot/thumbnails) by extension 'python'
[0.863s] Level 1:colcon.colcon_core.package_identification:_identify(src/ros2_ws/src/gazebo_worlds/Depot/thumbnails) by extensions ['python_setup_py']
[0.863s] Level 1:colcon.colcon_core.package_identification:_identify(src/ros2_ws/src/gazebo_worlds/Depot/thumbnails) by extension 'python_setup_py'
[0.863s] Level 1:colcon.colcon_core.package_identification:_identify(src/ros2_ws/src/gazebo_worlds/Warehouse) by extensions ['ignore', 'ignore_ament_install']
[0.863s] Level 1:colcon.colcon_core.package_identification:_identify(src/ros2_ws/src/gazebo_worlds/Warehouse) by extension 'ignore'
[0.863s] Level 1:colcon.colcon_core.package_identification:_identify(src/ros2_ws/src/gazebo_worlds/Warehouse) by extension 'ignore_ament_install'
[0.863s] Level 1:colcon.colcon_core.package_identification:_identify(src/ros2_ws/src/gazebo_worlds/Warehouse) by extensions ['colcon_pkg']
[0.863s] Level 1:colcon.colcon_core.package_identification:_identify(src/ros2_ws/src/gazebo_worlds/Warehouse) by extension 'colcon_pkg'
[0.863s] Level 1:colcon.colcon_core.package_identification:_identify(src/ros2_ws/src/gazebo_worlds/Warehouse) by extensions ['colcon_meta']
[0.863s] Level 1:colcon.colcon_core.package_identification:_identify(src/ros2_ws/src/gazebo_worlds/Warehouse) by extension 'colcon_meta'
[0.863s] Level 1:colcon.colcon_core.package_identification:_identify(src/ros2_ws/src/gazebo_worlds/Warehouse) by extensions ['ros']
[0.863s] Level 1:colcon.colcon_core.package_identification:_identify(src/ros2_ws/src/gazebo_worlds/Warehouse) by extension 'ros'
[0.863s] Level 1:colcon.colcon_core.package_identification:_identify(src/ros2_ws/src/gazebo_worlds/Warehouse) by extensions ['cmake', 'python']
[0.863s] Level 1:colcon.colcon_core.package_identification:_identify(src/ros2_ws/src/gazebo_worlds/Warehouse) by extension 'cmake'
[0.863s] Level 1:colcon.colcon_core.package_identification:_identify(src/ros2_ws/src/gazebo_worlds/Warehouse) by extension 'python'
[0.863s] Level 1:colcon.colcon_core.package_identification:_identify(src/ros2_ws/src/gazebo_worlds/Warehouse) by extensions ['python_setup_py']
[0.863s] Level 1:colcon.colcon_core.package_identification:_identify(src/ros2_ws/src/gazebo_worlds/Warehouse) by extension 'python_setup_py'
[0.863s] Level 1:colcon.colcon_core.package_identification:_identify(src/ros2_ws/src/gazebo_worlds/Warehouse/meshes) by extensions ['ignore', 'ignore_ament_install']
[0.863s] Level 1:colcon.colcon_core.package_identification:_identify(src/ros2_ws/src/gazebo_worlds/Warehouse/meshes) by extension 'ignore'
[0.863s] Level 1:colcon.colcon_core.package_identification:_identify(src/ros2_ws/src/gazebo_worlds/Warehouse/meshes) by extension 'ignore_ament_install'
[0.863s] Level 1:colcon.colcon_core.package_identification:_identify(src/ros2_ws/src/gazebo_worlds/Warehouse/meshes) by extensions ['colcon_pkg']
[0.863s] Level 1:colcon.colcon_core.package_identification:_identify(src/ros2_ws/src/gazebo_worlds/Warehouse/meshes) by extension 'colcon_pkg'
[0.863s] Level 1:colcon.colcon_core.package_identification:_identify(src/ros2_ws/src/gazebo_worlds/Warehouse/meshes) by extensions ['colcon_meta']
[0.863s] Level 1:colcon.colcon_core.package_identification:_identify(src/ros2_ws/src/gazebo_worlds/Warehouse/meshes) by extension 'colcon_meta'
[0.863s] Level 1:colcon.colcon_core.package_identification:_identify(src/ros2_ws/src/gazebo_worlds/Warehouse/meshes) by extensions ['ros']
[0.864s] Level 1:colcon.colcon_core.package_identification:_identify(src/ros2_ws/src/gazebo_worlds/Warehouse/meshes) by extension 'ros'
[0.864s] Level 1:colcon.colcon_core.package_identification:_identify(src/ros2_ws/src/gazebo_worlds/Warehouse/meshes) by extensions ['cmake', 'python']
[0.864s] Level 1:colcon.colcon_core.package_identification:_identify(src/ros2_ws/src/gazebo_worlds/Warehouse/meshes) by extension 'cmake'
[0.864s] Level 1:colcon.colcon_core.package_identification:_identify(src/ros2_ws/src/gazebo_worlds/Warehouse/meshes) by extension 'python'
[0.864s] Level 1:colcon.colcon_core.package_identification:_identify(src/ros2_ws/src/gazebo_worlds/Warehouse/meshes) by extensions ['python_setup_py']
[0.864s] Level 1:colcon.colcon_core.package_identification:_identify(src/ros2_ws/src/gazebo_worlds/Warehouse/meshes) by extension 'python_setup_py'
[0.864s] Level 1:colcon.colcon_core.package_identification:_identify(src/ros2_ws/src/gazebo_worlds/Warehouse/thumbnails) by extensions ['ignore', 'ignore_ament_install']
[0.864s] Level 1:colcon.colcon_core.package_identification:_identify(src/ros2_ws/src/gazebo_worlds/Warehouse/thumbnails) by extension 'ignore'
[0.864s] Level 1:colcon.colcon_core.package_identification:_identify(src/ros2_ws/src/gazebo_worlds/Warehouse/thumbnails) by extension 'ignore_ament_install'
[0.864s] Level 1:colcon.colcon_core.package_identification:_identify(src/ros2_ws/src/gazebo_worlds/Warehouse/thumbnails) by extensions ['colcon_pkg']
[0.864s] Level 1:colcon.colcon_core.package_identification:_identify(src/ros2_ws/src/gazebo_worlds/Warehouse/thumbnails) by extension 'colcon_pkg'
[0.864s] Level 1:colcon.colcon_core.package_identification:_identify(src/ros2_ws/src/gazebo_worlds/Warehouse/thumbnails) by extensions ['colcon_meta']
[0.864s] Level 1:colcon.colcon_core.package_identification:_identify(src/ros2_ws/src/gazebo_worlds/Warehouse/thumbnails) by extension 'colcon_meta'
[0.864s] Level 1:colcon.colcon_core.package_identification:_identify(src/ros2_ws/src/gazebo_worlds/Warehouse/thumbnails) by extensions ['ros']
[0.864s] Level 1:colcon.colcon_core.package_identification:_identify(src/ros2_ws/src/gazebo_worlds/Warehouse/thumbnails) by extension 'ros'
[0.864s] Level 1:colcon.colcon_core.package_identification:_identify(src/ros2_ws/src/gazebo_worlds/Warehouse/thumbnails) by extensions ['cmake', 'python']
[0.864s] Level 1:colcon.colcon_core.package_identification:_identify(src/ros2_ws/src/gazebo_worlds/Warehouse/thumbnails) by extension 'cmake'
[0.864s] Level 1:colcon.colcon_core.package_identification:_identify(src/ros2_ws/src/gazebo_worlds/Warehouse/thumbnails) by extension 'python'
[0.864s] Level 1:colcon.colcon_core.package_identification:_identify(src/ros2_ws/src/gazebo_worlds/Warehouse/thumbnails) by extensions ['python_setup_py']
[0.864s] Level 1:colcon.colcon_core.package_identification:_identify(src/ros2_ws/src/gazebo_worlds/Warehouse/thumbnails) by extension 'python_setup_py'
[0.864s] Level 1:colcon.colcon_core.package_identification:_identify(src/ros2_ws/src/turtlebot3_simulations) by extensions ['ignore', 'ignore_ament_install']
[0.864s] Level 1:colcon.colcon_core.package_identification:_identify(src/ros2_ws/src/turtlebot3_simulations) by extension 'ignore'
[0.864s] Level 1:colcon.colcon_core.package_identification:_identify(src/ros2_ws/src/turtlebot3_simulations) by extension 'ignore_ament_install'
[0.864s] Level 1:colcon.colcon_core.package_identification:_identify(src/ros2_ws/src/turtlebot3_simulations) by extensions ['colcon_pkg']
[0.864s] Level 1:colcon.colcon_core.package_identification:_identify(src/ros2_ws/src/turtlebot3_simulations) by extension 'colcon_pkg'
[0.864s] Level 1:colcon.colcon_core.package_identification:_identify(src/ros2_ws/src/turtlebot3_simulations) by extensions ['colcon_meta']
[0.864s] Level 1:colcon.colcon_core.package_identification:_identify(src/ros2_ws/src/turtlebot3_simulations) by extension 'colcon_meta'
[0.864s] Level 1:colcon.colcon_core.package_identification:_identify(src/ros2_ws/src/turtlebot3_simulations) by extensions ['ros']
[0.864s] Level 1:colcon.colcon_core.package_identification:_identify(src/ros2_ws/src/turtlebot3_simulations) by extension 'ros'
[0.864s] Level 1:colcon.colcon_core.package_identification:_identify(src/ros2_ws/src/turtlebot3_simulations) by extensions ['cmake', 'python']
[0.864s] Level 1:colcon.colcon_core.package_identification:_identify(src/ros2_ws/src/turtlebot3_simulations) by extension 'cmake'
[0.864s] Level 1:colcon.colcon_core.package_identification:_identify(src/ros2_ws/src/turtlebot3_simulations) by extension 'python'
[0.865s] Level 1:colcon.colcon_core.package_identification:_identify(src/ros2_ws/src/turtlebot3_simulations) by extensions ['python_setup_py']
[0.865s] Level 1:colcon.colcon_core.package_identification:_identify(src/ros2_ws/src/turtlebot3_simulations) by extension 'python_setup_py'
[0.865s] Level 1:colcon.colcon_core.package_identification:_identify(src/ros2_ws/src/turtlebot3_simulations/turtlebot3_fake_node) by extensions ['ignore', 'ignore_ament_install']
[0.865s] Level 1:colcon.colcon_core.package_identification:_identify(src/ros2_ws/src/turtlebot3_simulations/turtlebot3_fake_node) by extension 'ignore'
[0.865s] Level 1:colcon.colcon_core.package_identification:_identify(src/ros2_ws/src/turtlebot3_simulations/turtlebot3_fake_node) by extension 'ignore_ament_install'
[0.865s] Level 1:colcon.colcon_core.package_identification:_identify(src/ros2_ws/src/turtlebot3_simulations/turtlebot3_fake_node) by extensions ['colcon_pkg']
[0.865s] Level 1:colcon.colcon_core.package_identification:_identify(src/ros2_ws/src/turtlebot3_simulations/turtlebot3_fake_node) by extension 'colcon_pkg'
[0.865s] Level 1:colcon.colcon_core.package_identification:_identify(src/ros2_ws/src/turtlebot3_simulations/turtlebot3_fake_node) by extensions ['colcon_meta']
[0.865s] Level 1:colcon.colcon_core.package_identification:_identify(src/ros2_ws/src/turtlebot3_simulations/turtlebot3_fake_node) by extension 'colcon_meta'
[0.865s] Level 1:colcon.colcon_core.package_identification:_identify(src/ros2_ws/src/turtlebot3_simulations/turtlebot3_fake_node) by extensions ['ros']
[0.865s] Level 1:colcon.colcon_core.package_identification:_identify(src/ros2_ws/src/turtlebot3_simulations/turtlebot3_fake_node) by extension 'ros'
[0.868s] DEBUG:colcon.colcon_core.package_identification:Package 'src/ros2_ws/src/turtlebot3_simulations/turtlebot3_fake_node' with type 'ros.ament_cmake' and name 'turtlebot3_fake_node'
[0.868s] Level 1:colcon.colcon_core.package_identification:_identify(src/ros2_ws/src/turtlebot3_simulations/turtlebot3_gazebo) by extensions ['ignore', 'ignore_ament_install']
[0.868s] Level 1:colcon.colcon_core.package_identification:_identify(src/ros2_ws/src/turtlebot3_simulations/turtlebot3_gazebo) by extension 'ignore'
[0.868s] Level 1:colcon.colcon_core.package_identification:_identify(src/ros2_ws/src/turtlebot3_simulations/turtlebot3_gazebo) by extension 'ignore_ament_install'
[0.868s] Level 1:colcon.colcon_core.package_identification:_identify(src/ros2_ws/src/turtlebot3_simulations/turtlebot3_gazebo) by extensions ['colcon_pkg']
[0.868s] Level 1:colcon.colcon_core.package_identification:_identify(src/ros2_ws/src/turtlebot3_simulations/turtlebot3_gazebo) by extension 'colcon_pkg'
[0.868s] Level 1:colcon.colcon_core.package_identification:_identify(src/ros2_ws/src/turtlebot3_simulations/turtlebot3_gazebo) by extensions ['colcon_meta']
[0.868s] Level 1:colcon.colcon_core.package_identification:_identify(src/ros2_ws/src/turtlebot3_simulations/turtlebot3_gazebo) by extension 'colcon_meta'
[0.868s] Level 1:colcon.colcon_core.package_identification:_identify(src/ros2_ws/src/turtlebot3_simulations/turtlebot3_gazebo) by extensions ['ros']
[0.868s] Level 1:colcon.colcon_core.package_identification:_identify(src/ros2_ws/src/turtlebot3_simulations/turtlebot3_gazebo) by extension 'ros'
[0.869s] DEBUG:colcon.colcon_core.package_identification:Package 'src/ros2_ws/src/turtlebot3_simulations/turtlebot3_gazebo' with type 'ros.ament_cmake' and name 'turtlebot3_gazebo'
[0.869s] Level 1:colcon.colcon_core.package_identification:_identify(src/ros2_ws/src/turtlebot3_simulations/turtlebot3_simulations) by extensions ['ignore', 'ignore_ament_install']
[0.869s] Level 1:colcon.colcon_core.package_identification:_identify(src/ros2_ws/src/turtlebot3_simulations/turtlebot3_simulations) by extension 'ignore'
[0.869s] Level 1:colcon.colcon_core.package_identification:_identify(src/ros2_ws/src/turtlebot3_simulations/turtlebot3_simulations) by extension 'ignore_ament_install'
[0.869s] Level 1:colcon.colcon_core.package_identification:_identify(src/ros2_ws/src/turtlebot3_simulations/turtlebot3_simulations) by extensions ['colcon_pkg']
[0.869s] Level 1:colcon.colcon_core.package_identification:_identify(src/ros2_ws/src/turtlebot3_simulations/turtlebot3_simulations) by extension 'colcon_pkg'
[0.869s] Level 1:colcon.colcon_core.package_identification:_identify(src/ros2_ws/src/turtlebot3_simulations/turtlebot3_simulations) by extensions ['colcon_meta']
[0.869s] Level 1:colcon.colcon_core.package_identification:_identify(src/ros2_ws/src/turtlebot3_simulations/turtlebot3_simulations) by extension 'colcon_meta'
[0.869s] Level 1:colcon.colcon_core.package_identification:_identify(src/ros2_ws/src/turtlebot3_simulations/turtlebot3_simulations) by extensions ['ros']
[0.869s] Level 1:colcon.colcon_core.package_identification:_identify(src/ros2_ws/src/turtlebot3_simulations/turtlebot3_simulations) by extension 'ros'
[0.870s] DEBUG:colcon.colcon_core.package_identification:Package 'src/ros2_ws/src/turtlebot3_simulations/turtlebot3_simulations' with type 'ros.ament_cmake' and name 'turtlebot3_simulations'
[0.870s] Level 1:colcon.colcon_core.package_discovery:discover_packages(recursive) using defaults
[0.870s] Level 1:colcon.colcon_core.package_discovery:discover_packages(ignore) discover
[0.870s] Level 1:colcon.colcon_core.package_discovery:discover_packages(ignore) using defaults
[0.870s] Level 1:colcon.colcon_core.package_discovery:discover_packages(path) discover
[0.870s] Level 1:colcon.colcon_core.package_discovery:discover_packages(path) using defaults
[0.937s] Level 1:colcon.colcon_core.package_discovery:discover_packages(prefix_path) check parameters
[0.937s] Level 1:colcon.colcon_core.package_discovery:discover_packages(prefix_path) discover
[0.957s] DEBUG:colcon.colcon_installed_package_information.package_discovery:Found 4 installed packages in /home/leo/ros2_ws/install
[0.968s] DEBUG:colcon.colcon_installed_package_information.package_discovery:Found 375 installed packages in /opt/ros/humble
[0.969s] Level 1:colcon.colcon_core.package_discovery:discover_packages(prefix_path) using defaults
[1.044s] Level 5:colcon.colcon_core.verb:set package 'turtlebot3_fake_node' build argument 'cmake_args' from command line to 'None'
[1.044s] Level 5:colcon.colcon_core.verb:set package 'turtlebot3_fake_node' build argument 'cmake_target' from command line to 'None'
[1.044s] Level 5:colcon.colcon_core.verb:set package 'turtlebot3_fake_node' build argument 'cmake_target_skip_unavailable' from command line to 'False'
[1.044s] Level 5:colcon.colcon_core.verb:set package 'turtlebot3_fake_node' build argument 'cmake_clean_cache' from command line to 'False'
[1.044s] Level 5:colcon.colcon_core.verb:set package 'turtlebot3_fake_node' build argument 'cmake_clean_first' from command line to 'False'
[1.044s] Level 5:colcon.colcon_core.verb:set package 'turtlebot3_fake_node' build argument 'cmake_force_configure' from command line to 'False'
[1.044s] Level 5:colcon.colcon_core.verb:set package 'turtlebot3_fake_node' build argument 'ament_cmake_args' from command line to 'None'
[1.044s] Level 5:colcon.colcon_core.verb:set package 'turtlebot3_fake_node' build argument 'catkin_cmake_args' from command line to 'None'
[1.044s] Level 5:colcon.colcon_core.verb:set package 'turtlebot3_fake_node' build argument 'catkin_skip_building_tests' from command line to 'False'
[1.044s] DEBUG:colcon.colcon_core.verb:Building package 'turtlebot3_fake_node' with the following arguments: {'ament_cmake_args': None, 'build_base': '/home/leo/TFG_Proyect/build/turtlebot3_fake_node', 'catkin_cmake_args': None, 'catkin_skip_building_tests': False, 'cmake_args': None, 'cmake_clean_cache': False, 'cmake_clean_first': False, 'cmake_force_configure': False, 'cmake_target': None, 'cmake_target_skip_unavailable': False, 'install_base': '/home/leo/TFG_Proyect/install/turtlebot3_fake_node', 'merge_install': False, 'path': '/home/leo/TFG_Proyect/src/ros2_ws/src/turtlebot3_simulations/turtlebot3_fake_node', 'symlink_install': False, 'test_result_base': None}
[1.054s] Level 5:colcon.colcon_core.verb:set package 'turtlebot3_gazebo' build argument 'cmake_args' from command line to 'None'
[1.054s] Level 5:colcon.colcon_core.verb:set package 'turtlebot3_gazebo' build argument 'cmake_target' from command line to 'None'
[1.054s] Level 5:colcon.colcon_core.verb:set package 'turtlebot3_gazebo' build argument 'cmake_target_skip_unavailable' from command line to 'False'
[1.054s] Level 5:colcon.colcon_core.verb:set package 'turtlebot3_gazebo' build argument 'cmake_clean_cache' from command line to 'False'
[1.054s] Level 5:colcon.colcon_core.verb:set package 'turtlebot3_gazebo' build argument 'cmake_clean_first' from command line to 'False'
[1.054s] Level 5:colcon.colcon_core.verb:set package 'turtlebot3_gazebo' build argument 'cmake_force_configure' from command line to 'False'
[1.054s] Level 5:colcon.colcon_core.verb:set package 'turtlebot3_gazebo' build argument 'ament_cmake_args' from command line to 'None'
[1.054s] Level 5:colcon.colcon_core.verb:set package 'turtlebot3_gazebo' build argument 'catkin_cmake_args' from command line to 'None'
[1.054s] Level 5:colcon.colcon_core.verb:set package 'turtlebot3_gazebo' build argument 'catkin_skip_building_tests' from command line to 'False'
[1.054s] DEBUG:colcon.colcon_core.verb:Building package 'turtlebot3_gazebo' with the following arguments: {'ament_cmake_args': None, 'build_base': '/home/leo/TFG_Proyect/build/turtlebot3_gazebo', 'catkin_cmake_args': None, 'catkin_skip_building_tests': False, 'cmake_args': None, 'cmake_clean_cache': False, 'cmake_clean_first': False, 'cmake_force_configure': False, 'cmake_target': None, 'cmake_target_skip_unavailable': False, 'install_base': '/home/leo/TFG_Proyect/install/turtlebot3_gazebo', 'merge_install': False, 'path': '/home/leo/TFG_Proyect/src/ros2_ws/src/turtlebot3_simulations/turtlebot3_gazebo', 'symlink_install': False, 'test_result_base': None}
[1.063s] Level 5:colcon.colcon_core.verb:set package 'turtlebot3_simulations' build argument 'cmake_args' from command line to 'None'
[1.063s] Level 5:colcon.colcon_core.verb:set package 'turtlebot3_simulations' build argument 'cmake_target' from command line to 'None'
[1.063s] Level 5:colcon.colcon_core.verb:set package 'turtlebot3_simulations' build argument 'cmake_target_skip_unavailable' from command line to 'False'
[1.063s] Level 5:colcon.colcon_core.verb:set package 'turtlebot3_simulations' build argument 'cmake_clean_cache' from command line to 'False'
[1.063s] Level 5:colcon.colcon_core.verb:set package 'turtlebot3_simulations' build argument 'cmake_clean_first' from command line to 'False'
[1.063s] Level 5:colcon.colcon_core.verb:set package 'turtlebot3_simulations' build argument 'cmake_force_configure' from command line to 'False'
[1.063s] Level 5:colcon.colcon_core.verb:set package 'turtlebot3_simulations' build argument 'ament_cmake_args' from command line to 'None'
[1.063s] Level 5:colcon.colcon_core.verb:set package 'turtlebot3_simulations' build argument 'catkin_cmake_args' from command line to 'None'
[1.063s] Level 5:colcon.colcon_core.verb:set package 'turtlebot3_simulations' build argument 'catkin_skip_building_tests' from command line to 'False'
[1.063s] DEBUG:colcon.colcon_core.verb:Building package 'turtlebot3_simulations' with the following arguments: {'ament_cmake_args': None, 'build_base': '/home/leo/TFG_Proyect/build/turtlebot3_simulations', 'catkin_cmake_args': None, 'catkin_skip_building_tests': False, 'cmake_args': None, 'cmake_clean_cache': False, 'cmake_clean_first': False, 'cmake_force_configure': False, 'cmake_target': None, 'cmake_target_skip_unavailable': False, 'install_base': '/home/leo/TFG_Proyect/install/turtlebot3_simulations', 'merge_install': False, 'path': '/home/leo/TFG_Proyect/src/ros2_ws/src/turtlebot3_simulations/turtlebot3_simulations', 'symlink_install': False, 'test_result_base': None}
[1.072s] INFO:colcon.colcon_core.executor:Executing jobs using 'parallel' executor
[1.082s] DEBUG:colcon.colcon_parallel_executor.executor.parallel:run_until_complete
[1.082s] INFO:colcon.colcon_ros.task.ament_cmake.build:Building ROS package in '/home/leo/TFG_Proyect/src/ros2_ws/src/turtlebot3_simulations/turtlebot3_fake_node' with build type 'ament_cmake'
[1.082s] INFO:colcon.colcon_cmake.task.cmake.build:Building CMake package in '/home/leo/TFG_Proyect/src/ros2_ws/src/turtlebot3_simulations/turtlebot3_fake_node'
[1.094s] INFO:colcon.colcon_core.plugin_system:Skipping extension 'colcon_core.shell.bat': Not used on non-Windows systems
[1.095s] INFO:colcon.colcon_core.shell:Skip shell extension 'powershell' for command environment: Not usable outside of PowerShell
[1.095s] DEBUG:colcon.colcon_core.shell:Skip shell extension 'dsv' for command environment
[1.128s] INFO:colcon.colcon_ros.task.ament_cmake.build:Building ROS package in '/home/leo/TFG_Proyect/src/ros2_ws/src/turtlebot3_simulations/turtlebot3_gazebo' with build type 'ament_cmake'
[1.128s] INFO:colcon.colcon_cmake.task.cmake.build:Building CMake package in '/home/leo/TFG_Proyect/src/ros2_ws/src/turtlebot3_simulations/turtlebot3_gazebo'
[1.138s] INFO:colcon.colcon_core.shell:Skip shell extension 'powershell' for command environment: Not usable outside of PowerShell
[1.138s] DEBUG:colcon.colcon_core.shell:Skip shell extension 'dsv' for command environment
[1.174s] DEBUG:colcon.colcon_core.event_handler.log_command:Invoking command in '/home/leo/TFG_Proyect/build/turtlebot3_fake_node': CMAKE_PREFIX_PATH=${CMAKE_PREFIX_PATH}:/home/leo/ros2_ws/install/examples_pkg:/opt/ros/humble /usr/bin/cmake --build /home/leo/TFG_Proyect/build/turtlebot3_fake_node -- -j8 -l8
[1.180s] DEBUG:colcon.colcon_core.event_handler.log_command:Invoking command in '/home/leo/TFG_Proyect/build/turtlebot3_gazebo': CMAKE_PREFIX_PATH=${CMAKE_PREFIX_PATH}:/home/leo/ros2_ws/install/examples_pkg:/opt/ros/humble /usr/bin/cmake --build /home/leo/TFG_Proyect/build/turtlebot3_gazebo -- -j8 -l8
[1.295s] DEBUG:colcon.colcon_core.event_handler.log_command:Invoked command in '/home/leo/TFG_Proyect/build/turtlebot3_fake_node' returned '0': CMAKE_PREFIX_PATH=${CMAKE_PREFIX_PATH}:/home/leo/ros2_ws/install/examples_pkg:/opt/ros/humble /usr/bin/cmake --build /home/leo/TFG_Proyect/build/turtlebot3_fake_node -- -j8 -l8
[1.322s] DEBUG:colcon.colcon_core.event_handler.log_command:Invoking command in '/home/leo/TFG_Proyect/build/turtlebot3_fake_node': CMAKE_PREFIX_PATH=${CMAKE_PREFIX_PATH}:/home/leo/ros2_ws/install/examples_pkg:/opt/ros/humble /usr/bin/cmake --install /home/leo/TFG_Proyect/build/turtlebot3_fake_node
[1.334s] Level 1:colcon.colcon_core.environment:create_environment_scripts_only(turtlebot3_fake_node)
[1.334s] DEBUG:colcon.colcon_core.event_handler.log_command:Invoked command in '/home/leo/TFG_Proyect/build/turtlebot3_fake_node' returned '0': CMAKE_PREFIX_PATH=${CMAKE_PREFIX_PATH}:/home/leo/ros2_ws/install/examples_pkg:/opt/ros/humble /usr/bin/cmake --install /home/leo/TFG_Proyect/build/turtlebot3_fake_node
[1.350s] Level 1:colcon.colcon_core.environment:checking '/home/leo/TFG_Proyect/install/turtlebot3_fake_node' for CMake module files
[1.351s] Level 1:colcon.colcon_core.environment:checking '/home/leo/TFG_Proyect/install/turtlebot3_fake_node' for CMake config files
[1.351s] Level 1:colcon.colcon_core.shell:create_environment_hook('turtlebot3_fake_node', 'cmake_prefix_path')
[1.361s] INFO:colcon.colcon_core.shell:Creating environment hook '/home/leo/TFG_Proyect/install/turtlebot3_fake_node/share/turtlebot3_fake_node/hook/cmake_prefix_path.ps1'
[1.362s] INFO:colcon.colcon_core.shell:Creating environment descriptor '/home/leo/TFG_Proyect/install/turtlebot3_fake_node/share/turtlebot3_fake_node/hook/cmake_prefix_path.dsv'
[1.362s] INFO:colcon.colcon_core.shell:Creating environment hook '/home/leo/TFG_Proyect/install/turtlebot3_fake_node/share/turtlebot3_fake_node/hook/cmake_prefix_path.sh'
[1.363s] Level 1:colcon.colcon_core.environment:checking '/home/leo/TFG_Proyect/install/turtlebot3_fake_node/lib'
[1.363s] Level 1:colcon.colcon_core.environment:checking '/home/leo/TFG_Proyect/install/turtlebot3_fake_node/bin'
[1.363s] Level 1:colcon.colcon_core.environment:checking '/home/leo/TFG_Proyect/install/turtlebot3_fake_node/lib/pkgconfig/turtlebot3_fake_node.pc'
[1.363s] Level 1:colcon.colcon_core.environment:checking '/home/leo/TFG_Proyect/install/turtlebot3_fake_node/lib/python3.10/site-packages'
[1.363s] Level 1:colcon.colcon_core.environment:checking '/home/leo/TFG_Proyect/install/turtlebot3_fake_node/bin'
[1.373s] INFO:colcon.colcon_core.shell:Creating package script '/home/leo/TFG_Proyect/install/turtlebot3_fake_node/share/turtlebot3_fake_node/package.ps1'
[1.373s] INFO:colcon.colcon_core.shell:Creating package descriptor '/home/leo/TFG_Proyect/install/turtlebot3_fake_node/share/turtlebot3_fake_node/package.dsv'
[1.374s] INFO:colcon.colcon_core.shell:Creating package script '/home/leo/TFG_Proyect/install/turtlebot3_fake_node/share/turtlebot3_fake_node/package.sh'
[1.374s] INFO:colcon.colcon_core.shell:Creating package script '/home/leo/TFG_Proyect/install/turtlebot3_fake_node/share/turtlebot3_fake_node/package.bash'
[1.375s] INFO:colcon.colcon_core.shell:Creating package script '/home/leo/TFG_Proyect/install/turtlebot3_fake_node/share/turtlebot3_fake_node/package.zsh'
[1.375s] Level 1:colcon.colcon_core.environment:create_file_with_runtime_dependencies(/home/leo/TFG_Proyect/install/turtlebot3_fake_node/share/colcon-core/packages/turtlebot3_fake_node)
[1.378s] DEBUG:colcon.colcon_core.event_handler.log_command:Invoked command in '/home/leo/TFG_Proyect/build/turtlebot3_gazebo' returned '0': CMAKE_PREFIX_PATH=${CMAKE_PREFIX_PATH}:/home/leo/ros2_ws/install/examples_pkg:/opt/ros/humble /usr/bin/cmake --build /home/leo/TFG_Proyect/build/turtlebot3_gazebo -- -j8 -l8
[1.407s] Level 1:colcon.colcon_core.environment:create_environment_scripts_only(turtlebot3_fake_node)
[1.417s] Level 1:colcon.colcon_core.environment:checking '/home/leo/TFG_Proyect/install/turtlebot3_fake_node' for CMake module files
[1.418s] Level 1:colcon.colcon_core.environment:checking '/home/leo/TFG_Proyect/install/turtlebot3_fake_node' for CMake config files
[1.418s] Level 1:colcon.colcon_core.shell:create_environment_hook('turtlebot3_fake_node', 'cmake_prefix_path')
[1.428s] INFO:colcon.colcon_core.shell:Creating environment hook '/home/leo/TFG_Proyect/install/turtlebot3_fake_node/share/turtlebot3_fake_node/hook/cmake_prefix_path.ps1'
[1.428s] INFO:colcon.colcon_core.shell:Creating environment descriptor '/home/leo/TFG_Proyect/install/turtlebot3_fake_node/share/turtlebot3_fake_node/hook/cmake_prefix_path.dsv'
[1.428s] INFO:colcon.colcon_core.shell:Creating environment hook '/home/leo/TFG_Proyect/install/turtlebot3_fake_node/share/turtlebot3_fake_node/hook/cmake_prefix_path.sh'
[1.429s] Level 1:colcon.colcon_core.environment:checking '/home/leo/TFG_Proyect/install/turtlebot3_fake_node/lib'
[1.429s] Level 1:colcon.colcon_core.environment:checking '/home/leo/TFG_Proyect/install/turtlebot3_fake_node/bin'
[1.429s] Level 1:colcon.colcon_core.environment:checking '/home/leo/TFG_Proyect/install/turtlebot3_fake_node/lib/pkgconfig/turtlebot3_fake_node.pc'
[1.429s] Level 1:colcon.colcon_core.environment:checking '/home/leo/TFG_Proyect/install/turtlebot3_fake_node/lib/python3.10/site-packages'
[1.429s] Level 1:colcon.colcon_core.environment:checking '/home/leo/TFG_Proyect/install/turtlebot3_fake_node/bin'
[1.438s] INFO:colcon.colcon_core.shell:Creating package script '/home/leo/TFG_Proyect/install/turtlebot3_fake_node/share/turtlebot3_fake_node/package.ps1'
[1.439s] INFO:colcon.colcon_core.shell:Creating package descriptor '/home/leo/TFG_Proyect/install/turtlebot3_fake_node/share/turtlebot3_fake_node/package.dsv'
[1.439s] INFO:colcon.colcon_core.shell:Creating package script '/home/leo/TFG_Proyect/install/turtlebot3_fake_node/share/turtlebot3_fake_node/package.sh'
[1.439s] INFO:colcon.colcon_core.shell:Creating package script '/home/leo/TFG_Proyect/install/turtlebot3_fake_node/share/turtlebot3_fake_node/package.bash'
[1.439s] INFO:colcon.colcon_core.shell:Creating package script '/home/leo/TFG_Proyect/install/turtlebot3_fake_node/share/turtlebot3_fake_node/package.zsh'
[1.440s] Level 1:colcon.colcon_core.environment:create_file_with_runtime_dependencies(/home/leo/TFG_Proyect/install/turtlebot3_fake_node/share/colcon-core/packages/turtlebot3_fake_node)
[1.442s] DEBUG:colcon.colcon_core.event_handler.log_command:Invoking command in '/home/leo/TFG_Proyect/build/turtlebot3_gazebo': CMAKE_PREFIX_PATH=${CMAKE_PREFIX_PATH}:/home/leo/ros2_ws/install/examples_pkg:/opt/ros/humble /usr/bin/cmake --install /home/leo/TFG_Proyect/build/turtlebot3_gazebo
[1.455s] Level 1:colcon.colcon_core.environment:create_environment_scripts_only(turtlebot3_gazebo)
[1.456s] DEBUG:colcon.colcon_core.event_handler.log_command:Invoked command in '/home/leo/TFG_Proyect/build/turtlebot3_gazebo' returned '0': CMAKE_PREFIX_PATH=${CMAKE_PREFIX_PATH}:/home/leo/ros2_ws/install/examples_pkg:/opt/ros/humble /usr/bin/cmake --install /home/leo/TFG_Proyect/build/turtlebot3_gazebo
[1.466s] Level 1:colcon.colcon_core.environment:checking '/home/leo/TFG_Proyect/install/turtlebot3_gazebo' for CMake module files
[1.467s] Level 1:colcon.colcon_core.environment:checking '/home/leo/TFG_Proyect/install/turtlebot3_gazebo' for CMake config files
[1.467s] Level 1:colcon.colcon_core.shell:create_environment_hook('turtlebot3_gazebo', 'cmake_prefix_path')
[1.477s] INFO:colcon.colcon_core.shell:Creating environment hook '/home/leo/TFG_Proyect/install/turtlebot3_gazebo/share/turtlebot3_gazebo/hook/cmake_prefix_path.ps1'
[1.477s] INFO:colcon.colcon_core.shell:Creating environment descriptor '/home/leo/TFG_Proyect/install/turtlebot3_gazebo/share/turtlebot3_gazebo/hook/cmake_prefix_path.dsv'
[1.477s] INFO:colcon.colcon_core.shell:Creating environment hook '/home/leo/TFG_Proyect/install/turtlebot3_gazebo/share/turtlebot3_gazebo/hook/cmake_prefix_path.sh'
[1.478s] Level 1:colcon.colcon_core.environment:checking '/home/leo/TFG_Proyect/install/turtlebot3_gazebo/lib'
[1.478s] Level 1:colcon.colcon_core.environment:checking '/home/leo/TFG_Proyect/install/turtlebot3_gazebo/bin'
[1.478s] Level 1:colcon.colcon_core.environment:checking '/home/leo/TFG_Proyect/install/turtlebot3_gazebo/lib/pkgconfig/turtlebot3_gazebo.pc'
[1.478s] Level 1:colcon.colcon_core.environment:checking '/home/leo/TFG_Proyect/install/turtlebot3_gazebo/lib/python3.10/site-packages'
[1.478s] Level 1:colcon.colcon_core.environment:checking '/home/leo/TFG_Proyect/install/turtlebot3_gazebo/bin'
[1.489s] INFO:colcon.colcon_core.shell:Creating package script '/home/leo/TFG_Proyect/install/turtlebot3_gazebo/share/turtlebot3_gazebo/package.ps1'
[1.489s] INFO:colcon.colcon_core.shell:Creating package descriptor '/home/leo/TFG_Proyect/install/turtlebot3_gazebo/share/turtlebot3_gazebo/package.dsv'
[1.489s] INFO:colcon.colcon_core.shell:Creating package script '/home/leo/TFG_Proyect/install/turtlebot3_gazebo/share/turtlebot3_gazebo/package.sh'
[1.489s] INFO:colcon.colcon_core.shell:Creating package script '/home/leo/TFG_Proyect/install/turtlebot3_gazebo/share/turtlebot3_gazebo/package.bash'
[1.490s] INFO:colcon.colcon_core.shell:Creating package script '/home/leo/TFG_Proyect/install/turtlebot3_gazebo/share/turtlebot3_gazebo/package.zsh'
[1.490s] Level 1:colcon.colcon_core.environment:create_file_with_runtime_dependencies(/home/leo/TFG_Proyect/install/turtlebot3_gazebo/share/colcon-core/packages/turtlebot3_gazebo)
[1.530s] Level 1:colcon.colcon_core.environment:create_environment_scripts_only(turtlebot3_gazebo)
[1.540s] Level 1:colcon.colcon_core.environment:checking '/home/leo/TFG_Proyect/install/turtlebot3_gazebo' for CMake module files
[1.540s] Level 1:colcon.colcon_core.environment:checking '/home/leo/TFG_Proyect/install/turtlebot3_gazebo' for CMake config files
[1.540s] Level 1:colcon.colcon_core.shell:create_environment_hook('turtlebot3_gazebo', 'cmake_prefix_path')
[1.549s] INFO:colcon.colcon_core.shell:Creating environment hook '/home/leo/TFG_Proyect/install/turtlebot3_gazebo/share/turtlebot3_gazebo/hook/cmake_prefix_path.ps1'
[1.550s] INFO:colcon.colcon_core.shell:Creating environment descriptor '/home/leo/TFG_Proyect/install/turtlebot3_gazebo/share/turtlebot3_gazebo/hook/cmake_prefix_path.dsv'
[1.550s] INFO:colcon.colcon_core.shell:Creating environment hook '/home/leo/TFG_Proyect/install/turtlebot3_gazebo/share/turtlebot3_gazebo/hook/cmake_prefix_path.sh'
[1.550s] Level 1:colcon.colcon_core.environment:checking '/home/leo/TFG_Proyect/install/turtlebot3_gazebo/lib'
[1.550s] Level 1:colcon.colcon_core.environment:checking '/home/leo/TFG_Proyect/install/turtlebot3_gazebo/bin'
[1.550s] Level 1:colcon.colcon_core.environment:checking '/home/leo/TFG_Proyect/install/turtlebot3_gazebo/lib/pkgconfig/turtlebot3_gazebo.pc'
[1.550s] Level 1:colcon.colcon_core.environment:checking '/home/leo/TFG_Proyect/install/turtlebot3_gazebo/lib/python3.10/site-packages'
[1.551s] Level 1:colcon.colcon_core.environment:checking '/home/leo/TFG_Proyect/install/turtlebot3_gazebo/bin'
[1.560s] INFO:colcon.colcon_core.shell:Creating package script '/home/leo/TFG_Proyect/install/turtlebot3_gazebo/share/turtlebot3_gazebo/package.ps1'
[1.560s] INFO:colcon.colcon_core.shell:Creating package descriptor '/home/leo/TFG_Proyect/install/turtlebot3_gazebo/share/turtlebot3_gazebo/package.dsv'
[1.560s] INFO:colcon.colcon_core.shell:Creating package script '/home/leo/TFG_Proyect/install/turtlebot3_gazebo/share/turtlebot3_gazebo/package.sh'
[1.561s] INFO:colcon.colcon_core.shell:Creating package script '/home/leo/TFG_Proyect/install/turtlebot3_gazebo/share/turtlebot3_gazebo/package.bash'
[1.561s] INFO:colcon.colcon_core.shell:Creating package script '/home/leo/TFG_Proyect/install/turtlebot3_gazebo/share/turtlebot3_gazebo/package.zsh'
[1.561s] Level 1:colcon.colcon_core.environment:create_file_with_runtime_dependencies(/home/leo/TFG_Proyect/install/turtlebot3_gazebo/share/colcon-core/packages/turtlebot3_gazebo)
[1.561s] INFO:colcon.colcon_ros.task.ament_cmake.build:Building ROS package in '/home/leo/TFG_Proyect/src/ros2_ws/src/turtlebot3_simulations/turtlebot3_simulations' with build type 'ament_cmake'
[1.561s] INFO:colcon.colcon_cmake.task.cmake.build:Building CMake package in '/home/leo/TFG_Proyect/src/ros2_ws/src/turtlebot3_simulations/turtlebot3_simulations'
[1.572s] INFO:colcon.colcon_core.shell:Skip shell extension 'powershell' for command environment: Not usable outside of PowerShell
[1.572s] DEBUG:colcon.colcon_core.shell:Skip shell extension 'dsv' for command environment
[1.612s] DEBUG:colcon.colcon_core.event_handler.log_command:Invoking command in '/home/leo/TFG_Proyect/build/turtlebot3_simulations': AMENT_PREFIX_PATH=/home/leo/TFG_Proyect/install/turtlebot3_gazebo:/home/leo/TFG_Proyect/install/turtlebot3_fake_node:${AMENT_PREFIX_PATH} CMAKE_PREFIX_PATH=/home/leo/TFG_Proyect/install/turtlebot3_gazebo:/home/leo/TFG_Proyect/install/turtlebot3_fake_node:/home/leo/ros2_ws/install/turtlebot3_simulations:/home/leo/ros2_ws/install/turtlebot3_gazebo:/home/leo/ros2_ws/install/turtlebot3_fake_node:/home/leo/ros2_ws/install/examples_pkg:/opt/ros/humble /usr/bin/cmake --build /home/leo/TFG_Proyect/build/turtlebot3_simulations -- -j8 -l8
[1.645s] DEBUG:colcon.colcon_core.event_handler.log_command:Invoked command in '/home/leo/TFG_Proyect/build/turtlebot3_simulations' returned '0': AMENT_PREFIX_PATH=/home/leo/TFG_Proyect/install/turtlebot3_gazebo:/home/leo/TFG_Proyect/install/turtlebot3_fake_node:${AMENT_PREFIX_PATH} CMAKE_PREFIX_PATH=/home/leo/TFG_Proyect/install/turtlebot3_gazebo:/home/leo/TFG_Proyect/install/turtlebot3_fake_node:/home/leo/ros2_ws/install/turtlebot3_simulations:/home/leo/ros2_ws/install/turtlebot3_gazebo:/home/leo/ros2_ws/install/turtlebot3_fake_node:/home/leo/ros2_ws/install/examples_pkg:/opt/ros/humble /usr/bin/cmake --build /home/leo/TFG_Proyect/build/turtlebot3_simulations -- -j8 -l8
[1.667s] DEBUG:colcon.colcon_core.event_handler.log_command:Invoking command in '/home/leo/TFG_Proyect/build/turtlebot3_simulations': AMENT_PREFIX_PATH=/home/leo/TFG_Proyect/install/turtlebot3_gazebo:/home/leo/TFG_Proyect/install/turtlebot3_fake_node:${AMENT_PREFIX_PATH} CMAKE_PREFIX_PATH=/home/leo/TFG_Proyect/install/turtlebot3_gazebo:/home/leo/TFG_Proyect/install/turtlebot3_fake_node:/home/leo/ros2_ws/install/turtlebot3_simulations:/home/leo/ros2_ws/install/turtlebot3_gazebo:/home/leo/ros2_ws/install/turtlebot3_fake_node:/home/leo/ros2_ws/install/examples_pkg:/opt/ros/humble /usr/bin/cmake --install /home/leo/TFG_Proyect/build/turtlebot3_simulations
[1.681s] Level 1:colcon.colcon_core.environment:create_environment_scripts_only(turtlebot3_simulations)
[1.682s] DEBUG:colcon.colcon_core.event_handler.log_command:Invoked command in '/home/leo/TFG_Proyect/build/turtlebot3_simulations' returned '0': AMENT_PREFIX_PATH=/home/leo/TFG_Proyect/install/turtlebot3_gazebo:/home/leo/TFG_Proyect/install/turtlebot3_fake_node:${AMENT_PREFIX_PATH} CMAKE_PREFIX_PATH=/home/leo/TFG_Proyect/install/turtlebot3_gazebo:/home/leo/TFG_Proyect/install/turtlebot3_fake_node:/home/leo/ros2_ws/install/turtlebot3_simulations:/home/leo/ros2_ws/install/turtlebot3_gazebo:/home/leo/ros2_ws/install/turtlebot3_fake_node:/home/leo/ros2_ws/install/examples_pkg:/opt/ros/humble /usr/bin/cmake --install /home/leo/TFG_Proyect/build/turtlebot3_simulations
[1.692s] Level 1:colcon.colcon_core.environment:checking '/home/leo/TFG_Proyect/install/turtlebot3_simulations' for CMake module files
[1.692s] Level 1:colcon.colcon_core.environment:checking '/home/leo/TFG_Proyect/install/turtlebot3_simulations' for CMake config files
[1.692s] Level 1:colcon.colcon_core.shell:create_environment_hook('turtlebot3_simulations', 'cmake_prefix_path')
[1.702s] INFO:colcon.colcon_core.shell:Creating environment hook '/home/leo/TFG_Proyect/install/turtlebot3_simulations/share/turtlebot3_simulations/hook/cmake_prefix_path.ps1'
[1.702s] INFO:colcon.colcon_core.shell:Creating environment descriptor '/home/leo/TFG_Proyect/install/turtlebot3_simulations/share/turtlebot3_simulations/hook/cmake_prefix_path.dsv'
[1.702s] INFO:colcon.colcon_core.shell:Creating environment hook '/home/leo/TFG_Proyect/install/turtlebot3_simulations/share/turtlebot3_simulations/hook/cmake_prefix_path.sh'
[1.703s] Level 1:colcon.colcon_core.environment:checking '/home/leo/TFG_Proyect/install/turtlebot3_simulations/bin'
[1.703s] Level 1:colcon.colcon_core.environment:checking '/home/leo/TFG_Proyect/install/turtlebot3_simulations/lib/pkgconfig/turtlebot3_simulations.pc'
[1.703s] Level 1:colcon.colcon_core.environment:checking '/home/leo/TFG_Proyect/install/turtlebot3_simulations/lib/python3.10/site-packages'
[1.703s] Level 1:colcon.colcon_core.environment:checking '/home/leo/TFG_Proyect/install/turtlebot3_simulations/bin'
[1.714s] INFO:colcon.colcon_core.shell:Creating package script '/home/leo/TFG_Proyect/install/turtlebot3_simulations/share/turtlebot3_simulations/package.ps1'
[1.714s] INFO:colcon.colcon_core.shell:Creating package descriptor '/home/leo/TFG_Proyect/install/turtlebot3_simulations/share/turtlebot3_simulations/package.dsv'
[1.714s] INFO:colcon.colcon_core.shell:Creating package script '/home/leo/TFG_Proyect/install/turtlebot3_simulations/share/turtlebot3_simulations/package.sh'
[1.714s] INFO:colcon.colcon_core.shell:Creating package script '/home/leo/TFG_Proyect/install/turtlebot3_simulations/share/turtlebot3_simulations/package.bash'
[1.715s] INFO:colcon.colcon_core.shell:Creating package script '/home/leo/TFG_Proyect/install/turtlebot3_simulations/share/turtlebot3_simulations/package.zsh'
[1.715s] Level 1:colcon.colcon_core.environment:create_file_with_runtime_dependencies(/home/leo/TFG_Proyect/install/turtlebot3_simulations/share/colcon-core/packages/turtlebot3_simulations)
[1.743s] Level 1:colcon.colcon_core.environment:create_environment_scripts_only(turtlebot3_simulations)
[1.753s] Level 1:colcon.colcon_core.environment:checking '/home/leo/TFG_Proyect/install/turtlebot3_simulations' for CMake module files
[1.753s] Level 1:colcon.colcon_core.environment:checking '/home/leo/TFG_Proyect/install/turtlebot3_simulations' for CMake config files
[1.753s] Level 1:colcon.colcon_core.shell:create_environment_hook('turtlebot3_simulations', 'cmake_prefix_path')
[1.762s] INFO:colcon.colcon_core.shell:Creating environment hook '/home/leo/TFG_Proyect/install/turtlebot3_simulations/share/turtlebot3_simulations/hook/cmake_prefix_path.ps1'
[1.763s] INFO:colcon.colcon_core.shell:Creating environment descriptor '/home/leo/TFG_Proyect/install/turtlebot3_simulations/share/turtlebot3_simulations/hook/cmake_prefix_path.dsv'
[1.763s] INFO:colcon.colcon_core.shell:Creating environment hook '/home/leo/TFG_Proyect/install/turtlebot3_simulations/share/turtlebot3_simulations/hook/cmake_prefix_path.sh'
[1.763s] Level 1:colcon.colcon_core.environment:checking '/home/leo/TFG_Proyect/install/turtlebot3_simulations/bin'
[1.763s] Level 1:colcon.colcon_core.environment:checking '/home/leo/TFG_Proyect/install/turtlebot3_simulations/lib/pkgconfig/turtlebot3_simulations.pc'
[1.763s] Level 1:colcon.colcon_core.environment:checking '/home/leo/TFG_Proyect/install/turtlebot3_simulations/lib/python3.10/site-packages'
[1.764s] Level 1:colcon.colcon_core.environment:checking '/home/leo/TFG_Proyect/install/turtlebot3_simulations/bin'
[1.773s] INFO:colcon.colcon_core.shell:Creating package script '/home/leo/TFG_Proyect/install/turtlebot3_simulations/share/turtlebot3_simulations/package.ps1'
[1.773s] INFO:colcon.colcon_core.shell:Creating package descriptor '/home/leo/TFG_Proyect/install/turtlebot3_simulations/share/turtlebot3_simulations/package.dsv'
[1.773s] INFO:colcon.colcon_core.shell:Creating package script '/home/leo/TFG_Proyect/install/turtlebot3_simulations/share/turtlebot3_simulations/package.sh'
[1.774s] INFO:colcon.colcon_core.shell:Creating package script '/home/leo/TFG_Proyect/install/turtlebot3_simulations/share/turtlebot3_simulations/package.bash'
[1.774s] INFO:colcon.colcon_core.shell:Creating package script '/home/leo/TFG_Proyect/install/turtlebot3_simulations/share/turtlebot3_simulations/package.zsh'
[1.774s] Level 1:colcon.colcon_core.environment:create_file_with_runtime_dependencies(/home/leo/TFG_Proyect/install/turtlebot3_simulations/share/colcon-core/packages/turtlebot3_simulations)
[1.774s] DEBUG:colcon.colcon_parallel_executor.executor.parallel:closing loop
[1.775s] DEBUG:colcon.colcon_parallel_executor.executor.parallel:loop closed
[1.775s] DEBUG:colcon.colcon_parallel_executor.executor.parallel:run_until_complete finished with '0'
[1.775s] DEBUG:colcon.colcon_core.event_reactor:joining thread
[1.789s] INFO:colcon.colcon_core.plugin_system:Skipping extension 'colcon_notification.desktop_notification.terminal_notifier': Not used on non-Darwin systems
[1.789s] INFO:colcon.colcon_core.plugin_system:Skipping extension 'colcon_notification.desktop_notification.win32': Not used on non-Windows systems
[1.789s] INFO:colcon.colcon_notification.desktop_notification:Sending desktop notification using 'notify2'
[1.802s] DEBUG:colcon.colcon_core.event_reactor:joined thread
[1.812s] INFO:colcon.colcon_core.shell:Creating prefix script '/home/leo/TFG_Proyect/install/local_setup.ps1'
[1.813s] INFO:colcon.colcon_core.shell:Creating prefix util module '/home/leo/TFG_Proyect/install/_local_setup_util_ps1.py'
[1.814s] INFO:colcon.colcon_core.shell:Creating prefix chain script '/home/leo/TFG_Proyect/install/setup.ps1'
[1.826s] INFO:colcon.colcon_core.shell:Creating prefix script '/home/leo/TFG_Proyect/install/local_setup.sh'
[1.827s] INFO:colcon.colcon_core.shell:Creating prefix util module '/home/leo/TFG_Proyect/install/_local_setup_util_sh.py'
[1.827s] INFO:colcon.colcon_core.shell:Creating prefix chain script '/home/leo/TFG_Proyect/install/setup.sh'
[1.838s] INFO:colcon.colcon_core.shell:Creating prefix script '/home/leo/TFG_Proyect/install/local_setup.bash'
[1.839s] INFO:colcon.colcon_core.shell:Creating prefix chain script '/home/leo/TFG_Proyect/install/setup.bash'
[1.850s] INFO:colcon.colcon_core.shell:Creating prefix script '/home/leo/TFG_Proyect/install/local_setup.zsh'
[1.851s] INFO:colcon.colcon_core.shell:Creating prefix chain script '/home/leo/TFG_Proyect/install/setup.zsh'
