running egg_info
creating ../../build/rmf_v2/rmf_v2.egg-info
writing ../../build/rmf_v2/rmf_v2.egg-info/PKG-INFO
writing dependency_links to ../../build/rmf_v2/rmf_v2.egg-info/dependency_links.txt
writing entry points to ../../build/rmf_v2/rmf_v2.egg-info/entry_points.txt
writing requirements to ../../build/rmf_v2/rmf_v2.egg-info/requires.txt
writing top-level names to ../../build/rmf_v2/rmf_v2.egg-info/top_level.txt
writing manifest file '../../build/rmf_v2/rmf_v2.egg-info/SOURCES.txt'
reading manifest file '../../build/rmf_v2/rmf_v2.egg-info/SOURCES.txt'
writing manifest file '../../build/rmf_v2/rmf_v2.egg-info/SOURCES.txt'
running build
running build_py
creating /home/leo/TFG_Proyect/build/rmf_v2/build
creating /home/leo/TFG_Proyect/build/rmf_v2/build/lib
creating /home/leo/TFG_Proyect/build/rmf_v2/build/lib/rmf_v2
copying rmf_v2/__init__.py -> /home/leo/TFG_Proyect/build/rmf_v2/build/lib/rmf_v2
running install
/usr/lib/python3/dist-packages/setuptools/command/install.py:34: SetuptoolsDeprecationWarning: setup.py install is deprecated. Use build and pip and other standards-based tools.
  warnings.warn(
running install_lib
creating /home/leo/TFG_Proyect/install/rmf_v2/lib/python3.10/site-packages/rmf_v2
copying /home/leo/TFG_Proyect/build/rmf_v2/build/lib/rmf_v2/__init__.py -> /home/leo/TFG_Proyect/install/rmf_v2/lib/python3.10/site-packages/rmf_v2
byte-compiling /home/leo/TFG_Proyect/install/rmf_v2/lib/python3.10/site-packages/rmf_v2/__init__.py to __init__.cpython-310.pyc
running install_data
creating /home/leo/TFG_Proyect/install/rmf_v2/share/ament_index
creating /home/leo/TFG_Proyect/install/rmf_v2/share/ament_index/resource_index
creating /home/leo/TFG_Proyect/install/rmf_v2/share/ament_index/resource_index/packages
copying resource/rmf_v2 -> /home/leo/TFG_Proyect/install/rmf_v2/share/ament_index/resource_index/packages
copying package.xml -> /home/leo/TFG_Proyect/install/rmf_v2/share/rmf_v2
running install_egg_info
Copying ../../build/rmf_v2/rmf_v2.egg-info to /home/leo/TFG_Proyect/install/rmf_v2/lib/python3.10/site-packages/rmf_v2-0.0.0-py3.10.egg-info
running install_scripts
writing list of installed files to '/home/leo/TFG_Proyect/build/rmf_v2/install.log'
