[0.168s] Invoking command in '/home/leo/TFG_Proyect/build/turtlebot3_gazebo': CMAKE_PREFIX_PATH=/home/leo/tfg_leo_ws/install/turtlebot3_simulations:/home/leo/tfg_leo_ws/install/turtlebot3_gazebo:/home/leo/tfg_leo_ws/install/turtlebot3_fake_node:/home/leo/rmf_ws/install/rmf_workcell_msgs:/home/leo/rmf_ws/install/rmf_demos_gz_classic:/home/leo/rmf_ws/install/rmf_demos_gz:/home/leo/rmf_ws/install/rmf_demos:/home/leo/rmf_ws/install/rmf_fleet_adapter_python:/home/leo/rmf_ws/install/rmf_fleet_adapter:/home/leo/rmf_ws/install/rmf_task_ros2:/home/leo/rmf_ws/install/rmf_websocket:/home/leo/rmf_ws/install/rmf_visualization:/home/leo/rmf_ws/install/rmf_visualization_schedule:/home/leo/rmf_ws/install/rmf_visualization_rviz2_plugins:/home/leo/rmf_ws/install/rmf_visualization_obstacles:/home/leo/rmf_ws/install/rmf_visualization_navgraphs:/home/leo/rmf_ws/install/rmf_visualization_floorplans:/home/leo/rmf_ws/install/rmf_visualization_fleet_states:/home/leo/rmf_ws/install/rmf_visualization_msgs:/home/leo/rmf_ws/install/rmf_traffic_ros2:/home/leo/rmf_ws/install/rmf_task_sequence:/home/leo/rmf_ws/install/rmf_task:/home/leo/rmf_ws/install/rmf_battery:/home/leo/rmf_ws/install/rmf_traffic:/home/leo/rmf_ws/install/rmf_utils:/home/leo/rmf_ws/install/rmf_traffic_msgs:/home/leo/rmf_ws/install/rmf_traffic_editor_test_maps:/home/leo/rmf_ws/install/rmf_traffic_editor:/home/leo/rmf_ws/install/rmf_task_msgs:/home/leo/rmf_ws/install/rmf_site_map_msgs:/home/leo/rmf_ws/install/rmf_scheduler_msgs:/home/leo/rmf_ws/install/rmf_robot_sim_gz_plugins:/home/leo/rmf_ws/install/rmf_robot_sim_gz_classic_plugins:/home/leo/rmf_ws/install/rmf_robot_sim_common:/home/leo/rmf_ws/install/rmf_obstacle_msgs:/home/leo/rmf_ws/install/rmf_building_sim_gz_plugins:/home/leo/rmf_ws/install/rmf_building_sim_gz_classic_plugins:/home/leo/rmf_ws/install/rmf_building_sim_common:/home/leo/rmf_ws/install/rmf_lift_msgs:/home/leo/rmf_ws/install/rmf_ingestor_msgs:/home/leo/rmf_ws/install/rmf_fleet_msgs:/home/leo/rmf_ws/install/rmf_door_msgs:/home/leo/rmf_ws/install/rmf_dispenser_msgs:/home/leo/rmf_ws/install/rmf_demos_maps:/home/leo/rmf_ws/install/rmf_demos_dashboard_resources:/home/leo/rmf_ws/install/rmf_demos_assets:/home/leo/rmf_ws/install/rmf_charger_msgs:/home/leo/rmf_ws/install/rmf_building_map_msgs:/home/leo/rmf_ws/install/rmf_api_msgs:/home/leo/rmf_ws/install/pybind11_json_vendor:/home/leo/rmf_ws/install/nlohmann_json_schema_validator_vendor:/home/leo/tfg_leo_ws/install/rmf_v2:/home/leo/rmf_ws/install/rmf_demos_fleet_adapter:/home/leo/rmf_ws/install/rmf_visualization_building_systems:/home/leo/rmf_ws/install/rmf_traffic_examples:/home/leo/rmf_ws/install/rmf_demos_bridges:/home/leo/rmf_ws/install/rmf_traffic_editor_assets:/home/leo/rmf_ws/install/rmf_demos_tasks:/home/leo/rmf_ws/install/rmf_demos_panel:/home/leo/rmf_ws/install/rmf_building_map_tools:/opt/ros/humble:/home/leo/rmf_ws/install/menge_vendor:/home/leo/rmf_ws/install/ament_cmake_catch2:/home/leo/ros2_ws/install/starbots_rmf:/home/leo/ros2_ws/install/ff_examples_ros2:/home/leo/ros2_ws/install/free_fleet_server_ros2:/home/leo/ros2_ws/install/free_fleet_client_ros2:/home/leo/ros2_ws/install/free_fleet:/home/leo/ros2_ws/install/barista_gazebo:/home/leo/ros2_ws/install/barista_extra_models:/home/leo/ros2_ws/install/barista_description /usr/bin/cmake --build /home/leo/TFG_Proyect/build/turtlebot3_gazebo -- -j8 -l8
[0.210s] [35m[1mConsolidate compiler generated dependencies of target turtlebot3_drive[0m
[0.213s] [35m[1mConsolidate compiler generated dependencies of target obstacle2[0m
[0.215s] [35m[1mConsolidate compiler generated dependencies of target obstacle1[0m
[0.216s] [35m[1mConsolidate compiler generated dependencies of target obstacles[0m
[0.233s] [ 25%] Built target turtlebot3_drive
[0.246s] [ 50%] Built target obstacles
[0.250s] [ 75%] Built target obstacle1
[0.253s] [100%] Built target obstacle2
[0.447s] Invoked command in '/home/leo/TFG_Proyect/build/turtlebot3_gazebo' returned '0': CMAKE_PREFIX_PATH=/home/leo/tfg_leo_ws/install/turtlebot3_simulations:/home/leo/tfg_leo_ws/install/turtlebot3_gazebo:/home/leo/tfg_leo_ws/install/turtlebot3_fake_node:/home/leo/rmf_ws/install/rmf_workcell_msgs:/home/leo/rmf_ws/install/rmf_demos_gz_classic:/home/leo/rmf_ws/install/rmf_demos_gz:/home/leo/rmf_ws/install/rmf_demos:/home/leo/rmf_ws/install/rmf_fleet_adapter_python:/home/leo/rmf_ws/install/rmf_fleet_adapter:/home/leo/rmf_ws/install/rmf_task_ros2:/home/leo/rmf_ws/install/rmf_websocket:/home/leo/rmf_ws/install/rmf_visualization:/home/leo/rmf_ws/install/rmf_visualization_schedule:/home/leo/rmf_ws/install/rmf_visualization_rviz2_plugins:/home/leo/rmf_ws/install/rmf_visualization_obstacles:/home/leo/rmf_ws/install/rmf_visualization_navgraphs:/home/leo/rmf_ws/install/rmf_visualization_floorplans:/home/leo/rmf_ws/install/rmf_visualization_fleet_states:/home/leo/rmf_ws/install/rmf_visualization_msgs:/home/leo/rmf_ws/install/rmf_traffic_ros2:/home/leo/rmf_ws/install/rmf_task_sequence:/home/leo/rmf_ws/install/rmf_task:/home/leo/rmf_ws/install/rmf_battery:/home/leo/rmf_ws/install/rmf_traffic:/home/leo/rmf_ws/install/rmf_utils:/home/leo/rmf_ws/install/rmf_traffic_msgs:/home/leo/rmf_ws/install/rmf_traffic_editor_test_maps:/home/leo/rmf_ws/install/rmf_traffic_editor:/home/leo/rmf_ws/install/rmf_task_msgs:/home/leo/rmf_ws/install/rmf_site_map_msgs:/home/leo/rmf_ws/install/rmf_scheduler_msgs:/home/leo/rmf_ws/install/rmf_robot_sim_gz_plugins:/home/leo/rmf_ws/install/rmf_robot_sim_gz_classic_plugins:/home/leo/rmf_ws/install/rmf_robot_sim_common:/home/leo/rmf_ws/install/rmf_obstacle_msgs:/home/leo/rmf_ws/install/rmf_building_sim_gz_plugins:/home/leo/rmf_ws/install/rmf_building_sim_gz_classic_plugins:/home/leo/rmf_ws/install/rmf_building_sim_common:/home/leo/rmf_ws/install/rmf_lift_msgs:/home/leo/rmf_ws/install/rmf_ingestor_msgs:/home/leo/rmf_ws/install/rmf_fleet_msgs:/home/leo/rmf_ws/install/rmf_door_msgs:/home/leo/rmf_ws/install/rmf_dispenser_msgs:/home/leo/rmf_ws/install/rmf_demos_maps:/home/leo/rmf_ws/install/rmf_demos_dashboard_resources:/home/leo/rmf_ws/install/rmf_demos_assets:/home/leo/rmf_ws/install/rmf_charger_msgs:/home/leo/rmf_ws/install/rmf_building_map_msgs:/home/leo/rmf_ws/install/rmf_api_msgs:/home/leo/rmf_ws/install/pybind11_json_vendor:/home/leo/rmf_ws/install/nlohmann_json_schema_validator_vendor:/home/leo/tfg_leo_ws/install/rmf_v2:/home/leo/rmf_ws/install/rmf_demos_fleet_adapter:/home/leo/rmf_ws/install/rmf_visualization_building_systems:/home/leo/rmf_ws/install/rmf_traffic_examples:/home/leo/rmf_ws/install/rmf_demos_bridges:/home/leo/rmf_ws/install/rmf_traffic_editor_assets:/home/leo/rmf_ws/install/rmf_demos_tasks:/home/leo/rmf_ws/install/rmf_demos_panel:/home/leo/rmf_ws/install/rmf_building_map_tools:/opt/ros/humble:/home/leo/rmf_ws/install/menge_vendor:/home/leo/rmf_ws/install/ament_cmake_catch2:/home/leo/ros2_ws/install/starbots_rmf:/home/leo/ros2_ws/install/ff_examples_ros2:/home/leo/ros2_ws/install/free_fleet_server_ros2:/home/leo/ros2_ws/install/free_fleet_client_ros2:/home/leo/ros2_ws/install/free_fleet:/home/leo/ros2_ws/install/barista_gazebo:/home/leo/ros2_ws/install/barista_extra_models:/home/leo/ros2_ws/install/barista_description /usr/bin/cmake --build /home/leo/TFG_Proyect/build/turtlebot3_gazebo -- -j8 -l8
[0.498s] Invoking command in '/home/leo/TFG_Proyect/build/turtlebot3_gazebo': CMAKE_PREFIX_PATH=/home/leo/tfg_leo_ws/install/turtlebot3_simulations:/home/leo/tfg_leo_ws/install/turtlebot3_gazebo:/home/leo/tfg_leo_ws/install/turtlebot3_fake_node:/home/leo/rmf_ws/install/rmf_workcell_msgs:/home/leo/rmf_ws/install/rmf_demos_gz_classic:/home/leo/rmf_ws/install/rmf_demos_gz:/home/leo/rmf_ws/install/rmf_demos:/home/leo/rmf_ws/install/rmf_fleet_adapter_python:/home/leo/rmf_ws/install/rmf_fleet_adapter:/home/leo/rmf_ws/install/rmf_task_ros2:/home/leo/rmf_ws/install/rmf_websocket:/home/leo/rmf_ws/install/rmf_visualization:/home/leo/rmf_ws/install/rmf_visualization_schedule:/home/leo/rmf_ws/install/rmf_visualization_rviz2_plugins:/home/leo/rmf_ws/install/rmf_visualization_obstacles:/home/leo/rmf_ws/install/rmf_visualization_navgraphs:/home/leo/rmf_ws/install/rmf_visualization_floorplans:/home/leo/rmf_ws/install/rmf_visualization_fleet_states:/home/leo/rmf_ws/install/rmf_visualization_msgs:/home/leo/rmf_ws/install/rmf_traffic_ros2:/home/leo/rmf_ws/install/rmf_task_sequence:/home/leo/rmf_ws/install/rmf_task:/home/leo/rmf_ws/install/rmf_battery:/home/leo/rmf_ws/install/rmf_traffic:/home/leo/rmf_ws/install/rmf_utils:/home/leo/rmf_ws/install/rmf_traffic_msgs:/home/leo/rmf_ws/install/rmf_traffic_editor_test_maps:/home/leo/rmf_ws/install/rmf_traffic_editor:/home/leo/rmf_ws/install/rmf_task_msgs:/home/leo/rmf_ws/install/rmf_site_map_msgs:/home/leo/rmf_ws/install/rmf_scheduler_msgs:/home/leo/rmf_ws/install/rmf_robot_sim_gz_plugins:/home/leo/rmf_ws/install/rmf_robot_sim_gz_classic_plugins:/home/leo/rmf_ws/install/rmf_robot_sim_common:/home/leo/rmf_ws/install/rmf_obstacle_msgs:/home/leo/rmf_ws/install/rmf_building_sim_gz_plugins:/home/leo/rmf_ws/install/rmf_building_sim_gz_classic_plugins:/home/leo/rmf_ws/install/rmf_building_sim_common:/home/leo/rmf_ws/install/rmf_lift_msgs:/home/leo/rmf_ws/install/rmf_ingestor_msgs:/home/leo/rmf_ws/install/rmf_fleet_msgs:/home/leo/rmf_ws/install/rmf_door_msgs:/home/leo/rmf_ws/install/rmf_dispenser_msgs:/home/leo/rmf_ws/install/rmf_demos_maps:/home/leo/rmf_ws/install/rmf_demos_dashboard_resources:/home/leo/rmf_ws/install/rmf_demos_assets:/home/leo/rmf_ws/install/rmf_charger_msgs:/home/leo/rmf_ws/install/rmf_building_map_msgs:/home/leo/rmf_ws/install/rmf_api_msgs:/home/leo/rmf_ws/install/pybind11_json_vendor:/home/leo/rmf_ws/install/nlohmann_json_schema_validator_vendor:/home/leo/tfg_leo_ws/install/rmf_v2:/home/leo/rmf_ws/install/rmf_demos_fleet_adapter:/home/leo/rmf_ws/install/rmf_visualization_building_systems:/home/leo/rmf_ws/install/rmf_traffic_examples:/home/leo/rmf_ws/install/rmf_demos_bridges:/home/leo/rmf_ws/install/rmf_traffic_editor_assets:/home/leo/rmf_ws/install/rmf_demos_tasks:/home/leo/rmf_ws/install/rmf_demos_panel:/home/leo/rmf_ws/install/rmf_building_map_tools:/opt/ros/humble:/home/leo/rmf_ws/install/menge_vendor:/home/leo/rmf_ws/install/ament_cmake_catch2:/home/leo/ros2_ws/install/starbots_rmf:/home/leo/ros2_ws/install/ff_examples_ros2:/home/leo/ros2_ws/install/free_fleet_server_ros2:/home/leo/ros2_ws/install/free_fleet_client_ros2:/home/leo/ros2_ws/install/free_fleet:/home/leo/ros2_ws/install/barista_gazebo:/home/leo/ros2_ws/install/barista_extra_models:/home/leo/ros2_ws/install/barista_description /usr/bin/cmake --install /home/leo/TFG_Proyect/build/turtlebot3_gazebo
[0.506s] -- Install configuration: ""
[0.506s] -- Up-to-date: /home/leo/TFG_Proyect/install/turtlebot3_gazebo/lib/turtlebot3_gazebo/turtlebot3_drive
[0.506s] -- Up-to-date: /home/leo/TFG_Proyect/install/turtlebot3_gazebo/share/turtlebot3_gazebo//launch
[0.506s] -- Up-to-date: /home/leo/TFG_Proyect/install/turtlebot3_gazebo/share/turtlebot3_gazebo//launch/turtlebot3_house.launch.py
[0.506s] -- Up-to-date: /home/leo/TFG_Proyect/install/turtlebot3_gazebo/share/turtlebot3_gazebo//launch/dualboot_V2.launch.py
[0.507s] -- Up-to-date: /home/leo/TFG_Proyect/install/turtlebot3_gazebo/share/turtlebot3_gazebo//launch/turtlebot3_dqn_stage1.launch.py
[0.507s] -- Up-to-date: /home/leo/TFG_Proyect/install/turtlebot3_gazebo/share/turtlebot3_gazebo//launch/__pycache__
[0.507s] -- Up-to-date: /home/leo/TFG_Proyect/install/turtlebot3_gazebo/share/turtlebot3_gazebo//launch/__pycache__/empty_world.launch.cpython-310.pyc
[0.507s] -- Up-to-date: /home/leo/TFG_Proyect/install/turtlebot3_gazebo/share/turtlebot3_gazebo//launch/__pycache__/dualboot_empty_world.launch.cpython-310.pyc
[0.507s] -- Up-to-date: /home/leo/TFG_Proyect/install/turtlebot3_gazebo/share/turtlebot3_gazebo//launch/empty_world.launch.py
[0.507s] -- Up-to-date: /home/leo/TFG_Proyect/install/turtlebot3_gazebo/share/turtlebot3_gazebo//launch/test_diego.launch.py
[0.507s] -- Installing: /home/leo/TFG_Proyect/install/turtlebot3_gazebo/share/turtlebot3_gazebo//launch/warehouse_definitivo.launch.py
[0.507s] -- Up-to-date: /home/leo/TFG_Proyect/install/turtlebot3_gazebo/share/turtlebot3_gazebo//launch/dualboot_empty_world.launch.py
[0.507s] -- Up-to-date: /home/leo/TFG_Proyect/install/turtlebot3_gazebo/share/turtlebot3_gazebo//launch/turtlebot3_dqn_stage2.launch.py
[0.507s] -- Up-to-date: /home/leo/TFG_Proyect/install/turtlebot3_gazebo/share/turtlebot3_gazebo//launch/spawn_turtlebot3.launch.py
[0.507s] -- Up-to-date: /home/leo/TFG_Proyect/install/turtlebot3_gazebo/share/turtlebot3_gazebo//launch/turtlebot3_dqn_stage4.launch.py
[0.507s] -- Up-to-date: /home/leo/TFG_Proyect/install/turtlebot3_gazebo/share/turtlebot3_gazebo//launch/turtlebot3_dqn_stage3.launch.py
[0.507s] -- Up-to-date: /home/leo/TFG_Proyect/install/turtlebot3_gazebo/share/turtlebot3_gazebo//launch/V2_dualboot.launch.py
[0.507s] -- Up-to-date: /home/leo/TFG_Proyect/install/turtlebot3_gazebo/share/turtlebot3_gazebo//launch/robot_state_publisher.launch.py
[0.507s] -- Up-to-date: /home/leo/TFG_Proyect/install/turtlebot3_gazebo/share/turtlebot3_gazebo//launch/turtlebot3_world.launch.py
[0.507s] -- Up-to-date: /home/leo/TFG_Proyect/install/turtlebot3_gazebo/share/turtlebot3_gazebo//models
[0.507s] -- Up-to-date: /home/leo/TFG_Proyect/install/turtlebot3_gazebo/share/turtlebot3_gazebo//models/turtlebot3_waffle_pi
[0.507s] -- Up-to-date: /home/leo/TFG_Proyect/install/turtlebot3_gazebo/share/turtlebot3_gazebo//models/turtlebot3_waffle_pi/model.sdf
[0.508s] -- Up-to-date: /home/leo/TFG_Proyect/install/turtlebot3_gazebo/share/turtlebot3_gazebo//models/turtlebot3_waffle_pi/model-1_4_.sdf
[0.508s] -- Up-to-date: /home/leo/TFG_Proyect/install/turtlebot3_gazebo/share/turtlebot3_gazebo//models/turtlebot3_waffle_pi/model.config
[0.508s] -- Up-to-date: /home/leo/TFG_Proyect/install/turtlebot3_gazebo/share/turtlebot3_gazebo//models/turtlebot3_dqn_world
[0.508s] -- Up-to-date: /home/leo/TFG_Proyect/install/turtlebot3_gazebo/share/turtlebot3_gazebo//models/turtlebot3_dqn_world/inner_walls
[0.508s] -- Up-to-date: /home/leo/TFG_Proyect/install/turtlebot3_gazebo/share/turtlebot3_gazebo//models/turtlebot3_dqn_world/inner_walls/model.sdf
[0.508s] -- Up-to-date: /home/leo/TFG_Proyect/install/turtlebot3_gazebo/share/turtlebot3_gazebo//models/turtlebot3_dqn_world/inner_walls/model.config
[0.508s] -- Up-to-date: /home/leo/TFG_Proyect/install/turtlebot3_gazebo/share/turtlebot3_gazebo//models/turtlebot3_dqn_world/model.sdf
[0.508s] -- Up-to-date: /home/leo/TFG_Proyect/install/turtlebot3_gazebo/share/turtlebot3_gazebo//models/turtlebot3_dqn_world/obstacle2
[0.508s] -- Up-to-date: /home/leo/TFG_Proyect/install/turtlebot3_gazebo/share/turtlebot3_gazebo//models/turtlebot3_dqn_world/obstacle2/model.sdf
[0.508s] -- Up-to-date: /home/leo/TFG_Proyect/install/turtlebot3_gazebo/share/turtlebot3_gazebo//models/turtlebot3_dqn_world/obstacle2/model.config
[0.508s] -- Up-to-date: /home/leo/TFG_Proyect/install/turtlebot3_gazebo/share/turtlebot3_gazebo//models/turtlebot3_dqn_world/obstacles
[0.508s] -- Up-to-date: /home/leo/TFG_Proyect/install/turtlebot3_gazebo/share/turtlebot3_gazebo//models/turtlebot3_dqn_world/obstacles/model.sdf
[0.509s] -- Up-to-date: /home/leo/TFG_Proyect/install/turtlebot3_gazebo/share/turtlebot3_gazebo//models/turtlebot3_dqn_world/obstacles/model.config
[0.509s] -- Up-to-date: /home/leo/TFG_Proyect/install/turtlebot3_gazebo/share/turtlebot3_gazebo//models/turtlebot3_dqn_world/obstacle_plugin
[0.510s] -- Up-to-date: /home/leo/TFG_Proyect/install/turtlebot3_gazebo/share/turtlebot3_gazebo//models/turtlebot3_dqn_world/obstacle_plugin/obstacles.cc
[0.510s] -- Up-to-date: /home/leo/TFG_Proyect/install/turtlebot3_gazebo/share/turtlebot3_gazebo//models/turtlebot3_dqn_world/obstacle_plugin/obstacle2.cc
[0.510s] -- Up-to-date: /home/leo/TFG_Proyect/install/turtlebot3_gazebo/share/turtlebot3_gazebo//models/turtlebot3_dqn_world/obstacle_plugin/CMakeLists.txt
[0.510s] -- Up-to-date: /home/leo/TFG_Proyect/install/turtlebot3_gazebo/share/turtlebot3_gazebo//models/turtlebot3_dqn_world/obstacle_plugin/obstacle1.cc
[0.510s] -- Up-to-date: /home/leo/TFG_Proyect/install/turtlebot3_gazebo/share/turtlebot3_gazebo//models/turtlebot3_dqn_world/goal_box
[0.510s] -- Up-to-date: /home/leo/TFG_Proyect/install/turtlebot3_gazebo/share/turtlebot3_gazebo//models/turtlebot3_dqn_world/goal_box/model.sdf
[0.510s] -- Up-to-date: /home/leo/TFG_Proyect/install/turtlebot3_gazebo/share/turtlebot3_gazebo//models/turtlebot3_dqn_world/goal_box/model.config
[0.511s] -- Up-to-date: /home/leo/TFG_Proyect/install/turtlebot3_gazebo/share/turtlebot3_gazebo//models/turtlebot3_dqn_world/model.config
[0.511s] -- Up-to-date: /home/leo/TFG_Proyect/install/turtlebot3_gazebo/share/turtlebot3_gazebo//models/turtlebot3_dqn_world/obstacle1
[0.511s] -- Up-to-date: /home/leo/TFG_Proyect/install/turtlebot3_gazebo/share/turtlebot3_gazebo//models/turtlebot3_dqn_world/obstacle1/model.sdf
[0.511s] -- Up-to-date: /home/leo/TFG_Proyect/install/turtlebot3_gazebo/share/turtlebot3_gazebo//models/turtlebot3_dqn_world/obstacle1/model.config
[0.511s] -- Up-to-date: /home/leo/TFG_Proyect/install/turtlebot3_gazebo/share/turtlebot3_gazebo//models/turtlebot3_world
[0.512s] -- Up-to-date: /home/leo/TFG_Proyect/install/turtlebot3_gazebo/share/turtlebot3_gazebo//models/turtlebot3_world/model-1_4.sdf
[0.512s] -- Up-to-date: /home/leo/TFG_Proyect/install/turtlebot3_gazebo/share/turtlebot3_gazebo//models/turtlebot3_world/meshes
[0.513s] -- Up-to-date: /home/leo/TFG_Proyect/install/turtlebot3_gazebo/share/turtlebot3_gazebo//models/turtlebot3_world/meshes/wall.dae
[0.513s] -- Up-to-date: /home/leo/TFG_Proyect/install/turtlebot3_gazebo/share/turtlebot3_gazebo//models/turtlebot3_world/meshes/hexagon.dae
[0.513s] -- Up-to-date: /home/leo/TFG_Proyect/install/turtlebot3_gazebo/share/turtlebot3_gazebo//models/turtlebot3_world/model.sdf
[0.514s] -- Up-to-date: /home/leo/TFG_Proyect/install/turtlebot3_gazebo/share/turtlebot3_gazebo//models/turtlebot3_world/model.config
[0.514s] -- Up-to-date: /home/leo/TFG_Proyect/install/turtlebot3_gazebo/share/turtlebot3_gazebo//models/turtlebot3_waffle
[0.514s] -- Up-to-date: /home/leo/TFG_Proyect/install/turtlebot3_gazebo/share/turtlebot3_gazebo//models/turtlebot3_waffle/model-1_4.sdf
[0.514s] -- Up-to-date: /home/leo/TFG_Proyect/install/turtlebot3_gazebo/share/turtlebot3_gazebo//models/turtlebot3_waffle/model.sdf
[0.514s] -- Up-to-date: /home/leo/TFG_Proyect/install/turtlebot3_gazebo/share/turtlebot3_gazebo//models/turtlebot3_waffle/model.config
[0.514s] -- Up-to-date: /home/leo/TFG_Proyect/install/turtlebot3_gazebo/share/turtlebot3_gazebo//models/turtlebot3_house
[0.514s] -- Up-to-date: /home/leo/TFG_Proyect/install/turtlebot3_gazebo/share/turtlebot3_gazebo//models/turtlebot3_house/model.sdf
[0.514s] -- Up-to-date: /home/leo/TFG_Proyect/install/turtlebot3_gazebo/share/turtlebot3_gazebo//models/turtlebot3_house/model.config
[0.514s] -- Up-to-date: /home/leo/TFG_Proyect/install/turtlebot3_gazebo/share/turtlebot3_gazebo//models/turtlebot3_burger
[0.514s] -- Up-to-date: /home/leo/TFG_Proyect/install/turtlebot3_gazebo/share/turtlebot3_gazebo//models/turtlebot3_burger/model-1_4.sdf
[0.514s] -- Up-to-date: /home/leo/TFG_Proyect/install/turtlebot3_gazebo/share/turtlebot3_gazebo//models/turtlebot3_burger/model.sdf
[0.514s] -- Up-to-date: /home/leo/TFG_Proyect/install/turtlebot3_gazebo/share/turtlebot3_gazebo//models/turtlebot3_burger/model.config
[0.514s] -- Up-to-date: /home/leo/TFG_Proyect/install/turtlebot3_gazebo/share/turtlebot3_gazebo//models/turtlebot3_common
[0.514s] -- Up-to-date: /home/leo/TFG_Proyect/install/turtlebot3_gazebo/share/turtlebot3_gazebo//models/turtlebot3_common/meshes
[0.514s] -- Up-to-date: /home/leo/TFG_Proyect/install/turtlebot3_gazebo/share/turtlebot3_gazebo//models/turtlebot3_common/meshes/waffle_base.dae
[0.514s] -- Up-to-date: /home/leo/TFG_Proyect/install/turtlebot3_gazebo/share/turtlebot3_gazebo//models/turtlebot3_common/meshes/r200.dae
[0.514s] -- Up-to-date: /home/leo/TFG_Proyect/install/turtlebot3_gazebo/share/turtlebot3_gazebo//models/turtlebot3_common/meshes/lds.dae
[0.515s] -- Up-to-date: /home/leo/TFG_Proyect/install/turtlebot3_gazebo/share/turtlebot3_gazebo//models/turtlebot3_common/meshes/waffle_pi_base.dae
[0.515s] -- Up-to-date: /home/leo/TFG_Proyect/install/turtlebot3_gazebo/share/turtlebot3_gazebo//models/turtlebot3_common/meshes/tire.dae
[0.515s] -- Up-to-date: /home/leo/TFG_Proyect/install/turtlebot3_gazebo/share/turtlebot3_gazebo//models/turtlebot3_common/meshes/burger_base.dae
[0.515s] -- Up-to-date: /home/leo/TFG_Proyect/install/turtlebot3_gazebo/share/turtlebot3_gazebo//models/turtlebot3_common/model.config
[0.515s] -- Up-to-date: /home/leo/TFG_Proyect/install/turtlebot3_gazebo/share/turtlebot3_gazebo//rviz
[0.515s] -- Up-to-date: /home/leo/TFG_Proyect/install/turtlebot3_gazebo/share/turtlebot3_gazebo//rviz/tb3_gazebo.rviz
[0.515s] -- Up-to-date: /home/leo/TFG_Proyect/install/turtlebot3_gazebo/share/turtlebot3_gazebo//urdf
[0.515s] -- Up-to-date: /home/leo/TFG_Proyect/install/turtlebot3_gazebo/share/turtlebot3_gazebo//urdf/turtlebot3_waffle.urdf
[0.515s] -- Up-to-date: /home/leo/TFG_Proyect/install/turtlebot3_gazebo/share/turtlebot3_gazebo//urdf/turtlebot3_burger.urdf
[0.515s] -- Up-to-date: /home/leo/TFG_Proyect/install/turtlebot3_gazebo/share/turtlebot3_gazebo//urdf/common_properties.urdf
[0.515s] -- Up-to-date: /home/leo/TFG_Proyect/install/turtlebot3_gazebo/share/turtlebot3_gazebo//urdf/turtlebot3_waffle_pi.urdf
[0.515s] -- Up-to-date: /home/leo/TFG_Proyect/install/turtlebot3_gazebo/share/turtlebot3_gazebo//worlds
[0.515s] -- Up-to-date: /home/leo/TFG_Proyect/install/turtlebot3_gazebo/share/turtlebot3_gazebo//worlds/turtlebot3_dqn_stage3.world
[0.515s] -- Up-to-date: /home/leo/TFG_Proyect/install/turtlebot3_gazebo/share/turtlebot3_gazebo//worlds/warehouse3.world
[0.515s] -- Up-to-date: /home/leo/TFG_Proyect/install/turtlebot3_gazebo/share/turtlebot3_gazebo//worlds/warehouse1.world
[0.515s] -- Up-to-date: /home/leo/TFG_Proyect/install/turtlebot3_gazebo/share/turtlebot3_gazebo//worlds/warehouse8.world
[0.515s] -- Up-to-date: /home/leo/TFG_Proyect/install/turtlebot3_gazebo/share/turtlebot3_gazebo//worlds/warehouse2.world
[0.515s] -- Up-to-date: /home/leo/TFG_Proyect/install/turtlebot3_gazebo/share/turtlebot3_gazebo//worlds/warehouse4.world
[0.515s] -- Up-to-date: /home/leo/TFG_Proyect/install/turtlebot3_gazebo/share/turtlebot3_gazebo//worlds/turtlebot3_world.world
[0.515s] -- Up-to-date: /home/leo/TFG_Proyect/install/turtlebot3_gazebo/share/turtlebot3_gazebo//worlds/warehouse7.world
[0.515s] -- Up-to-date: /home/leo/TFG_Proyect/install/turtlebot3_gazebo/share/turtlebot3_gazebo//worlds/warehouse6.world
[0.515s] -- Up-to-date: /home/leo/TFG_Proyect/install/turtlebot3_gazebo/share/turtlebot3_gazebo//worlds/turtlebot3_house.world
[0.516s] -- Up-to-date: /home/leo/TFG_Proyect/install/turtlebot3_gazebo/share/turtlebot3_gazebo//worlds/turtlebot3_dqn_stage4.world
[0.516s] -- Up-to-date: /home/leo/TFG_Proyect/install/turtlebot3_gazebo/share/turtlebot3_gazebo//worlds/turtlebot3_dqn_stage1.world
[0.516s] -- Up-to-date: /home/leo/TFG_Proyect/install/turtlebot3_gazebo/share/turtlebot3_gazebo//worlds/turtlebot3_dqn_stage2.world
[0.516s] -- Up-to-date: /home/leo/TFG_Proyect/install/turtlebot3_gazebo/share/turtlebot3_gazebo//worlds/empty_world.world
[0.516s] -- Up-to-date: /home/leo/TFG_Proyect/install/turtlebot3_gazebo/share/turtlebot3_gazebo//worlds/warehouse5.world
[0.516s] -- Up-to-date: /home/leo/TFG_Proyect/install/turtlebot3_gazebo/include/
[0.516s] -- Up-to-date: /home/leo/TFG_Proyect/install/turtlebot3_gazebo/include//turtlebot3_gazebo
[0.516s] -- Up-to-date: /home/leo/TFG_Proyect/install/turtlebot3_gazebo/include//turtlebot3_gazebo/turtlebot3_drive.hpp
[0.516s] -- Up-to-date: /home/leo/TFG_Proyect/install/turtlebot3_gazebo/share/ament_index/resource_index/package_run_dependencies/turtlebot3_gazebo
[0.516s] -- Up-to-date: /home/leo/TFG_Proyect/install/turtlebot3_gazebo/share/ament_index/resource_index/parent_prefix_path/turtlebot3_gazebo
[0.516s] -- Up-to-date: /home/leo/TFG_Proyect/install/turtlebot3_gazebo/share/turtlebot3_gazebo/environment/ament_prefix_path.sh
[0.516s] -- Up-to-date: /home/leo/TFG_Proyect/install/turtlebot3_gazebo/share/turtlebot3_gazebo/environment/ament_prefix_path.dsv
[0.516s] -- Up-to-date: /home/leo/TFG_Proyect/install/turtlebot3_gazebo/share/turtlebot3_gazebo/environment/path.sh
[0.516s] -- Up-to-date: /home/leo/TFG_Proyect/install/turtlebot3_gazebo/share/turtlebot3_gazebo/environment/path.dsv
[0.516s] -- Up-to-date: /home/leo/TFG_Proyect/install/turtlebot3_gazebo/share/turtlebot3_gazebo/local_setup.bash
[0.516s] -- Up-to-date: /home/leo/TFG_Proyect/install/turtlebot3_gazebo/share/turtlebot3_gazebo/local_setup.sh
[0.516s] -- Up-to-date: /home/leo/TFG_Proyect/install/turtlebot3_gazebo/share/turtlebot3_gazebo/local_setup.zsh
[0.516s] -- Up-to-date: /home/leo/TFG_Proyect/install/turtlebot3_gazebo/share/turtlebot3_gazebo/local_setup.dsv
[0.516s] -- Installing: /home/leo/TFG_Proyect/install/turtlebot3_gazebo/share/turtlebot3_gazebo/package.dsv
[0.516s] -- Up-to-date: /home/leo/TFG_Proyect/install/turtlebot3_gazebo/share/ament_index/resource_index/packages/turtlebot3_gazebo
[0.516s] -- Up-to-date: /home/leo/TFG_Proyect/install/turtlebot3_gazebo/share/turtlebot3_gazebo/cmake/ament_cmake_export_include_directories-extras.cmake
[0.516s] -- Up-to-date: /home/leo/TFG_Proyect/install/turtlebot3_gazebo/share/turtlebot3_gazebo/cmake/ament_cmake_export_dependencies-extras.cmake
[0.517s] -- Up-to-date: /home/leo/TFG_Proyect/install/turtlebot3_gazebo/share/turtlebot3_gazebo/cmake/turtlebot3_gazeboConfig.cmake
[0.517s] -- Up-to-date: /home/leo/TFG_Proyect/install/turtlebot3_gazebo/share/turtlebot3_gazebo/cmake/turtlebot3_gazeboConfig-version.cmake
[0.517s] -- Up-to-date: /home/leo/TFG_Proyect/install/turtlebot3_gazebo/share/turtlebot3_gazebo/package.xml
[0.550s] Invoked command in '/home/leo/TFG_Proyect/build/turtlebot3_gazebo' returned '0': CMAKE_PREFIX_PATH=/home/leo/tfg_leo_ws/install/turtlebot3_simulations:/home/leo/tfg_leo_ws/install/turtlebot3_gazebo:/home/leo/tfg_leo_ws/install/turtlebot3_fake_node:/home/leo/rmf_ws/install/rmf_workcell_msgs:/home/leo/rmf_ws/install/rmf_demos_gz_classic:/home/leo/rmf_ws/install/rmf_demos_gz:/home/leo/rmf_ws/install/rmf_demos:/home/leo/rmf_ws/install/rmf_fleet_adapter_python:/home/leo/rmf_ws/install/rmf_fleet_adapter:/home/leo/rmf_ws/install/rmf_task_ros2:/home/leo/rmf_ws/install/rmf_websocket:/home/leo/rmf_ws/install/rmf_visualization:/home/leo/rmf_ws/install/rmf_visualization_schedule:/home/leo/rmf_ws/install/rmf_visualization_rviz2_plugins:/home/leo/rmf_ws/install/rmf_visualization_obstacles:/home/leo/rmf_ws/install/rmf_visualization_navgraphs:/home/leo/rmf_ws/install/rmf_visualization_floorplans:/home/leo/rmf_ws/install/rmf_visualization_fleet_states:/home/leo/rmf_ws/install/rmf_visualization_msgs:/home/leo/rmf_ws/install/rmf_traffic_ros2:/home/leo/rmf_ws/install/rmf_task_sequence:/home/leo/rmf_ws/install/rmf_task:/home/leo/rmf_ws/install/rmf_battery:/home/leo/rmf_ws/install/rmf_traffic:/home/leo/rmf_ws/install/rmf_utils:/home/leo/rmf_ws/install/rmf_traffic_msgs:/home/leo/rmf_ws/install/rmf_traffic_editor_test_maps:/home/leo/rmf_ws/install/rmf_traffic_editor:/home/leo/rmf_ws/install/rmf_task_msgs:/home/leo/rmf_ws/install/rmf_site_map_msgs:/home/leo/rmf_ws/install/rmf_scheduler_msgs:/home/leo/rmf_ws/install/rmf_robot_sim_gz_plugins:/home/leo/rmf_ws/install/rmf_robot_sim_gz_classic_plugins:/home/leo/rmf_ws/install/rmf_robot_sim_common:/home/leo/rmf_ws/install/rmf_obstacle_msgs:/home/leo/rmf_ws/install/rmf_building_sim_gz_plugins:/home/leo/rmf_ws/install/rmf_building_sim_gz_classic_plugins:/home/leo/rmf_ws/install/rmf_building_sim_common:/home/leo/rmf_ws/install/rmf_lift_msgs:/home/leo/rmf_ws/install/rmf_ingestor_msgs:/home/leo/rmf_ws/install/rmf_fleet_msgs:/home/leo/rmf_ws/install/rmf_door_msgs:/home/leo/rmf_ws/install/rmf_dispenser_msgs:/home/leo/rmf_ws/install/rmf_demos_maps:/home/leo/rmf_ws/install/rmf_demos_dashboard_resources:/home/leo/rmf_ws/install/rmf_demos_assets:/home/leo/rmf_ws/install/rmf_charger_msgs:/home/leo/rmf_ws/install/rmf_building_map_msgs:/home/leo/rmf_ws/install/rmf_api_msgs:/home/leo/rmf_ws/install/pybind11_json_vendor:/home/leo/rmf_ws/install/nlohmann_json_schema_validator_vendor:/home/leo/tfg_leo_ws/install/rmf_v2:/home/leo/rmf_ws/install/rmf_demos_fleet_adapter:/home/leo/rmf_ws/install/rmf_visualization_building_systems:/home/leo/rmf_ws/install/rmf_traffic_examples:/home/leo/rmf_ws/install/rmf_demos_bridges:/home/leo/rmf_ws/install/rmf_traffic_editor_assets:/home/leo/rmf_ws/install/rmf_demos_tasks:/home/leo/rmf_ws/install/rmf_demos_panel:/home/leo/rmf_ws/install/rmf_building_map_tools:/opt/ros/humble:/home/leo/rmf_ws/install/menge_vendor:/home/leo/rmf_ws/install/ament_cmake_catch2:/home/leo/ros2_ws/install/starbots_rmf:/home/leo/ros2_ws/install/ff_examples_ros2:/home/leo/ros2_ws/install/free_fleet_server_ros2:/home/leo/ros2_ws/install/free_fleet_client_ros2:/home/leo/ros2_ws/install/free_fleet:/home/leo/ros2_ws/install/barista_gazebo:/home/leo/ros2_ws/install/barista_extra_models:/home/leo/ros2_ws/install/barista_description /usr/bin/cmake --install /home/leo/TFG_Proyect/build/turtlebot3_gazebo
