[0.054s] Invoking command in '/home/leo/TFG_Proyect/build/turtlebot3_simulations': CMAKE_PREFIX_PATH=/home/leo/TFG_Proyect/install/turtlebot3_gazebo:/home/leo/TFG_Proyect/install/turtlebot3_fake_node:/home/leo/TFG_Proyect/install/turtlebot3_simulations:/home/leo/ros2_ws/install/turtlebot3_simulations:/home/leo/ros2_ws/install/turtlebot3_gazebo:/home/leo/ros2_ws/install/turtlebot3_fake_node:/home/leo/ros2_ws/install/examples_pkg:/opt/ros/humble /usr/bin/cmake --build /home/leo/TFG_Proyect/build/turtlebot3_simulations -- -j8 -l8
[0.086s] Invoked command in '/home/leo/TFG_Proyect/build/turtlebot3_simulations' returned '0': CMAKE_PREFIX_PATH=/home/leo/TFG_Proyect/install/turtlebot3_gazebo:/home/leo/TFG_Proyect/install/turtlebot3_fake_node:/home/leo/TFG_Proyect/install/turtlebot3_simulations:/home/leo/ros2_ws/install/turtlebot3_simulations:/home/leo/ros2_ws/install/turtlebot3_gazebo:/home/leo/ros2_ws/install/turtlebot3_fake_node:/home/leo/ros2_ws/install/examples_pkg:/opt/ros/humble /usr/bin/cmake --build /home/leo/TFG_Proyect/build/turtlebot3_simulations -- -j8 -l8
[0.102s] Invoking command in '/home/leo/TFG_Proyect/build/turtlebot3_simulations': CMAKE_PREFIX_PATH=/home/leo/TFG_Proyect/install/turtlebot3_gazebo:/home/leo/TFG_Proyect/install/turtlebot3_fake_node:/home/leo/TFG_Proyect/install/turtlebot3_simulations:/home/leo/ros2_ws/install/turtlebot3_simulations:/home/leo/ros2_ws/install/turtlebot3_gazebo:/home/leo/ros2_ws/install/turtlebot3_fake_node:/home/leo/ros2_ws/install/examples_pkg:/opt/ros/humble /usr/bin/cmake --install /home/leo/TFG_Proyect/build/turtlebot3_simulations
[0.109s] -- Install configuration: ""
[0.109s] -- Up-to-date: /home/leo/TFG_Proyect/install/turtlebot3_simulations/share/ament_index/resource_index/package_run_dependencies/turtlebot3_simulations
[0.109s] -- Up-to-date: /home/leo/TFG_Proyect/install/turtlebot3_simulations/share/ament_index/resource_index/parent_prefix_path/turtlebot3_simulations
[0.109s] -- Up-to-date: /home/leo/TFG_Proyect/install/turtlebot3_simulations/share/turtlebot3_simulations/environment/ament_prefix_path.sh
[0.109s] -- Up-to-date: /home/leo/TFG_Proyect/install/turtlebot3_simulations/share/turtlebot3_simulations/environment/ament_prefix_path.dsv
[0.109s] -- Up-to-date: /home/leo/TFG_Proyect/install/turtlebot3_simulations/share/turtlebot3_simulations/environment/path.sh
[0.110s] -- Up-to-date: /home/leo/TFG_Proyect/install/turtlebot3_simulations/share/turtlebot3_simulations/environment/path.dsv
[0.110s] -- Up-to-date: /home/leo/TFG_Proyect/install/turtlebot3_simulations/share/turtlebot3_simulations/local_setup.bash
[0.110s] -- Up-to-date: /home/leo/TFG_Proyect/install/turtlebot3_simulations/share/turtlebot3_simulations/local_setup.sh
[0.110s] -- Up-to-date: /home/leo/TFG_Proyect/install/turtlebot3_simulations/share/turtlebot3_simulations/local_setup.zsh
[0.110s] -- Up-to-date: /home/leo/TFG_Proyect/install/turtlebot3_simulations/share/turtlebot3_simulations/local_setup.dsv
[0.110s] -- Installing: /home/leo/TFG_Proyect/install/turtlebot3_simulations/share/turtlebot3_simulations/package.dsv
[0.110s] -- Up-to-date: /home/leo/TFG_Proyect/install/turtlebot3_simulations/share/ament_index/resource_index/packages/turtlebot3_simulations
[0.110s] -- Up-to-date: /home/leo/TFG_Proyect/install/turtlebot3_simulations/share/turtlebot3_simulations/cmake/turtlebot3_simulationsConfig.cmake
[0.110s] -- Up-to-date: /home/leo/TFG_Proyect/install/turtlebot3_simulations/share/turtlebot3_simulations/cmake/turtlebot3_simulationsConfig-version.cmake
[0.110s] -- Up-to-date: /home/leo/TFG_Proyect/install/turtlebot3_simulations/share/turtlebot3_simulations/package.xml
[0.111s] Invoked command in '/home/leo/TFG_Proyect/build/turtlebot3_simulations' returned '0': CMAKE_PREFIX_PATH=/home/leo/TFG_Proyect/install/turtlebot3_gazebo:/home/leo/TFG_Proyect/install/turtlebot3_fake_node:/home/leo/TFG_Proyect/install/turtlebot3_simulations:/home/leo/ros2_ws/install/turtlebot3_simulations:/home/leo/ros2_ws/install/turtlebot3_gazebo:/home/leo/ros2_ws/install/turtlebot3_fake_node:/home/leo/ros2_ws/install/examples_pkg:/opt/ros/humble /usr/bin/cmake --install /home/leo/TFG_Proyect/build/turtlebot3_simulations
