[0.630s] DEBUG:colcon:Command line arguments: ['/usr/bin/colcon', 'build']
[0.630s] DEBUG:colcon:Parsed command line arguments: Namespace(log_base=None, log_level=None, verb_name='build', build_base='build', install_base='install', merge_install=False, symlink_install=False, test_result_base=None, continue_on_error=False, executor='parallel', parallel_workers=8, event_handlers=None, ignore_user_meta=False, metas=['./colcon.meta'], base_paths=['.'], packages_ignore=None, packages_ignore_regex=None, paths=None, packages_up_to=None, packages_up_to_regex=None, packages_above=None, packages_above_and_dependencies=None, packages_above_depth=None, packages_select_by_dep=None, packages_skip_by_dep=None, packages_skip_up_to=None, packages_select_build_failed=False, packages_skip_build_finished=False, packages_select_test_failures=False, packages_skip_test_passed=False, packages_select=None, packages_skip=None, packages_select_regex=None, packages_skip_regex=None, packages_start=None, packages_end=None, allow_overriding=[], cmake_args=None, cmake_target=None, cmake_target_skip_unavailable=False, cmake_clean_cache=False, cmake_clean_first=False, cmake_force_configure=False, ament_cmake_args=None, catkin_cmake_args=None, catkin_skip_building_tests=False, verb_parser=<colcon_defaults.argument_parser.defaults.DefaultArgumentsDecorator object at 0x7fc37e854a00>, verb_extension=<colcon_core.verb.build.BuildVerb object at 0x7fc37f967d30>, main=<bound method BuildVerb.main of <colcon_core.verb.build.BuildVerb object at 0x7fc37f967d30>>)
[0.660s] Level 1:colcon.colcon_core.package_discovery:discover_packages(colcon_meta) check parameters
[0.660s] Level 1:colcon.colcon_core.package_discovery:discover_packages(recursive) check parameters
[0.660s] Level 1:colcon.colcon_core.package_discovery:discover_packages(ignore) check parameters
[0.660s] Level 1:colcon.colcon_core.package_discovery:discover_packages(path) check parameters
[0.660s] Level 1:colcon.colcon_core.package_discovery:discover_packages(colcon_meta) discover
[0.661s] Level 1:colcon.colcon_core.package_discovery:discover_packages(recursive) discover
[0.661s] INFO:colcon.colcon_core.package_discovery:Crawling recursively for packages in '/home/leo/TFG_Proyect'
[0.661s] Level 1:colcon.colcon_core.package_identification:_identify(.) by extensions ['ignore', 'ignore_ament_install']
[0.661s] Level 1:colcon.colcon_core.package_identification:_identify(.) by extension 'ignore'
[0.661s] Level 1:colcon.colcon_core.package_identification:_identify(.) by extension 'ignore_ament_install'
[0.661s] Level 1:colcon.colcon_core.package_identification:_identify(.) by extensions ['colcon_pkg']
[0.661s] Level 1:colcon.colcon_core.package_identification:_identify(.) by extension 'colcon_pkg'
[0.661s] Level 1:colcon.colcon_core.package_identification:_identify(.) by extensions ['colcon_meta']
[0.661s] Level 1:colcon.colcon_core.package_identification:_identify(.) by extension 'colcon_meta'
[0.661s] Level 1:colcon.colcon_core.package_identification:_identify(.) by extensions ['ros']
[0.661s] Level 1:colcon.colcon_core.package_identification:_identify(.) by extension 'ros'
[0.668s] Level 1:colcon.colcon_core.package_identification:_identify(.) by extensions ['cmake', 'python']
[0.668s] Level 1:colcon.colcon_core.package_identification:_identify(.) by extension 'cmake'
[0.668s] Level 1:colcon.colcon_core.package_identification:_identify(.) by extension 'python'
[0.668s] Level 1:colcon.colcon_core.package_identification:_identify(.) by extensions ['python_setup_py']
[0.668s] Level 1:colcon.colcon_core.package_identification:_identify(.) by extension 'python_setup_py'
[0.668s] Level 1:colcon.colcon_core.package_identification:_identify(build) by extensions ['ignore', 'ignore_ament_install']
[0.668s] Level 1:colcon.colcon_core.package_identification:_identify(build) by extension 'ignore'
[0.668s] Level 1:colcon.colcon_core.package_identification:_identify(build) ignored
[0.668s] Level 1:colcon.colcon_core.package_identification:_identify(install) by extensions ['ignore', 'ignore_ament_install']
[0.668s] Level 1:colcon.colcon_core.package_identification:_identify(install) by extension 'ignore'
[0.668s] Level 1:colcon.colcon_core.package_identification:_identify(install) ignored
[0.668s] Level 1:colcon.colcon_core.package_identification:_identify(log) by extensions ['ignore', 'ignore_ament_install']
[0.668s] Level 1:colcon.colcon_core.package_identification:_identify(log) by extension 'ignore'
[0.669s] Level 1:colcon.colcon_core.package_identification:_identify(log) ignored
[0.669s] Level 1:colcon.colcon_core.package_identification:_identify(src) by extensions ['ignore', 'ignore_ament_install']
[0.669s] Level 1:colcon.colcon_core.package_identification:_identify(src) by extension 'ignore'
[0.669s] Level 1:colcon.colcon_core.package_identification:_identify(src) by extension 'ignore_ament_install'
[0.669s] Level 1:colcon.colcon_core.package_identification:_identify(src) by extensions ['colcon_pkg']
[0.669s] Level 1:colcon.colcon_core.package_identification:_identify(src) by extension 'colcon_pkg'
[0.669s] Level 1:colcon.colcon_core.package_identification:_identify(src) by extensions ['colcon_meta']
[0.669s] Level 1:colcon.colcon_core.package_identification:_identify(src) by extension 'colcon_meta'
[0.669s] Level 1:colcon.colcon_core.package_identification:_identify(src) by extensions ['ros']
[0.669s] Level 1:colcon.colcon_core.package_identification:_identify(src) by extension 'ros'
[0.669s] Level 1:colcon.colcon_core.package_identification:_identify(src) by extensions ['cmake', 'python']
[0.669s] Level 1:colcon.colcon_core.package_identification:_identify(src) by extension 'cmake'
[0.669s] Level 1:colcon.colcon_core.package_identification:_identify(src) by extension 'python'
[0.669s] Level 1:colcon.colcon_core.package_identification:_identify(src) by extensions ['python_setup_py']
[0.669s] Level 1:colcon.colcon_core.package_identification:_identify(src) by extension 'python_setup_py'
[0.669s] Level 1:colcon.colcon_core.package_identification:_identify(src/ros2_ws) by extensions ['ignore', 'ignore_ament_install']
[0.669s] Level 1:colcon.colcon_core.package_identification:_identify(src/ros2_ws) by extension 'ignore'
[0.669s] Level 1:colcon.colcon_core.package_identification:_identify(src/ros2_ws) by extension 'ignore_ament_install'
[0.669s] Level 1:colcon.colcon_core.package_identification:_identify(src/ros2_ws) by extensions ['colcon_pkg']
[0.669s] Level 1:colcon.colcon_core.package_identification:_identify(src/ros2_ws) by extension 'colcon_pkg'
[0.669s] Level 1:colcon.colcon_core.package_identification:_identify(src/ros2_ws) by extensions ['colcon_meta']
[0.669s] Level 1:colcon.colcon_core.package_identification:_identify(src/ros2_ws) by extension 'colcon_meta'
[0.669s] Level 1:colcon.colcon_core.package_identification:_identify(src/ros2_ws) by extensions ['ros']
[0.669s] Level 1:colcon.colcon_core.package_identification:_identify(src/ros2_ws) by extension 'ros'
[0.669s] Level 1:colcon.colcon_core.package_identification:_identify(src/ros2_ws) by extensions ['cmake', 'python']
[0.669s] Level 1:colcon.colcon_core.package_identification:_identify(src/ros2_ws) by extension 'cmake'
[0.669s] Level 1:colcon.colcon_core.package_identification:_identify(src/ros2_ws) by extension 'python'
[0.669s] Level 1:colcon.colcon_core.package_identification:_identify(src/ros2_ws) by extensions ['python_setup_py']
[0.669s] Level 1:colcon.colcon_core.package_identification:_identify(src/ros2_ws) by extension 'python_setup_py'
[0.669s] Level 1:colcon.colcon_core.package_identification:_identify(src/ros2_ws/build) by extensions ['ignore', 'ignore_ament_install']
[0.669s] Level 1:colcon.colcon_core.package_identification:_identify(src/ros2_ws/build) by extension 'ignore'
[0.669s] Level 1:colcon.colcon_core.package_identification:_identify(src/ros2_ws/build) ignored
[0.669s] Level 1:colcon.colcon_core.package_identification:_identify(src/ros2_ws/install) by extensions ['ignore', 'ignore_ament_install']
[0.669s] Level 1:colcon.colcon_core.package_identification:_identify(src/ros2_ws/install) by extension 'ignore'
[0.670s] Level 1:colcon.colcon_core.package_identification:_identify(src/ros2_ws/install) ignored
[0.670s] Level 1:colcon.colcon_core.package_identification:_identify(src/ros2_ws/log) by extensions ['ignore', 'ignore_ament_install']
[0.670s] Level 1:colcon.colcon_core.package_identification:_identify(src/ros2_ws/log) by extension 'ignore'
[0.670s] Level 1:colcon.colcon_core.package_identification:_identify(src/ros2_ws/log) ignored
[0.670s] Level 1:colcon.colcon_core.package_identification:_identify(src/ros2_ws/src) by extensions ['ignore', 'ignore_ament_install']
[0.670s] Level 1:colcon.colcon_core.package_identification:_identify(src/ros2_ws/src) by extension 'ignore'
[0.670s] Level 1:colcon.colcon_core.package_identification:_identify(src/ros2_ws/src) by extension 'ignore_ament_install'
[0.670s] Level 1:colcon.colcon_core.package_identification:_identify(src/ros2_ws/src) by extensions ['colcon_pkg']
[0.670s] Level 1:colcon.colcon_core.package_identification:_identify(src/ros2_ws/src) by extension 'colcon_pkg'
[0.670s] Level 1:colcon.colcon_core.package_identification:_identify(src/ros2_ws/src) by extensions ['colcon_meta']
[0.670s] Level 1:colcon.colcon_core.package_identification:_identify(src/ros2_ws/src) by extension 'colcon_meta'
[0.670s] Level 1:colcon.colcon_core.package_identification:_identify(src/ros2_ws/src) by extensions ['ros']
[0.670s] Level 1:colcon.colcon_core.package_identification:_identify(src/ros2_ws/src) by extension 'ros'
[0.670s] Level 1:colcon.colcon_core.package_identification:_identify(src/ros2_ws/src) by extensions ['cmake', 'python']
[0.670s] Level 1:colcon.colcon_core.package_identification:_identify(src/ros2_ws/src) by extension 'cmake'
[0.670s] Level 1:colcon.colcon_core.package_identification:_identify(src/ros2_ws/src) by extension 'python'
[0.670s] Level 1:colcon.colcon_core.package_identification:_identify(src/ros2_ws/src) by extensions ['python_setup_py']
[0.670s] Level 1:colcon.colcon_core.package_identification:_identify(src/ros2_ws/src) by extension 'python_setup_py'
[0.670s] Level 1:colcon.colcon_core.package_identification:_identify(src/ros2_ws/src/gazebo_worlds) by extensions ['ignore', 'ignore_ament_install']
[0.670s] Level 1:colcon.colcon_core.package_identification:_identify(src/ros2_ws/src/gazebo_worlds) by extension 'ignore'
[0.670s] Level 1:colcon.colcon_core.package_identification:_identify(src/ros2_ws/src/gazebo_worlds) by extension 'ignore_ament_install'
[0.670s] Level 1:colcon.colcon_core.package_identification:_identify(src/ros2_ws/src/gazebo_worlds) by extensions ['colcon_pkg']
[0.670s] Level 1:colcon.colcon_core.package_identification:_identify(src/ros2_ws/src/gazebo_worlds) by extension 'colcon_pkg'
[0.670s] Level 1:colcon.colcon_core.package_identification:_identify(src/ros2_ws/src/gazebo_worlds) by extensions ['colcon_meta']
[0.670s] Level 1:colcon.colcon_core.package_identification:_identify(src/ros2_ws/src/gazebo_worlds) by extension 'colcon_meta'
[0.670s] Level 1:colcon.colcon_core.package_identification:_identify(src/ros2_ws/src/gazebo_worlds) by extensions ['ros']
[0.670s] Level 1:colcon.colcon_core.package_identification:_identify(src/ros2_ws/src/gazebo_worlds) by extension 'ros'
[0.670s] Level 1:colcon.colcon_core.package_identification:_identify(src/ros2_ws/src/gazebo_worlds) by extensions ['cmake', 'python']
[0.670s] Level 1:colcon.colcon_core.package_identification:_identify(src/ros2_ws/src/gazebo_worlds) by extension 'cmake'
[0.670s] Level 1:colcon.colcon_core.package_identification:_identify(src/ros2_ws/src/gazebo_worlds) by extension 'python'
[0.670s] Level 1:colcon.colcon_core.package_identification:_identify(src/ros2_ws/src/gazebo_worlds) by extensions ['python_setup_py']
[0.670s] Level 1:colcon.colcon_core.package_identification:_identify(src/ros2_ws/src/gazebo_worlds) by extension 'python_setup_py'
[0.670s] Level 1:colcon.colcon_core.package_identification:_identify(src/ros2_ws/src/gazebo_worlds/ARIAC 2021 Workshop) by extensions ['ignore', 'ignore_ament_install']
[0.671s] Level 1:colcon.colcon_core.package_identification:_identify(src/ros2_ws/src/gazebo_worlds/ARIAC 2021 Workshop) by extension 'ignore'
[0.671s] Level 1:colcon.colcon_core.package_identification:_identify(src/ros2_ws/src/gazebo_worlds/ARIAC 2021 Workshop) by extension 'ignore_ament_install'
[0.671s] Level 1:colcon.colcon_core.package_identification:_identify(src/ros2_ws/src/gazebo_worlds/ARIAC 2021 Workshop) by extensions ['colcon_pkg']
[0.671s] Level 1:colcon.colcon_core.package_identification:_identify(src/ros2_ws/src/gazebo_worlds/ARIAC 2021 Workshop) by extension 'colcon_pkg'
[0.671s] Level 1:colcon.colcon_core.package_identification:_identify(src/ros2_ws/src/gazebo_worlds/ARIAC 2021 Workshop) by extensions ['colcon_meta']
[0.671s] Level 1:colcon.colcon_core.package_identification:_identify(src/ros2_ws/src/gazebo_worlds/ARIAC 2021 Workshop) by extension 'colcon_meta'
[0.671s] Level 1:colcon.colcon_core.package_identification:_identify(src/ros2_ws/src/gazebo_worlds/ARIAC 2021 Workshop) by extensions ['ros']
[0.671s] Level 1:colcon.colcon_core.package_identification:_identify(src/ros2_ws/src/gazebo_worlds/ARIAC 2021 Workshop) by extension 'ros'
[0.671s] Level 1:colcon.colcon_core.package_identification:_identify(src/ros2_ws/src/gazebo_worlds/ARIAC 2021 Workshop) by extensions ['cmake', 'python']
[0.671s] Level 1:colcon.colcon_core.package_identification:_identify(src/ros2_ws/src/gazebo_worlds/ARIAC 2021 Workshop) by extension 'cmake'
[0.671s] Level 1:colcon.colcon_core.package_identification:_identify(src/ros2_ws/src/gazebo_worlds/ARIAC 2021 Workshop) by extension 'python'
[0.671s] Level 1:colcon.colcon_core.package_identification:_identify(src/ros2_ws/src/gazebo_worlds/ARIAC 2021 Workshop) by extensions ['python_setup_py']
[0.671s] Level 1:colcon.colcon_core.package_identification:_identify(src/ros2_ws/src/gazebo_worlds/ARIAC 2021 Workshop) by extension 'python_setup_py'
[0.671s] Level 1:colcon.colcon_core.package_identification:_identify(src/ros2_ws/src/gazebo_worlds/ARIAC 2021 Workshop/slides) by extensions ['ignore', 'ignore_ament_install']
[0.671s] Level 1:colcon.colcon_core.package_identification:_identify(src/ros2_ws/src/gazebo_worlds/ARIAC 2021 Workshop/slides) by extension 'ignore'
[0.671s] Level 1:colcon.colcon_core.package_identification:_identify(src/ros2_ws/src/gazebo_worlds/ARIAC 2021 Workshop/slides) by extension 'ignore_ament_install'
[0.671s] Level 1:colcon.colcon_core.package_identification:_identify(src/ros2_ws/src/gazebo_worlds/ARIAC 2021 Workshop/slides) by extensions ['colcon_pkg']
[0.671s] Level 1:colcon.colcon_core.package_identification:_identify(src/ros2_ws/src/gazebo_worlds/ARIAC 2021 Workshop/slides) by extension 'colcon_pkg'
[0.671s] Level 1:colcon.colcon_core.package_identification:_identify(src/ros2_ws/src/gazebo_worlds/ARIAC 2021 Workshop/slides) by extensions ['colcon_meta']
[0.671s] Level 1:colcon.colcon_core.package_identification:_identify(src/ros2_ws/src/gazebo_worlds/ARIAC 2021 Workshop/slides) by extension 'colcon_meta'
[0.671s] Level 1:colcon.colcon_core.package_identification:_identify(src/ros2_ws/src/gazebo_worlds/ARIAC 2021 Workshop/slides) by extensions ['ros']
[0.671s] Level 1:colcon.colcon_core.package_identification:_identify(src/ros2_ws/src/gazebo_worlds/ARIAC 2021 Workshop/slides) by extension 'ros'
[0.671s] Level 1:colcon.colcon_core.package_identification:_identify(src/ros2_ws/src/gazebo_worlds/ARIAC 2021 Workshop/slides) by extensions ['cmake', 'python']
[0.671s] Level 1:colcon.colcon_core.package_identification:_identify(src/ros2_ws/src/gazebo_worlds/ARIAC 2021 Workshop/slides) by extension 'cmake'
[0.671s] Level 1:colcon.colcon_core.package_identification:_identify(src/ros2_ws/src/gazebo_worlds/ARIAC 2021 Workshop/slides) by extension 'python'
[0.671s] Level 1:colcon.colcon_core.package_identification:_identify(src/ros2_ws/src/gazebo_worlds/ARIAC 2021 Workshop/slides) by extensions ['python_setup_py']
[0.671s] Level 1:colcon.colcon_core.package_identification:_identify(src/ros2_ws/src/gazebo_worlds/ARIAC 2021 Workshop/slides) by extension 'python_setup_py'
[0.671s] Level 1:colcon.colcon_core.package_identification:_identify(src/ros2_ws/src/gazebo_worlds/ARIAC 2021 Workshop/thumbnails) by extensions ['ignore', 'ignore_ament_install']
[0.672s] Level 1:colcon.colcon_core.package_identification:_identify(src/ros2_ws/src/gazebo_worlds/ARIAC 2021 Workshop/thumbnails) by extension 'ignore'
[0.672s] Level 1:colcon.colcon_core.package_identification:_identify(src/ros2_ws/src/gazebo_worlds/ARIAC 2021 Workshop/thumbnails) by extension 'ignore_ament_install'
[0.672s] Level 1:colcon.colcon_core.package_identification:_identify(src/ros2_ws/src/gazebo_worlds/ARIAC 2021 Workshop/thumbnails) by extensions ['colcon_pkg']
[0.672s] Level 1:colcon.colcon_core.package_identification:_identify(src/ros2_ws/src/gazebo_worlds/ARIAC 2021 Workshop/thumbnails) by extension 'colcon_pkg'
[0.672s] Level 1:colcon.colcon_core.package_identification:_identify(src/ros2_ws/src/gazebo_worlds/ARIAC 2021 Workshop/thumbnails) by extensions ['colcon_meta']
[0.672s] Level 1:colcon.colcon_core.package_identification:_identify(src/ros2_ws/src/gazebo_worlds/ARIAC 2021 Workshop/thumbnails) by extension 'colcon_meta'
[0.672s] Level 1:colcon.colcon_core.package_identification:_identify(src/ros2_ws/src/gazebo_worlds/ARIAC 2021 Workshop/thumbnails) by extensions ['ros']
[0.672s] Level 1:colcon.colcon_core.package_identification:_identify(src/ros2_ws/src/gazebo_worlds/ARIAC 2021 Workshop/thumbnails) by extension 'ros'
[0.672s] Level 1:colcon.colcon_core.package_identification:_identify(src/ros2_ws/src/gazebo_worlds/ARIAC 2021 Workshop/thumbnails) by extensions ['cmake', 'python']
[0.672s] Level 1:colcon.colcon_core.package_identification:_identify(src/ros2_ws/src/gazebo_worlds/ARIAC 2021 Workshop/thumbnails) by extension 'cmake'
[0.672s] Level 1:colcon.colcon_core.package_identification:_identify(src/ros2_ws/src/gazebo_worlds/ARIAC 2021 Workshop/thumbnails) by extension 'python'
[0.672s] Level 1:colcon.colcon_core.package_identification:_identify(src/ros2_ws/src/gazebo_worlds/ARIAC 2021 Workshop/thumbnails) by extensions ['python_setup_py']
[0.672s] Level 1:colcon.colcon_core.package_identification:_identify(src/ros2_ws/src/gazebo_worlds/ARIAC 2021 Workshop/thumbnails) by extension 'python_setup_py'
[0.672s] Level 1:colcon.colcon_core.package_identification:_identify(src/ros2_ws/src/turtlebot3_simulations) by extensions ['ignore', 'ignore_ament_install']
[0.672s] Level 1:colcon.colcon_core.package_identification:_identify(src/ros2_ws/src/turtlebot3_simulations) by extension 'ignore'
[0.672s] Level 1:colcon.colcon_core.package_identification:_identify(src/ros2_ws/src/turtlebot3_simulations) by extension 'ignore_ament_install'
[0.672s] Level 1:colcon.colcon_core.package_identification:_identify(src/ros2_ws/src/turtlebot3_simulations) by extensions ['colcon_pkg']
[0.672s] Level 1:colcon.colcon_core.package_identification:_identify(src/ros2_ws/src/turtlebot3_simulations) by extension 'colcon_pkg'
[0.672s] Level 1:colcon.colcon_core.package_identification:_identify(src/ros2_ws/src/turtlebot3_simulations) by extensions ['colcon_meta']
[0.672s] Level 1:colcon.colcon_core.package_identification:_identify(src/ros2_ws/src/turtlebot3_simulations) by extension 'colcon_meta'
[0.672s] Level 1:colcon.colcon_core.package_identification:_identify(src/ros2_ws/src/turtlebot3_simulations) by extensions ['ros']
[0.672s] Level 1:colcon.colcon_core.package_identification:_identify(src/ros2_ws/src/turtlebot3_simulations) by extension 'ros'
[0.672s] Level 1:colcon.colcon_core.package_identification:_identify(src/ros2_ws/src/turtlebot3_simulations) by extensions ['cmake', 'python']
[0.672s] Level 1:colcon.colcon_core.package_identification:_identify(src/ros2_ws/src/turtlebot3_simulations) by extension 'cmake'
[0.672s] Level 1:colcon.colcon_core.package_identification:_identify(src/ros2_ws/src/turtlebot3_simulations) by extension 'python'
[0.672s] Level 1:colcon.colcon_core.package_identification:_identify(src/ros2_ws/src/turtlebot3_simulations) by extensions ['python_setup_py']
[0.672s] Level 1:colcon.colcon_core.package_identification:_identify(src/ros2_ws/src/turtlebot3_simulations) by extension 'python_setup_py'
[0.672s] Level 1:colcon.colcon_core.package_identification:_identify(src/ros2_ws/src/turtlebot3_simulations/turtlebot3_fake_node) by extensions ['ignore', 'ignore_ament_install']
[0.672s] Level 1:colcon.colcon_core.package_identification:_identify(src/ros2_ws/src/turtlebot3_simulations/turtlebot3_fake_node) by extension 'ignore'
[0.672s] Level 1:colcon.colcon_core.package_identification:_identify(src/ros2_ws/src/turtlebot3_simulations/turtlebot3_fake_node) by extension 'ignore_ament_install'
[0.672s] Level 1:colcon.colcon_core.package_identification:_identify(src/ros2_ws/src/turtlebot3_simulations/turtlebot3_fake_node) by extensions ['colcon_pkg']
[0.672s] Level 1:colcon.colcon_core.package_identification:_identify(src/ros2_ws/src/turtlebot3_simulations/turtlebot3_fake_node) by extension 'colcon_pkg'
[0.672s] Level 1:colcon.colcon_core.package_identification:_identify(src/ros2_ws/src/turtlebot3_simulations/turtlebot3_fake_node) by extensions ['colcon_meta']
[0.672s] Level 1:colcon.colcon_core.package_identification:_identify(src/ros2_ws/src/turtlebot3_simulations/turtlebot3_fake_node) by extension 'colcon_meta'
[0.672s] Level 1:colcon.colcon_core.package_identification:_identify(src/ros2_ws/src/turtlebot3_simulations/turtlebot3_fake_node) by extensions ['ros']
[0.672s] Level 1:colcon.colcon_core.package_identification:_identify(src/ros2_ws/src/turtlebot3_simulations/turtlebot3_fake_node) by extension 'ros'
[0.674s] DEBUG:colcon.colcon_core.package_identification:Package 'src/ros2_ws/src/turtlebot3_simulations/turtlebot3_fake_node' with type 'ros.ament_cmake' and name 'turtlebot3_fake_node'
[0.675s] Level 1:colcon.colcon_core.package_identification:_identify(src/ros2_ws/src/turtlebot3_simulations/turtlebot3_gazebo) by extensions ['ignore', 'ignore_ament_install']
[0.675s] Level 1:colcon.colcon_core.package_identification:_identify(src/ros2_ws/src/turtlebot3_simulations/turtlebot3_gazebo) by extension 'ignore'
[0.675s] Level 1:colcon.colcon_core.package_identification:_identify(src/ros2_ws/src/turtlebot3_simulations/turtlebot3_gazebo) by extension 'ignore_ament_install'
[0.675s] Level 1:colcon.colcon_core.package_identification:_identify(src/ros2_ws/src/turtlebot3_simulations/turtlebot3_gazebo) by extensions ['colcon_pkg']
[0.675s] Level 1:colcon.colcon_core.package_identification:_identify(src/ros2_ws/src/turtlebot3_simulations/turtlebot3_gazebo) by extension 'colcon_pkg'
[0.675s] Level 1:colcon.colcon_core.package_identification:_identify(src/ros2_ws/src/turtlebot3_simulations/turtlebot3_gazebo) by extensions ['colcon_meta']
[0.675s] Level 1:colcon.colcon_core.package_identification:_identify(src/ros2_ws/src/turtlebot3_simulations/turtlebot3_gazebo) by extension 'colcon_meta'
[0.675s] Level 1:colcon.colcon_core.package_identification:_identify(src/ros2_ws/src/turtlebot3_simulations/turtlebot3_gazebo) by extensions ['ros']
[0.675s] Level 1:colcon.colcon_core.package_identification:_identify(src/ros2_ws/src/turtlebot3_simulations/turtlebot3_gazebo) by extension 'ros'
[0.675s] DEBUG:colcon.colcon_core.package_identification:Package 'src/ros2_ws/src/turtlebot3_simulations/turtlebot3_gazebo' with type 'ros.ament_cmake' and name 'turtlebot3_gazebo'
[0.676s] Level 1:colcon.colcon_core.package_identification:_identify(src/ros2_ws/src/turtlebot3_simulations/turtlebot3_simulations) by extensions ['ignore', 'ignore_ament_install']
[0.676s] Level 1:colcon.colcon_core.package_identification:_identify(src/ros2_ws/src/turtlebot3_simulations/turtlebot3_simulations) by extension 'ignore'
[0.676s] Level 1:colcon.colcon_core.package_identification:_identify(src/ros2_ws/src/turtlebot3_simulations/turtlebot3_simulations) by extension 'ignore_ament_install'
[0.676s] Level 1:colcon.colcon_core.package_identification:_identify(src/ros2_ws/src/turtlebot3_simulations/turtlebot3_simulations) by extensions ['colcon_pkg']
[0.676s] Level 1:colcon.colcon_core.package_identification:_identify(src/ros2_ws/src/turtlebot3_simulations/turtlebot3_simulations) by extension 'colcon_pkg'
[0.676s] Level 1:colcon.colcon_core.package_identification:_identify(src/ros2_ws/src/turtlebot3_simulations/turtlebot3_simulations) by extensions ['colcon_meta']
[0.676s] Level 1:colcon.colcon_core.package_identification:_identify(src/ros2_ws/src/turtlebot3_simulations/turtlebot3_simulations) by extension 'colcon_meta'
[0.676s] Level 1:colcon.colcon_core.package_identification:_identify(src/ros2_ws/src/turtlebot3_simulations/turtlebot3_simulations) by extensions ['ros']
[0.676s] Level 1:colcon.colcon_core.package_identification:_identify(src/ros2_ws/src/turtlebot3_simulations/turtlebot3_simulations) by extension 'ros'
[0.676s] DEBUG:colcon.colcon_core.package_identification:Package 'src/ros2_ws/src/turtlebot3_simulations/turtlebot3_simulations' with type 'ros.ament_cmake' and name 'turtlebot3_simulations'
[0.676s] Level 1:colcon.colcon_core.package_discovery:discover_packages(recursive) using defaults
[0.676s] Level 1:colcon.colcon_core.package_discovery:discover_packages(ignore) discover
[0.676s] Level 1:colcon.colcon_core.package_discovery:discover_packages(ignore) using defaults
[0.676s] Level 1:colcon.colcon_core.package_discovery:discover_packages(path) discover
[0.676s] Level 1:colcon.colcon_core.package_discovery:discover_packages(path) using defaults
[0.735s] Level 1:colcon.colcon_core.package_discovery:discover_packages(prefix_path) check parameters
[0.736s] Level 1:colcon.colcon_core.package_discovery:discover_packages(prefix_path) discover
[0.754s] DEBUG:colcon.colcon_installed_package_information.package_discovery:Found 4 installed packages in /home/leo/ros2_ws/install
[0.764s] DEBUG:colcon.colcon_installed_package_information.package_discovery:Found 375 installed packages in /opt/ros/humble
[0.765s] Level 1:colcon.colcon_core.package_discovery:discover_packages(prefix_path) using defaults
[0.838s] Level 5:colcon.colcon_core.verb:set package 'turtlebot3_fake_node' build argument 'cmake_args' from command line to 'None'
[0.838s] Level 5:colcon.colcon_core.verb:set package 'turtlebot3_fake_node' build argument 'cmake_target' from command line to 'None'
[0.838s] Level 5:colcon.colcon_core.verb:set package 'turtlebot3_fake_node' build argument 'cmake_target_skip_unavailable' from command line to 'False'
[0.838s] Level 5:colcon.colcon_core.verb:set package 'turtlebot3_fake_node' build argument 'cmake_clean_cache' from command line to 'False'
[0.838s] Level 5:colcon.colcon_core.verb:set package 'turtlebot3_fake_node' build argument 'cmake_clean_first' from command line to 'False'
[0.838s] Level 5:colcon.colcon_core.verb:set package 'turtlebot3_fake_node' build argument 'cmake_force_configure' from command line to 'False'
[0.838s] Level 5:colcon.colcon_core.verb:set package 'turtlebot3_fake_node' build argument 'ament_cmake_args' from command line to 'None'
[0.838s] Level 5:colcon.colcon_core.verb:set package 'turtlebot3_fake_node' build argument 'catkin_cmake_args' from command line to 'None'
[0.838s] Level 5:colcon.colcon_core.verb:set package 'turtlebot3_fake_node' build argument 'catkin_skip_building_tests' from command line to 'False'
[0.838s] DEBUG:colcon.colcon_core.verb:Building package 'turtlebot3_fake_node' with the following arguments: {'ament_cmake_args': None, 'build_base': '/home/leo/TFG_Proyect/build/turtlebot3_fake_node', 'catkin_cmake_args': None, 'catkin_skip_building_tests': False, 'cmake_args': None, 'cmake_clean_cache': False, 'cmake_clean_first': False, 'cmake_force_configure': False, 'cmake_target': None, 'cmake_target_skip_unavailable': False, 'install_base': '/home/leo/TFG_Proyect/install/turtlebot3_fake_node', 'merge_install': False, 'path': '/home/leo/TFG_Proyect/src/ros2_ws/src/turtlebot3_simulations/turtlebot3_fake_node', 'symlink_install': False, 'test_result_base': None}
[0.847s] Level 5:colcon.colcon_core.verb:set package 'turtlebot3_gazebo' build argument 'cmake_args' from command line to 'None'
[0.847s] Level 5:colcon.colcon_core.verb:set package 'turtlebot3_gazebo' build argument 'cmake_target' from command line to 'None'
[0.847s] Level 5:colcon.colcon_core.verb:set package 'turtlebot3_gazebo' build argument 'cmake_target_skip_unavailable' from command line to 'False'
[0.847s] Level 5:colcon.colcon_core.verb:set package 'turtlebot3_gazebo' build argument 'cmake_clean_cache' from command line to 'False'
[0.847s] Level 5:colcon.colcon_core.verb:set package 'turtlebot3_gazebo' build argument 'cmake_clean_first' from command line to 'False'
[0.847s] Level 5:colcon.colcon_core.verb:set package 'turtlebot3_gazebo' build argument 'cmake_force_configure' from command line to 'False'
[0.847s] Level 5:colcon.colcon_core.verb:set package 'turtlebot3_gazebo' build argument 'ament_cmake_args' from command line to 'None'
[0.847s] Level 5:colcon.colcon_core.verb:set package 'turtlebot3_gazebo' build argument 'catkin_cmake_args' from command line to 'None'
[0.847s] Level 5:colcon.colcon_core.verb:set package 'turtlebot3_gazebo' build argument 'catkin_skip_building_tests' from command line to 'False'
[0.847s] DEBUG:colcon.colcon_core.verb:Building package 'turtlebot3_gazebo' with the following arguments: {'ament_cmake_args': None, 'build_base': '/home/leo/TFG_Proyect/build/turtlebot3_gazebo', 'catkin_cmake_args': None, 'catkin_skip_building_tests': False, 'cmake_args': None, 'cmake_clean_cache': False, 'cmake_clean_first': False, 'cmake_force_configure': False, 'cmake_target': None, 'cmake_target_skip_unavailable': False, 'install_base': '/home/leo/TFG_Proyect/install/turtlebot3_gazebo', 'merge_install': False, 'path': '/home/leo/TFG_Proyect/src/ros2_ws/src/turtlebot3_simulations/turtlebot3_gazebo', 'symlink_install': False, 'test_result_base': None}
[0.857s] Level 5:colcon.colcon_core.verb:set package 'turtlebot3_simulations' build argument 'cmake_args' from command line to 'None'
[0.857s] Level 5:colcon.colcon_core.verb:set package 'turtlebot3_simulations' build argument 'cmake_target' from command line to 'None'
[0.857s] Level 5:colcon.colcon_core.verb:set package 'turtlebot3_simulations' build argument 'cmake_target_skip_unavailable' from command line to 'False'
[0.857s] Level 5:colcon.colcon_core.verb:set package 'turtlebot3_simulations' build argument 'cmake_clean_cache' from command line to 'False'
[0.857s] Level 5:colcon.colcon_core.verb:set package 'turtlebot3_simulations' build argument 'cmake_clean_first' from command line to 'False'
[0.857s] Level 5:colcon.colcon_core.verb:set package 'turtlebot3_simulations' build argument 'cmake_force_configure' from command line to 'False'
[0.857s] Level 5:colcon.colcon_core.verb:set package 'turtlebot3_simulations' build argument 'ament_cmake_args' from command line to 'None'
[0.857s] Level 5:colcon.colcon_core.verb:set package 'turtlebot3_simulations' build argument 'catkin_cmake_args' from command line to 'None'
[0.857s] Level 5:colcon.colcon_core.verb:set package 'turtlebot3_simulations' build argument 'catkin_skip_building_tests' from command line to 'False'
[0.857s] DEBUG:colcon.colcon_core.verb:Building package 'turtlebot3_simulations' with the following arguments: {'ament_cmake_args': None, 'build_base': '/home/leo/TFG_Proyect/build/turtlebot3_simulations', 'catkin_cmake_args': None, 'catkin_skip_building_tests': False, 'cmake_args': None, 'cmake_clean_cache': False, 'cmake_clean_first': False, 'cmake_force_configure': False, 'cmake_target': None, 'cmake_target_skip_unavailable': False, 'install_base': '/home/leo/TFG_Proyect/install/turtlebot3_simulations', 'merge_install': False, 'path': '/home/leo/TFG_Proyect/src/ros2_ws/src/turtlebot3_simulations/turtlebot3_simulations', 'symlink_install': False, 'test_result_base': None}
[0.866s] INFO:colcon.colcon_core.executor:Executing jobs using 'parallel' executor
[0.876s] DEBUG:colcon.colcon_parallel_executor.executor.parallel:run_until_complete
[0.876s] INFO:colcon.colcon_ros.task.ament_cmake.build:Building ROS package in '/home/leo/TFG_Proyect/src/ros2_ws/src/turtlebot3_simulations/turtlebot3_fake_node' with build type 'ament_cmake'
[0.876s] INFO:colcon.colcon_cmake.task.cmake.build:Building CMake package in '/home/leo/TFG_Proyect/src/ros2_ws/src/turtlebot3_simulations/turtlebot3_fake_node'
[0.886s] INFO:colcon.colcon_core.plugin_system:Skipping extension 'colcon_core.shell.bat': Not used on non-Windows systems
[0.886s] INFO:colcon.colcon_core.shell:Skip shell extension 'powershell' for command environment: Not usable outside of PowerShell
[0.887s] DEBUG:colcon.colcon_core.shell:Skip shell extension 'dsv' for command environment
[0.917s] INFO:colcon.colcon_ros.task.ament_cmake.build:Building ROS package in '/home/leo/TFG_Proyect/src/ros2_ws/src/turtlebot3_simulations/turtlebot3_gazebo' with build type 'ament_cmake'
[0.918s] INFO:colcon.colcon_cmake.task.cmake.build:Building CMake package in '/home/leo/TFG_Proyect/src/ros2_ws/src/turtlebot3_simulations/turtlebot3_gazebo'
[0.928s] INFO:colcon.colcon_core.shell:Skip shell extension 'powershell' for command environment: Not usable outside of PowerShell
[0.928s] DEBUG:colcon.colcon_core.shell:Skip shell extension 'dsv' for command environment
[0.962s] DEBUG:colcon.colcon_core.event_handler.log_command:Invoking command in '/home/leo/TFG_Proyect/build/turtlebot3_fake_node': CMAKE_PREFIX_PATH=${CMAKE_PREFIX_PATH}:/home/leo/ros2_ws/install/examples_pkg:/opt/ros/humble /usr/bin/cmake --build /home/leo/TFG_Proyect/build/turtlebot3_fake_node -- -j8 -l8
[0.965s] DEBUG:colcon.colcon_core.event_handler.log_command:Invoking command in '/home/leo/TFG_Proyect/build/turtlebot3_gazebo': CMAKE_PREFIX_PATH=${CMAKE_PREFIX_PATH}:/home/leo/ros2_ws/install/examples_pkg:/opt/ros/humble /usr/bin/cmake --build /home/leo/TFG_Proyect/build/turtlebot3_gazebo -- -j8 -l8
[1.015s] DEBUG:colcon.colcon_core.event_handler.log_command:Invoked command in '/home/leo/TFG_Proyect/build/turtlebot3_fake_node' returned '0': CMAKE_PREFIX_PATH=${CMAKE_PREFIX_PATH}:/home/leo/ros2_ws/install/examples_pkg:/opt/ros/humble /usr/bin/cmake --build /home/leo/TFG_Proyect/build/turtlebot3_fake_node -- -j8 -l8
[1.039s] DEBUG:colcon.colcon_core.event_handler.log_command:Invoking command in '/home/leo/TFG_Proyect/build/turtlebot3_fake_node': CMAKE_PREFIX_PATH=${CMAKE_PREFIX_PATH}:/home/leo/ros2_ws/install/examples_pkg:/opt/ros/humble /usr/bin/cmake --install /home/leo/TFG_Proyect/build/turtlebot3_fake_node
[1.040s] DEBUG:colcon.colcon_core.event_handler.log_command:Invoked command in '/home/leo/TFG_Proyect/build/turtlebot3_gazebo' returned '0': CMAKE_PREFIX_PATH=${CMAKE_PREFIX_PATH}:/home/leo/ros2_ws/install/examples_pkg:/opt/ros/humble /usr/bin/cmake --build /home/leo/TFG_Proyect/build/turtlebot3_gazebo -- -j8 -l8
[1.046s] Level 1:colcon.colcon_core.environment:create_environment_scripts_only(turtlebot3_fake_node)
[1.046s] DEBUG:colcon.colcon_core.event_handler.log_command:Invoked command in '/home/leo/TFG_Proyect/build/turtlebot3_fake_node' returned '0': CMAKE_PREFIX_PATH=${CMAKE_PREFIX_PATH}:/home/leo/ros2_ws/install/examples_pkg:/opt/ros/humble /usr/bin/cmake --install /home/leo/TFG_Proyect/build/turtlebot3_fake_node
[1.058s] Level 1:colcon.colcon_core.environment:checking '/home/leo/TFG_Proyect/install/turtlebot3_fake_node' for CMake module files
[1.058s] Level 1:colcon.colcon_core.environment:checking '/home/leo/TFG_Proyect/install/turtlebot3_fake_node' for CMake config files
[1.058s] Level 1:colcon.colcon_core.shell:create_environment_hook('turtlebot3_fake_node', 'cmake_prefix_path')
[1.069s] INFO:colcon.colcon_core.shell:Creating environment hook '/home/leo/TFG_Proyect/install/turtlebot3_fake_node/share/turtlebot3_fake_node/hook/cmake_prefix_path.ps1'
[1.070s] INFO:colcon.colcon_core.shell:Creating environment descriptor '/home/leo/TFG_Proyect/install/turtlebot3_fake_node/share/turtlebot3_fake_node/hook/cmake_prefix_path.dsv'
[1.070s] INFO:colcon.colcon_core.shell:Creating environment hook '/home/leo/TFG_Proyect/install/turtlebot3_fake_node/share/turtlebot3_fake_node/hook/cmake_prefix_path.sh'
[1.071s] Level 1:colcon.colcon_core.environment:checking '/home/leo/TFG_Proyect/install/turtlebot3_fake_node/lib'
[1.071s] Level 1:colcon.colcon_core.environment:checking '/home/leo/TFG_Proyect/install/turtlebot3_fake_node/bin'
[1.071s] Level 1:colcon.colcon_core.environment:checking '/home/leo/TFG_Proyect/install/turtlebot3_fake_node/lib/pkgconfig/turtlebot3_fake_node.pc'
[1.071s] Level 1:colcon.colcon_core.environment:checking '/home/leo/TFG_Proyect/install/turtlebot3_fake_node/lib/python3.10/site-packages'
[1.071s] Level 1:colcon.colcon_core.environment:checking '/home/leo/TFG_Proyect/install/turtlebot3_fake_node/bin'
[1.082s] INFO:colcon.colcon_core.shell:Creating package script '/home/leo/TFG_Proyect/install/turtlebot3_fake_node/share/turtlebot3_fake_node/package.ps1'
[1.083s] INFO:colcon.colcon_core.shell:Creating package descriptor '/home/leo/TFG_Proyect/install/turtlebot3_fake_node/share/turtlebot3_fake_node/package.dsv'
[1.083s] INFO:colcon.colcon_core.shell:Creating package script '/home/leo/TFG_Proyect/install/turtlebot3_fake_node/share/turtlebot3_fake_node/package.sh'
[1.083s] INFO:colcon.colcon_core.shell:Creating package script '/home/leo/TFG_Proyect/install/turtlebot3_fake_node/share/turtlebot3_fake_node/package.bash'
[1.084s] INFO:colcon.colcon_core.shell:Creating package script '/home/leo/TFG_Proyect/install/turtlebot3_fake_node/share/turtlebot3_fake_node/package.zsh'
[1.084s] Level 1:colcon.colcon_core.environment:create_file_with_runtime_dependencies(/home/leo/TFG_Proyect/install/turtlebot3_fake_node/share/colcon-core/packages/turtlebot3_fake_node)
[1.086s] DEBUG:colcon.colcon_core.event_handler.log_command:Invoking command in '/home/leo/TFG_Proyect/build/turtlebot3_gazebo': CMAKE_PREFIX_PATH=${CMAKE_PREFIX_PATH}:/home/leo/ros2_ws/install/examples_pkg:/opt/ros/humble /usr/bin/cmake --install /home/leo/TFG_Proyect/build/turtlebot3_gazebo
[1.096s] Level 1:colcon.colcon_core.environment:create_environment_scripts_only(turtlebot3_gazebo)
[1.097s] DEBUG:colcon.colcon_core.event_handler.log_command:Invoked command in '/home/leo/TFG_Proyect/build/turtlebot3_gazebo' returned '0': CMAKE_PREFIX_PATH=${CMAKE_PREFIX_PATH}:/home/leo/ros2_ws/install/examples_pkg:/opt/ros/humble /usr/bin/cmake --install /home/leo/TFG_Proyect/build/turtlebot3_gazebo
[1.108s] Level 1:colcon.colcon_core.environment:checking '/home/leo/TFG_Proyect/install/turtlebot3_gazebo' for CMake module files
[1.108s] Level 1:colcon.colcon_core.environment:checking '/home/leo/TFG_Proyect/install/turtlebot3_gazebo' for CMake config files
[1.108s] Level 1:colcon.colcon_core.shell:create_environment_hook('turtlebot3_gazebo', 'cmake_prefix_path')
[1.118s] INFO:colcon.colcon_core.shell:Creating environment hook '/home/leo/TFG_Proyect/install/turtlebot3_gazebo/share/turtlebot3_gazebo/hook/cmake_prefix_path.ps1'
[1.119s] INFO:colcon.colcon_core.shell:Creating environment descriptor '/home/leo/TFG_Proyect/install/turtlebot3_gazebo/share/turtlebot3_gazebo/hook/cmake_prefix_path.dsv'
[1.119s] INFO:colcon.colcon_core.shell:Creating environment hook '/home/leo/TFG_Proyect/install/turtlebot3_gazebo/share/turtlebot3_gazebo/hook/cmake_prefix_path.sh'
[1.119s] Level 1:colcon.colcon_core.environment:checking '/home/leo/TFG_Proyect/install/turtlebot3_gazebo/lib'
[1.119s] Level 1:colcon.colcon_core.environment:checking '/home/leo/TFG_Proyect/install/turtlebot3_gazebo/bin'
[1.119s] Level 1:colcon.colcon_core.environment:checking '/home/leo/TFG_Proyect/install/turtlebot3_gazebo/lib/pkgconfig/turtlebot3_gazebo.pc'
[1.119s] Level 1:colcon.colcon_core.environment:checking '/home/leo/TFG_Proyect/install/turtlebot3_gazebo/lib/python3.10/site-packages'
[1.120s] Level 1:colcon.colcon_core.environment:checking '/home/leo/TFG_Proyect/install/turtlebot3_gazebo/bin'
[1.129s] INFO:colcon.colcon_core.shell:Creating package script '/home/leo/TFG_Proyect/install/turtlebot3_gazebo/share/turtlebot3_gazebo/package.ps1'
[1.129s] INFO:colcon.colcon_core.shell:Creating package descriptor '/home/leo/TFG_Proyect/install/turtlebot3_gazebo/share/turtlebot3_gazebo/package.dsv'
[1.130s] INFO:colcon.colcon_core.shell:Creating package script '/home/leo/TFG_Proyect/install/turtlebot3_gazebo/share/turtlebot3_gazebo/package.sh'
[1.130s] INFO:colcon.colcon_core.shell:Creating package script '/home/leo/TFG_Proyect/install/turtlebot3_gazebo/share/turtlebot3_gazebo/package.bash'
[1.130s] INFO:colcon.colcon_core.shell:Creating package script '/home/leo/TFG_Proyect/install/turtlebot3_gazebo/share/turtlebot3_gazebo/package.zsh'
[1.130s] Level 1:colcon.colcon_core.environment:create_file_with_runtime_dependencies(/home/leo/TFG_Proyect/install/turtlebot3_gazebo/share/colcon-core/packages/turtlebot3_gazebo)
[1.141s] Level 1:colcon.colcon_core.environment:create_environment_scripts_only(turtlebot3_fake_node)
[1.152s] Level 1:colcon.colcon_core.environment:checking '/home/leo/TFG_Proyect/install/turtlebot3_fake_node' for CMake module files
[1.152s] Level 1:colcon.colcon_core.environment:checking '/home/leo/TFG_Proyect/install/turtlebot3_fake_node' for CMake config files
[1.152s] Level 1:colcon.colcon_core.shell:create_environment_hook('turtlebot3_fake_node', 'cmake_prefix_path')
[1.162s] INFO:colcon.colcon_core.shell:Creating environment hook '/home/leo/TFG_Proyect/install/turtlebot3_fake_node/share/turtlebot3_fake_node/hook/cmake_prefix_path.ps1'
[1.162s] INFO:colcon.colcon_core.shell:Creating environment descriptor '/home/leo/TFG_Proyect/install/turtlebot3_fake_node/share/turtlebot3_fake_node/hook/cmake_prefix_path.dsv'
[1.163s] INFO:colcon.colcon_core.shell:Creating environment hook '/home/leo/TFG_Proyect/install/turtlebot3_fake_node/share/turtlebot3_fake_node/hook/cmake_prefix_path.sh'
[1.163s] Level 1:colcon.colcon_core.environment:checking '/home/leo/TFG_Proyect/install/turtlebot3_fake_node/lib'
[1.163s] Level 1:colcon.colcon_core.environment:checking '/home/leo/TFG_Proyect/install/turtlebot3_fake_node/bin'
[1.163s] Level 1:colcon.colcon_core.environment:checking '/home/leo/TFG_Proyect/install/turtlebot3_fake_node/lib/pkgconfig/turtlebot3_fake_node.pc'
[1.163s] Level 1:colcon.colcon_core.environment:checking '/home/leo/TFG_Proyect/install/turtlebot3_fake_node/lib/python3.10/site-packages'
[1.163s] Level 1:colcon.colcon_core.environment:checking '/home/leo/TFG_Proyect/install/turtlebot3_fake_node/bin'
[1.173s] INFO:colcon.colcon_core.shell:Creating package script '/home/leo/TFG_Proyect/install/turtlebot3_fake_node/share/turtlebot3_fake_node/package.ps1'
[1.173s] INFO:colcon.colcon_core.shell:Creating package descriptor '/home/leo/TFG_Proyect/install/turtlebot3_fake_node/share/turtlebot3_fake_node/package.dsv'
[1.173s] INFO:colcon.colcon_core.shell:Creating package script '/home/leo/TFG_Proyect/install/turtlebot3_fake_node/share/turtlebot3_fake_node/package.sh'
[1.174s] INFO:colcon.colcon_core.shell:Creating package script '/home/leo/TFG_Proyect/install/turtlebot3_fake_node/share/turtlebot3_fake_node/package.bash'
[1.174s] INFO:colcon.colcon_core.shell:Creating package script '/home/leo/TFG_Proyect/install/turtlebot3_fake_node/share/turtlebot3_fake_node/package.zsh'
[1.174s] Level 1:colcon.colcon_core.environment:create_file_with_runtime_dependencies(/home/leo/TFG_Proyect/install/turtlebot3_fake_node/share/colcon-core/packages/turtlebot3_fake_node)
[1.184s] Level 1:colcon.colcon_core.environment:create_environment_scripts_only(turtlebot3_gazebo)
[1.194s] Level 1:colcon.colcon_core.environment:checking '/home/leo/TFG_Proyect/install/turtlebot3_gazebo' for CMake module files
[1.195s] Level 1:colcon.colcon_core.environment:checking '/home/leo/TFG_Proyect/install/turtlebot3_gazebo' for CMake config files
[1.195s] Level 1:colcon.colcon_core.shell:create_environment_hook('turtlebot3_gazebo', 'cmake_prefix_path')
[1.204s] INFO:colcon.colcon_core.shell:Creating environment hook '/home/leo/TFG_Proyect/install/turtlebot3_gazebo/share/turtlebot3_gazebo/hook/cmake_prefix_path.ps1'
[1.205s] INFO:colcon.colcon_core.shell:Creating environment descriptor '/home/leo/TFG_Proyect/install/turtlebot3_gazebo/share/turtlebot3_gazebo/hook/cmake_prefix_path.dsv'
[1.205s] INFO:colcon.colcon_core.shell:Creating environment hook '/home/leo/TFG_Proyect/install/turtlebot3_gazebo/share/turtlebot3_gazebo/hook/cmake_prefix_path.sh'
[1.205s] Level 1:colcon.colcon_core.environment:checking '/home/leo/TFG_Proyect/install/turtlebot3_gazebo/lib'
[1.205s] Level 1:colcon.colcon_core.environment:checking '/home/leo/TFG_Proyect/install/turtlebot3_gazebo/bin'
[1.205s] Level 1:colcon.colcon_core.environment:checking '/home/leo/TFG_Proyect/install/turtlebot3_gazebo/lib/pkgconfig/turtlebot3_gazebo.pc'
[1.206s] Level 1:colcon.colcon_core.environment:checking '/home/leo/TFG_Proyect/install/turtlebot3_gazebo/lib/python3.10/site-packages'
[1.206s] Level 1:colcon.colcon_core.environment:checking '/home/leo/TFG_Proyect/install/turtlebot3_gazebo/bin'
[1.215s] INFO:colcon.colcon_core.shell:Creating package script '/home/leo/TFG_Proyect/install/turtlebot3_gazebo/share/turtlebot3_gazebo/package.ps1'
[1.215s] INFO:colcon.colcon_core.shell:Creating package descriptor '/home/leo/TFG_Proyect/install/turtlebot3_gazebo/share/turtlebot3_gazebo/package.dsv'
[1.215s] INFO:colcon.colcon_core.shell:Creating package script '/home/leo/TFG_Proyect/install/turtlebot3_gazebo/share/turtlebot3_gazebo/package.sh'
[1.216s] INFO:colcon.colcon_core.shell:Creating package script '/home/leo/TFG_Proyect/install/turtlebot3_gazebo/share/turtlebot3_gazebo/package.bash'
[1.216s] INFO:colcon.colcon_core.shell:Creating package script '/home/leo/TFG_Proyect/install/turtlebot3_gazebo/share/turtlebot3_gazebo/package.zsh'
[1.216s] Level 1:colcon.colcon_core.environment:create_file_with_runtime_dependencies(/home/leo/TFG_Proyect/install/turtlebot3_gazebo/share/colcon-core/packages/turtlebot3_gazebo)
[1.216s] INFO:colcon.colcon_ros.task.ament_cmake.build:Building ROS package in '/home/leo/TFG_Proyect/src/ros2_ws/src/turtlebot3_simulations/turtlebot3_simulations' with build type 'ament_cmake'
[1.216s] INFO:colcon.colcon_cmake.task.cmake.build:Building CMake package in '/home/leo/TFG_Proyect/src/ros2_ws/src/turtlebot3_simulations/turtlebot3_simulations'
[1.227s] INFO:colcon.colcon_core.shell:Skip shell extension 'powershell' for command environment: Not usable outside of PowerShell
[1.227s] DEBUG:colcon.colcon_core.shell:Skip shell extension 'dsv' for command environment
[1.262s] DEBUG:colcon.colcon_core.event_handler.log_command:Invoking command in '/home/leo/TFG_Proyect/build/turtlebot3_simulations': AMENT_PREFIX_PATH=/home/leo/TFG_Proyect/install/turtlebot3_gazebo:/home/leo/TFG_Proyect/install/turtlebot3_fake_node:${AMENT_PREFIX_PATH} CMAKE_PREFIX_PATH=/home/leo/TFG_Proyect/install/turtlebot3_gazebo:/home/leo/TFG_Proyect/install/turtlebot3_fake_node:/home/leo/ros2_ws/install/turtlebot3_simulations:/home/leo/ros2_ws/install/turtlebot3_gazebo:/home/leo/ros2_ws/install/turtlebot3_fake_node:/home/leo/ros2_ws/install/examples_pkg:/opt/ros/humble /usr/bin/cmake --build /home/leo/TFG_Proyect/build/turtlebot3_simulations -- -j8 -l8
[1.287s] DEBUG:colcon.colcon_core.event_handler.log_command:Invoked command in '/home/leo/TFG_Proyect/build/turtlebot3_simulations' returned '0': AMENT_PREFIX_PATH=/home/leo/TFG_Proyect/install/turtlebot3_gazebo:/home/leo/TFG_Proyect/install/turtlebot3_fake_node:${AMENT_PREFIX_PATH} CMAKE_PREFIX_PATH=/home/leo/TFG_Proyect/install/turtlebot3_gazebo:/home/leo/TFG_Proyect/install/turtlebot3_fake_node:/home/leo/ros2_ws/install/turtlebot3_simulations:/home/leo/ros2_ws/install/turtlebot3_gazebo:/home/leo/ros2_ws/install/turtlebot3_fake_node:/home/leo/ros2_ws/install/examples_pkg:/opt/ros/humble /usr/bin/cmake --build /home/leo/TFG_Proyect/build/turtlebot3_simulations -- -j8 -l8
[1.307s] DEBUG:colcon.colcon_core.event_handler.log_command:Invoking command in '/home/leo/TFG_Proyect/build/turtlebot3_simulations': AMENT_PREFIX_PATH=/home/leo/TFG_Proyect/install/turtlebot3_gazebo:/home/leo/TFG_Proyect/install/turtlebot3_fake_node:${AMENT_PREFIX_PATH} CMAKE_PREFIX_PATH=/home/leo/TFG_Proyect/install/turtlebot3_gazebo:/home/leo/TFG_Proyect/install/turtlebot3_fake_node:/home/leo/ros2_ws/install/turtlebot3_simulations:/home/leo/ros2_ws/install/turtlebot3_gazebo:/home/leo/ros2_ws/install/turtlebot3_fake_node:/home/leo/ros2_ws/install/examples_pkg:/opt/ros/humble /usr/bin/cmake --install /home/leo/TFG_Proyect/build/turtlebot3_simulations
[1.315s] Level 1:colcon.colcon_core.environment:create_environment_scripts_only(turtlebot3_simulations)
[1.315s] DEBUG:colcon.colcon_core.event_handler.log_command:Invoked command in '/home/leo/TFG_Proyect/build/turtlebot3_simulations' returned '0': AMENT_PREFIX_PATH=/home/leo/TFG_Proyect/install/turtlebot3_gazebo:/home/leo/TFG_Proyect/install/turtlebot3_fake_node:${AMENT_PREFIX_PATH} CMAKE_PREFIX_PATH=/home/leo/TFG_Proyect/install/turtlebot3_gazebo:/home/leo/TFG_Proyect/install/turtlebot3_fake_node:/home/leo/ros2_ws/install/turtlebot3_simulations:/home/leo/ros2_ws/install/turtlebot3_gazebo:/home/leo/ros2_ws/install/turtlebot3_fake_node:/home/leo/ros2_ws/install/examples_pkg:/opt/ros/humble /usr/bin/cmake --install /home/leo/TFG_Proyect/build/turtlebot3_simulations
[1.327s] Level 1:colcon.colcon_core.environment:checking '/home/leo/TFG_Proyect/install/turtlebot3_simulations' for CMake module files
[1.328s] Level 1:colcon.colcon_core.environment:checking '/home/leo/TFG_Proyect/install/turtlebot3_simulations' for CMake config files
[1.328s] Level 1:colcon.colcon_core.shell:create_environment_hook('turtlebot3_simulations', 'cmake_prefix_path')
[1.337s] INFO:colcon.colcon_core.shell:Creating environment hook '/home/leo/TFG_Proyect/install/turtlebot3_simulations/share/turtlebot3_simulations/hook/cmake_prefix_path.ps1'
[1.338s] INFO:colcon.colcon_core.shell:Creating environment descriptor '/home/leo/TFG_Proyect/install/turtlebot3_simulations/share/turtlebot3_simulations/hook/cmake_prefix_path.dsv'
[1.338s] INFO:colcon.colcon_core.shell:Creating environment hook '/home/leo/TFG_Proyect/install/turtlebot3_simulations/share/turtlebot3_simulations/hook/cmake_prefix_path.sh'
[1.338s] Level 1:colcon.colcon_core.environment:checking '/home/leo/TFG_Proyect/install/turtlebot3_simulations/bin'
[1.338s] Level 1:colcon.colcon_core.environment:checking '/home/leo/TFG_Proyect/install/turtlebot3_simulations/lib/pkgconfig/turtlebot3_simulations.pc'
[1.338s] Level 1:colcon.colcon_core.environment:checking '/home/leo/TFG_Proyect/install/turtlebot3_simulations/lib/python3.10/site-packages'
[1.338s] Level 1:colcon.colcon_core.environment:checking '/home/leo/TFG_Proyect/install/turtlebot3_simulations/bin'
[1.348s] INFO:colcon.colcon_core.shell:Creating package script '/home/leo/TFG_Proyect/install/turtlebot3_simulations/share/turtlebot3_simulations/package.ps1'
[1.348s] INFO:colcon.colcon_core.shell:Creating package descriptor '/home/leo/TFG_Proyect/install/turtlebot3_simulations/share/turtlebot3_simulations/package.dsv'
[1.348s] INFO:colcon.colcon_core.shell:Creating package script '/home/leo/TFG_Proyect/install/turtlebot3_simulations/share/turtlebot3_simulations/package.sh'
[1.349s] INFO:colcon.colcon_core.shell:Creating package script '/home/leo/TFG_Proyect/install/turtlebot3_simulations/share/turtlebot3_simulations/package.bash'
[1.349s] INFO:colcon.colcon_core.shell:Creating package script '/home/leo/TFG_Proyect/install/turtlebot3_simulations/share/turtlebot3_simulations/package.zsh'
[1.349s] Level 1:colcon.colcon_core.environment:create_file_with_runtime_dependencies(/home/leo/TFG_Proyect/install/turtlebot3_simulations/share/colcon-core/packages/turtlebot3_simulations)
[1.372s] Level 1:colcon.colcon_core.environment:create_environment_scripts_only(turtlebot3_simulations)
[1.381s] Level 1:colcon.colcon_core.environment:checking '/home/leo/TFG_Proyect/install/turtlebot3_simulations' for CMake module files
[1.382s] Level 1:colcon.colcon_core.environment:checking '/home/leo/TFG_Proyect/install/turtlebot3_simulations' for CMake config files
[1.382s] Level 1:colcon.colcon_core.shell:create_environment_hook('turtlebot3_simulations', 'cmake_prefix_path')
[1.391s] INFO:colcon.colcon_core.shell:Creating environment hook '/home/leo/TFG_Proyect/install/turtlebot3_simulations/share/turtlebot3_simulations/hook/cmake_prefix_path.ps1'
[1.392s] INFO:colcon.colcon_core.shell:Creating environment descriptor '/home/leo/TFG_Proyect/install/turtlebot3_simulations/share/turtlebot3_simulations/hook/cmake_prefix_path.dsv'
[1.392s] INFO:colcon.colcon_core.shell:Creating environment hook '/home/leo/TFG_Proyect/install/turtlebot3_simulations/share/turtlebot3_simulations/hook/cmake_prefix_path.sh'
[1.392s] Level 1:colcon.colcon_core.environment:checking '/home/leo/TFG_Proyect/install/turtlebot3_simulations/bin'
[1.392s] Level 1:colcon.colcon_core.environment:checking '/home/leo/TFG_Proyect/install/turtlebot3_simulations/lib/pkgconfig/turtlebot3_simulations.pc'
[1.392s] Level 1:colcon.colcon_core.environment:checking '/home/leo/TFG_Proyect/install/turtlebot3_simulations/lib/python3.10/site-packages'
[1.392s] Level 1:colcon.colcon_core.environment:checking '/home/leo/TFG_Proyect/install/turtlebot3_simulations/bin'
[1.402s] INFO:colcon.colcon_core.shell:Creating package script '/home/leo/TFG_Proyect/install/turtlebot3_simulations/share/turtlebot3_simulations/package.ps1'
[1.403s] INFO:colcon.colcon_core.shell:Creating package descriptor '/home/leo/TFG_Proyect/install/turtlebot3_simulations/share/turtlebot3_simulations/package.dsv'
[1.403s] INFO:colcon.colcon_core.shell:Creating package script '/home/leo/TFG_Proyect/install/turtlebot3_simulations/share/turtlebot3_simulations/package.sh'
[1.404s] INFO:colcon.colcon_core.shell:Creating package script '/home/leo/TFG_Proyect/install/turtlebot3_simulations/share/turtlebot3_simulations/package.bash'
[1.404s] INFO:colcon.colcon_core.shell:Creating package script '/home/leo/TFG_Proyect/install/turtlebot3_simulations/share/turtlebot3_simulations/package.zsh'
[1.405s] Level 1:colcon.colcon_core.environment:create_file_with_runtime_dependencies(/home/leo/TFG_Proyect/install/turtlebot3_simulations/share/colcon-core/packages/turtlebot3_simulations)
[1.405s] DEBUG:colcon.colcon_parallel_executor.executor.parallel:closing loop
[1.405s] DEBUG:colcon.colcon_parallel_executor.executor.parallel:loop closed
[1.405s] DEBUG:colcon.colcon_parallel_executor.executor.parallel:run_until_complete finished with '0'
[1.405s] DEBUG:colcon.colcon_core.event_reactor:joining thread
[1.418s] INFO:colcon.colcon_core.plugin_system:Skipping extension 'colcon_notification.desktop_notification.terminal_notifier': Not used on non-Darwin systems
[1.419s] INFO:colcon.colcon_core.plugin_system:Skipping extension 'colcon_notification.desktop_notification.win32': Not used on non-Windows systems
[1.419s] INFO:colcon.colcon_notification.desktop_notification:Sending desktop notification using 'notify2'
[1.427s] DEBUG:colcon.colcon_core.event_reactor:joined thread
[1.441s] INFO:colcon.colcon_core.shell:Creating prefix script '/home/leo/TFG_Proyect/install/local_setup.ps1'
[1.441s] INFO:colcon.colcon_core.shell:Creating prefix util module '/home/leo/TFG_Proyect/install/_local_setup_util_ps1.py'
[1.442s] INFO:colcon.colcon_core.shell:Creating prefix chain script '/home/leo/TFG_Proyect/install/setup.ps1'
[1.452s] INFO:colcon.colcon_core.shell:Creating prefix script '/home/leo/TFG_Proyect/install/local_setup.sh'
[1.452s] INFO:colcon.colcon_core.shell:Creating prefix util module '/home/leo/TFG_Proyect/install/_local_setup_util_sh.py'
[1.453s] INFO:colcon.colcon_core.shell:Creating prefix chain script '/home/leo/TFG_Proyect/install/setup.sh'
[1.463s] INFO:colcon.colcon_core.shell:Creating prefix script '/home/leo/TFG_Proyect/install/local_setup.bash'
[1.463s] INFO:colcon.colcon_core.shell:Creating prefix chain script '/home/leo/TFG_Proyect/install/setup.bash'
[1.473s] INFO:colcon.colcon_core.shell:Creating prefix script '/home/leo/TFG_Proyect/install/local_setup.zsh'
[1.473s] INFO:colcon.colcon_core.shell:Creating prefix chain script '/home/leo/TFG_Proyect/install/setup.zsh'
