[0.051s] Invoking command in '/home/leo/TFG_Proyect/build/turtlebot3_gazebo': CMAKE_PREFIX_PATH=${CMAKE_PREFIX_PATH}:/home/leo/ros2_ws/install/examples_pkg:/opt/ros/humble /usr/bin/cmake /home/leo/TFG_Proyect/src/ros2_ws/src/turtlebot3_simulations/turtlebot3_gazebo -DCMAKE_INSTALL_PREFIX=/home/leo/TFG_Proyect/install/turtlebot3_gazebo
[0.089s] -- The C compiler identification is GNU 11.4.0
[0.129s] -- The CXX compiler identification is GNU 11.4.0
[0.133s] -- Detecting C compiler ABI info
[0.181s] -- Detecting C compiler ABI info - done
[0.191s] -- Check for working C compiler: /usr/bin/cc - skipped
[0.192s] -- Detecting C compile features
[0.192s] -- Detecting C compile features - done
[0.195s] -- Detecting CXX compiler ABI info
[0.254s] -- Detecting CXX compiler ABI info - done
[0.259s] -- Check for working CXX compiler: /usr/bin/c++ - skipped
[0.259s] -- Detecting CXX compile features
[0.260s] -- Detecting CXX compile features - done
[0.262s] -- Found ament_cmake: 1.3.5 (/opt/ros/humble/share/ament_cmake/cmake)
[0.398s] -- Found Python3: /usr/bin/python3.10 (found version "3.10.12") found components: Interpreter 
[0.483s] [33mCMake Warning (dev) at /usr/share/cmake-3.22/Modules/FindPackageHandleStandardArgs.cmake:438 (message):
[0.483s]   The package name passed to `find_package_handle_standard_args` (PkgConfig)
[0.483s]   does not match the name of the calling package (gazebo).  This can lead to
[0.484s]   problems in calling code that expects `find_package` result variables
[0.484s]   (e.g., `_FOUND`) to follow a certain pattern.
[0.484s] Call Stack (most recent call first):
[0.484s]   /usr/share/cmake-3.22/Modules/FindPkgConfig.cmake:99 (find_package_handle_standard_args)
[0.484s]   /usr/lib/x86_64-linux-gnu/cmake/gazebo/gazebo-config.cmake:72 (include)
[0.484s]   CMakeLists.txt:23 (find_package)
[0.484s] This warning is for project developers.  Use -Wno-dev to suppress it.
[0.484s] [0m
[0.484s] -- Found PkgConfig: /usr/bin/pkg-config (found version "0.29.2") 
[0.488s] -- Checking for module 'bullet>=2.82'
[0.499s] --   Found bullet, version 3.05
[0.580s] -- Found fcl: /usr/include (found suitable version "0.7.0", minimum required is "0.5.0") 
[0.614s] -- Found assimp: /usr/include (found version "5.2.0") 
[0.632s] -- Found DART: /usr/include (Required is at least version "6.6") found components: dart 
[0.764s] -- Found Boost: /usr/lib/x86_64-linux-gnu/cmake/Boost-1.74.0/BoostConfig.cmake (found suitable version "1.74.0", minimum required is "1.40.0") found components: thread system filesystem program_options regex iostreams date_time 
[0.786s] -- Found Protobuf: /usr/lib/x86_64-linux-gnu/libprotobuf.so (found version "3.12.4") 
[0.790s] -- Looking for ignition-math6 -- found version 6.15.0
[0.797s] -- Searching for dependencies of ignition-math6
[0.799s] -- Looking for OGRE...
[0.799s] -- OGRE_PREFIX_WATCH changed.
[0.803s] -- Checking for module 'OGRE'
[0.812s] --   Found OGRE, version 1.9.0
[0.834s] -- Found Ogre Ghadamon (1.9.0)
[0.842s] -- Found OGRE: optimized;/usr/lib/x86_64-linux-gnu/libOgreMain.so;debug;/usr/lib/x86_64-linux-gnu/libOgreMain.so
[0.850s] -- Looking for OGRE_Paging...
[0.854s] -- Found OGRE_Paging: optimized;/usr/lib/x86_64-linux-gnu/libOgrePaging.so;debug;/usr/lib/x86_64-linux-gnu/libOgrePaging.so
[0.854s] -- Looking for OGRE_Terrain...
[0.858s] -- Found OGRE_Terrain: optimized;/usr/lib/x86_64-linux-gnu/libOgreTerrain.so;debug;/usr/lib/x86_64-linux-gnu/libOgreTerrain.so
[0.858s] -- Looking for OGRE_Property...
[0.861s] -- Found OGRE_Property: optimized;/usr/lib/x86_64-linux-gnu/libOgreProperty.so;debug;/usr/lib/x86_64-linux-gnu/libOgreProperty.so
[0.862s] -- Looking for OGRE_RTShaderSystem...
[0.866s] -- Found OGRE_RTShaderSystem: optimized;/usr/lib/x86_64-linux-gnu/libOgreRTShaderSystem.so;debug;/usr/lib/x86_64-linux-gnu/libOgreRTShaderSystem.so
[0.866s] -- Looking for OGRE_Volume...
[0.872s] -- Found OGRE_Volume: optimized;/usr/lib/x86_64-linux-gnu/libOgreVolume.so;debug;/usr/lib/x86_64-linux-gnu/libOgreVolume.so
[0.872s] -- Looking for OGRE_Overlay...
[0.880s] -- Found OGRE_Overlay: optimized;/usr/lib/x86_64-linux-gnu/libOgreOverlay.so;debug;/usr/lib/x86_64-linux-gnu/libOgreOverlay.so
[0.974s] -- Looking for ignition-math6 -- found version 6.15.0
[0.976s] -- Looking for ignition-transport8 -- found version 8.2.1
[0.976s] -- Searching for dependencies of ignition-transport8
[0.990s] -- Found Protobuf: /usr/lib/x86_64-linux-gnu/libprotobuf.so (found suitable version "3.12.4", minimum required is "3") 
[0.999s] -- Config-file not installed for ZeroMQ -- checking for pkg-config
[1.002s] -- Checking for module 'libzmq >= 4'
[1.014s] --   Found libzmq , version 4.3.4
[1.039s] -- Found ZeroMQ: TRUE (Required is at least version "4") 
[1.044s] -- Checking for module 'uuid'
[1.053s] --   Found uuid, version 2.37.2
[1.076s] -- Found UUID: TRUE  
[1.079s] -- Looking for ignition-msgs5 -- found version 5.8.1
[1.079s] -- Searching for dependencies of ignition-msgs5
[1.099s] -- Looking for ignition-math6 -- found version 6.15.0
[1.104s] -- Checking for module 'tinyxml2'
[1.112s] --   Found tinyxml2, version 9.0.0
[1.136s] -- Looking for ignition-msgs5 -- found version 5.8.1
[1.138s] -- Looking for ignition-common3 -- found version 3.14.0
[1.139s] -- Searching for dependencies of ignition-common3
[1.139s] -- Looking for dlfcn.h - found
[1.140s] -- Looking for libdl - found
[1.140s] -- Found DL: TRUE  
[1.150s] -- Found tinyobjloader: /usr/lib/x86_64-linux-gnu/cmake/tinyobjloader/tinyobjloader-config.cmake (found version "2.0.0") 
[1.151s] -- Searching for <ignition-common3> component [graphics]
[1.153s] -- Looking for ignition-common3-graphics -- found version 3.14.0
[1.153s] -- Searching for dependencies of ignition-common3-graphics
[1.154s] -- Looking for ignition-math6 -- found version 6.15.0
[1.156s] -- Looking for ignition-fuel_tools4 -- found version 4.4.0
[1.156s] -- Searching for dependencies of ignition-fuel_tools4
[1.214s] -- Found CURL: /usr/lib/x86_64-linux-gnu/libcurl.so (found version "7.81.0")  
[1.222s] -- Checking for module 'jsoncpp'
[1.232s] --   Found jsoncpp, version 1.9.5
[1.254s] -- Found JSONCPP: TRUE  
[1.259s] -- Checking for module 'libzip'
[1.269s] --   Found libzip, version 1.7.3
[1.292s] -- Found ZIP: TRUE  
[1.292s] -- Looking for ignition-common3 -- found version 3.14.0
[1.292s] -- Looking for ignition-math6 -- found version 6.15.0
[1.293s] -- Looking for ignition-msgs5 -- found version 5.8.1
[1.298s] -- Found gazebo_ros_pkgs: 3.7.0 (/opt/ros/humble/share/gazebo_ros_pkgs/cmake)
[1.299s] -- Found geometry_msgs: 4.2.3 (/opt/ros/humble/share/geometry_msgs/cmake)
[1.324s] -- Found rosidl_generator_c: 3.1.5 (/opt/ros/humble/share/rosidl_generator_c/cmake)
[1.328s] -- Found rosidl_adapter: 3.1.5 (/opt/ros/humble/share/rosidl_adapter/cmake)
[1.335s] -- Found rosidl_generator_cpp: 3.1.5 (/opt/ros/humble/share/rosidl_generator_cpp/cmake)
[1.346s] -- Using all available rosidl_typesupport_c: rosidl_typesupport_fastrtps_c;rosidl_typesupport_introspection_c
[1.361s] -- Using all available rosidl_typesupport_cpp: rosidl_typesupport_fastrtps_cpp;rosidl_typesupport_introspection_cpp
[1.451s] -- Found nav_msgs: 4.2.3 (/opt/ros/humble/share/nav_msgs/cmake)
[1.516s] -- Found rclcpp: 16.0.6 (/opt/ros/humble/share/rclcpp/cmake)
[1.561s] -- Found rmw_implementation_cmake: 6.1.1 (/opt/ros/humble/share/rmw_implementation_cmake/cmake)
[1.563s] -- Found rmw_fastrtps_cpp: 6.2.4 (/opt/ros/humble/share/rmw_fastrtps_cpp/cmake)
[1.639s] -- Found OpenSSL: /usr/lib/x86_64-linux-gnu/libcrypto.so (found version "3.0.2")  
[1.659s] -- Found FastRTPS: /opt/ros/humble/include  
[1.698s] -- Using RMW implementation 'rmw_fastrtps_cpp' as default
[1.706s] -- Found Threads: TRUE  
[1.803s] -- Found sensor_msgs: 4.2.3 (/opt/ros/humble/share/sensor_msgs/cmake)
[1.868s] -- Found tf2: 0.25.4 (/opt/ros/humble/share/tf2/cmake)
[1.931s] -- Configuring done
[1.952s] -- Generating done
[1.954s] -- Build files have been written to: /home/leo/TFG_Proyect/build/turtlebot3_gazebo
[1.963s] Invoked command in '/home/leo/TFG_Proyect/build/turtlebot3_gazebo' returned '0': CMAKE_PREFIX_PATH=${CMAKE_PREFIX_PATH}:/home/leo/ros2_ws/install/examples_pkg:/opt/ros/humble /usr/bin/cmake /home/leo/TFG_Proyect/src/ros2_ws/src/turtlebot3_simulations/turtlebot3_gazebo -DCMAKE_INSTALL_PREFIX=/home/leo/TFG_Proyect/install/turtlebot3_gazebo
[1.965s] Invoking command in '/home/leo/TFG_Proyect/build/turtlebot3_gazebo': CMAKE_PREFIX_PATH=${CMAKE_PREFIX_PATH}:/home/leo/ros2_ws/install/examples_pkg:/opt/ros/humble /usr/bin/cmake --build /home/leo/TFG_Proyect/build/turtlebot3_gazebo -- -j8 -l8
[2.003s] [ 25%] [32mBuilding CXX object CMakeFiles/obstacle2.dir/models/turtlebot3_dqn_world/obstacle_plugin/obstacle2.cc.o[0m
[2.003s] [ 25%] [32mBuilding CXX object CMakeFiles/obstacles.dir/models/turtlebot3_dqn_world/obstacle_plugin/obstacles.cc.o[0m
[2.005s] [ 37%] [32mBuilding CXX object CMakeFiles/obstacle1.dir/models/turtlebot3_dqn_world/obstacle_plugin/obstacle1.cc.o[0m
[2.006s] [ 50%] [32mBuilding CXX object CMakeFiles/turtlebot3_drive.dir/src/turtlebot3_drive.cpp.o[0m
[12.159s] [ 62%] [32m[1mLinking CXX shared library libobstacle1.so[0m
[12.476s] [ 62%] Built target obstacle1
[13.728s] [ 75%] [32m[1mLinking CXX executable turtlebot3_drive[0m
[13.902s] [ 87%] [32m[1mLinking CXX shared library libobstacle2.so[0m
[14.087s] [ 87%] Built target obstacle2
[14.258s] [ 87%] Built target turtlebot3_drive
[14.984s] [100%] [32m[1mLinking CXX shared library libobstacles.so[0m
[15.164s] [100%] Built target obstacles
[15.172s] Invoked command in '/home/leo/TFG_Proyect/build/turtlebot3_gazebo' returned '0': CMAKE_PREFIX_PATH=${CMAKE_PREFIX_PATH}:/home/leo/ros2_ws/install/examples_pkg:/opt/ros/humble /usr/bin/cmake --build /home/leo/TFG_Proyect/build/turtlebot3_gazebo -- -j8 -l8
[15.196s] Invoking command in '/home/leo/TFG_Proyect/build/turtlebot3_gazebo': CMAKE_PREFIX_PATH=${CMAKE_PREFIX_PATH}:/home/leo/ros2_ws/install/examples_pkg:/opt/ros/humble /usr/bin/cmake --install /home/leo/TFG_Proyect/build/turtlebot3_gazebo
[15.202s] -- Install configuration: ""
[15.202s] -- Installing: /home/leo/TFG_Proyect/install/turtlebot3_gazebo/lib/turtlebot3_gazebo/turtlebot3_drive
[15.205s] -- Set runtime path of "/home/leo/TFG_Proyect/install/turtlebot3_gazebo/lib/turtlebot3_gazebo/turtlebot3_drive" to ""
[15.205s] -- Installing: /home/leo/TFG_Proyect/install/turtlebot3_gazebo/share/turtlebot3_gazebo//launch
[15.205s] -- Installing: /home/leo/TFG_Proyect/install/turtlebot3_gazebo/share/turtlebot3_gazebo//launch/spawn_turtlebot3.launch.py
[15.205s] -- Installing: /home/leo/TFG_Proyect/install/turtlebot3_gazebo/share/turtlebot3_gazebo//launch/turtlebot3_dqn_stage1.launch.py
[15.205s] -- Installing: /home/leo/TFG_Proyect/install/turtlebot3_gazebo/share/turtlebot3_gazebo//launch/turtlebot3_house.launch.py
[15.205s] -- Installing: /home/leo/TFG_Proyect/install/turtlebot3_gazebo/share/turtlebot3_gazebo//launch/empty_world.launch.py
[15.205s] -- Installing: /home/leo/TFG_Proyect/install/turtlebot3_gazebo/share/turtlebot3_gazebo//launch/turtlebot3_dqn_stage3.launch.py
[15.206s] -- Installing: /home/leo/TFG_Proyect/install/turtlebot3_gazebo/share/turtlebot3_gazebo//launch/turtlebot3_dqn_stage2.launch.py
[15.206s] -- Installing: /home/leo/TFG_Proyect/install/turtlebot3_gazebo/share/turtlebot3_gazebo//launch/turtlebot3_world.launch.py
[15.206s] -- Installing: /home/leo/TFG_Proyect/install/turtlebot3_gazebo/share/turtlebot3_gazebo//launch/turtlebot3_dqn_stage4.launch.py
[15.206s] -- Installing: /home/leo/TFG_Proyect/install/turtlebot3_gazebo/share/turtlebot3_gazebo//launch/robot_state_publisher.launch.py
[15.206s] -- Installing: /home/leo/TFG_Proyect/install/turtlebot3_gazebo/share/turtlebot3_gazebo//models
[15.206s] -- Installing: /home/leo/TFG_Proyect/install/turtlebot3_gazebo/share/turtlebot3_gazebo//models/turtlebot3_waffle
[15.206s] -- Installing: /home/leo/TFG_Proyect/install/turtlebot3_gazebo/share/turtlebot3_gazebo//models/turtlebot3_waffle/model.sdf
[15.206s] -- Installing: /home/leo/TFG_Proyect/install/turtlebot3_gazebo/share/turtlebot3_gazebo//models/turtlebot3_waffle/model.config
[15.206s] -- Installing: /home/leo/TFG_Proyect/install/turtlebot3_gazebo/share/turtlebot3_gazebo//models/turtlebot3_waffle/model-1_4.sdf
[15.206s] -- Installing: /home/leo/TFG_Proyect/install/turtlebot3_gazebo/share/turtlebot3_gazebo//models/turtlebot3_waffle_pi
[15.206s] -- Installing: /home/leo/TFG_Proyect/install/turtlebot3_gazebo/share/turtlebot3_gazebo//models/turtlebot3_waffle_pi/model.sdf
[15.206s] -- Installing: /home/leo/TFG_Proyect/install/turtlebot3_gazebo/share/turtlebot3_gazebo//models/turtlebot3_waffle_pi/model.config
[15.206s] -- Installing: /home/leo/TFG_Proyect/install/turtlebot3_gazebo/share/turtlebot3_gazebo//models/turtlebot3_waffle_pi/model-1_4_.sdf
[15.206s] -- Installing: /home/leo/TFG_Proyect/install/turtlebot3_gazebo/share/turtlebot3_gazebo//models/turtlebot3_common
[15.206s] -- Installing: /home/leo/TFG_Proyect/install/turtlebot3_gazebo/share/turtlebot3_gazebo//models/turtlebot3_common/model.config
[15.206s] -- Installing: /home/leo/TFG_Proyect/install/turtlebot3_gazebo/share/turtlebot3_gazebo//models/turtlebot3_common/meshes
[15.206s] -- Installing: /home/leo/TFG_Proyect/install/turtlebot3_gazebo/share/turtlebot3_gazebo//models/turtlebot3_common/meshes/tire.dae
[15.206s] -- Installing: /home/leo/TFG_Proyect/install/turtlebot3_gazebo/share/turtlebot3_gazebo//models/turtlebot3_common/meshes/burger_base.dae
[15.206s] -- Installing: /home/leo/TFG_Proyect/install/turtlebot3_gazebo/share/turtlebot3_gazebo//models/turtlebot3_common/meshes/waffle_base.dae
[15.207s] -- Installing: /home/leo/TFG_Proyect/install/turtlebot3_gazebo/share/turtlebot3_gazebo//models/turtlebot3_common/meshes/lds.dae
[15.207s] -- Installing: /home/leo/TFG_Proyect/install/turtlebot3_gazebo/share/turtlebot3_gazebo//models/turtlebot3_common/meshes/waffle_pi_base.dae
[15.207s] -- Installing: /home/leo/TFG_Proyect/install/turtlebot3_gazebo/share/turtlebot3_gazebo//models/turtlebot3_common/meshes/r200.dae
[15.207s] -- Installing: /home/leo/TFG_Proyect/install/turtlebot3_gazebo/share/turtlebot3_gazebo//models/turtlebot3_burger
[15.207s] -- Installing: /home/leo/TFG_Proyect/install/turtlebot3_gazebo/share/turtlebot3_gazebo//models/turtlebot3_burger/model.sdf
[15.207s] -- Installing: /home/leo/TFG_Proyect/install/turtlebot3_gazebo/share/turtlebot3_gazebo//models/turtlebot3_burger/model.config
[15.207s] -- Installing: /home/leo/TFG_Proyect/install/turtlebot3_gazebo/share/turtlebot3_gazebo//models/turtlebot3_burger/model-1_4.sdf
[15.207s] -- Installing: /home/leo/TFG_Proyect/install/turtlebot3_gazebo/share/turtlebot3_gazebo//models/turtlebot3_world
[15.207s] -- Installing: /home/leo/TFG_Proyect/install/turtlebot3_gazebo/share/turtlebot3_gazebo//models/turtlebot3_world/model.sdf
[15.207s] -- Installing: /home/leo/TFG_Proyect/install/turtlebot3_gazebo/share/turtlebot3_gazebo//models/turtlebot3_world/model.config
[15.207s] -- Installing: /home/leo/TFG_Proyect/install/turtlebot3_gazebo/share/turtlebot3_gazebo//models/turtlebot3_world/model-1_4.sdf
[15.207s] -- Installing: /home/leo/TFG_Proyect/install/turtlebot3_gazebo/share/turtlebot3_gazebo//models/turtlebot3_world/meshes
[15.207s] -- Installing: /home/leo/TFG_Proyect/install/turtlebot3_gazebo/share/turtlebot3_gazebo//models/turtlebot3_world/meshes/hexagon.dae
[15.207s] -- Installing: /home/leo/TFG_Proyect/install/turtlebot3_gazebo/share/turtlebot3_gazebo//models/turtlebot3_world/meshes/wall.dae
[15.207s] -- Installing: /home/leo/TFG_Proyect/install/turtlebot3_gazebo/share/turtlebot3_gazebo//models/turtlebot3_dqn_world
[15.207s] -- Installing: /home/leo/TFG_Proyect/install/turtlebot3_gazebo/share/turtlebot3_gazebo//models/turtlebot3_dqn_world/model.sdf
[15.207s] -- Installing: /home/leo/TFG_Proyect/install/turtlebot3_gazebo/share/turtlebot3_gazebo//models/turtlebot3_dqn_world/model.config
[15.207s] -- Installing: /home/leo/TFG_Proyect/install/turtlebot3_gazebo/share/turtlebot3_gazebo//models/turtlebot3_dqn_world/goal_box
[15.207s] -- Installing: /home/leo/TFG_Proyect/install/turtlebot3_gazebo/share/turtlebot3_gazebo//models/turtlebot3_dqn_world/goal_box/model.sdf
[15.207s] -- Installing: /home/leo/TFG_Proyect/install/turtlebot3_gazebo/share/turtlebot3_gazebo//models/turtlebot3_dqn_world/goal_box/model.config
[15.207s] -- Installing: /home/leo/TFG_Proyect/install/turtlebot3_gazebo/share/turtlebot3_gazebo//models/turtlebot3_dqn_world/obstacle_plugin
[15.208s] -- Installing: /home/leo/TFG_Proyect/install/turtlebot3_gazebo/share/turtlebot3_gazebo//models/turtlebot3_dqn_world/obstacle_plugin/obstacle2.cc
[15.208s] -- Installing: /home/leo/TFG_Proyect/install/turtlebot3_gazebo/share/turtlebot3_gazebo//models/turtlebot3_dqn_world/obstacle_plugin/CMakeLists.txt
[15.208s] -- Installing: /home/leo/TFG_Proyect/install/turtlebot3_gazebo/share/turtlebot3_gazebo//models/turtlebot3_dqn_world/obstacle_plugin/obstacle1.cc
[15.208s] -- Installing: /home/leo/TFG_Proyect/install/turtlebot3_gazebo/share/turtlebot3_gazebo//models/turtlebot3_dqn_world/obstacle_plugin/obstacles.cc
[15.208s] -- Installing: /home/leo/TFG_Proyect/install/turtlebot3_gazebo/share/turtlebot3_gazebo//models/turtlebot3_dqn_world/obstacle1
[15.208s] -- Installing: /home/leo/TFG_Proyect/install/turtlebot3_gazebo/share/turtlebot3_gazebo//models/turtlebot3_dqn_world/obstacle1/model.sdf
[15.208s] -- Installing: /home/leo/TFG_Proyect/install/turtlebot3_gazebo/share/turtlebot3_gazebo//models/turtlebot3_dqn_world/obstacle1/model.config
[15.208s] -- Installing: /home/leo/TFG_Proyect/install/turtlebot3_gazebo/share/turtlebot3_gazebo//models/turtlebot3_dqn_world/obstacles
[15.208s] -- Installing: /home/leo/TFG_Proyect/install/turtlebot3_gazebo/share/turtlebot3_gazebo//models/turtlebot3_dqn_world/obstacles/model.sdf
[15.208s] -- Installing: /home/leo/TFG_Proyect/install/turtlebot3_gazebo/share/turtlebot3_gazebo//models/turtlebot3_dqn_world/obstacles/model.config
[15.208s] -- Installing: /home/leo/TFG_Proyect/install/turtlebot3_gazebo/share/turtlebot3_gazebo//models/turtlebot3_dqn_world/obstacle2
[15.208s] -- Installing: /home/leo/TFG_Proyect/install/turtlebot3_gazebo/share/turtlebot3_gazebo//models/turtlebot3_dqn_world/obstacle2/model.sdf
[15.208s] -- Installing: /home/leo/TFG_Proyect/install/turtlebot3_gazebo/share/turtlebot3_gazebo//models/turtlebot3_dqn_world/obstacle2/model.config
[15.208s] -- Installing: /home/leo/TFG_Proyect/install/turtlebot3_gazebo/share/turtlebot3_gazebo//models/turtlebot3_dqn_world/inner_walls
[15.208s] -- Installing: /home/leo/TFG_Proyect/install/turtlebot3_gazebo/share/turtlebot3_gazebo//models/turtlebot3_dqn_world/inner_walls/model.sdf
[15.208s] -- Installing: /home/leo/TFG_Proyect/install/turtlebot3_gazebo/share/turtlebot3_gazebo//models/turtlebot3_dqn_world/inner_walls/model.config
[15.208s] -- Installing: /home/leo/TFG_Proyect/install/turtlebot3_gazebo/share/turtlebot3_gazebo//models/turtlebot3_house
[15.208s] -- Installing: /home/leo/TFG_Proyect/install/turtlebot3_gazebo/share/turtlebot3_gazebo//models/turtlebot3_house/model.sdf
[15.208s] -- Installing: /home/leo/TFG_Proyect/install/turtlebot3_gazebo/share/turtlebot3_gazebo//models/turtlebot3_house/model.config
[15.208s] -- Installing: /home/leo/TFG_Proyect/install/turtlebot3_gazebo/share/turtlebot3_gazebo//rviz
[15.208s] -- Installing: /home/leo/TFG_Proyect/install/turtlebot3_gazebo/share/turtlebot3_gazebo//rviz/tb3_gazebo.rviz
[15.208s] -- Installing: /home/leo/TFG_Proyect/install/turtlebot3_gazebo/share/turtlebot3_gazebo//urdf
[15.209s] -- Installing: /home/leo/TFG_Proyect/install/turtlebot3_gazebo/share/turtlebot3_gazebo//urdf/turtlebot3_burger.urdf
[15.209s] -- Installing: /home/leo/TFG_Proyect/install/turtlebot3_gazebo/share/turtlebot3_gazebo//urdf/turtlebot3_waffle_pi.urdf
[15.209s] -- Installing: /home/leo/TFG_Proyect/install/turtlebot3_gazebo/share/turtlebot3_gazebo//urdf/common_properties.urdf
[15.209s] -- Installing: /home/leo/TFG_Proyect/install/turtlebot3_gazebo/share/turtlebot3_gazebo//urdf/turtlebot3_waffle.urdf
[15.209s] -- Installing: /home/leo/TFG_Proyect/install/turtlebot3_gazebo/share/turtlebot3_gazebo//worlds
[15.209s] -- Installing: /home/leo/TFG_Proyect/install/turtlebot3_gazebo/share/turtlebot3_gazebo//worlds/turtlebot3_dqn_stage2.world
[15.209s] -- Installing: /home/leo/TFG_Proyect/install/turtlebot3_gazebo/share/turtlebot3_gazebo//worlds/empty_world.world
[15.209s] -- Installing: /home/leo/TFG_Proyect/install/turtlebot3_gazebo/share/turtlebot3_gazebo//worlds/turtlebot3_house.world
[15.209s] -- Installing: /home/leo/TFG_Proyect/install/turtlebot3_gazebo/share/turtlebot3_gazebo//worlds/turtlebot3_dqn_stage3.world
[15.209s] -- Installing: /home/leo/TFG_Proyect/install/turtlebot3_gazebo/share/turtlebot3_gazebo//worlds/turtlebot3_dqn_stage1.world
[15.209s] -- Installing: /home/leo/TFG_Proyect/install/turtlebot3_gazebo/share/turtlebot3_gazebo//worlds/turtlebot3_dqn_stage4.world
[15.209s] -- Installing: /home/leo/TFG_Proyect/install/turtlebot3_gazebo/share/turtlebot3_gazebo//worlds/turtlebot3_world.world
[15.209s] -- Installing: /home/leo/TFG_Proyect/install/turtlebot3_gazebo/include/
[15.209s] -- Installing: /home/leo/TFG_Proyect/install/turtlebot3_gazebo/include//turtlebot3_gazebo
[15.209s] -- Installing: /home/leo/TFG_Proyect/install/turtlebot3_gazebo/include//turtlebot3_gazebo/turtlebot3_drive.hpp
[15.209s] -- Installing: /home/leo/TFG_Proyect/install/turtlebot3_gazebo/share/ament_index/resource_index/package_run_dependencies/turtlebot3_gazebo
[15.209s] -- Installing: /home/leo/TFG_Proyect/install/turtlebot3_gazebo/share/ament_index/resource_index/parent_prefix_path/turtlebot3_gazebo
[15.209s] -- Installing: /home/leo/TFG_Proyect/install/turtlebot3_gazebo/share/turtlebot3_gazebo/environment/ament_prefix_path.sh
[15.210s] -- Installing: /home/leo/TFG_Proyect/install/turtlebot3_gazebo/share/turtlebot3_gazebo/environment/ament_prefix_path.dsv
[15.210s] -- Installing: /home/leo/TFG_Proyect/install/turtlebot3_gazebo/share/turtlebot3_gazebo/environment/path.sh
[15.210s] -- Installing: /home/leo/TFG_Proyect/install/turtlebot3_gazebo/share/turtlebot3_gazebo/environment/path.dsv
[15.210s] -- Installing: /home/leo/TFG_Proyect/install/turtlebot3_gazebo/share/turtlebot3_gazebo/local_setup.bash
[15.210s] -- Installing: /home/leo/TFG_Proyect/install/turtlebot3_gazebo/share/turtlebot3_gazebo/local_setup.sh
[15.210s] -- Installing: /home/leo/TFG_Proyect/install/turtlebot3_gazebo/share/turtlebot3_gazebo/local_setup.zsh
[15.210s] -- Installing: /home/leo/TFG_Proyect/install/turtlebot3_gazebo/share/turtlebot3_gazebo/local_setup.dsv
[15.210s] -- Installing: /home/leo/TFG_Proyect/install/turtlebot3_gazebo/share/turtlebot3_gazebo/package.dsv
[15.210s] -- Installing: /home/leo/TFG_Proyect/install/turtlebot3_gazebo/share/ament_index/resource_index/packages/turtlebot3_gazebo
[15.210s] -- Installing: /home/leo/TFG_Proyect/install/turtlebot3_gazebo/share/turtlebot3_gazebo/cmake/ament_cmake_export_include_directories-extras.cmake
[15.210s] -- Installing: /home/leo/TFG_Proyect/install/turtlebot3_gazebo/share/turtlebot3_gazebo/cmake/ament_cmake_export_dependencies-extras.cmake
[15.210s] -- Installing: /home/leo/TFG_Proyect/install/turtlebot3_gazebo/share/turtlebot3_gazebo/cmake/turtlebot3_gazeboConfig.cmake
[15.210s] -- Installing: /home/leo/TFG_Proyect/install/turtlebot3_gazebo/share/turtlebot3_gazebo/cmake/turtlebot3_gazeboConfig-version.cmake
[15.210s] -- Installing: /home/leo/TFG_Proyect/install/turtlebot3_gazebo/share/turtlebot3_gazebo/package.xml
[15.212s] Invoked command in '/home/leo/TFG_Proyect/build/turtlebot3_gazebo' returned '0': CMAKE_PREFIX_PATH=${CMAKE_PREFIX_PATH}:/home/leo/ros2_ws/install/examples_pkg:/opt/ros/humble /usr/bin/cmake --install /home/leo/TFG_Proyect/build/turtlebot3_gazebo
