[0.709s] DEBUG:colcon:Command line arguments: ['/usr/bin/colcon', 'build']
[0.709s] DEBUG:colcon:Parsed command line arguments: Namespace(log_base=None, log_level=None, verb_name='build', build_base='build', install_base='install', merge_install=False, symlink_install=False, test_result_base=None, continue_on_error=False, executor='parallel', parallel_workers=8, event_handlers=None, ignore_user_meta=False, metas=['./colcon.meta'], base_paths=['.'], packages_ignore=None, packages_ignore_regex=None, paths=None, packages_up_to=None, packages_up_to_regex=None, packages_above=None, packages_above_and_dependencies=None, packages_above_depth=None, packages_select_by_dep=None, packages_skip_by_dep=None, packages_skip_up_to=None, packages_select_build_failed=False, packages_skip_build_finished=False, packages_select_test_failures=False, packages_skip_test_passed=False, packages_select=None, packages_skip=None, packages_select_regex=None, packages_skip_regex=None, packages_start=None, packages_end=None, allow_overriding=[], cmake_args=None, cmake_target=None, cmake_target_skip_unavailable=False, cmake_clean_cache=False, cmake_clean_first=False, cmake_force_configure=False, ament_cmake_args=None, catkin_cmake_args=None, catkin_skip_building_tests=False, verb_parser=<colcon_defaults.argument_parser.defaults.DefaultArgumentsDecorator object at 0x7ff30136d210>, verb_extension=<colcon_core.verb.build.BuildVerb object at 0x7ff302d67d30>, main=<bound method BuildVerb.main of <colcon_core.verb.build.BuildVerb object at 0x7ff302d67d30>>)
[0.754s] Level 1:colcon.colcon_core.package_discovery:discover_packages(colcon_meta) check parameters
[0.754s] Level 1:colcon.colcon_core.package_discovery:discover_packages(recursive) check parameters
[0.754s] Level 1:colcon.colcon_core.package_discovery:discover_packages(ignore) check parameters
[0.754s] Level 1:colcon.colcon_core.package_discovery:discover_packages(path) check parameters
[0.754s] Level 1:colcon.colcon_core.package_discovery:discover_packages(colcon_meta) discover
[0.754s] Level 1:colcon.colcon_core.package_discovery:discover_packages(recursive) discover
[0.754s] INFO:colcon.colcon_core.package_discovery:Crawling recursively for packages in '/home/leo/TFG_Proyect'
[0.754s] Level 1:colcon.colcon_core.package_identification:_identify(.) by extensions ['ignore', 'ignore_ament_install']
[0.754s] Level 1:colcon.colcon_core.package_identification:_identify(.) by extension 'ignore'
[0.754s] Level 1:colcon.colcon_core.package_identification:_identify(.) by extension 'ignore_ament_install'
[0.754s] Level 1:colcon.colcon_core.package_identification:_identify(.) by extensions ['colcon_pkg']
[0.754s] Level 1:colcon.colcon_core.package_identification:_identify(.) by extension 'colcon_pkg'
[0.754s] Level 1:colcon.colcon_core.package_identification:_identify(.) by extensions ['colcon_meta']
[0.754s] Level 1:colcon.colcon_core.package_identification:_identify(.) by extension 'colcon_meta'
[0.754s] Level 1:colcon.colcon_core.package_identification:_identify(.) by extensions ['ros']
[0.754s] Level 1:colcon.colcon_core.package_identification:_identify(.) by extension 'ros'
[0.763s] Level 1:colcon.colcon_core.package_identification:_identify(.) by extensions ['cmake', 'python']
[0.763s] Level 1:colcon.colcon_core.package_identification:_identify(.) by extension 'cmake'
[0.763s] Level 1:colcon.colcon_core.package_identification:_identify(.) by extension 'python'
[0.763s] Level 1:colcon.colcon_core.package_identification:_identify(.) by extensions ['python_setup_py']
[0.763s] Level 1:colcon.colcon_core.package_identification:_identify(.) by extension 'python_setup_py'
[0.763s] Level 1:colcon.colcon_core.package_identification:_identify(build) by extensions ['ignore', 'ignore_ament_install']
[0.763s] Level 1:colcon.colcon_core.package_identification:_identify(build) by extension 'ignore'
[0.763s] Level 1:colcon.colcon_core.package_identification:_identify(build) ignored
[0.763s] Level 1:colcon.colcon_core.package_identification:_identify(install) by extensions ['ignore', 'ignore_ament_install']
[0.763s] Level 1:colcon.colcon_core.package_identification:_identify(install) by extension 'ignore'
[0.763s] Level 1:colcon.colcon_core.package_identification:_identify(install) ignored
[0.764s] Level 1:colcon.colcon_core.package_identification:_identify(log) by extensions ['ignore', 'ignore_ament_install']
[0.764s] Level 1:colcon.colcon_core.package_identification:_identify(log) by extension 'ignore'
[0.764s] Level 1:colcon.colcon_core.package_identification:_identify(log) ignored
[0.764s] Level 1:colcon.colcon_core.package_identification:_identify(src) by extensions ['ignore', 'ignore_ament_install']
[0.764s] Level 1:colcon.colcon_core.package_identification:_identify(src) by extension 'ignore'
[0.764s] Level 1:colcon.colcon_core.package_identification:_identify(src) by extension 'ignore_ament_install'
[0.764s] Level 1:colcon.colcon_core.package_identification:_identify(src) by extensions ['colcon_pkg']
[0.764s] Level 1:colcon.colcon_core.package_identification:_identify(src) by extension 'colcon_pkg'
[0.764s] Level 1:colcon.colcon_core.package_identification:_identify(src) by extensions ['colcon_meta']
[0.764s] Level 1:colcon.colcon_core.package_identification:_identify(src) by extension 'colcon_meta'
[0.764s] Level 1:colcon.colcon_core.package_identification:_identify(src) by extensions ['ros']
[0.764s] Level 1:colcon.colcon_core.package_identification:_identify(src) by extension 'ros'
[0.764s] Level 1:colcon.colcon_core.package_identification:_identify(src) by extensions ['cmake', 'python']
[0.764s] Level 1:colcon.colcon_core.package_identification:_identify(src) by extension 'cmake'
[0.764s] Level 1:colcon.colcon_core.package_identification:_identify(src) by extension 'python'
[0.764s] Level 1:colcon.colcon_core.package_identification:_identify(src) by extensions ['python_setup_py']
[0.764s] Level 1:colcon.colcon_core.package_identification:_identify(src) by extension 'python_setup_py'
[0.764s] Level 1:colcon.colcon_core.package_identification:_identify(src/ros2_ws) by extensions ['ignore', 'ignore_ament_install']
[0.764s] Level 1:colcon.colcon_core.package_identification:_identify(src/ros2_ws) by extension 'ignore'
[0.764s] Level 1:colcon.colcon_core.package_identification:_identify(src/ros2_ws) by extension 'ignore_ament_install'
[0.764s] Level 1:colcon.colcon_core.package_identification:_identify(src/ros2_ws) by extensions ['colcon_pkg']
[0.764s] Level 1:colcon.colcon_core.package_identification:_identify(src/ros2_ws) by extension 'colcon_pkg'
[0.764s] Level 1:colcon.colcon_core.package_identification:_identify(src/ros2_ws) by extensions ['colcon_meta']
[0.764s] Level 1:colcon.colcon_core.package_identification:_identify(src/ros2_ws) by extension 'colcon_meta'
[0.764s] Level 1:colcon.colcon_core.package_identification:_identify(src/ros2_ws) by extensions ['ros']
[0.764s] Level 1:colcon.colcon_core.package_identification:_identify(src/ros2_ws) by extension 'ros'
[0.764s] Level 1:colcon.colcon_core.package_identification:_identify(src/ros2_ws) by extensions ['cmake', 'python']
[0.764s] Level 1:colcon.colcon_core.package_identification:_identify(src/ros2_ws) by extension 'cmake'
[0.764s] Level 1:colcon.colcon_core.package_identification:_identify(src/ros2_ws) by extension 'python'
[0.764s] Level 1:colcon.colcon_core.package_identification:_identify(src/ros2_ws) by extensions ['python_setup_py']
[0.764s] Level 1:colcon.colcon_core.package_identification:_identify(src/ros2_ws) by extension 'python_setup_py'
[0.764s] Level 1:colcon.colcon_core.package_identification:_identify(src/ros2_ws/build) by extensions ['ignore', 'ignore_ament_install']
[0.765s] Level 1:colcon.colcon_core.package_identification:_identify(src/ros2_ws/build) by extension 'ignore'
[0.765s] Level 1:colcon.colcon_core.package_identification:_identify(src/ros2_ws/build) ignored
[0.765s] Level 1:colcon.colcon_core.package_identification:_identify(src/ros2_ws/install) by extensions ['ignore', 'ignore_ament_install']
[0.765s] Level 1:colcon.colcon_core.package_identification:_identify(src/ros2_ws/install) by extension 'ignore'
[0.765s] Level 1:colcon.colcon_core.package_identification:_identify(src/ros2_ws/install) ignored
[0.765s] Level 1:colcon.colcon_core.package_identification:_identify(src/ros2_ws/log) by extensions ['ignore', 'ignore_ament_install']
[0.765s] Level 1:colcon.colcon_core.package_identification:_identify(src/ros2_ws/log) by extension 'ignore'
[0.765s] Level 1:colcon.colcon_core.package_identification:_identify(src/ros2_ws/log) ignored
[0.765s] Level 1:colcon.colcon_core.package_identification:_identify(src/ros2_ws/src) by extensions ['ignore', 'ignore_ament_install']
[0.765s] Level 1:colcon.colcon_core.package_identification:_identify(src/ros2_ws/src) by extension 'ignore'
[0.765s] Level 1:colcon.colcon_core.package_identification:_identify(src/ros2_ws/src) by extension 'ignore_ament_install'
[0.765s] Level 1:colcon.colcon_core.package_identification:_identify(src/ros2_ws/src) by extensions ['colcon_pkg']
[0.765s] Level 1:colcon.colcon_core.package_identification:_identify(src/ros2_ws/src) by extension 'colcon_pkg'
[0.765s] Level 1:colcon.colcon_core.package_identification:_identify(src/ros2_ws/src) by extensions ['colcon_meta']
[0.765s] Level 1:colcon.colcon_core.package_identification:_identify(src/ros2_ws/src) by extension 'colcon_meta'
[0.765s] Level 1:colcon.colcon_core.package_identification:_identify(src/ros2_ws/src) by extensions ['ros']
[0.765s] Level 1:colcon.colcon_core.package_identification:_identify(src/ros2_ws/src) by extension 'ros'
[0.765s] Level 1:colcon.colcon_core.package_identification:_identify(src/ros2_ws/src) by extensions ['cmake', 'python']
[0.765s] Level 1:colcon.colcon_core.package_identification:_identify(src/ros2_ws/src) by extension 'cmake'
[0.765s] Level 1:colcon.colcon_core.package_identification:_identify(src/ros2_ws/src) by extension 'python'
[0.765s] Level 1:colcon.colcon_core.package_identification:_identify(src/ros2_ws/src) by extensions ['python_setup_py']
[0.765s] Level 1:colcon.colcon_core.package_identification:_identify(src/ros2_ws/src) by extension 'python_setup_py'
[0.765s] Level 1:colcon.colcon_core.package_identification:_identify(src/ros2_ws/src/gazebo_worlds) by extensions ['ignore', 'ignore_ament_install']
[0.765s] Level 1:colcon.colcon_core.package_identification:_identify(src/ros2_ws/src/gazebo_worlds) by extension 'ignore'
[0.765s] Level 1:colcon.colcon_core.package_identification:_identify(src/ros2_ws/src/gazebo_worlds) by extension 'ignore_ament_install'
[0.765s] Level 1:colcon.colcon_core.package_identification:_identify(src/ros2_ws/src/gazebo_worlds) by extensions ['colcon_pkg']
[0.765s] Level 1:colcon.colcon_core.package_identification:_identify(src/ros2_ws/src/gazebo_worlds) by extension 'colcon_pkg'
[0.765s] Level 1:colcon.colcon_core.package_identification:_identify(src/ros2_ws/src/gazebo_worlds) by extensions ['colcon_meta']
[0.765s] Level 1:colcon.colcon_core.package_identification:_identify(src/ros2_ws/src/gazebo_worlds) by extension 'colcon_meta'
[0.765s] Level 1:colcon.colcon_core.package_identification:_identify(src/ros2_ws/src/gazebo_worlds) by extensions ['ros']
[0.765s] Level 1:colcon.colcon_core.package_identification:_identify(src/ros2_ws/src/gazebo_worlds) by extension 'ros'
[0.765s] Level 1:colcon.colcon_core.package_identification:_identify(src/ros2_ws/src/gazebo_worlds) by extensions ['cmake', 'python']
[0.766s] Level 1:colcon.colcon_core.package_identification:_identify(src/ros2_ws/src/gazebo_worlds) by extension 'cmake'
[0.766s] Level 1:colcon.colcon_core.package_identification:_identify(src/ros2_ws/src/gazebo_worlds) by extension 'python'
[0.766s] Level 1:colcon.colcon_core.package_identification:_identify(src/ros2_ws/src/gazebo_worlds) by extensions ['python_setup_py']
[0.766s] Level 1:colcon.colcon_core.package_identification:_identify(src/ros2_ws/src/gazebo_worlds) by extension 'python_setup_py'
[0.766s] Level 1:colcon.colcon_core.package_identification:_identify(src/ros2_ws/src/gazebo_worlds/Depot) by extensions ['ignore', 'ignore_ament_install']
[0.766s] Level 1:colcon.colcon_core.package_identification:_identify(src/ros2_ws/src/gazebo_worlds/Depot) by extension 'ignore'
[0.766s] Level 1:colcon.colcon_core.package_identification:_identify(src/ros2_ws/src/gazebo_worlds/Depot) by extension 'ignore_ament_install'
[0.766s] Level 1:colcon.colcon_core.package_identification:_identify(src/ros2_ws/src/gazebo_worlds/Depot) by extensions ['colcon_pkg']
[0.766s] Level 1:colcon.colcon_core.package_identification:_identify(src/ros2_ws/src/gazebo_worlds/Depot) by extension 'colcon_pkg'
[0.766s] Level 1:colcon.colcon_core.package_identification:_identify(src/ros2_ws/src/gazebo_worlds/Depot) by extensions ['colcon_meta']
[0.766s] Level 1:colcon.colcon_core.package_identification:_identify(src/ros2_ws/src/gazebo_worlds/Depot) by extension 'colcon_meta'
[0.766s] Level 1:colcon.colcon_core.package_identification:_identify(src/ros2_ws/src/gazebo_worlds/Depot) by extensions ['ros']
[0.766s] Level 1:colcon.colcon_core.package_identification:_identify(src/ros2_ws/src/gazebo_worlds/Depot) by extension 'ros'
[0.766s] Level 1:colcon.colcon_core.package_identification:_identify(src/ros2_ws/src/gazebo_worlds/Depot) by extensions ['cmake', 'python']
[0.766s] Level 1:colcon.colcon_core.package_identification:_identify(src/ros2_ws/src/gazebo_worlds/Depot) by extension 'cmake'
[0.766s] Level 1:colcon.colcon_core.package_identification:_identify(src/ros2_ws/src/gazebo_worlds/Depot) by extension 'python'
[0.766s] Level 1:colcon.colcon_core.package_identification:_identify(src/ros2_ws/src/gazebo_worlds/Depot) by extensions ['python_setup_py']
[0.766s] Level 1:colcon.colcon_core.package_identification:_identify(src/ros2_ws/src/gazebo_worlds/Depot) by extension 'python_setup_py'
[0.766s] Level 1:colcon.colcon_core.package_identification:_identify(src/ros2_ws/src/gazebo_worlds/Depot/materials) by extensions ['ignore', 'ignore_ament_install']
[0.766s] Level 1:colcon.colcon_core.package_identification:_identify(src/ros2_ws/src/gazebo_worlds/Depot/materials) by extension 'ignore'
[0.766s] Level 1:colcon.colcon_core.package_identification:_identify(src/ros2_ws/src/gazebo_worlds/Depot/materials) by extension 'ignore_ament_install'
[0.766s] Level 1:colcon.colcon_core.package_identification:_identify(src/ros2_ws/src/gazebo_worlds/Depot/materials) by extensions ['colcon_pkg']
[0.766s] Level 1:colcon.colcon_core.package_identification:_identify(src/ros2_ws/src/gazebo_worlds/Depot/materials) by extension 'colcon_pkg'
[0.766s] Level 1:colcon.colcon_core.package_identification:_identify(src/ros2_ws/src/gazebo_worlds/Depot/materials) by extensions ['colcon_meta']
[0.766s] Level 1:colcon.colcon_core.package_identification:_identify(src/ros2_ws/src/gazebo_worlds/Depot/materials) by extension 'colcon_meta'
[0.766s] Level 1:colcon.colcon_core.package_identification:_identify(src/ros2_ws/src/gazebo_worlds/Depot/materials) by extensions ['ros']
[0.766s] Level 1:colcon.colcon_core.package_identification:_identify(src/ros2_ws/src/gazebo_worlds/Depot/materials) by extension 'ros'
[0.766s] Level 1:colcon.colcon_core.package_identification:_identify(src/ros2_ws/src/gazebo_worlds/Depot/materials) by extensions ['cmake', 'python']
[0.766s] Level 1:colcon.colcon_core.package_identification:_identify(src/ros2_ws/src/gazebo_worlds/Depot/materials) by extension 'cmake'
[0.766s] Level 1:colcon.colcon_core.package_identification:_identify(src/ros2_ws/src/gazebo_worlds/Depot/materials) by extension 'python'
[0.766s] Level 1:colcon.colcon_core.package_identification:_identify(src/ros2_ws/src/gazebo_worlds/Depot/materials) by extensions ['python_setup_py']
[0.766s] Level 1:colcon.colcon_core.package_identification:_identify(src/ros2_ws/src/gazebo_worlds/Depot/materials) by extension 'python_setup_py'
[0.766s] Level 1:colcon.colcon_core.package_identification:_identify(src/ros2_ws/src/gazebo_worlds/Depot/materials/scripts) by extensions ['ignore', 'ignore_ament_install']
[0.767s] Level 1:colcon.colcon_core.package_identification:_identify(src/ros2_ws/src/gazebo_worlds/Depot/materials/scripts) by extension 'ignore'
[0.767s] Level 1:colcon.colcon_core.package_identification:_identify(src/ros2_ws/src/gazebo_worlds/Depot/materials/scripts) by extension 'ignore_ament_install'
[0.767s] Level 1:colcon.colcon_core.package_identification:_identify(src/ros2_ws/src/gazebo_worlds/Depot/materials/scripts) by extensions ['colcon_pkg']
[0.767s] Level 1:colcon.colcon_core.package_identification:_identify(src/ros2_ws/src/gazebo_worlds/Depot/materials/scripts) by extension 'colcon_pkg'
[0.767s] Level 1:colcon.colcon_core.package_identification:_identify(src/ros2_ws/src/gazebo_worlds/Depot/materials/scripts) by extensions ['colcon_meta']
[0.767s] Level 1:colcon.colcon_core.package_identification:_identify(src/ros2_ws/src/gazebo_worlds/Depot/materials/scripts) by extension 'colcon_meta'
[0.767s] Level 1:colcon.colcon_core.package_identification:_identify(src/ros2_ws/src/gazebo_worlds/Depot/materials/scripts) by extensions ['ros']
[0.767s] Level 1:colcon.colcon_core.package_identification:_identify(src/ros2_ws/src/gazebo_worlds/Depot/materials/scripts) by extension 'ros'
[0.767s] Level 1:colcon.colcon_core.package_identification:_identify(src/ros2_ws/src/gazebo_worlds/Depot/materials/scripts) by extensions ['cmake', 'python']
[0.767s] Level 1:colcon.colcon_core.package_identification:_identify(src/ros2_ws/src/gazebo_worlds/Depot/materials/scripts) by extension 'cmake'
[0.767s] Level 1:colcon.colcon_core.package_identification:_identify(src/ros2_ws/src/gazebo_worlds/Depot/materials/scripts) by extension 'python'
[0.767s] Level 1:colcon.colcon_core.package_identification:_identify(src/ros2_ws/src/gazebo_worlds/Depot/materials/scripts) by extensions ['python_setup_py']
[0.767s] Level 1:colcon.colcon_core.package_identification:_identify(src/ros2_ws/src/gazebo_worlds/Depot/materials/scripts) by extension 'python_setup_py'
[0.767s] Level 1:colcon.colcon_core.package_identification:_identify(src/ros2_ws/src/gazebo_worlds/Depot/materials/textures) by extensions ['ignore', 'ignore_ament_install']
[0.767s] Level 1:colcon.colcon_core.package_identification:_identify(src/ros2_ws/src/gazebo_worlds/Depot/materials/textures) by extension 'ignore'
[0.767s] Level 1:colcon.colcon_core.package_identification:_identify(src/ros2_ws/src/gazebo_worlds/Depot/materials/textures) by extension 'ignore_ament_install'
[0.767s] Level 1:colcon.colcon_core.package_identification:_identify(src/ros2_ws/src/gazebo_worlds/Depot/materials/textures) by extensions ['colcon_pkg']
[0.767s] Level 1:colcon.colcon_core.package_identification:_identify(src/ros2_ws/src/gazebo_worlds/Depot/materials/textures) by extension 'colcon_pkg'
[0.767s] Level 1:colcon.colcon_core.package_identification:_identify(src/ros2_ws/src/gazebo_worlds/Depot/materials/textures) by extensions ['colcon_meta']
[0.767s] Level 1:colcon.colcon_core.package_identification:_identify(src/ros2_ws/src/gazebo_worlds/Depot/materials/textures) by extension 'colcon_meta'
[0.767s] Level 1:colcon.colcon_core.package_identification:_identify(src/ros2_ws/src/gazebo_worlds/Depot/materials/textures) by extensions ['ros']
[0.767s] Level 1:colcon.colcon_core.package_identification:_identify(src/ros2_ws/src/gazebo_worlds/Depot/materials/textures) by extension 'ros'
[0.767s] Level 1:colcon.colcon_core.package_identification:_identify(src/ros2_ws/src/gazebo_worlds/Depot/materials/textures) by extensions ['cmake', 'python']
[0.767s] Level 1:colcon.colcon_core.package_identification:_identify(src/ros2_ws/src/gazebo_worlds/Depot/materials/textures) by extension 'cmake'
[0.767s] Level 1:colcon.colcon_core.package_identification:_identify(src/ros2_ws/src/gazebo_worlds/Depot/materials/textures) by extension 'python'
[0.767s] Level 1:colcon.colcon_core.package_identification:_identify(src/ros2_ws/src/gazebo_worlds/Depot/materials/textures) by extensions ['python_setup_py']
[0.767s] Level 1:colcon.colcon_core.package_identification:_identify(src/ros2_ws/src/gazebo_worlds/Depot/materials/textures) by extension 'python_setup_py'
[0.767s] Level 1:colcon.colcon_core.package_identification:_identify(src/ros2_ws/src/gazebo_worlds/Depot/meshes) by extensions ['ignore', 'ignore_ament_install']
[0.767s] Level 1:colcon.colcon_core.package_identification:_identify(src/ros2_ws/src/gazebo_worlds/Depot/meshes) by extension 'ignore'
[0.767s] Level 1:colcon.colcon_core.package_identification:_identify(src/ros2_ws/src/gazebo_worlds/Depot/meshes) by extension 'ignore_ament_install'
[0.767s] Level 1:colcon.colcon_core.package_identification:_identify(src/ros2_ws/src/gazebo_worlds/Depot/meshes) by extensions ['colcon_pkg']
[0.767s] Level 1:colcon.colcon_core.package_identification:_identify(src/ros2_ws/src/gazebo_worlds/Depot/meshes) by extension 'colcon_pkg'
[0.768s] Level 1:colcon.colcon_core.package_identification:_identify(src/ros2_ws/src/gazebo_worlds/Depot/meshes) by extensions ['colcon_meta']
[0.768s] Level 1:colcon.colcon_core.package_identification:_identify(src/ros2_ws/src/gazebo_worlds/Depot/meshes) by extension 'colcon_meta'
[0.768s] Level 1:colcon.colcon_core.package_identification:_identify(src/ros2_ws/src/gazebo_worlds/Depot/meshes) by extensions ['ros']
[0.768s] Level 1:colcon.colcon_core.package_identification:_identify(src/ros2_ws/src/gazebo_worlds/Depot/meshes) by extension 'ros'
[0.768s] Level 1:colcon.colcon_core.package_identification:_identify(src/ros2_ws/src/gazebo_worlds/Depot/meshes) by extensions ['cmake', 'python']
[0.768s] Level 1:colcon.colcon_core.package_identification:_identify(src/ros2_ws/src/gazebo_worlds/Depot/meshes) by extension 'cmake'
[0.768s] Level 1:colcon.colcon_core.package_identification:_identify(src/ros2_ws/src/gazebo_worlds/Depot/meshes) by extension 'python'
[0.768s] Level 1:colcon.colcon_core.package_identification:_identify(src/ros2_ws/src/gazebo_worlds/Depot/meshes) by extensions ['python_setup_py']
[0.768s] Level 1:colcon.colcon_core.package_identification:_identify(src/ros2_ws/src/gazebo_worlds/Depot/meshes) by extension 'python_setup_py'
[0.768s] Level 1:colcon.colcon_core.package_identification:_identify(src/ros2_ws/src/gazebo_worlds/Depot/thumbnails) by extensions ['ignore', 'ignore_ament_install']
[0.768s] Level 1:colcon.colcon_core.package_identification:_identify(src/ros2_ws/src/gazebo_worlds/Depot/thumbnails) by extension 'ignore'
[0.768s] Level 1:colcon.colcon_core.package_identification:_identify(src/ros2_ws/src/gazebo_worlds/Depot/thumbnails) by extension 'ignore_ament_install'
[0.768s] Level 1:colcon.colcon_core.package_identification:_identify(src/ros2_ws/src/gazebo_worlds/Depot/thumbnails) by extensions ['colcon_pkg']
[0.768s] Level 1:colcon.colcon_core.package_identification:_identify(src/ros2_ws/src/gazebo_worlds/Depot/thumbnails) by extension 'colcon_pkg'
[0.768s] Level 1:colcon.colcon_core.package_identification:_identify(src/ros2_ws/src/gazebo_worlds/Depot/thumbnails) by extensions ['colcon_meta']
[0.768s] Level 1:colcon.colcon_core.package_identification:_identify(src/ros2_ws/src/gazebo_worlds/Depot/thumbnails) by extension 'colcon_meta'
[0.768s] Level 1:colcon.colcon_core.package_identification:_identify(src/ros2_ws/src/gazebo_worlds/Depot/thumbnails) by extensions ['ros']
[0.768s] Level 1:colcon.colcon_core.package_identification:_identify(src/ros2_ws/src/gazebo_worlds/Depot/thumbnails) by extension 'ros'
[0.768s] Level 1:colcon.colcon_core.package_identification:_identify(src/ros2_ws/src/gazebo_worlds/Depot/thumbnails) by extensions ['cmake', 'python']
[0.768s] Level 1:colcon.colcon_core.package_identification:_identify(src/ros2_ws/src/gazebo_worlds/Depot/thumbnails) by extension 'cmake'
[0.768s] Level 1:colcon.colcon_core.package_identification:_identify(src/ros2_ws/src/gazebo_worlds/Depot/thumbnails) by extension 'python'
[0.768s] Level 1:colcon.colcon_core.package_identification:_identify(src/ros2_ws/src/gazebo_worlds/Depot/thumbnails) by extensions ['python_setup_py']
[0.768s] Level 1:colcon.colcon_core.package_identification:_identify(src/ros2_ws/src/gazebo_worlds/Depot/thumbnails) by extension 'python_setup_py'
[0.768s] Level 1:colcon.colcon_core.package_identification:_identify(src/ros2_ws/src/gazebo_worlds/Warehouse) by extensions ['ignore', 'ignore_ament_install']
[0.768s] Level 1:colcon.colcon_core.package_identification:_identify(src/ros2_ws/src/gazebo_worlds/Warehouse) by extension 'ignore'
[0.768s] Level 1:colcon.colcon_core.package_identification:_identify(src/ros2_ws/src/gazebo_worlds/Warehouse) by extension 'ignore_ament_install'
[0.768s] Level 1:colcon.colcon_core.package_identification:_identify(src/ros2_ws/src/gazebo_worlds/Warehouse) by extensions ['colcon_pkg']
[0.768s] Level 1:colcon.colcon_core.package_identification:_identify(src/ros2_ws/src/gazebo_worlds/Warehouse) by extension 'colcon_pkg'
[0.768s] Level 1:colcon.colcon_core.package_identification:_identify(src/ros2_ws/src/gazebo_worlds/Warehouse) by extensions ['colcon_meta']
[0.768s] Level 1:colcon.colcon_core.package_identification:_identify(src/ros2_ws/src/gazebo_worlds/Warehouse) by extension 'colcon_meta'
[0.768s] Level 1:colcon.colcon_core.package_identification:_identify(src/ros2_ws/src/gazebo_worlds/Warehouse) by extensions ['ros']
[0.768s] Level 1:colcon.colcon_core.package_identification:_identify(src/ros2_ws/src/gazebo_worlds/Warehouse) by extension 'ros'
[0.769s] Level 1:colcon.colcon_core.package_identification:_identify(src/ros2_ws/src/gazebo_worlds/Warehouse) by extensions ['cmake', 'python']
[0.769s] Level 1:colcon.colcon_core.package_identification:_identify(src/ros2_ws/src/gazebo_worlds/Warehouse) by extension 'cmake'
[0.769s] Level 1:colcon.colcon_core.package_identification:_identify(src/ros2_ws/src/gazebo_worlds/Warehouse) by extension 'python'
[0.769s] Level 1:colcon.colcon_core.package_identification:_identify(src/ros2_ws/src/gazebo_worlds/Warehouse) by extensions ['python_setup_py']
[0.769s] Level 1:colcon.colcon_core.package_identification:_identify(src/ros2_ws/src/gazebo_worlds/Warehouse) by extension 'python_setup_py'
[0.769s] Level 1:colcon.colcon_core.package_identification:_identify(src/ros2_ws/src/gazebo_worlds/Warehouse/meshes) by extensions ['ignore', 'ignore_ament_install']
[0.769s] Level 1:colcon.colcon_core.package_identification:_identify(src/ros2_ws/src/gazebo_worlds/Warehouse/meshes) by extension 'ignore'
[0.769s] Level 1:colcon.colcon_core.package_identification:_identify(src/ros2_ws/src/gazebo_worlds/Warehouse/meshes) by extension 'ignore_ament_install'
[0.769s] Level 1:colcon.colcon_core.package_identification:_identify(src/ros2_ws/src/gazebo_worlds/Warehouse/meshes) by extensions ['colcon_pkg']
[0.769s] Level 1:colcon.colcon_core.package_identification:_identify(src/ros2_ws/src/gazebo_worlds/Warehouse/meshes) by extension 'colcon_pkg'
[0.769s] Level 1:colcon.colcon_core.package_identification:_identify(src/ros2_ws/src/gazebo_worlds/Warehouse/meshes) by extensions ['colcon_meta']
[0.769s] Level 1:colcon.colcon_core.package_identification:_identify(src/ros2_ws/src/gazebo_worlds/Warehouse/meshes) by extension 'colcon_meta'
[0.769s] Level 1:colcon.colcon_core.package_identification:_identify(src/ros2_ws/src/gazebo_worlds/Warehouse/meshes) by extensions ['ros']
[0.769s] Level 1:colcon.colcon_core.package_identification:_identify(src/ros2_ws/src/gazebo_worlds/Warehouse/meshes) by extension 'ros'
[0.769s] Level 1:colcon.colcon_core.package_identification:_identify(src/ros2_ws/src/gazebo_worlds/Warehouse/meshes) by extensions ['cmake', 'python']
[0.769s] Level 1:colcon.colcon_core.package_identification:_identify(src/ros2_ws/src/gazebo_worlds/Warehouse/meshes) by extension 'cmake'
[0.769s] Level 1:colcon.colcon_core.package_identification:_identify(src/ros2_ws/src/gazebo_worlds/Warehouse/meshes) by extension 'python'
[0.769s] Level 1:colcon.colcon_core.package_identification:_identify(src/ros2_ws/src/gazebo_worlds/Warehouse/meshes) by extensions ['python_setup_py']
[0.769s] Level 1:colcon.colcon_core.package_identification:_identify(src/ros2_ws/src/gazebo_worlds/Warehouse/meshes) by extension 'python_setup_py'
[0.769s] Level 1:colcon.colcon_core.package_identification:_identify(src/ros2_ws/src/gazebo_worlds/Warehouse/thumbnails) by extensions ['ignore', 'ignore_ament_install']
[0.769s] Level 1:colcon.colcon_core.package_identification:_identify(src/ros2_ws/src/gazebo_worlds/Warehouse/thumbnails) by extension 'ignore'
[0.769s] Level 1:colcon.colcon_core.package_identification:_identify(src/ros2_ws/src/gazebo_worlds/Warehouse/thumbnails) by extension 'ignore_ament_install'
[0.769s] Level 1:colcon.colcon_core.package_identification:_identify(src/ros2_ws/src/gazebo_worlds/Warehouse/thumbnails) by extensions ['colcon_pkg']
[0.769s] Level 1:colcon.colcon_core.package_identification:_identify(src/ros2_ws/src/gazebo_worlds/Warehouse/thumbnails) by extension 'colcon_pkg'
[0.769s] Level 1:colcon.colcon_core.package_identification:_identify(src/ros2_ws/src/gazebo_worlds/Warehouse/thumbnails) by extensions ['colcon_meta']
[0.769s] Level 1:colcon.colcon_core.package_identification:_identify(src/ros2_ws/src/gazebo_worlds/Warehouse/thumbnails) by extension 'colcon_meta'
[0.769s] Level 1:colcon.colcon_core.package_identification:_identify(src/ros2_ws/src/gazebo_worlds/Warehouse/thumbnails) by extensions ['ros']
[0.769s] Level 1:colcon.colcon_core.package_identification:_identify(src/ros2_ws/src/gazebo_worlds/Warehouse/thumbnails) by extension 'ros'
[0.769s] Level 1:colcon.colcon_core.package_identification:_identify(src/ros2_ws/src/gazebo_worlds/Warehouse/thumbnails) by extensions ['cmake', 'python']
[0.769s] Level 1:colcon.colcon_core.package_identification:_identify(src/ros2_ws/src/gazebo_worlds/Warehouse/thumbnails) by extension 'cmake'
[0.769s] Level 1:colcon.colcon_core.package_identification:_identify(src/ros2_ws/src/gazebo_worlds/Warehouse/thumbnails) by extension 'python'
[0.770s] Level 1:colcon.colcon_core.package_identification:_identify(src/ros2_ws/src/gazebo_worlds/Warehouse/thumbnails) by extensions ['python_setup_py']
[0.770s] Level 1:colcon.colcon_core.package_identification:_identify(src/ros2_ws/src/gazebo_worlds/Warehouse/thumbnails) by extension 'python_setup_py'
[0.770s] Level 1:colcon.colcon_core.package_identification:_identify(src/ros2_ws/src/gazebo_worlds/turtlebot3_burger) by extensions ['ignore', 'ignore_ament_install']
[0.770s] Level 1:colcon.colcon_core.package_identification:_identify(src/ros2_ws/src/gazebo_worlds/turtlebot3_burger) by extension 'ignore'
[0.770s] Level 1:colcon.colcon_core.package_identification:_identify(src/ros2_ws/src/gazebo_worlds/turtlebot3_burger) by extension 'ignore_ament_install'
[0.770s] Level 1:colcon.colcon_core.package_identification:_identify(src/ros2_ws/src/gazebo_worlds/turtlebot3_burger) by extensions ['colcon_pkg']
[0.770s] Level 1:colcon.colcon_core.package_identification:_identify(src/ros2_ws/src/gazebo_worlds/turtlebot3_burger) by extension 'colcon_pkg'
[0.770s] Level 1:colcon.colcon_core.package_identification:_identify(src/ros2_ws/src/gazebo_worlds/turtlebot3_burger) by extensions ['colcon_meta']
[0.770s] Level 1:colcon.colcon_core.package_identification:_identify(src/ros2_ws/src/gazebo_worlds/turtlebot3_burger) by extension 'colcon_meta'
[0.770s] Level 1:colcon.colcon_core.package_identification:_identify(src/ros2_ws/src/gazebo_worlds/turtlebot3_burger) by extensions ['ros']
[0.770s] Level 1:colcon.colcon_core.package_identification:_identify(src/ros2_ws/src/gazebo_worlds/turtlebot3_burger) by extension 'ros'
[0.770s] Level 1:colcon.colcon_core.package_identification:_identify(src/ros2_ws/src/gazebo_worlds/turtlebot3_burger) by extensions ['cmake', 'python']
[0.770s] Level 1:colcon.colcon_core.package_identification:_identify(src/ros2_ws/src/gazebo_worlds/turtlebot3_burger) by extension 'cmake'
[0.770s] Level 1:colcon.colcon_core.package_identification:_identify(src/ros2_ws/src/gazebo_worlds/turtlebot3_burger) by extension 'python'
[0.770s] Level 1:colcon.colcon_core.package_identification:_identify(src/ros2_ws/src/gazebo_worlds/turtlebot3_burger) by extensions ['python_setup_py']
[0.770s] Level 1:colcon.colcon_core.package_identification:_identify(src/ros2_ws/src/gazebo_worlds/turtlebot3_burger) by extension 'python_setup_py'
[0.770s] Level 1:colcon.colcon_core.package_identification:_identify(src/ros2_ws/src/turtlebot3_simulations) by extensions ['ignore', 'ignore_ament_install']
[0.770s] Level 1:colcon.colcon_core.package_identification:_identify(src/ros2_ws/src/turtlebot3_simulations) by extension 'ignore'
[0.770s] Level 1:colcon.colcon_core.package_identification:_identify(src/ros2_ws/src/turtlebot3_simulations) by extension 'ignore_ament_install'
[0.770s] Level 1:colcon.colcon_core.package_identification:_identify(src/ros2_ws/src/turtlebot3_simulations) by extensions ['colcon_pkg']
[0.770s] Level 1:colcon.colcon_core.package_identification:_identify(src/ros2_ws/src/turtlebot3_simulations) by extension 'colcon_pkg'
[0.770s] Level 1:colcon.colcon_core.package_identification:_identify(src/ros2_ws/src/turtlebot3_simulations) by extensions ['colcon_meta']
[0.770s] Level 1:colcon.colcon_core.package_identification:_identify(src/ros2_ws/src/turtlebot3_simulations) by extension 'colcon_meta'
[0.770s] Level 1:colcon.colcon_core.package_identification:_identify(src/ros2_ws/src/turtlebot3_simulations) by extensions ['ros']
[0.770s] Level 1:colcon.colcon_core.package_identification:_identify(src/ros2_ws/src/turtlebot3_simulations) by extension 'ros'
[0.770s] Level 1:colcon.colcon_core.package_identification:_identify(src/ros2_ws/src/turtlebot3_simulations) by extensions ['cmake', 'python']
[0.770s] Level 1:colcon.colcon_core.package_identification:_identify(src/ros2_ws/src/turtlebot3_simulations) by extension 'cmake'
[0.770s] Level 1:colcon.colcon_core.package_identification:_identify(src/ros2_ws/src/turtlebot3_simulations) by extension 'python'
[0.770s] Level 1:colcon.colcon_core.package_identification:_identify(src/ros2_ws/src/turtlebot3_simulations) by extensions ['python_setup_py']
[0.770s] Level 1:colcon.colcon_core.package_identification:_identify(src/ros2_ws/src/turtlebot3_simulations) by extension 'python_setup_py'
[0.770s] Level 1:colcon.colcon_core.package_identification:_identify(src/ros2_ws/src/turtlebot3_simulations/turtlebot3_fake_node) by extensions ['ignore', 'ignore_ament_install']
[0.771s] Level 1:colcon.colcon_core.package_identification:_identify(src/ros2_ws/src/turtlebot3_simulations/turtlebot3_fake_node) by extension 'ignore'
[0.771s] Level 1:colcon.colcon_core.package_identification:_identify(src/ros2_ws/src/turtlebot3_simulations/turtlebot3_fake_node) by extension 'ignore_ament_install'
[0.771s] Level 1:colcon.colcon_core.package_identification:_identify(src/ros2_ws/src/turtlebot3_simulations/turtlebot3_fake_node) by extensions ['colcon_pkg']
[0.771s] Level 1:colcon.colcon_core.package_identification:_identify(src/ros2_ws/src/turtlebot3_simulations/turtlebot3_fake_node) by extension 'colcon_pkg'
[0.771s] Level 1:colcon.colcon_core.package_identification:_identify(src/ros2_ws/src/turtlebot3_simulations/turtlebot3_fake_node) by extensions ['colcon_meta']
[0.771s] Level 1:colcon.colcon_core.package_identification:_identify(src/ros2_ws/src/turtlebot3_simulations/turtlebot3_fake_node) by extension 'colcon_meta'
[0.771s] Level 1:colcon.colcon_core.package_identification:_identify(src/ros2_ws/src/turtlebot3_simulations/turtlebot3_fake_node) by extensions ['ros']
[0.771s] Level 1:colcon.colcon_core.package_identification:_identify(src/ros2_ws/src/turtlebot3_simulations/turtlebot3_fake_node) by extension 'ros'
[0.774s] DEBUG:colcon.colcon_core.package_identification:Package 'src/ros2_ws/src/turtlebot3_simulations/turtlebot3_fake_node' with type 'ros.ament_cmake' and name 'turtlebot3_fake_node'
[0.774s] Level 1:colcon.colcon_core.package_identification:_identify(src/ros2_ws/src/turtlebot3_simulations/turtlebot3_gazebo) by extensions ['ignore', 'ignore_ament_install']
[0.774s] Level 1:colcon.colcon_core.package_identification:_identify(src/ros2_ws/src/turtlebot3_simulations/turtlebot3_gazebo) by extension 'ignore'
[0.774s] Level 1:colcon.colcon_core.package_identification:_identify(src/ros2_ws/src/turtlebot3_simulations/turtlebot3_gazebo) by extension 'ignore_ament_install'
[0.774s] Level 1:colcon.colcon_core.package_identification:_identify(src/ros2_ws/src/turtlebot3_simulations/turtlebot3_gazebo) by extensions ['colcon_pkg']
[0.774s] Level 1:colcon.colcon_core.package_identification:_identify(src/ros2_ws/src/turtlebot3_simulations/turtlebot3_gazebo) by extension 'colcon_pkg'
[0.774s] Level 1:colcon.colcon_core.package_identification:_identify(src/ros2_ws/src/turtlebot3_simulations/turtlebot3_gazebo) by extensions ['colcon_meta']
[0.774s] Level 1:colcon.colcon_core.package_identification:_identify(src/ros2_ws/src/turtlebot3_simulations/turtlebot3_gazebo) by extension 'colcon_meta'
[0.774s] Level 1:colcon.colcon_core.package_identification:_identify(src/ros2_ws/src/turtlebot3_simulations/turtlebot3_gazebo) by extensions ['ros']
[0.774s] Level 1:colcon.colcon_core.package_identification:_identify(src/ros2_ws/src/turtlebot3_simulations/turtlebot3_gazebo) by extension 'ros'
[0.775s] DEBUG:colcon.colcon_core.package_identification:Package 'src/ros2_ws/src/turtlebot3_simulations/turtlebot3_gazebo' with type 'ros.ament_cmake' and name 'turtlebot3_gazebo'
[0.775s] Level 1:colcon.colcon_core.package_identification:_identify(src/ros2_ws/src/turtlebot3_simulations/turtlebot3_simulations) by extensions ['ignore', 'ignore_ament_install']
[0.775s] Level 1:colcon.colcon_core.package_identification:_identify(src/ros2_ws/src/turtlebot3_simulations/turtlebot3_simulations) by extension 'ignore'
[0.775s] Level 1:colcon.colcon_core.package_identification:_identify(src/ros2_ws/src/turtlebot3_simulations/turtlebot3_simulations) by extension 'ignore_ament_install'
[0.775s] Level 1:colcon.colcon_core.package_identification:_identify(src/ros2_ws/src/turtlebot3_simulations/turtlebot3_simulations) by extensions ['colcon_pkg']
[0.775s] Level 1:colcon.colcon_core.package_identification:_identify(src/ros2_ws/src/turtlebot3_simulations/turtlebot3_simulations) by extension 'colcon_pkg'
[0.775s] Level 1:colcon.colcon_core.package_identification:_identify(src/ros2_ws/src/turtlebot3_simulations/turtlebot3_simulations) by extensions ['colcon_meta']
[0.775s] Level 1:colcon.colcon_core.package_identification:_identify(src/ros2_ws/src/turtlebot3_simulations/turtlebot3_simulations) by extension 'colcon_meta'
[0.775s] Level 1:colcon.colcon_core.package_identification:_identify(src/ros2_ws/src/turtlebot3_simulations/turtlebot3_simulations) by extensions ['ros']
[0.775s] Level 1:colcon.colcon_core.package_identification:_identify(src/ros2_ws/src/turtlebot3_simulations/turtlebot3_simulations) by extension 'ros'
[0.775s] DEBUG:colcon.colcon_core.package_identification:Package 'src/ros2_ws/src/turtlebot3_simulations/turtlebot3_simulations' with type 'ros.ament_cmake' and name 'turtlebot3_simulations'
[0.775s] Level 1:colcon.colcon_core.package_discovery:discover_packages(recursive) using defaults
[0.775s] Level 1:colcon.colcon_core.package_discovery:discover_packages(ignore) discover
[0.775s] Level 1:colcon.colcon_core.package_discovery:discover_packages(ignore) using defaults
[0.775s] Level 1:colcon.colcon_core.package_discovery:discover_packages(path) discover
[0.775s] Level 1:colcon.colcon_core.package_discovery:discover_packages(path) using defaults
[0.838s] Level 1:colcon.colcon_core.package_discovery:discover_packages(prefix_path) check parameters
[0.838s] Level 1:colcon.colcon_core.package_discovery:discover_packages(prefix_path) discover
[0.858s] DEBUG:colcon.colcon_installed_package_information.package_discovery:Found 4 installed packages in /home/leo/ros2_ws/install
[0.867s] DEBUG:colcon.colcon_installed_package_information.package_discovery:Found 375 installed packages in /opt/ros/humble
[0.869s] Level 1:colcon.colcon_core.package_discovery:discover_packages(prefix_path) using defaults
[0.941s] Level 5:colcon.colcon_core.verb:set package 'turtlebot3_fake_node' build argument 'cmake_args' from command line to 'None'
[0.941s] Level 5:colcon.colcon_core.verb:set package 'turtlebot3_fake_node' build argument 'cmake_target' from command line to 'None'
[0.941s] Level 5:colcon.colcon_core.verb:set package 'turtlebot3_fake_node' build argument 'cmake_target_skip_unavailable' from command line to 'False'
[0.941s] Level 5:colcon.colcon_core.verb:set package 'turtlebot3_fake_node' build argument 'cmake_clean_cache' from command line to 'False'
[0.941s] Level 5:colcon.colcon_core.verb:set package 'turtlebot3_fake_node' build argument 'cmake_clean_first' from command line to 'False'
[0.941s] Level 5:colcon.colcon_core.verb:set package 'turtlebot3_fake_node' build argument 'cmake_force_configure' from command line to 'False'
[0.941s] Level 5:colcon.colcon_core.verb:set package 'turtlebot3_fake_node' build argument 'ament_cmake_args' from command line to 'None'
[0.941s] Level 5:colcon.colcon_core.verb:set package 'turtlebot3_fake_node' build argument 'catkin_cmake_args' from command line to 'None'
[0.941s] Level 5:colcon.colcon_core.verb:set package 'turtlebot3_fake_node' build argument 'catkin_skip_building_tests' from command line to 'False'
[0.941s] DEBUG:colcon.colcon_core.verb:Building package 'turtlebot3_fake_node' with the following arguments: {'ament_cmake_args': None, 'build_base': '/home/leo/TFG_Proyect/build/turtlebot3_fake_node', 'catkin_cmake_args': None, 'catkin_skip_building_tests': False, 'cmake_args': None, 'cmake_clean_cache': False, 'cmake_clean_first': False, 'cmake_force_configure': False, 'cmake_target': None, 'cmake_target_skip_unavailable': False, 'install_base': '/home/leo/TFG_Proyect/install/turtlebot3_fake_node', 'merge_install': False, 'path': '/home/leo/TFG_Proyect/src/ros2_ws/src/turtlebot3_simulations/turtlebot3_fake_node', 'symlink_install': False, 'test_result_base': None}
[0.950s] Level 5:colcon.colcon_core.verb:set package 'turtlebot3_gazebo' build argument 'cmake_args' from command line to 'None'
[0.950s] Level 5:colcon.colcon_core.verb:set package 'turtlebot3_gazebo' build argument 'cmake_target' from command line to 'None'
[0.950s] Level 5:colcon.colcon_core.verb:set package 'turtlebot3_gazebo' build argument 'cmake_target_skip_unavailable' from command line to 'False'
[0.950s] Level 5:colcon.colcon_core.verb:set package 'turtlebot3_gazebo' build argument 'cmake_clean_cache' from command line to 'False'
[0.950s] Level 5:colcon.colcon_core.verb:set package 'turtlebot3_gazebo' build argument 'cmake_clean_first' from command line to 'False'
[0.950s] Level 5:colcon.colcon_core.verb:set package 'turtlebot3_gazebo' build argument 'cmake_force_configure' from command line to 'False'
[0.950s] Level 5:colcon.colcon_core.verb:set package 'turtlebot3_gazebo' build argument 'ament_cmake_args' from command line to 'None'
[0.950s] Level 5:colcon.colcon_core.verb:set package 'turtlebot3_gazebo' build argument 'catkin_cmake_args' from command line to 'None'
[0.950s] Level 5:colcon.colcon_core.verb:set package 'turtlebot3_gazebo' build argument 'catkin_skip_building_tests' from command line to 'False'
[0.950s] DEBUG:colcon.colcon_core.verb:Building package 'turtlebot3_gazebo' with the following arguments: {'ament_cmake_args': None, 'build_base': '/home/leo/TFG_Proyect/build/turtlebot3_gazebo', 'catkin_cmake_args': None, 'catkin_skip_building_tests': False, 'cmake_args': None, 'cmake_clean_cache': False, 'cmake_clean_first': False, 'cmake_force_configure': False, 'cmake_target': None, 'cmake_target_skip_unavailable': False, 'install_base': '/home/leo/TFG_Proyect/install/turtlebot3_gazebo', 'merge_install': False, 'path': '/home/leo/TFG_Proyect/src/ros2_ws/src/turtlebot3_simulations/turtlebot3_gazebo', 'symlink_install': False, 'test_result_base': None}
[0.959s] Level 5:colcon.colcon_core.verb:set package 'turtlebot3_simulations' build argument 'cmake_args' from command line to 'None'
[0.960s] Level 5:colcon.colcon_core.verb:set package 'turtlebot3_simulations' build argument 'cmake_target' from command line to 'None'
[0.960s] Level 5:colcon.colcon_core.verb:set package 'turtlebot3_simulations' build argument 'cmake_target_skip_unavailable' from command line to 'False'
[0.960s] Level 5:colcon.colcon_core.verb:set package 'turtlebot3_simulations' build argument 'cmake_clean_cache' from command line to 'False'
[0.960s] Level 5:colcon.colcon_core.verb:set package 'turtlebot3_simulations' build argument 'cmake_clean_first' from command line to 'False'
[0.960s] Level 5:colcon.colcon_core.verb:set package 'turtlebot3_simulations' build argument 'cmake_force_configure' from command line to 'False'
[0.960s] Level 5:colcon.colcon_core.verb:set package 'turtlebot3_simulations' build argument 'ament_cmake_args' from command line to 'None'
[0.960s] Level 5:colcon.colcon_core.verb:set package 'turtlebot3_simulations' build argument 'catkin_cmake_args' from command line to 'None'
[0.960s] Level 5:colcon.colcon_core.verb:set package 'turtlebot3_simulations' build argument 'catkin_skip_building_tests' from command line to 'False'
[0.960s] DEBUG:colcon.colcon_core.verb:Building package 'turtlebot3_simulations' with the following arguments: {'ament_cmake_args': None, 'build_base': '/home/leo/TFG_Proyect/build/turtlebot3_simulations', 'catkin_cmake_args': None, 'catkin_skip_building_tests': False, 'cmake_args': None, 'cmake_clean_cache': False, 'cmake_clean_first': False, 'cmake_force_configure': False, 'cmake_target': None, 'cmake_target_skip_unavailable': False, 'install_base': '/home/leo/TFG_Proyect/install/turtlebot3_simulations', 'merge_install': False, 'path': '/home/leo/TFG_Proyect/src/ros2_ws/src/turtlebot3_simulations/turtlebot3_simulations', 'symlink_install': False, 'test_result_base': None}
[0.968s] INFO:colcon.colcon_core.executor:Executing jobs using 'parallel' executor
[0.978s] DEBUG:colcon.colcon_parallel_executor.executor.parallel:run_until_complete
[0.978s] INFO:colcon.colcon_ros.task.ament_cmake.build:Building ROS package in '/home/leo/TFG_Proyect/src/ros2_ws/src/turtlebot3_simulations/turtlebot3_fake_node' with build type 'ament_cmake'
[0.978s] INFO:colcon.colcon_cmake.task.cmake.build:Building CMake package in '/home/leo/TFG_Proyect/src/ros2_ws/src/turtlebot3_simulations/turtlebot3_fake_node'
[0.990s] INFO:colcon.colcon_core.plugin_system:Skipping extension 'colcon_core.shell.bat': Not used on non-Windows systems
[0.990s] INFO:colcon.colcon_core.shell:Skip shell extension 'powershell' for command environment: Not usable outside of PowerShell
[0.990s] DEBUG:colcon.colcon_core.shell:Skip shell extension 'dsv' for command environment
[1.020s] INFO:colcon.colcon_ros.task.ament_cmake.build:Building ROS package in '/home/leo/TFG_Proyect/src/ros2_ws/src/turtlebot3_simulations/turtlebot3_gazebo' with build type 'ament_cmake'
[1.020s] INFO:colcon.colcon_cmake.task.cmake.build:Building CMake package in '/home/leo/TFG_Proyect/src/ros2_ws/src/turtlebot3_simulations/turtlebot3_gazebo'
[1.030s] INFO:colcon.colcon_core.shell:Skip shell extension 'powershell' for command environment: Not usable outside of PowerShell
[1.030s] DEBUG:colcon.colcon_core.shell:Skip shell extension 'dsv' for command environment
[1.064s] DEBUG:colcon.colcon_core.event_handler.log_command:Invoking command in '/home/leo/TFG_Proyect/build/turtlebot3_fake_node': CMAKE_PREFIX_PATH=${CMAKE_PREFIX_PATH}:/home/leo/ros2_ws/install/examples_pkg:/opt/ros/humble /usr/bin/cmake --build /home/leo/TFG_Proyect/build/turtlebot3_fake_node -- -j8 -l8
[1.067s] DEBUG:colcon.colcon_core.event_handler.log_command:Invoking command in '/home/leo/TFG_Proyect/build/turtlebot3_gazebo': CMAKE_PREFIX_PATH=${CMAKE_PREFIX_PATH}:/home/leo/ros2_ws/install/examples_pkg:/opt/ros/humble /usr/bin/cmake --build /home/leo/TFG_Proyect/build/turtlebot3_gazebo -- -j8 -l8
[1.169s] DEBUG:colcon.colcon_core.event_handler.log_command:Invoked command in '/home/leo/TFG_Proyect/build/turtlebot3_fake_node' returned '0': CMAKE_PREFIX_PATH=${CMAKE_PREFIX_PATH}:/home/leo/ros2_ws/install/examples_pkg:/opt/ros/humble /usr/bin/cmake --build /home/leo/TFG_Proyect/build/turtlebot3_fake_node -- -j8 -l8
[1.191s] DEBUG:colcon.colcon_core.event_handler.log_command:Invoking command in '/home/leo/TFG_Proyect/build/turtlebot3_fake_node': CMAKE_PREFIX_PATH=${CMAKE_PREFIX_PATH}:/home/leo/ros2_ws/install/examples_pkg:/opt/ros/humble /usr/bin/cmake --install /home/leo/TFG_Proyect/build/turtlebot3_fake_node
[1.201s] Level 1:colcon.colcon_core.environment:create_environment_scripts_only(turtlebot3_fake_node)
[1.201s] DEBUG:colcon.colcon_core.event_handler.log_command:Invoked command in '/home/leo/TFG_Proyect/build/turtlebot3_fake_node' returned '0': CMAKE_PREFIX_PATH=${CMAKE_PREFIX_PATH}:/home/leo/ros2_ws/install/examples_pkg:/opt/ros/humble /usr/bin/cmake --install /home/leo/TFG_Proyect/build/turtlebot3_fake_node
[1.218s] Level 1:colcon.colcon_core.environment:checking '/home/leo/TFG_Proyect/install/turtlebot3_fake_node' for CMake module files
[1.218s] Level 1:colcon.colcon_core.environment:checking '/home/leo/TFG_Proyect/install/turtlebot3_fake_node' for CMake config files
[1.218s] Level 1:colcon.colcon_core.shell:create_environment_hook('turtlebot3_fake_node', 'cmake_prefix_path')
[1.228s] INFO:colcon.colcon_core.shell:Creating environment hook '/home/leo/TFG_Proyect/install/turtlebot3_fake_node/share/turtlebot3_fake_node/hook/cmake_prefix_path.ps1'
[1.228s] INFO:colcon.colcon_core.shell:Creating environment descriptor '/home/leo/TFG_Proyect/install/turtlebot3_fake_node/share/turtlebot3_fake_node/hook/cmake_prefix_path.dsv'
[1.229s] INFO:colcon.colcon_core.shell:Creating environment hook '/home/leo/TFG_Proyect/install/turtlebot3_fake_node/share/turtlebot3_fake_node/hook/cmake_prefix_path.sh'
[1.229s] Level 1:colcon.colcon_core.environment:checking '/home/leo/TFG_Proyect/install/turtlebot3_fake_node/lib'
[1.230s] Level 1:colcon.colcon_core.environment:checking '/home/leo/TFG_Proyect/install/turtlebot3_fake_node/bin'
[1.230s] Level 1:colcon.colcon_core.environment:checking '/home/leo/TFG_Proyect/install/turtlebot3_fake_node/lib/pkgconfig/turtlebot3_fake_node.pc'
[1.230s] Level 1:colcon.colcon_core.environment:checking '/home/leo/TFG_Proyect/install/turtlebot3_fake_node/lib/python3.10/site-packages'
[1.230s] Level 1:colcon.colcon_core.environment:checking '/home/leo/TFG_Proyect/install/turtlebot3_fake_node/bin'
[1.239s] INFO:colcon.colcon_core.shell:Creating package script '/home/leo/TFG_Proyect/install/turtlebot3_fake_node/share/turtlebot3_fake_node/package.ps1'
[1.240s] INFO:colcon.colcon_core.shell:Creating package descriptor '/home/leo/TFG_Proyect/install/turtlebot3_fake_node/share/turtlebot3_fake_node/package.dsv'
[1.240s] INFO:colcon.colcon_core.shell:Creating package script '/home/leo/TFG_Proyect/install/turtlebot3_fake_node/share/turtlebot3_fake_node/package.sh'
[1.241s] INFO:colcon.colcon_core.shell:Creating package script '/home/leo/TFG_Proyect/install/turtlebot3_fake_node/share/turtlebot3_fake_node/package.bash'
[1.241s] INFO:colcon.colcon_core.shell:Creating package script '/home/leo/TFG_Proyect/install/turtlebot3_fake_node/share/turtlebot3_fake_node/package.zsh'
[1.242s] Level 1:colcon.colcon_core.environment:create_file_with_runtime_dependencies(/home/leo/TFG_Proyect/install/turtlebot3_fake_node/share/colcon-core/packages/turtlebot3_fake_node)
[1.243s] DEBUG:colcon.colcon_core.event_handler.log_command:Invoked command in '/home/leo/TFG_Proyect/build/turtlebot3_gazebo' returned '0': CMAKE_PREFIX_PATH=${CMAKE_PREFIX_PATH}:/home/leo/ros2_ws/install/examples_pkg:/opt/ros/humble /usr/bin/cmake --build /home/leo/TFG_Proyect/build/turtlebot3_gazebo -- -j8 -l8
[1.268s] Level 1:colcon.colcon_core.environment:create_environment_scripts_only(turtlebot3_fake_node)
[1.277s] Level 1:colcon.colcon_core.environment:checking '/home/leo/TFG_Proyect/install/turtlebot3_fake_node' for CMake module files
[1.277s] Level 1:colcon.colcon_core.environment:checking '/home/leo/TFG_Proyect/install/turtlebot3_fake_node' for CMake config files
[1.277s] Level 1:colcon.colcon_core.shell:create_environment_hook('turtlebot3_fake_node', 'cmake_prefix_path')
[1.287s] INFO:colcon.colcon_core.shell:Creating environment hook '/home/leo/TFG_Proyect/install/turtlebot3_fake_node/share/turtlebot3_fake_node/hook/cmake_prefix_path.ps1'
[1.287s] INFO:colcon.colcon_core.shell:Creating environment descriptor '/home/leo/TFG_Proyect/install/turtlebot3_fake_node/share/turtlebot3_fake_node/hook/cmake_prefix_path.dsv'
[1.287s] INFO:colcon.colcon_core.shell:Creating environment hook '/home/leo/TFG_Proyect/install/turtlebot3_fake_node/share/turtlebot3_fake_node/hook/cmake_prefix_path.sh'
[1.287s] Level 1:colcon.colcon_core.environment:checking '/home/leo/TFG_Proyect/install/turtlebot3_fake_node/lib'
[1.288s] Level 1:colcon.colcon_core.environment:checking '/home/leo/TFG_Proyect/install/turtlebot3_fake_node/bin'
[1.288s] Level 1:colcon.colcon_core.environment:checking '/home/leo/TFG_Proyect/install/turtlebot3_fake_node/lib/pkgconfig/turtlebot3_fake_node.pc'
[1.288s] Level 1:colcon.colcon_core.environment:checking '/home/leo/TFG_Proyect/install/turtlebot3_fake_node/lib/python3.10/site-packages'
[1.288s] Level 1:colcon.colcon_core.environment:checking '/home/leo/TFG_Proyect/install/turtlebot3_fake_node/bin'
[1.297s] INFO:colcon.colcon_core.shell:Creating package script '/home/leo/TFG_Proyect/install/turtlebot3_fake_node/share/turtlebot3_fake_node/package.ps1'
[1.297s] INFO:colcon.colcon_core.shell:Creating package descriptor '/home/leo/TFG_Proyect/install/turtlebot3_fake_node/share/turtlebot3_fake_node/package.dsv'
[1.298s] INFO:colcon.colcon_core.shell:Creating package script '/home/leo/TFG_Proyect/install/turtlebot3_fake_node/share/turtlebot3_fake_node/package.sh'
[1.298s] INFO:colcon.colcon_core.shell:Creating package script '/home/leo/TFG_Proyect/install/turtlebot3_fake_node/share/turtlebot3_fake_node/package.bash'
[1.298s] INFO:colcon.colcon_core.shell:Creating package script '/home/leo/TFG_Proyect/install/turtlebot3_fake_node/share/turtlebot3_fake_node/package.zsh'
[1.298s] Level 1:colcon.colcon_core.environment:create_file_with_runtime_dependencies(/home/leo/TFG_Proyect/install/turtlebot3_fake_node/share/colcon-core/packages/turtlebot3_fake_node)
[1.300s] DEBUG:colcon.colcon_core.event_handler.log_command:Invoking command in '/home/leo/TFG_Proyect/build/turtlebot3_gazebo': CMAKE_PREFIX_PATH=${CMAKE_PREFIX_PATH}:/home/leo/ros2_ws/install/examples_pkg:/opt/ros/humble /usr/bin/cmake --install /home/leo/TFG_Proyect/build/turtlebot3_gazebo
[1.312s] Level 1:colcon.colcon_core.environment:create_environment_scripts_only(turtlebot3_gazebo)
[1.313s] DEBUG:colcon.colcon_core.event_handler.log_command:Invoked command in '/home/leo/TFG_Proyect/build/turtlebot3_gazebo' returned '0': CMAKE_PREFIX_PATH=${CMAKE_PREFIX_PATH}:/home/leo/ros2_ws/install/examples_pkg:/opt/ros/humble /usr/bin/cmake --install /home/leo/TFG_Proyect/build/turtlebot3_gazebo
[1.322s] Level 1:colcon.colcon_core.environment:checking '/home/leo/TFG_Proyect/install/turtlebot3_gazebo' for CMake module files
[1.323s] Level 1:colcon.colcon_core.environment:checking '/home/leo/TFG_Proyect/install/turtlebot3_gazebo' for CMake config files
[1.323s] Level 1:colcon.colcon_core.shell:create_environment_hook('turtlebot3_gazebo', 'cmake_prefix_path')
[1.332s] INFO:colcon.colcon_core.shell:Creating environment hook '/home/leo/TFG_Proyect/install/turtlebot3_gazebo/share/turtlebot3_gazebo/hook/cmake_prefix_path.ps1'
[1.333s] INFO:colcon.colcon_core.shell:Creating environment descriptor '/home/leo/TFG_Proyect/install/turtlebot3_gazebo/share/turtlebot3_gazebo/hook/cmake_prefix_path.dsv'
[1.333s] INFO:colcon.colcon_core.shell:Creating environment hook '/home/leo/TFG_Proyect/install/turtlebot3_gazebo/share/turtlebot3_gazebo/hook/cmake_prefix_path.sh'
[1.333s] Level 1:colcon.colcon_core.environment:checking '/home/leo/TFG_Proyect/install/turtlebot3_gazebo/lib'
[1.333s] Level 1:colcon.colcon_core.environment:checking '/home/leo/TFG_Proyect/install/turtlebot3_gazebo/bin'
[1.333s] Level 1:colcon.colcon_core.environment:checking '/home/leo/TFG_Proyect/install/turtlebot3_gazebo/lib/pkgconfig/turtlebot3_gazebo.pc'
[1.333s] Level 1:colcon.colcon_core.environment:checking '/home/leo/TFG_Proyect/install/turtlebot3_gazebo/lib/python3.10/site-packages'
[1.334s] Level 1:colcon.colcon_core.environment:checking '/home/leo/TFG_Proyect/install/turtlebot3_gazebo/bin'
[1.343s] INFO:colcon.colcon_core.shell:Creating package script '/home/leo/TFG_Proyect/install/turtlebot3_gazebo/share/turtlebot3_gazebo/package.ps1'
[1.343s] INFO:colcon.colcon_core.shell:Creating package descriptor '/home/leo/TFG_Proyect/install/turtlebot3_gazebo/share/turtlebot3_gazebo/package.dsv'
[1.343s] INFO:colcon.colcon_core.shell:Creating package script '/home/leo/TFG_Proyect/install/turtlebot3_gazebo/share/turtlebot3_gazebo/package.sh'
[1.344s] INFO:colcon.colcon_core.shell:Creating package script '/home/leo/TFG_Proyect/install/turtlebot3_gazebo/share/turtlebot3_gazebo/package.bash'
[1.344s] INFO:colcon.colcon_core.shell:Creating package script '/home/leo/TFG_Proyect/install/turtlebot3_gazebo/share/turtlebot3_gazebo/package.zsh'
[1.344s] Level 1:colcon.colcon_core.environment:create_file_with_runtime_dependencies(/home/leo/TFG_Proyect/install/turtlebot3_gazebo/share/colcon-core/packages/turtlebot3_gazebo)
[1.375s] Level 1:colcon.colcon_core.environment:create_environment_scripts_only(turtlebot3_gazebo)
[1.385s] Level 1:colcon.colcon_core.environment:checking '/home/leo/TFG_Proyect/install/turtlebot3_gazebo' for CMake module files
[1.385s] Level 1:colcon.colcon_core.environment:checking '/home/leo/TFG_Proyect/install/turtlebot3_gazebo' for CMake config files
[1.386s] Level 1:colcon.colcon_core.shell:create_environment_hook('turtlebot3_gazebo', 'cmake_prefix_path')
[1.395s] INFO:colcon.colcon_core.shell:Creating environment hook '/home/leo/TFG_Proyect/install/turtlebot3_gazebo/share/turtlebot3_gazebo/hook/cmake_prefix_path.ps1'
[1.395s] INFO:colcon.colcon_core.shell:Creating environment descriptor '/home/leo/TFG_Proyect/install/turtlebot3_gazebo/share/turtlebot3_gazebo/hook/cmake_prefix_path.dsv'
[1.395s] INFO:colcon.colcon_core.shell:Creating environment hook '/home/leo/TFG_Proyect/install/turtlebot3_gazebo/share/turtlebot3_gazebo/hook/cmake_prefix_path.sh'
[1.396s] Level 1:colcon.colcon_core.environment:checking '/home/leo/TFG_Proyect/install/turtlebot3_gazebo/lib'
[1.396s] Level 1:colcon.colcon_core.environment:checking '/home/leo/TFG_Proyect/install/turtlebot3_gazebo/bin'
[1.396s] Level 1:colcon.colcon_core.environment:checking '/home/leo/TFG_Proyect/install/turtlebot3_gazebo/lib/pkgconfig/turtlebot3_gazebo.pc'
[1.396s] Level 1:colcon.colcon_core.environment:checking '/home/leo/TFG_Proyect/install/turtlebot3_gazebo/lib/python3.10/site-packages'
[1.396s] Level 1:colcon.colcon_core.environment:checking '/home/leo/TFG_Proyect/install/turtlebot3_gazebo/bin'
[1.405s] INFO:colcon.colcon_core.shell:Creating package script '/home/leo/TFG_Proyect/install/turtlebot3_gazebo/share/turtlebot3_gazebo/package.ps1'
[1.406s] INFO:colcon.colcon_core.shell:Creating package descriptor '/home/leo/TFG_Proyect/install/turtlebot3_gazebo/share/turtlebot3_gazebo/package.dsv'
[1.406s] INFO:colcon.colcon_core.shell:Creating package script '/home/leo/TFG_Proyect/install/turtlebot3_gazebo/share/turtlebot3_gazebo/package.sh'
[1.406s] INFO:colcon.colcon_core.shell:Creating package script '/home/leo/TFG_Proyect/install/turtlebot3_gazebo/share/turtlebot3_gazebo/package.bash'
[1.406s] INFO:colcon.colcon_core.shell:Creating package script '/home/leo/TFG_Proyect/install/turtlebot3_gazebo/share/turtlebot3_gazebo/package.zsh'
[1.407s] Level 1:colcon.colcon_core.environment:create_file_with_runtime_dependencies(/home/leo/TFG_Proyect/install/turtlebot3_gazebo/share/colcon-core/packages/turtlebot3_gazebo)
[1.407s] INFO:colcon.colcon_ros.task.ament_cmake.build:Building ROS package in '/home/leo/TFG_Proyect/src/ros2_ws/src/turtlebot3_simulations/turtlebot3_simulations' with build type 'ament_cmake'
[1.407s] INFO:colcon.colcon_cmake.task.cmake.build:Building CMake package in '/home/leo/TFG_Proyect/src/ros2_ws/src/turtlebot3_simulations/turtlebot3_simulations'
[1.417s] INFO:colcon.colcon_core.shell:Skip shell extension 'powershell' for command environment: Not usable outside of PowerShell
[1.417s] DEBUG:colcon.colcon_core.shell:Skip shell extension 'dsv' for command environment
[1.452s] DEBUG:colcon.colcon_core.event_handler.log_command:Invoking command in '/home/leo/TFG_Proyect/build/turtlebot3_simulations': AMENT_PREFIX_PATH=/home/leo/TFG_Proyect/install/turtlebot3_gazebo:/home/leo/TFG_Proyect/install/turtlebot3_fake_node:${AMENT_PREFIX_PATH} CMAKE_PREFIX_PATH=/home/leo/TFG_Proyect/install/turtlebot3_gazebo:/home/leo/TFG_Proyect/install/turtlebot3_fake_node:/home/leo/ros2_ws/install/turtlebot3_simulations:/home/leo/ros2_ws/install/turtlebot3_gazebo:/home/leo/ros2_ws/install/turtlebot3_fake_node:/home/leo/ros2_ws/install/examples_pkg:/opt/ros/humble /usr/bin/cmake --build /home/leo/TFG_Proyect/build/turtlebot3_simulations -- -j8 -l8
[1.483s] DEBUG:colcon.colcon_core.event_handler.log_command:Invoked command in '/home/leo/TFG_Proyect/build/turtlebot3_simulations' returned '0': AMENT_PREFIX_PATH=/home/leo/TFG_Proyect/install/turtlebot3_gazebo:/home/leo/TFG_Proyect/install/turtlebot3_fake_node:${AMENT_PREFIX_PATH} CMAKE_PREFIX_PATH=/home/leo/TFG_Proyect/install/turtlebot3_gazebo:/home/leo/TFG_Proyect/install/turtlebot3_fake_node:/home/leo/ros2_ws/install/turtlebot3_simulations:/home/leo/ros2_ws/install/turtlebot3_gazebo:/home/leo/ros2_ws/install/turtlebot3_fake_node:/home/leo/ros2_ws/install/examples_pkg:/opt/ros/humble /usr/bin/cmake --build /home/leo/TFG_Proyect/build/turtlebot3_simulations -- -j8 -l8
[1.515s] DEBUG:colcon.colcon_core.event_handler.log_command:Invoking command in '/home/leo/TFG_Proyect/build/turtlebot3_simulations': AMENT_PREFIX_PATH=/home/leo/TFG_Proyect/install/turtlebot3_gazebo:/home/leo/TFG_Proyect/install/turtlebot3_fake_node:${AMENT_PREFIX_PATH} CMAKE_PREFIX_PATH=/home/leo/TFG_Proyect/install/turtlebot3_gazebo:/home/leo/TFG_Proyect/install/turtlebot3_fake_node:/home/leo/ros2_ws/install/turtlebot3_simulations:/home/leo/ros2_ws/install/turtlebot3_gazebo:/home/leo/ros2_ws/install/turtlebot3_fake_node:/home/leo/ros2_ws/install/examples_pkg:/opt/ros/humble /usr/bin/cmake --install /home/leo/TFG_Proyect/build/turtlebot3_simulations
[1.527s] Level 1:colcon.colcon_core.environment:create_environment_scripts_only(turtlebot3_simulations)
[1.528s] DEBUG:colcon.colcon_core.event_handler.log_command:Invoked command in '/home/leo/TFG_Proyect/build/turtlebot3_simulations' returned '0': AMENT_PREFIX_PATH=/home/leo/TFG_Proyect/install/turtlebot3_gazebo:/home/leo/TFG_Proyect/install/turtlebot3_fake_node:${AMENT_PREFIX_PATH} CMAKE_PREFIX_PATH=/home/leo/TFG_Proyect/install/turtlebot3_gazebo:/home/leo/TFG_Proyect/install/turtlebot3_fake_node:/home/leo/ros2_ws/install/turtlebot3_simulations:/home/leo/ros2_ws/install/turtlebot3_gazebo:/home/leo/ros2_ws/install/turtlebot3_fake_node:/home/leo/ros2_ws/install/examples_pkg:/opt/ros/humble /usr/bin/cmake --install /home/leo/TFG_Proyect/build/turtlebot3_simulations
[1.540s] Level 1:colcon.colcon_core.environment:checking '/home/leo/TFG_Proyect/install/turtlebot3_simulations' for CMake module files
[1.541s] Level 1:colcon.colcon_core.environment:checking '/home/leo/TFG_Proyect/install/turtlebot3_simulations' for CMake config files
[1.541s] Level 1:colcon.colcon_core.shell:create_environment_hook('turtlebot3_simulations', 'cmake_prefix_path')
[1.550s] INFO:colcon.colcon_core.shell:Creating environment hook '/home/leo/TFG_Proyect/install/turtlebot3_simulations/share/turtlebot3_simulations/hook/cmake_prefix_path.ps1'
[1.551s] INFO:colcon.colcon_core.shell:Creating environment descriptor '/home/leo/TFG_Proyect/install/turtlebot3_simulations/share/turtlebot3_simulations/hook/cmake_prefix_path.dsv'
[1.551s] INFO:colcon.colcon_core.shell:Creating environment hook '/home/leo/TFG_Proyect/install/turtlebot3_simulations/share/turtlebot3_simulations/hook/cmake_prefix_path.sh'
[1.551s] Level 1:colcon.colcon_core.environment:checking '/home/leo/TFG_Proyect/install/turtlebot3_simulations/bin'
[1.551s] Level 1:colcon.colcon_core.environment:checking '/home/leo/TFG_Proyect/install/turtlebot3_simulations/lib/pkgconfig/turtlebot3_simulations.pc'
[1.551s] Level 1:colcon.colcon_core.environment:checking '/home/leo/TFG_Proyect/install/turtlebot3_simulations/lib/python3.10/site-packages'
[1.552s] Level 1:colcon.colcon_core.environment:checking '/home/leo/TFG_Proyect/install/turtlebot3_simulations/bin'
[1.561s] INFO:colcon.colcon_core.shell:Creating package script '/home/leo/TFG_Proyect/install/turtlebot3_simulations/share/turtlebot3_simulations/package.ps1'
[1.561s] INFO:colcon.colcon_core.shell:Creating package descriptor '/home/leo/TFG_Proyect/install/turtlebot3_simulations/share/turtlebot3_simulations/package.dsv'
[1.561s] INFO:colcon.colcon_core.shell:Creating package script '/home/leo/TFG_Proyect/install/turtlebot3_simulations/share/turtlebot3_simulations/package.sh'
[1.561s] INFO:colcon.colcon_core.shell:Creating package script '/home/leo/TFG_Proyect/install/turtlebot3_simulations/share/turtlebot3_simulations/package.bash'
[1.562s] INFO:colcon.colcon_core.shell:Creating package script '/home/leo/TFG_Proyect/install/turtlebot3_simulations/share/turtlebot3_simulations/package.zsh'
[1.562s] Level 1:colcon.colcon_core.environment:create_file_with_runtime_dependencies(/home/leo/TFG_Proyect/install/turtlebot3_simulations/share/colcon-core/packages/turtlebot3_simulations)
[1.585s] Level 1:colcon.colcon_core.environment:create_environment_scripts_only(turtlebot3_simulations)
[1.594s] Level 1:colcon.colcon_core.environment:checking '/home/leo/TFG_Proyect/install/turtlebot3_simulations' for CMake module files
[1.594s] Level 1:colcon.colcon_core.environment:checking '/home/leo/TFG_Proyect/install/turtlebot3_simulations' for CMake config files
[1.594s] Level 1:colcon.colcon_core.shell:create_environment_hook('turtlebot3_simulations', 'cmake_prefix_path')
[1.603s] INFO:colcon.colcon_core.shell:Creating environment hook '/home/leo/TFG_Proyect/install/turtlebot3_simulations/share/turtlebot3_simulations/hook/cmake_prefix_path.ps1'
[1.604s] INFO:colcon.colcon_core.shell:Creating environment descriptor '/home/leo/TFG_Proyect/install/turtlebot3_simulations/share/turtlebot3_simulations/hook/cmake_prefix_path.dsv'
[1.604s] INFO:colcon.colcon_core.shell:Creating environment hook '/home/leo/TFG_Proyect/install/turtlebot3_simulations/share/turtlebot3_simulations/hook/cmake_prefix_path.sh'
[1.604s] Level 1:colcon.colcon_core.environment:checking '/home/leo/TFG_Proyect/install/turtlebot3_simulations/bin'
[1.604s] Level 1:colcon.colcon_core.environment:checking '/home/leo/TFG_Proyect/install/turtlebot3_simulations/lib/pkgconfig/turtlebot3_simulations.pc'
[1.604s] Level 1:colcon.colcon_core.environment:checking '/home/leo/TFG_Proyect/install/turtlebot3_simulations/lib/python3.10/site-packages'
[1.605s] Level 1:colcon.colcon_core.environment:checking '/home/leo/TFG_Proyect/install/turtlebot3_simulations/bin'
[1.614s] INFO:colcon.colcon_core.shell:Creating package script '/home/leo/TFG_Proyect/install/turtlebot3_simulations/share/turtlebot3_simulations/package.ps1'
[1.615s] INFO:colcon.colcon_core.shell:Creating package descriptor '/home/leo/TFG_Proyect/install/turtlebot3_simulations/share/turtlebot3_simulations/package.dsv'
[1.615s] INFO:colcon.colcon_core.shell:Creating package script '/home/leo/TFG_Proyect/install/turtlebot3_simulations/share/turtlebot3_simulations/package.sh'
[1.615s] INFO:colcon.colcon_core.shell:Creating package script '/home/leo/TFG_Proyect/install/turtlebot3_simulations/share/turtlebot3_simulations/package.bash'
[1.615s] INFO:colcon.colcon_core.shell:Creating package script '/home/leo/TFG_Proyect/install/turtlebot3_simulations/share/turtlebot3_simulations/package.zsh'
[1.615s] Level 1:colcon.colcon_core.environment:create_file_with_runtime_dependencies(/home/leo/TFG_Proyect/install/turtlebot3_simulations/share/colcon-core/packages/turtlebot3_simulations)
[1.616s] DEBUG:colcon.colcon_parallel_executor.executor.parallel:closing loop
[1.616s] DEBUG:colcon.colcon_parallel_executor.executor.parallel:loop closed
[1.616s] DEBUG:colcon.colcon_parallel_executor.executor.parallel:run_until_complete finished with '0'
[1.616s] DEBUG:colcon.colcon_core.event_reactor:joining thread
[1.629s] INFO:colcon.colcon_core.plugin_system:Skipping extension 'colcon_notification.desktop_notification.terminal_notifier': Not used on non-Darwin systems
[1.629s] INFO:colcon.colcon_core.plugin_system:Skipping extension 'colcon_notification.desktop_notification.win32': Not used on non-Windows systems
[1.629s] INFO:colcon.colcon_notification.desktop_notification:Sending desktop notification using 'notify2'
[1.642s] DEBUG:colcon.colcon_core.event_reactor:joined thread
[1.652s] INFO:colcon.colcon_core.shell:Creating prefix script '/home/leo/TFG_Proyect/install/local_setup.ps1'
[1.653s] INFO:colcon.colcon_core.shell:Creating prefix util module '/home/leo/TFG_Proyect/install/_local_setup_util_ps1.py'
[1.654s] INFO:colcon.colcon_core.shell:Creating prefix chain script '/home/leo/TFG_Proyect/install/setup.ps1'
[1.664s] INFO:colcon.colcon_core.shell:Creating prefix script '/home/leo/TFG_Proyect/install/local_setup.sh'
[1.664s] INFO:colcon.colcon_core.shell:Creating prefix util module '/home/leo/TFG_Proyect/install/_local_setup_util_sh.py'
[1.665s] INFO:colcon.colcon_core.shell:Creating prefix chain script '/home/leo/TFG_Proyect/install/setup.sh'
[1.674s] INFO:colcon.colcon_core.shell:Creating prefix script '/home/leo/TFG_Proyect/install/local_setup.bash'
[1.675s] INFO:colcon.colcon_core.shell:Creating prefix chain script '/home/leo/TFG_Proyect/install/setup.bash'
[1.685s] INFO:colcon.colcon_core.shell:Creating prefix script '/home/leo/TFG_Proyect/install/local_setup.zsh'
[1.685s] INFO:colcon.colcon_core.shell:Creating prefix chain script '/home/leo/TFG_Proyect/install/setup.zsh'
