[0.082s] Invoking command in '/home/leo/TFG_Proyect/build/turtlebot3_gazebo': CMAKE_PREFIX_PATH=/home/leo/tfg_leo_ws/install/turtlebot3_simulations:/home/leo/tfg_leo_ws/install/turtlebot3_gazebo:/home/leo/tfg_leo_ws/install/turtlebot3_fake_node:/home/leo/rmf_ws/install/rmf_workcell_msgs:/home/leo/rmf_ws/install/rmf_demos_gz_classic:/home/leo/rmf_ws/install/rmf_demos_gz:/home/leo/rmf_ws/install/rmf_demos:/home/leo/rmf_ws/install/rmf_fleet_adapter_python:/home/leo/rmf_ws/install/rmf_fleet_adapter:/home/leo/rmf_ws/install/rmf_task_ros2:/home/leo/rmf_ws/install/rmf_websocket:/home/leo/rmf_ws/install/rmf_visualization:/home/leo/rmf_ws/install/rmf_visualization_schedule:/home/leo/rmf_ws/install/rmf_visualization_rviz2_plugins:/home/leo/rmf_ws/install/rmf_visualization_obstacles:/home/leo/rmf_ws/install/rmf_visualization_navgraphs:/home/leo/rmf_ws/install/rmf_visualization_floorplans:/home/leo/rmf_ws/install/rmf_visualization_fleet_states:/home/leo/rmf_ws/install/rmf_visualization_msgs:/home/leo/rmf_ws/install/rmf_traffic_ros2:/home/leo/rmf_ws/install/rmf_task_sequence:/home/leo/rmf_ws/install/rmf_task:/home/leo/rmf_ws/install/rmf_battery:/home/leo/rmf_ws/install/rmf_traffic:/home/leo/rmf_ws/install/rmf_utils:/home/leo/rmf_ws/install/rmf_traffic_msgs:/home/leo/rmf_ws/install/rmf_traffic_editor_test_maps:/home/leo/rmf_ws/install/rmf_traffic_editor:/home/leo/rmf_ws/install/rmf_task_msgs:/home/leo/rmf_ws/install/rmf_site_map_msgs:/home/leo/rmf_ws/install/rmf_scheduler_msgs:/home/leo/rmf_ws/install/rmf_robot_sim_gz_plugins:/home/leo/rmf_ws/install/rmf_robot_sim_gz_classic_plugins:/home/leo/rmf_ws/install/rmf_robot_sim_common:/home/leo/rmf_ws/install/rmf_obstacle_msgs:/home/leo/rmf_ws/install/rmf_building_sim_gz_plugins:/home/leo/rmf_ws/install/rmf_building_sim_gz_classic_plugins:/home/leo/rmf_ws/install/rmf_building_sim_common:/home/leo/rmf_ws/install/rmf_lift_msgs:/home/leo/rmf_ws/install/rmf_ingestor_msgs:/home/leo/rmf_ws/install/rmf_fleet_msgs:/home/leo/rmf_ws/install/rmf_door_msgs:/home/leo/rmf_ws/install/rmf_dispenser_msgs:/home/leo/rmf_ws/install/rmf_demos_maps:/home/leo/rmf_ws/install/rmf_demos_dashboard_resources:/home/leo/rmf_ws/install/rmf_demos_assets:/home/leo/rmf_ws/install/rmf_charger_msgs:/home/leo/rmf_ws/install/rmf_building_map_msgs:/home/leo/rmf_ws/install/rmf_api_msgs:/home/leo/rmf_ws/install/pybind11_json_vendor:/home/leo/rmf_ws/install/nlohmann_json_schema_validator_vendor:/home/leo/rmf_ws/install/rmf_demos_fleet_adapter:/home/leo/rmf_ws/install/rmf_visualization_building_systems:/home/leo/rmf_ws/install/rmf_traffic_examples:/home/leo/rmf_ws/install/rmf_demos_bridges:/home/leo/rmf_ws/install/rmf_traffic_editor_assets:/home/leo/rmf_ws/install/rmf_demos_tasks:/home/leo/rmf_ws/install/rmf_demos_panel:/home/leo/rmf_ws/install/rmf_building_map_tools:/opt/ros/humble:/home/leo/rmf_ws/install/menge_vendor:/home/leo/rmf_ws/install/ament_cmake_catch2:/home/leo/ros2_ws/install/starbots_rmf:/home/leo/ros2_ws/install/ff_examples_ros2:/home/leo/ros2_ws/install/free_fleet_server_ros2:/home/leo/ros2_ws/install/free_fleet_client_ros2:/home/leo/ros2_ws/install/free_fleet:/home/leo/ros2_ws/install/box_bot_tutorials:/home/leo/ros2_ws/install/box_bot_photo:/home/leo/ros2_ws/install/box_bot_gazebo:/home/leo/ros2_ws/install/box_bot_description:/home/leo/ros2_ws/install/barista_gazebo:/home/leo/ros2_ws/install/barista_extra_models:/home/leo/ros2_ws/install/barista_description /usr/bin/cmake /home/leo/TFG_Proyect/src/turtlebot3_simulations/turtlebot3_gazebo -DCMAKE_INSTALL_PREFIX=/home/leo/TFG_Proyect/install/turtlebot3_gazebo
[0.179s] -- The C compiler identification is GNU 11.4.0
[0.253s] -- The CXX compiler identification is GNU 11.4.0
[0.264s] -- Detecting C compiler ABI info
[0.328s] -- Detecting C compiler ABI info - done
[0.333s] -- Check for working C compiler: /usr/bin/cc - skipped
[0.334s] -- Detecting C compile features
[0.334s] -- Detecting C compile features - done
[0.337s] -- Detecting CXX compiler ABI info
[0.406s] -- Detecting CXX compiler ABI info - done
[0.416s] -- Check for working CXX compiler: /usr/bin/c++ - skipped
[0.416s] -- Detecting CXX compile features
[0.417s] -- Detecting CXX compile features - done
[0.426s] -- Found ament_cmake: 1.3.5 (/opt/ros/humble/share/ament_cmake/cmake)
[0.624s] -- Found Python3: /usr/bin/python3.10 (found version "3.10.12") found components: Interpreter 
[0.763s] [33mCMake Warning (dev) at /usr/share/cmake-3.22/Modules/FindPackageHandleStandardArgs.cmake:438 (message):
[0.763s]   The package name passed to `find_package_handle_standard_args` (PkgConfig)
[0.763s]   does not match the name of the calling package (gazebo).  This can lead to
[0.763s]   problems in calling code that expects `find_package` result variables
[0.763s]   (e.g., `_FOUND`) to follow a certain pattern.
[0.763s] Call Stack (most recent call first):
[0.763s]   /usr/share/cmake-3.22/Modules/FindPkgConfig.cmake:99 (find_package_handle_standard_args)
[0.763s]   /usr/lib/x86_64-linux-gnu/cmake/gazebo/gazebo-config.cmake:72 (include)
[0.763s]   CMakeLists.txt:23 (find_package)
[0.763s] This warning is for project developers.  Use -Wno-dev to suppress it.
[0.763s] [0m
[0.763s] -- Found PkgConfig: /usr/bin/pkg-config (found version "0.29.2") 
[0.766s] -- Checking for module 'bullet>=2.82'
[0.782s] --   Found bullet, version 3.05
[0.920s] -- Found fcl: /usr/include (found suitable version "0.7.0", minimum required is "0.5.0") 
[0.976s] -- Found assimp: /usr/include (found version "5.2.0") 
[1.016s] -- Found DART: /usr/include (Required is at least version "6.6") found components: dart 
[1.193s] -- Found Boost: /usr/lib/x86_64-linux-gnu/cmake/Boost-1.74.0/BoostConfig.cmake (found suitable version "1.74.0", minimum required is "1.40.0") found components: thread system filesystem program_options regex iostreams date_time 
[1.216s] -- Found Protobuf: /usr/lib/x86_64-linux-gnu/libprotobuf.so (found version "3.12.4") 
[1.227s] -- Looking for ignition-math6 -- found version 6.15.0
[1.237s] -- Searching for dependencies of ignition-math6
[1.239s] -- Looking for OGRE...
[1.240s] -- OGRE_PREFIX_WATCH changed.
[1.244s] -- Checking for module 'OGRE'
[1.262s] --   Found OGRE, version 1.9.0
[1.300s] -- Found Ogre Ghadamon (1.9.0)
[1.313s] -- Found OGRE: optimized;/usr/lib/x86_64-linux-gnu/libOgreMain.so;debug;/usr/lib/x86_64-linux-gnu/libOgreMain.so
[1.320s] -- Looking for OGRE_Paging...
[1.330s] -- Found OGRE_Paging: optimized;/usr/lib/x86_64-linux-gnu/libOgrePaging.so;debug;/usr/lib/x86_64-linux-gnu/libOgrePaging.so
[1.330s] -- Looking for OGRE_Terrain...
[1.339s] -- Found OGRE_Terrain: optimized;/usr/lib/x86_64-linux-gnu/libOgreTerrain.so;debug;/usr/lib/x86_64-linux-gnu/libOgreTerrain.so
[1.339s] -- Looking for OGRE_Property...
[1.347s] -- Found OGRE_Property: optimized;/usr/lib/x86_64-linux-gnu/libOgreProperty.so;debug;/usr/lib/x86_64-linux-gnu/libOgreProperty.so
[1.347s] -- Looking for OGRE_RTShaderSystem...
[1.358s] -- Found OGRE_RTShaderSystem: optimized;/usr/lib/x86_64-linux-gnu/libOgreRTShaderSystem.so;debug;/usr/lib/x86_64-linux-gnu/libOgreRTShaderSystem.so
[1.358s] -- Looking for OGRE_Volume...
[1.367s] -- Found OGRE_Volume: optimized;/usr/lib/x86_64-linux-gnu/libOgreVolume.so;debug;/usr/lib/x86_64-linux-gnu/libOgreVolume.so
[1.367s] -- Looking for OGRE_Overlay...
[1.375s] -- Found OGRE_Overlay: optimized;/usr/lib/x86_64-linux-gnu/libOgreOverlay.so;debug;/usr/lib/x86_64-linux-gnu/libOgreOverlay.so
[1.559s] -- Looking for ignition-math6 -- found version 6.15.0
[1.564s] -- Looking for ignition-transport8 -- found version 8.2.1
[1.564s] -- Searching for dependencies of ignition-transport8
[1.583s] -- Found Protobuf: /usr/lib/x86_64-linux-gnu/libprotobuf.so (found suitable version "3.12.4", minimum required is "3") 
[1.594s] -- Config-file not installed for ZeroMQ -- checking for pkg-config
[1.598s] -- Checking for module 'libzmq >= 4'
[1.618s] --   Found libzmq , version 4.3.4
[1.656s] -- Found ZeroMQ: TRUE (Required is at least version "4") 
[1.662s] -- Checking for module 'uuid'
[1.678s] --   Found uuid, version 2.37.2
[1.712s] -- Found UUID: TRUE  
[1.718s] -- Looking for ignition-msgs5 -- found version 5.8.1
[1.718s] -- Searching for dependencies of ignition-msgs5
[1.737s] -- Looking for ignition-math6 -- found version 6.15.0
[1.741s] -- Checking for module 'tinyxml2'
[1.758s] --   Found tinyxml2, version 9.0.0
[1.795s] -- Looking for ignition-msgs5 -- found version 5.8.1
[1.801s] -- Looking for ignition-common3 -- found version 3.14.0
[1.802s] -- Searching for dependencies of ignition-common3
[1.802s] -- Looking for dlfcn.h - found
[1.803s] -- Looking for libdl - found
[1.805s] -- Found DL: TRUE  
[1.820s] -- Found tinyobjloader: /usr/lib/x86_64-linux-gnu/cmake/tinyobjloader/tinyobjloader-config.cmake (found version "2.0.0") 
[1.820s] -- Searching for <ignition-common3> component [graphics]
[1.826s] -- Looking for ignition-common3-graphics -- found version 3.14.0
[1.826s] -- Searching for dependencies of ignition-common3-graphics
[1.826s] -- Looking for ignition-math6 -- found version 6.15.0
[1.833s] -- Looking for ignition-fuel_tools4 -- found version 4.4.0
[1.833s] -- Searching for dependencies of ignition-fuel_tools4
[1.923s] -- Found CURL: /usr/lib/x86_64-linux-gnu/libcurl.so (found version "7.81.0")  
[1.937s] -- Checking for module 'jsoncpp'
[1.954s] --   Found jsoncpp, version 1.9.5
[1.990s] -- Found JSONCPP: TRUE  
[1.998s] -- Checking for module 'libzip'
[2.014s] --   Found libzip, version 1.7.3
[2.049s] -- Found ZIP: TRUE  
[2.049s] -- Looking for ignition-common3 -- found version 3.14.0
[2.050s] -- Looking for ignition-math6 -- found version 6.15.0
[2.050s] -- Looking for ignition-msgs5 -- found version 5.8.1
[2.062s] -- Found gazebo_ros_pkgs: 3.7.0 (/opt/ros/humble/share/gazebo_ros_pkgs/cmake)
[2.067s] -- Found geometry_msgs: 4.2.3 (/opt/ros/humble/share/geometry_msgs/cmake)
[2.119s] -- Found rosidl_generator_c: 3.1.5 (/opt/ros/humble/share/rosidl_generator_c/cmake)
[2.128s] -- Found rosidl_adapter: 3.1.5 (/opt/ros/humble/share/rosidl_adapter/cmake)
[2.140s] -- Found rosidl_generator_cpp: 3.1.5 (/opt/ros/humble/share/rosidl_generator_cpp/cmake)
[2.158s] -- Using all available rosidl_typesupport_c: rosidl_typesupport_fastrtps_c;rosidl_typesupport_introspection_c
[2.183s] -- Using all available rosidl_typesupport_cpp: rosidl_typesupport_fastrtps_cpp;rosidl_typesupport_introspection_cpp
[2.276s] -- Found nav_msgs: 4.2.3 (/opt/ros/humble/share/nav_msgs/cmake)
[2.335s] -- Found rclcpp: 16.0.6 (/opt/ros/humble/share/rclcpp/cmake)
[2.415s] -- Found rmw_implementation_cmake: 6.1.1 (/opt/ros/humble/share/rmw_implementation_cmake/cmake)
[2.426s] -- Found rmw_cyclonedds_cpp: 1.3.4 (/opt/ros/humble/share/rmw_cyclonedds_cpp/cmake)
[2.490s] -- Using RMW implementation 'rmw_cyclonedds_cpp' as default
[2.513s] -- Found Threads: TRUE  
[2.611s] -- Found sensor_msgs: 4.2.3 (/opt/ros/humble/share/sensor_msgs/cmake)
[2.672s] -- Found tf2: 0.25.4 (/opt/ros/humble/share/tf2/cmake)
[2.747s] -- Configuring done
[2.787s] -- Generating done
[2.788s] -- Build files have been written to: /home/leo/TFG_Proyect/build/turtlebot3_gazebo
[2.798s] Invoked command in '/home/leo/TFG_Proyect/build/turtlebot3_gazebo' returned '0': CMAKE_PREFIX_PATH=/home/leo/tfg_leo_ws/install/turtlebot3_simulations:/home/leo/tfg_leo_ws/install/turtlebot3_gazebo:/home/leo/tfg_leo_ws/install/turtlebot3_fake_node:/home/leo/rmf_ws/install/rmf_workcell_msgs:/home/leo/rmf_ws/install/rmf_demos_gz_classic:/home/leo/rmf_ws/install/rmf_demos_gz:/home/leo/rmf_ws/install/rmf_demos:/home/leo/rmf_ws/install/rmf_fleet_adapter_python:/home/leo/rmf_ws/install/rmf_fleet_adapter:/home/leo/rmf_ws/install/rmf_task_ros2:/home/leo/rmf_ws/install/rmf_websocket:/home/leo/rmf_ws/install/rmf_visualization:/home/leo/rmf_ws/install/rmf_visualization_schedule:/home/leo/rmf_ws/install/rmf_visualization_rviz2_plugins:/home/leo/rmf_ws/install/rmf_visualization_obstacles:/home/leo/rmf_ws/install/rmf_visualization_navgraphs:/home/leo/rmf_ws/install/rmf_visualization_floorplans:/home/leo/rmf_ws/install/rmf_visualization_fleet_states:/home/leo/rmf_ws/install/rmf_visualization_msgs:/home/leo/rmf_ws/install/rmf_traffic_ros2:/home/leo/rmf_ws/install/rmf_task_sequence:/home/leo/rmf_ws/install/rmf_task:/home/leo/rmf_ws/install/rmf_battery:/home/leo/rmf_ws/install/rmf_traffic:/home/leo/rmf_ws/install/rmf_utils:/home/leo/rmf_ws/install/rmf_traffic_msgs:/home/leo/rmf_ws/install/rmf_traffic_editor_test_maps:/home/leo/rmf_ws/install/rmf_traffic_editor:/home/leo/rmf_ws/install/rmf_task_msgs:/home/leo/rmf_ws/install/rmf_site_map_msgs:/home/leo/rmf_ws/install/rmf_scheduler_msgs:/home/leo/rmf_ws/install/rmf_robot_sim_gz_plugins:/home/leo/rmf_ws/install/rmf_robot_sim_gz_classic_plugins:/home/leo/rmf_ws/install/rmf_robot_sim_common:/home/leo/rmf_ws/install/rmf_obstacle_msgs:/home/leo/rmf_ws/install/rmf_building_sim_gz_plugins:/home/leo/rmf_ws/install/rmf_building_sim_gz_classic_plugins:/home/leo/rmf_ws/install/rmf_building_sim_common:/home/leo/rmf_ws/install/rmf_lift_msgs:/home/leo/rmf_ws/install/rmf_ingestor_msgs:/home/leo/rmf_ws/install/rmf_fleet_msgs:/home/leo/rmf_ws/install/rmf_door_msgs:/home/leo/rmf_ws/install/rmf_dispenser_msgs:/home/leo/rmf_ws/install/rmf_demos_maps:/home/leo/rmf_ws/install/rmf_demos_dashboard_resources:/home/leo/rmf_ws/install/rmf_demos_assets:/home/leo/rmf_ws/install/rmf_charger_msgs:/home/leo/rmf_ws/install/rmf_building_map_msgs:/home/leo/rmf_ws/install/rmf_api_msgs:/home/leo/rmf_ws/install/pybind11_json_vendor:/home/leo/rmf_ws/install/nlohmann_json_schema_validator_vendor:/home/leo/rmf_ws/install/rmf_demos_fleet_adapter:/home/leo/rmf_ws/install/rmf_visualization_building_systems:/home/leo/rmf_ws/install/rmf_traffic_examples:/home/leo/rmf_ws/install/rmf_demos_bridges:/home/leo/rmf_ws/install/rmf_traffic_editor_assets:/home/leo/rmf_ws/install/rmf_demos_tasks:/home/leo/rmf_ws/install/rmf_demos_panel:/home/leo/rmf_ws/install/rmf_building_map_tools:/opt/ros/humble:/home/leo/rmf_ws/install/menge_vendor:/home/leo/rmf_ws/install/ament_cmake_catch2:/home/leo/ros2_ws/install/starbots_rmf:/home/leo/ros2_ws/install/ff_examples_ros2:/home/leo/ros2_ws/install/free_fleet_server_ros2:/home/leo/ros2_ws/install/free_fleet_client_ros2:/home/leo/ros2_ws/install/free_fleet:/home/leo/ros2_ws/install/box_bot_tutorials:/home/leo/ros2_ws/install/box_bot_photo:/home/leo/ros2_ws/install/box_bot_gazebo:/home/leo/ros2_ws/install/box_bot_description:/home/leo/ros2_ws/install/barista_gazebo:/home/leo/ros2_ws/install/barista_extra_models:/home/leo/ros2_ws/install/barista_description /usr/bin/cmake /home/leo/TFG_Proyect/src/turtlebot3_simulations/turtlebot3_gazebo -DCMAKE_INSTALL_PREFIX=/home/leo/TFG_Proyect/install/turtlebot3_gazebo
[2.800s] Invoking command in '/home/leo/TFG_Proyect/build/turtlebot3_gazebo': CMAKE_PREFIX_PATH=/home/leo/tfg_leo_ws/install/turtlebot3_simulations:/home/leo/tfg_leo_ws/install/turtlebot3_gazebo:/home/leo/tfg_leo_ws/install/turtlebot3_fake_node:/home/leo/rmf_ws/install/rmf_workcell_msgs:/home/leo/rmf_ws/install/rmf_demos_gz_classic:/home/leo/rmf_ws/install/rmf_demos_gz:/home/leo/rmf_ws/install/rmf_demos:/home/leo/rmf_ws/install/rmf_fleet_adapter_python:/home/leo/rmf_ws/install/rmf_fleet_adapter:/home/leo/rmf_ws/install/rmf_task_ros2:/home/leo/rmf_ws/install/rmf_websocket:/home/leo/rmf_ws/install/rmf_visualization:/home/leo/rmf_ws/install/rmf_visualization_schedule:/home/leo/rmf_ws/install/rmf_visualization_rviz2_plugins:/home/leo/rmf_ws/install/rmf_visualization_obstacles:/home/leo/rmf_ws/install/rmf_visualization_navgraphs:/home/leo/rmf_ws/install/rmf_visualization_floorplans:/home/leo/rmf_ws/install/rmf_visualization_fleet_states:/home/leo/rmf_ws/install/rmf_visualization_msgs:/home/leo/rmf_ws/install/rmf_traffic_ros2:/home/leo/rmf_ws/install/rmf_task_sequence:/home/leo/rmf_ws/install/rmf_task:/home/leo/rmf_ws/install/rmf_battery:/home/leo/rmf_ws/install/rmf_traffic:/home/leo/rmf_ws/install/rmf_utils:/home/leo/rmf_ws/install/rmf_traffic_msgs:/home/leo/rmf_ws/install/rmf_traffic_editor_test_maps:/home/leo/rmf_ws/install/rmf_traffic_editor:/home/leo/rmf_ws/install/rmf_task_msgs:/home/leo/rmf_ws/install/rmf_site_map_msgs:/home/leo/rmf_ws/install/rmf_scheduler_msgs:/home/leo/rmf_ws/install/rmf_robot_sim_gz_plugins:/home/leo/rmf_ws/install/rmf_robot_sim_gz_classic_plugins:/home/leo/rmf_ws/install/rmf_robot_sim_common:/home/leo/rmf_ws/install/rmf_obstacle_msgs:/home/leo/rmf_ws/install/rmf_building_sim_gz_plugins:/home/leo/rmf_ws/install/rmf_building_sim_gz_classic_plugins:/home/leo/rmf_ws/install/rmf_building_sim_common:/home/leo/rmf_ws/install/rmf_lift_msgs:/home/leo/rmf_ws/install/rmf_ingestor_msgs:/home/leo/rmf_ws/install/rmf_fleet_msgs:/home/leo/rmf_ws/install/rmf_door_msgs:/home/leo/rmf_ws/install/rmf_dispenser_msgs:/home/leo/rmf_ws/install/rmf_demos_maps:/home/leo/rmf_ws/install/rmf_demos_dashboard_resources:/home/leo/rmf_ws/install/rmf_demos_assets:/home/leo/rmf_ws/install/rmf_charger_msgs:/home/leo/rmf_ws/install/rmf_building_map_msgs:/home/leo/rmf_ws/install/rmf_api_msgs:/home/leo/rmf_ws/install/pybind11_json_vendor:/home/leo/rmf_ws/install/nlohmann_json_schema_validator_vendor:/home/leo/rmf_ws/install/rmf_demos_fleet_adapter:/home/leo/rmf_ws/install/rmf_visualization_building_systems:/home/leo/rmf_ws/install/rmf_traffic_examples:/home/leo/rmf_ws/install/rmf_demos_bridges:/home/leo/rmf_ws/install/rmf_traffic_editor_assets:/home/leo/rmf_ws/install/rmf_demos_tasks:/home/leo/rmf_ws/install/rmf_demos_panel:/home/leo/rmf_ws/install/rmf_building_map_tools:/opt/ros/humble:/home/leo/rmf_ws/install/menge_vendor:/home/leo/rmf_ws/install/ament_cmake_catch2:/home/leo/ros2_ws/install/starbots_rmf:/home/leo/ros2_ws/install/ff_examples_ros2:/home/leo/ros2_ws/install/free_fleet_server_ros2:/home/leo/ros2_ws/install/free_fleet_client_ros2:/home/leo/ros2_ws/install/free_fleet:/home/leo/ros2_ws/install/box_bot_tutorials:/home/leo/ros2_ws/install/box_bot_photo:/home/leo/ros2_ws/install/box_bot_gazebo:/home/leo/ros2_ws/install/box_bot_description:/home/leo/ros2_ws/install/barista_gazebo:/home/leo/ros2_ws/install/barista_extra_models:/home/leo/ros2_ws/install/barista_description /usr/bin/cmake --build /home/leo/TFG_Proyect/build/turtlebot3_gazebo -- -j8 -l8
[2.852s] [ 12%] [32mBuilding CXX object CMakeFiles/obstacles.dir/models/turtlebot3_dqn_world/obstacle_plugin/obstacles.cc.o[0m
[2.854s] [ 25%] [32mBuilding CXX object CMakeFiles/turtlebot3_drive.dir/src/turtlebot3_drive.cpp.o[0m
[2.854s] [ 37%] [32mBuilding CXX object CMakeFiles/obstacle2.dir/models/turtlebot3_dqn_world/obstacle_plugin/obstacle2.cc.o[0m
[2.861s] [ 50%] [32mBuilding CXX object CMakeFiles/obstacle1.dir/models/turtlebot3_dqn_world/obstacle_plugin/obstacle1.cc.o[0m
[12.355s] [ 62%] [32m[1mLinking CXX shared library libobstacle1.so[0m
[12.601s] [ 62%] Built target obstacle1
[12.675s] [ 75%] [32m[1mLinking CXX executable turtlebot3_drive[0m
[13.179s] [ 75%] Built target turtlebot3_drive
[13.551s] [ 87%] [32m[1mLinking CXX shared library libobstacle2.so[0m
[13.559s] [100%] [32m[1mLinking CXX shared library libobstacles.so[0m
[13.740s] [100%] Built target obstacles
[13.741s] [100%] Built target obstacle2
[13.750s] Invoked command in '/home/leo/TFG_Proyect/build/turtlebot3_gazebo' returned '0': CMAKE_PREFIX_PATH=/home/leo/tfg_leo_ws/install/turtlebot3_simulations:/home/leo/tfg_leo_ws/install/turtlebot3_gazebo:/home/leo/tfg_leo_ws/install/turtlebot3_fake_node:/home/leo/rmf_ws/install/rmf_workcell_msgs:/home/leo/rmf_ws/install/rmf_demos_gz_classic:/home/leo/rmf_ws/install/rmf_demos_gz:/home/leo/rmf_ws/install/rmf_demos:/home/leo/rmf_ws/install/rmf_fleet_adapter_python:/home/leo/rmf_ws/install/rmf_fleet_adapter:/home/leo/rmf_ws/install/rmf_task_ros2:/home/leo/rmf_ws/install/rmf_websocket:/home/leo/rmf_ws/install/rmf_visualization:/home/leo/rmf_ws/install/rmf_visualization_schedule:/home/leo/rmf_ws/install/rmf_visualization_rviz2_plugins:/home/leo/rmf_ws/install/rmf_visualization_obstacles:/home/leo/rmf_ws/install/rmf_visualization_navgraphs:/home/leo/rmf_ws/install/rmf_visualization_floorplans:/home/leo/rmf_ws/install/rmf_visualization_fleet_states:/home/leo/rmf_ws/install/rmf_visualization_msgs:/home/leo/rmf_ws/install/rmf_traffic_ros2:/home/leo/rmf_ws/install/rmf_task_sequence:/home/leo/rmf_ws/install/rmf_task:/home/leo/rmf_ws/install/rmf_battery:/home/leo/rmf_ws/install/rmf_traffic:/home/leo/rmf_ws/install/rmf_utils:/home/leo/rmf_ws/install/rmf_traffic_msgs:/home/leo/rmf_ws/install/rmf_traffic_editor_test_maps:/home/leo/rmf_ws/install/rmf_traffic_editor:/home/leo/rmf_ws/install/rmf_task_msgs:/home/leo/rmf_ws/install/rmf_site_map_msgs:/home/leo/rmf_ws/install/rmf_scheduler_msgs:/home/leo/rmf_ws/install/rmf_robot_sim_gz_plugins:/home/leo/rmf_ws/install/rmf_robot_sim_gz_classic_plugins:/home/leo/rmf_ws/install/rmf_robot_sim_common:/home/leo/rmf_ws/install/rmf_obstacle_msgs:/home/leo/rmf_ws/install/rmf_building_sim_gz_plugins:/home/leo/rmf_ws/install/rmf_building_sim_gz_classic_plugins:/home/leo/rmf_ws/install/rmf_building_sim_common:/home/leo/rmf_ws/install/rmf_lift_msgs:/home/leo/rmf_ws/install/rmf_ingestor_msgs:/home/leo/rmf_ws/install/rmf_fleet_msgs:/home/leo/rmf_ws/install/rmf_door_msgs:/home/leo/rmf_ws/install/rmf_dispenser_msgs:/home/leo/rmf_ws/install/rmf_demos_maps:/home/leo/rmf_ws/install/rmf_demos_dashboard_resources:/home/leo/rmf_ws/install/rmf_demos_assets:/home/leo/rmf_ws/install/rmf_charger_msgs:/home/leo/rmf_ws/install/rmf_building_map_msgs:/home/leo/rmf_ws/install/rmf_api_msgs:/home/leo/rmf_ws/install/pybind11_json_vendor:/home/leo/rmf_ws/install/nlohmann_json_schema_validator_vendor:/home/leo/rmf_ws/install/rmf_demos_fleet_adapter:/home/leo/rmf_ws/install/rmf_visualization_building_systems:/home/leo/rmf_ws/install/rmf_traffic_examples:/home/leo/rmf_ws/install/rmf_demos_bridges:/home/leo/rmf_ws/install/rmf_traffic_editor_assets:/home/leo/rmf_ws/install/rmf_demos_tasks:/home/leo/rmf_ws/install/rmf_demos_panel:/home/leo/rmf_ws/install/rmf_building_map_tools:/opt/ros/humble:/home/leo/rmf_ws/install/menge_vendor:/home/leo/rmf_ws/install/ament_cmake_catch2:/home/leo/ros2_ws/install/starbots_rmf:/home/leo/ros2_ws/install/ff_examples_ros2:/home/leo/ros2_ws/install/free_fleet_server_ros2:/home/leo/ros2_ws/install/free_fleet_client_ros2:/home/leo/ros2_ws/install/free_fleet:/home/leo/ros2_ws/install/box_bot_tutorials:/home/leo/ros2_ws/install/box_bot_photo:/home/leo/ros2_ws/install/box_bot_gazebo:/home/leo/ros2_ws/install/box_bot_description:/home/leo/ros2_ws/install/barista_gazebo:/home/leo/ros2_ws/install/barista_extra_models:/home/leo/ros2_ws/install/barista_description /usr/bin/cmake --build /home/leo/TFG_Proyect/build/turtlebot3_gazebo -- -j8 -l8
[13.827s] Invoking command in '/home/leo/TFG_Proyect/build/turtlebot3_gazebo': CMAKE_PREFIX_PATH=/home/leo/tfg_leo_ws/install/turtlebot3_simulations:/home/leo/tfg_leo_ws/install/turtlebot3_gazebo:/home/leo/tfg_leo_ws/install/turtlebot3_fake_node:/home/leo/rmf_ws/install/rmf_workcell_msgs:/home/leo/rmf_ws/install/rmf_demos_gz_classic:/home/leo/rmf_ws/install/rmf_demos_gz:/home/leo/rmf_ws/install/rmf_demos:/home/leo/rmf_ws/install/rmf_fleet_adapter_python:/home/leo/rmf_ws/install/rmf_fleet_adapter:/home/leo/rmf_ws/install/rmf_task_ros2:/home/leo/rmf_ws/install/rmf_websocket:/home/leo/rmf_ws/install/rmf_visualization:/home/leo/rmf_ws/install/rmf_visualization_schedule:/home/leo/rmf_ws/install/rmf_visualization_rviz2_plugins:/home/leo/rmf_ws/install/rmf_visualization_obstacles:/home/leo/rmf_ws/install/rmf_visualization_navgraphs:/home/leo/rmf_ws/install/rmf_visualization_floorplans:/home/leo/rmf_ws/install/rmf_visualization_fleet_states:/home/leo/rmf_ws/install/rmf_visualization_msgs:/home/leo/rmf_ws/install/rmf_traffic_ros2:/home/leo/rmf_ws/install/rmf_task_sequence:/home/leo/rmf_ws/install/rmf_task:/home/leo/rmf_ws/install/rmf_battery:/home/leo/rmf_ws/install/rmf_traffic:/home/leo/rmf_ws/install/rmf_utils:/home/leo/rmf_ws/install/rmf_traffic_msgs:/home/leo/rmf_ws/install/rmf_traffic_editor_test_maps:/home/leo/rmf_ws/install/rmf_traffic_editor:/home/leo/rmf_ws/install/rmf_task_msgs:/home/leo/rmf_ws/install/rmf_site_map_msgs:/home/leo/rmf_ws/install/rmf_scheduler_msgs:/home/leo/rmf_ws/install/rmf_robot_sim_gz_plugins:/home/leo/rmf_ws/install/rmf_robot_sim_gz_classic_plugins:/home/leo/rmf_ws/install/rmf_robot_sim_common:/home/leo/rmf_ws/install/rmf_obstacle_msgs:/home/leo/rmf_ws/install/rmf_building_sim_gz_plugins:/home/leo/rmf_ws/install/rmf_building_sim_gz_classic_plugins:/home/leo/rmf_ws/install/rmf_building_sim_common:/home/leo/rmf_ws/install/rmf_lift_msgs:/home/leo/rmf_ws/install/rmf_ingestor_msgs:/home/leo/rmf_ws/install/rmf_fleet_msgs:/home/leo/rmf_ws/install/rmf_door_msgs:/home/leo/rmf_ws/install/rmf_dispenser_msgs:/home/leo/rmf_ws/install/rmf_demos_maps:/home/leo/rmf_ws/install/rmf_demos_dashboard_resources:/home/leo/rmf_ws/install/rmf_demos_assets:/home/leo/rmf_ws/install/rmf_charger_msgs:/home/leo/rmf_ws/install/rmf_building_map_msgs:/home/leo/rmf_ws/install/rmf_api_msgs:/home/leo/rmf_ws/install/pybind11_json_vendor:/home/leo/rmf_ws/install/nlohmann_json_schema_validator_vendor:/home/leo/rmf_ws/install/rmf_demos_fleet_adapter:/home/leo/rmf_ws/install/rmf_visualization_building_systems:/home/leo/rmf_ws/install/rmf_traffic_examples:/home/leo/rmf_ws/install/rmf_demos_bridges:/home/leo/rmf_ws/install/rmf_traffic_editor_assets:/home/leo/rmf_ws/install/rmf_demos_tasks:/home/leo/rmf_ws/install/rmf_demos_panel:/home/leo/rmf_ws/install/rmf_building_map_tools:/opt/ros/humble:/home/leo/rmf_ws/install/menge_vendor:/home/leo/rmf_ws/install/ament_cmake_catch2:/home/leo/ros2_ws/install/starbots_rmf:/home/leo/ros2_ws/install/ff_examples_ros2:/home/leo/ros2_ws/install/free_fleet_server_ros2:/home/leo/ros2_ws/install/free_fleet_client_ros2:/home/leo/ros2_ws/install/free_fleet:/home/leo/ros2_ws/install/box_bot_tutorials:/home/leo/ros2_ws/install/box_bot_photo:/home/leo/ros2_ws/install/box_bot_gazebo:/home/leo/ros2_ws/install/box_bot_description:/home/leo/ros2_ws/install/barista_gazebo:/home/leo/ros2_ws/install/barista_extra_models:/home/leo/ros2_ws/install/barista_description /usr/bin/cmake --install /home/leo/TFG_Proyect/build/turtlebot3_gazebo
[13.843s] -- Install configuration: ""
[13.843s] -- Installing: /home/leo/TFG_Proyect/install/turtlebot3_gazebo/lib/turtlebot3_gazebo/turtlebot3_drive
[13.846s] -- Set runtime path of "/home/leo/TFG_Proyect/install/turtlebot3_gazebo/lib/turtlebot3_gazebo/turtlebot3_drive" to ""
[13.846s] -- Installing: /home/leo/TFG_Proyect/install/turtlebot3_gazebo/share/turtlebot3_gazebo//launch
[13.857s] -- Installing: /home/leo/TFG_Proyect/install/turtlebot3_gazebo/share/turtlebot3_gazebo//launch/turtlebot3_house.launch.py
[13.857s] -- Installing: /home/leo/TFG_Proyect/install/turtlebot3_gazebo/share/turtlebot3_gazebo//launch/dualboot_V2.launch.py
[13.857s] -- Installing: /home/leo/TFG_Proyect/install/turtlebot3_gazebo/share/turtlebot3_gazebo//launch/turtlebot3_dqn_stage1.launch.py
[13.857s] -- Installing: /home/leo/TFG_Proyect/install/turtlebot3_gazebo/share/turtlebot3_gazebo//launch/__pycache__
[13.857s] -- Installing: /home/leo/TFG_Proyect/install/turtlebot3_gazebo/share/turtlebot3_gazebo//launch/__pycache__/empty_world.launch.cpython-310.pyc
[13.858s] -- Installing: /home/leo/TFG_Proyect/install/turtlebot3_gazebo/share/turtlebot3_gazebo//launch/__pycache__/dualboot_empty_world.launch.cpython-310.pyc
[13.858s] -- Installing: /home/leo/TFG_Proyect/install/turtlebot3_gazebo/share/turtlebot3_gazebo//launch/empty_world.launch.py
[13.858s] -- Installing: /home/leo/TFG_Proyect/install/turtlebot3_gazebo/share/turtlebot3_gazebo//launch/test_diego.launch.py
[13.858s] -- Installing: /home/leo/TFG_Proyect/install/turtlebot3_gazebo/share/turtlebot3_gazebo//launch/warehouse_definitivo.launch.py
[13.858s] -- Installing: /home/leo/TFG_Proyect/install/turtlebot3_gazebo/share/turtlebot3_gazebo//launch/dualboot_empty_world.launch.py
[13.858s] -- Installing: /home/leo/TFG_Proyect/install/turtlebot3_gazebo/share/turtlebot3_gazebo//launch/turtlebot3_dqn_stage2.launch.py
[13.859s] -- Installing: /home/leo/TFG_Proyect/install/turtlebot3_gazebo/share/turtlebot3_gazebo//launch/spawn_turtlebot3.launch.py
[13.859s] -- Installing: /home/leo/TFG_Proyect/install/turtlebot3_gazebo/share/turtlebot3_gazebo//launch/turtlebot3_dqn_stage4.launch.py
[13.859s] -- Installing: /home/leo/TFG_Proyect/install/turtlebot3_gazebo/share/turtlebot3_gazebo//launch/turtlebot3_dqn_stage3.launch.py
[13.859s] -- Installing: /home/leo/TFG_Proyect/install/turtlebot3_gazebo/share/turtlebot3_gazebo//launch/V2_dualboot.launch.py
[13.859s] -- Installing: /home/leo/TFG_Proyect/install/turtlebot3_gazebo/share/turtlebot3_gazebo//launch/robot_state_publisher.launch.py
[13.859s] -- Installing: /home/leo/TFG_Proyect/install/turtlebot3_gazebo/share/turtlebot3_gazebo//launch/turtlebot3_world.launch.py
[13.860s] -- Installing: /home/leo/TFG_Proyect/install/turtlebot3_gazebo/share/turtlebot3_gazebo//models
[13.860s] -- Installing: /home/leo/TFG_Proyect/install/turtlebot3_gazebo/share/turtlebot3_gazebo//models/turtlebot3_waffle_pi
[13.860s] -- Installing: /home/leo/TFG_Proyect/install/turtlebot3_gazebo/share/turtlebot3_gazebo//models/turtlebot3_waffle_pi/model.sdf
[13.860s] -- Installing: /home/leo/TFG_Proyect/install/turtlebot3_gazebo/share/turtlebot3_gazebo//models/turtlebot3_waffle_pi/model-1_4_.sdf
[13.860s] -- Installing: /home/leo/TFG_Proyect/install/turtlebot3_gazebo/share/turtlebot3_gazebo//models/turtlebot3_waffle_pi/model.config
[13.860s] -- Installing: /home/leo/TFG_Proyect/install/turtlebot3_gazebo/share/turtlebot3_gazebo//models/turtlebot3_dqn_world
[13.860s] -- Installing: /home/leo/TFG_Proyect/install/turtlebot3_gazebo/share/turtlebot3_gazebo//models/turtlebot3_dqn_world/inner_walls
[13.861s] -- Installing: /home/leo/TFG_Proyect/install/turtlebot3_gazebo/share/turtlebot3_gazebo//models/turtlebot3_dqn_world/inner_walls/model.sdf
[13.861s] -- Installing: /home/leo/TFG_Proyect/install/turtlebot3_gazebo/share/turtlebot3_gazebo//models/turtlebot3_dqn_world/inner_walls/model.config
[13.861s] -- Installing: /home/leo/TFG_Proyect/install/turtlebot3_gazebo/share/turtlebot3_gazebo//models/turtlebot3_dqn_world/model.sdf
[13.861s] -- Installing: /home/leo/TFG_Proyect/install/turtlebot3_gazebo/share/turtlebot3_gazebo//models/turtlebot3_dqn_world/obstacle2
[13.861s] -- Installing: /home/leo/TFG_Proyect/install/turtlebot3_gazebo/share/turtlebot3_gazebo//models/turtlebot3_dqn_world/obstacle2/model.sdf
[13.861s] -- Installing: /home/leo/TFG_Proyect/install/turtlebot3_gazebo/share/turtlebot3_gazebo//models/turtlebot3_dqn_world/obstacle2/model.config
[13.861s] -- Installing: /home/leo/TFG_Proyect/install/turtlebot3_gazebo/share/turtlebot3_gazebo//models/turtlebot3_dqn_world/obstacles
[13.861s] -- Installing: /home/leo/TFG_Proyect/install/turtlebot3_gazebo/share/turtlebot3_gazebo//models/turtlebot3_dqn_world/obstacles/model.sdf
[13.861s] -- Installing: /home/leo/TFG_Proyect/install/turtlebot3_gazebo/share/turtlebot3_gazebo//models/turtlebot3_dqn_world/obstacles/model.config
[13.861s] -- Installing: /home/leo/TFG_Proyect/install/turtlebot3_gazebo/share/turtlebot3_gazebo//models/turtlebot3_dqn_world/obstacle_plugin
[13.861s] -- Installing: /home/leo/TFG_Proyect/install/turtlebot3_gazebo/share/turtlebot3_gazebo//models/turtlebot3_dqn_world/obstacle_plugin/obstacles.cc
[13.862s] -- Installing: /home/leo/TFG_Proyect/install/turtlebot3_gazebo/share/turtlebot3_gazebo//models/turtlebot3_dqn_world/obstacle_plugin/obstacle2.cc
[13.862s] -- Installing: /home/leo/TFG_Proyect/install/turtlebot3_gazebo/share/turtlebot3_gazebo//models/turtlebot3_dqn_world/obstacle_plugin/CMakeLists.txt
[13.862s] -- Installing: /home/leo/TFG_Proyect/install/turtlebot3_gazebo/share/turtlebot3_gazebo//models/turtlebot3_dqn_world/obstacle_plugin/obstacle1.cc
[13.862s] -- Installing: /home/leo/TFG_Proyect/install/turtlebot3_gazebo/share/turtlebot3_gazebo//models/turtlebot3_dqn_world/goal_box
[13.862s] -- Installing: /home/leo/TFG_Proyect/install/turtlebot3_gazebo/share/turtlebot3_gazebo//models/turtlebot3_dqn_world/goal_box/model.sdf
[13.862s] -- Installing: /home/leo/TFG_Proyect/install/turtlebot3_gazebo/share/turtlebot3_gazebo//models/turtlebot3_dqn_world/goal_box/model.config
[13.862s] -- Installing: /home/leo/TFG_Proyect/install/turtlebot3_gazebo/share/turtlebot3_gazebo//models/turtlebot3_dqn_world/model.config
[13.862s] -- Installing: /home/leo/TFG_Proyect/install/turtlebot3_gazebo/share/turtlebot3_gazebo//models/turtlebot3_dqn_world/obstacle1
[13.862s] -- Installing: /home/leo/TFG_Proyect/install/turtlebot3_gazebo/share/turtlebot3_gazebo//models/turtlebot3_dqn_world/obstacle1/model.sdf
[13.862s] -- Installing: /home/leo/TFG_Proyect/install/turtlebot3_gazebo/share/turtlebot3_gazebo//models/turtlebot3_dqn_world/obstacle1/model.config
[13.862s] -- Installing: /home/leo/TFG_Proyect/install/turtlebot3_gazebo/share/turtlebot3_gazebo//models/turtlebot3_world
[13.863s] -- Installing: /home/leo/TFG_Proyect/install/turtlebot3_gazebo/share/turtlebot3_gazebo//models/turtlebot3_world/model-1_4.sdf
[13.863s] -- Installing: /home/leo/TFG_Proyect/install/turtlebot3_gazebo/share/turtlebot3_gazebo//models/turtlebot3_world/meshes
[13.863s] -- Installing: /home/leo/TFG_Proyect/install/turtlebot3_gazebo/share/turtlebot3_gazebo//models/turtlebot3_world/meshes/wall.dae
[13.863s] -- Installing: /home/leo/TFG_Proyect/install/turtlebot3_gazebo/share/turtlebot3_gazebo//models/turtlebot3_world/meshes/hexagon.dae
[13.863s] -- Installing: /home/leo/TFG_Proyect/install/turtlebot3_gazebo/share/turtlebot3_gazebo//models/turtlebot3_world/model.sdf
[13.863s] -- Installing: /home/leo/TFG_Proyect/install/turtlebot3_gazebo/share/turtlebot3_gazebo//models/turtlebot3_world/model.config
[13.863s] -- Installing: /home/leo/TFG_Proyect/install/turtlebot3_gazebo/share/turtlebot3_gazebo//models/turtlebot3_waffle
[13.863s] -- Installing: /home/leo/TFG_Proyect/install/turtlebot3_gazebo/share/turtlebot3_gazebo//models/turtlebot3_waffle/model-1_4.sdf
[13.864s] -- Installing: /home/leo/TFG_Proyect/install/turtlebot3_gazebo/share/turtlebot3_gazebo//models/turtlebot3_waffle/model.sdf
[13.864s] -- Installing: /home/leo/TFG_Proyect/install/turtlebot3_gazebo/share/turtlebot3_gazebo//models/turtlebot3_waffle/model.config
[13.864s] -- Installing: /home/leo/TFG_Proyect/install/turtlebot3_gazebo/share/turtlebot3_gazebo//models/turtlebot3_house
[13.864s] -- Installing: /home/leo/TFG_Proyect/install/turtlebot3_gazebo/share/turtlebot3_gazebo//models/turtlebot3_house/model.sdf
[13.864s] -- Installing: /home/leo/TFG_Proyect/install/turtlebot3_gazebo/share/turtlebot3_gazebo//models/turtlebot3_house/model.config
[13.864s] -- Installing: /home/leo/TFG_Proyect/install/turtlebot3_gazebo/share/turtlebot3_gazebo//models/turtlebot3_burger
[13.865s] -- Installing: /home/leo/TFG_Proyect/install/turtlebot3_gazebo/share/turtlebot3_gazebo//models/turtlebot3_burger/model-1_4.sdf
[13.865s] -- Installing: /home/leo/TFG_Proyect/install/turtlebot3_gazebo/share/turtlebot3_gazebo//models/turtlebot3_burger/model.sdf
[13.865s] -- Installing: /home/leo/TFG_Proyect/install/turtlebot3_gazebo/share/turtlebot3_gazebo//models/turtlebot3_burger/model.config
[13.865s] -- Installing: /home/leo/TFG_Proyect/install/turtlebot3_gazebo/share/turtlebot3_gazebo//models/turtlebot3_common
[13.865s] -- Installing: /home/leo/TFG_Proyect/install/turtlebot3_gazebo/share/turtlebot3_gazebo//models/turtlebot3_common/meshes
[13.865s] -- Installing: /home/leo/TFG_Proyect/install/turtlebot3_gazebo/share/turtlebot3_gazebo//models/turtlebot3_common/meshes/waffle_base.dae
[13.866s] -- Installing: /home/leo/TFG_Proyect/install/turtlebot3_gazebo/share/turtlebot3_gazebo//models/turtlebot3_common/meshes/r200.dae
[13.866s] -- Installing: /home/leo/TFG_Proyect/install/turtlebot3_gazebo/share/turtlebot3_gazebo//models/turtlebot3_common/meshes/lds.dae
[13.866s] -- Installing: /home/leo/TFG_Proyect/install/turtlebot3_gazebo/share/turtlebot3_gazebo//models/turtlebot3_common/meshes/waffle_pi_base.dae
[13.867s] -- Installing: /home/leo/TFG_Proyect/install/turtlebot3_gazebo/share/turtlebot3_gazebo//models/turtlebot3_common/meshes/tire.dae
[13.867s] -- Installing: /home/leo/TFG_Proyect/install/turtlebot3_gazebo/share/turtlebot3_gazebo//models/turtlebot3_common/meshes/burger_base.dae
[13.867s] -- Installing: /home/leo/TFG_Proyect/install/turtlebot3_gazebo/share/turtlebot3_gazebo//models/turtlebot3_common/model.config
[13.867s] -- Installing: /home/leo/TFG_Proyect/install/turtlebot3_gazebo/share/turtlebot3_gazebo//rviz
[13.867s] -- Installing: /home/leo/TFG_Proyect/install/turtlebot3_gazebo/share/turtlebot3_gazebo//rviz/tb3_gazebo.rviz
[13.867s] -- Installing: /home/leo/TFG_Proyect/install/turtlebot3_gazebo/share/turtlebot3_gazebo//urdf
[13.867s] -- Installing: /home/leo/TFG_Proyect/install/turtlebot3_gazebo/share/turtlebot3_gazebo//urdf/turtlebot3_waffle.urdf
[13.868s] -- Installing: /home/leo/TFG_Proyect/install/turtlebot3_gazebo/share/turtlebot3_gazebo//urdf/turtlebot3_burger.urdf
[13.868s] -- Installing: /home/leo/TFG_Proyect/install/turtlebot3_gazebo/share/turtlebot3_gazebo//urdf/common_properties.urdf
[13.868s] -- Installing: /home/leo/TFG_Proyect/install/turtlebot3_gazebo/share/turtlebot3_gazebo//urdf/turtlebot3_waffle_pi.urdf
[13.868s] -- Installing: /home/leo/TFG_Proyect/install/turtlebot3_gazebo/share/turtlebot3_gazebo//worlds
[13.868s] -- Installing: /home/leo/TFG_Proyect/install/turtlebot3_gazebo/share/turtlebot3_gazebo//worlds/turtlebot3_dqn_stage3.world
[13.868s] -- Installing: /home/leo/TFG_Proyect/install/turtlebot3_gazebo/share/turtlebot3_gazebo//worlds/warehouse3.world
[13.869s] -- Installing: /home/leo/TFG_Proyect/install/turtlebot3_gazebo/share/turtlebot3_gazebo//worlds/warehouse1.world
[13.869s] -- Installing: /home/leo/TFG_Proyect/install/turtlebot3_gazebo/share/turtlebot3_gazebo//worlds/warehouse8.world
[13.869s] -- Installing: /home/leo/TFG_Proyect/install/turtlebot3_gazebo/share/turtlebot3_gazebo//worlds/warehouse2.world
[13.870s] -- Installing: /home/leo/TFG_Proyect/install/turtlebot3_gazebo/share/turtlebot3_gazebo//worlds/warehouse4.world
[13.870s] -- Installing: /home/leo/TFG_Proyect/install/turtlebot3_gazebo/share/turtlebot3_gazebo//worlds/turtlebot3_world.world
[13.870s] -- Installing: /home/leo/TFG_Proyect/install/turtlebot3_gazebo/share/turtlebot3_gazebo//worlds/warehouse7.world
[13.871s] -- Installing: /home/leo/TFG_Proyect/install/turtlebot3_gazebo/share/turtlebot3_gazebo//worlds/warehouse6.world
[13.871s] -- Installing: /home/leo/TFG_Proyect/install/turtlebot3_gazebo/share/turtlebot3_gazebo//worlds/turtlebot3_house.world
[13.871s] -- Installing: /home/leo/TFG_Proyect/install/turtlebot3_gazebo/share/turtlebot3_gazebo//worlds/turtlebot3_dqn_stage4.world
[13.872s] -- Installing: /home/leo/TFG_Proyect/install/turtlebot3_gazebo/share/turtlebot3_gazebo//worlds/turtlebot3_dqn_stage1.world
[13.872s] -- Installing: /home/leo/TFG_Proyect/install/turtlebot3_gazebo/share/turtlebot3_gazebo//worlds/turtlebot3_dqn_stage2.world
[13.872s] -- Installing: /home/leo/TFG_Proyect/install/turtlebot3_gazebo/share/turtlebot3_gazebo//worlds/empty_world.world
[13.872s] -- Installing: /home/leo/TFG_Proyect/install/turtlebot3_gazebo/share/turtlebot3_gazebo//worlds/warehouse5.world
[13.873s] -- Installing: /home/leo/TFG_Proyect/install/turtlebot3_gazebo/include/
[13.873s] -- Installing: /home/leo/TFG_Proyect/install/turtlebot3_gazebo/include//turtlebot3_gazebo
[13.873s] -- Installing: /home/leo/TFG_Proyect/install/turtlebot3_gazebo/include//turtlebot3_gazebo/turtlebot3_drive.hpp
[13.873s] -- Installing: /home/leo/TFG_Proyect/install/turtlebot3_gazebo/share/ament_index/resource_index/package_run_dependencies/turtlebot3_gazebo
[13.873s] -- Installing: /home/leo/TFG_Proyect/install/turtlebot3_gazebo/share/ament_index/resource_index/parent_prefix_path/turtlebot3_gazebo
[13.873s] -- Installing: /home/leo/TFG_Proyect/install/turtlebot3_gazebo/share/turtlebot3_gazebo/environment/ament_prefix_path.sh
[13.873s] -- Installing: /home/leo/TFG_Proyect/install/turtlebot3_gazebo/share/turtlebot3_gazebo/environment/ament_prefix_path.dsv
[13.873s] -- Installing: /home/leo/TFG_Proyect/install/turtlebot3_gazebo/share/turtlebot3_gazebo/environment/path.sh
[13.873s] -- Installing: /home/leo/TFG_Proyect/install/turtlebot3_gazebo/share/turtlebot3_gazebo/environment/path.dsv
[13.873s] -- Installing: /home/leo/TFG_Proyect/install/turtlebot3_gazebo/share/turtlebot3_gazebo/local_setup.bash
[13.873s] -- Installing: /home/leo/TFG_Proyect/install/turtlebot3_gazebo/share/turtlebot3_gazebo/local_setup.sh
[13.873s] -- Installing: /home/leo/TFG_Proyect/install/turtlebot3_gazebo/share/turtlebot3_gazebo/local_setup.zsh
[13.874s] -- Installing: /home/leo/TFG_Proyect/install/turtlebot3_gazebo/share/turtlebot3_gazebo/local_setup.dsv
[13.874s] -- Installing: /home/leo/TFG_Proyect/install/turtlebot3_gazebo/share/turtlebot3_gazebo/package.dsv
[13.874s] -- Installing: /home/leo/TFG_Proyect/install/turtlebot3_gazebo/share/ament_index/resource_index/packages/turtlebot3_gazebo
[13.874s] -- Installing: /home/leo/TFG_Proyect/install/turtlebot3_gazebo/share/turtlebot3_gazebo/cmake/ament_cmake_export_include_directories-extras.cmake
[13.874s] -- Installing: /home/leo/TFG_Proyect/install/turtlebot3_gazebo/share/turtlebot3_gazebo/cmake/ament_cmake_export_dependencies-extras.cmake
[13.874s] -- Installing: /home/leo/TFG_Proyect/install/turtlebot3_gazebo/share/turtlebot3_gazebo/cmake/turtlebot3_gazeboConfig.cmake
[13.874s] -- Installing: /home/leo/TFG_Proyect/install/turtlebot3_gazebo/share/turtlebot3_gazebo/cmake/turtlebot3_gazeboConfig-version.cmake
[13.874s] -- Installing: /home/leo/TFG_Proyect/install/turtlebot3_gazebo/share/turtlebot3_gazebo/package.xml
[13.876s] Invoked command in '/home/leo/TFG_Proyect/build/turtlebot3_gazebo' returned '0': CMAKE_PREFIX_PATH=/home/leo/tfg_leo_ws/install/turtlebot3_simulations:/home/leo/tfg_leo_ws/install/turtlebot3_gazebo:/home/leo/tfg_leo_ws/install/turtlebot3_fake_node:/home/leo/rmf_ws/install/rmf_workcell_msgs:/home/leo/rmf_ws/install/rmf_demos_gz_classic:/home/leo/rmf_ws/install/rmf_demos_gz:/home/leo/rmf_ws/install/rmf_demos:/home/leo/rmf_ws/install/rmf_fleet_adapter_python:/home/leo/rmf_ws/install/rmf_fleet_adapter:/home/leo/rmf_ws/install/rmf_task_ros2:/home/leo/rmf_ws/install/rmf_websocket:/home/leo/rmf_ws/install/rmf_visualization:/home/leo/rmf_ws/install/rmf_visualization_schedule:/home/leo/rmf_ws/install/rmf_visualization_rviz2_plugins:/home/leo/rmf_ws/install/rmf_visualization_obstacles:/home/leo/rmf_ws/install/rmf_visualization_navgraphs:/home/leo/rmf_ws/install/rmf_visualization_floorplans:/home/leo/rmf_ws/install/rmf_visualization_fleet_states:/home/leo/rmf_ws/install/rmf_visualization_msgs:/home/leo/rmf_ws/install/rmf_traffic_ros2:/home/leo/rmf_ws/install/rmf_task_sequence:/home/leo/rmf_ws/install/rmf_task:/home/leo/rmf_ws/install/rmf_battery:/home/leo/rmf_ws/install/rmf_traffic:/home/leo/rmf_ws/install/rmf_utils:/home/leo/rmf_ws/install/rmf_traffic_msgs:/home/leo/rmf_ws/install/rmf_traffic_editor_test_maps:/home/leo/rmf_ws/install/rmf_traffic_editor:/home/leo/rmf_ws/install/rmf_task_msgs:/home/leo/rmf_ws/install/rmf_site_map_msgs:/home/leo/rmf_ws/install/rmf_scheduler_msgs:/home/leo/rmf_ws/install/rmf_robot_sim_gz_plugins:/home/leo/rmf_ws/install/rmf_robot_sim_gz_classic_plugins:/home/leo/rmf_ws/install/rmf_robot_sim_common:/home/leo/rmf_ws/install/rmf_obstacle_msgs:/home/leo/rmf_ws/install/rmf_building_sim_gz_plugins:/home/leo/rmf_ws/install/rmf_building_sim_gz_classic_plugins:/home/leo/rmf_ws/install/rmf_building_sim_common:/home/leo/rmf_ws/install/rmf_lift_msgs:/home/leo/rmf_ws/install/rmf_ingestor_msgs:/home/leo/rmf_ws/install/rmf_fleet_msgs:/home/leo/rmf_ws/install/rmf_door_msgs:/home/leo/rmf_ws/install/rmf_dispenser_msgs:/home/leo/rmf_ws/install/rmf_demos_maps:/home/leo/rmf_ws/install/rmf_demos_dashboard_resources:/home/leo/rmf_ws/install/rmf_demos_assets:/home/leo/rmf_ws/install/rmf_charger_msgs:/home/leo/rmf_ws/install/rmf_building_map_msgs:/home/leo/rmf_ws/install/rmf_api_msgs:/home/leo/rmf_ws/install/pybind11_json_vendor:/home/leo/rmf_ws/install/nlohmann_json_schema_validator_vendor:/home/leo/rmf_ws/install/rmf_demos_fleet_adapter:/home/leo/rmf_ws/install/rmf_visualization_building_systems:/home/leo/rmf_ws/install/rmf_traffic_examples:/home/leo/rmf_ws/install/rmf_demos_bridges:/home/leo/rmf_ws/install/rmf_traffic_editor_assets:/home/leo/rmf_ws/install/rmf_demos_tasks:/home/leo/rmf_ws/install/rmf_demos_panel:/home/leo/rmf_ws/install/rmf_building_map_tools:/opt/ros/humble:/home/leo/rmf_ws/install/menge_vendor:/home/leo/rmf_ws/install/ament_cmake_catch2:/home/leo/ros2_ws/install/starbots_rmf:/home/leo/ros2_ws/install/ff_examples_ros2:/home/leo/ros2_ws/install/free_fleet_server_ros2:/home/leo/ros2_ws/install/free_fleet_client_ros2:/home/leo/ros2_ws/install/free_fleet:/home/leo/ros2_ws/install/box_bot_tutorials:/home/leo/ros2_ws/install/box_bot_photo:/home/leo/ros2_ws/install/box_bot_gazebo:/home/leo/ros2_ws/install/box_bot_description:/home/leo/ros2_ws/install/barista_gazebo:/home/leo/ros2_ws/install/barista_extra_models:/home/leo/ros2_ws/install/barista_description /usr/bin/cmake --install /home/leo/TFG_Proyect/build/turtlebot3_gazebo
