[0.000000] (-) TimerEvent: {}
[0.000239] (turtlebot3_fake_node) JobQueued: {'identifier': 'turtlebot3_fake_node', 'dependencies': OrderedDict()}
[0.000367] (turtlebot3_gazebo) JobQueued: {'identifier': 'turtlebot3_gazebo', 'dependencies': OrderedDict()}
[0.000406] (turtlebot3_simulations) JobQueued: {'identifier': 'turtlebot3_simulations', 'dependencies': OrderedDict([('turtlebot3_fake_node', '/home/leo/TFG_Proyect/install/turtlebot3_fake_node'), ('turtlebot3_gazebo', '/home/leo/TFG_Proyect/install/turtlebot3_gazebo')])}
[0.000450] (turtlebot3_fake_node) JobStarted: {'identifier': 'turtlebot3_fake_node'}
[0.098645] (-) TimerEvent: {}
[0.177673] (turtlebot3_gazebo) JobStarted: {'identifier': 'turtlebot3_gazebo'}
[0.198812] (-) TimerEvent: {}
[0.299442] (-) TimerEvent: {}
[0.342187] (turtlebot3_fake_node) JobProgress: {'identifier': 'turtlebot3_fake_node', 'progress': 'cmake'}
[0.343986] (turtlebot3_fake_node) JobProgress: {'identifier': 'turtlebot3_fake_node', 'progress': 'build'}
[0.345250] (turtlebot3_fake_node) Command: {'cmd': ['/usr/bin/cmake', '--build', '/home/leo/TFG_Proyect/build/turtlebot3_fake_node', '--', '-j8', '-l8'], 'cwd': '/home/leo/TFG_Proyect/build/turtlebot3_fake_node', 'env': OrderedDict([('USER', 'leo'), ('XDG_SESSION_TYPE', 'wayland'), ('SHLVL', '1'), ('LD_LIBRARY_PATH', '/usr/lib/x86_64-linux-gnu/gazebo-11/plugins:/opt/ros/humble/opt/rviz_ogre_vendor/lib:/opt/ros/humble/lib/x86_64-linux-gnu:/opt/ros/humble/lib'), ('HOME', '/home/leo'), ('OLDPWD', '/home/leo'), ('DESKTOP_SESSION', 'ubuntu'), ('ROS_PYTHON_VERSION', '3'), ('GNOME_SHELL_SESSION_MODE', 'ubuntu'), ('GTK_MODULES', 'gail:atk-bridge'), ('SYSTEMD_EXEC_PID', '1792'), ('DBUS_SESSION_BUS_ADDRESS', 'unix:path=/run/user/1000/bus'), ('COLORTERM', 'truecolor'), ('IM_CONFIG_PHASE', '1'), ('WAYLAND_DISPLAY', 'wayland-0'), ('COLCON_PREFIX_PATH', '/home/leo/TFG_Proyect/install:/home/leo/ros2_ws/install'), ('ROS_DISTRO', 'humble'), ('LOGNAME', 'leo'), ('_', '/usr/bin/colcon'), ('ROS_VERSION', '2'), ('XDG_SESSION_CLASS', 'user'), ('USERNAME', 'leo'), ('TERM', 'xterm-256color'), ('GNOME_DESKTOP_SESSION_ID', 'this-is-deprecated'), ('ROS_LOCALHOST_ONLY', '0'), ('PATH', '/opt/ros/humble/bin:/usr/local/sbin:/usr/local/bin:/usr/sbin:/usr/bin:/sbin:/bin:/usr/games:/usr/local/games:/snap/bin:/snap/bin'), ('SESSION_MANAGER', 'local/Humble:@/tmp/.ICE-unix/1756,unix/Humble:/tmp/.ICE-unix/1756'), ('XDG_MENU_PREFIX', 'gnome-'), ('GNOME_TERMINAL_SCREEN', '/org/gnome/Terminal/screen/2b4dea12_1f86_421f_8bc4_ec42bc12e536'), ('GNOME_SETUP_DISPLAY', ':1'), ('XDG_RUNTIME_DIR', '/run/user/1000'), ('DISPLAY', ':0'), ('LANG', 'es_ES.UTF-8'), ('XDG_CURRENT_DESKTOP', 'ubuntu:GNOME'), ('XMODIFIERS', '@im=ibus'), ('XDG_SESSION_DESKTOP', 'ubuntu'), ('XAUTHORITY', '/run/user/1000/.mutter-Xwaylandauth.S170C2'), ('GNOME_TERMINAL_SERVICE', ':1.158'), ('SSH_AGENT_LAUNCHER', 'gnome-keyring'), ('SSH_AUTH_SOCK', '/run/user/1000/keyring/ssh'), ('ROS_DOMAIN_ID', '30'), ('AMENT_PREFIX_PATH', '/home/leo/TFG_Proyect/install/turtlebot3_simulations:/home/leo/TFG_Proyect/install/turtlebot3_gazebo:/home/leo/TFG_Proyect/install/turtlebot3_fake_node:/home/leo/ros2_ws/install/turtlebot3_simulations:/home/leo/ros2_ws/install/turtlebot3_gazebo:/home/leo/ros2_ws/install/turtlebot3_fake_node:/home/leo/ros2_ws/install/examples_pkg:/opt/ros/humble'), ('SHELL', '/bin/bash'), ('QT_ACCESSIBILITY', '1'), ('GDMSESSION', 'ubuntu'), ('QT_IM_MODULE', 'ibus'), ('PWD', '/home/leo/TFG_Proyect/build/turtlebot3_fake_node'), ('TURTLEBOT3_MODEL', 'burger'), ('LC_ALL', 'es_ES.UTF-8'), ('XDG_CONFIG_DIRS', '/etc/xdg/xdg-ubuntu:/etc/xdg'), ('XDG_DATA_DIRS', '/usr/share/ubuntu:/usr/local/share/:/usr/share/:/var/lib/snapd/desktop'), ('PYTHONPATH', '/home/leo/ros2_ws/build/examples_pkg:/home/leo/ros2_ws/install/examples_pkg/lib/python3.10/site-packages:/opt/ros/humble/lib/python3.10/site-packages:/opt/ros/humble/local/lib/python3.10/dist-packages'), ('COLCON', '1'), ('VTE_VERSION', '6800'), ('CMAKE_PREFIX_PATH', '/home/leo/TFG_Proyect/install/turtlebot3_simulations:/home/leo/TFG_Proyect/install/turtlebot3_gazebo:/home/leo/TFG_Proyect/install/turtlebot3_fake_node:/home/leo/ros2_ws/install/turtlebot3_simulations:/home/leo/ros2_ws/install/turtlebot3_gazebo:/home/leo/ros2_ws/install/turtlebot3_fake_node:/home/leo/ros2_ws/install/examples_pkg:/opt/ros/humble')]), 'shell': False}
[0.351821] (turtlebot3_gazebo) JobProgress: {'identifier': 'turtlebot3_gazebo', 'progress': 'cmake'}
[0.354322] (turtlebot3_gazebo) JobProgress: {'identifier': 'turtlebot3_gazebo', 'progress': 'build'}
[0.355278] (turtlebot3_gazebo) Command: {'cmd': ['/usr/bin/cmake', '--build', '/home/leo/TFG_Proyect/build/turtlebot3_gazebo', '--', '-j8', '-l8'], 'cwd': '/home/leo/TFG_Proyect/build/turtlebot3_gazebo', 'env': OrderedDict([('USER', 'leo'), ('XDG_SESSION_TYPE', 'wayland'), ('SHLVL', '1'), ('LD_LIBRARY_PATH', '/usr/lib/x86_64-linux-gnu/gazebo-11/plugins:/opt/ros/humble/opt/rviz_ogre_vendor/lib:/opt/ros/humble/lib/x86_64-linux-gnu:/opt/ros/humble/lib'), ('HOME', '/home/leo'), ('OLDPWD', '/home/leo'), ('DESKTOP_SESSION', 'ubuntu'), ('ROS_PYTHON_VERSION', '3'), ('GNOME_SHELL_SESSION_MODE', 'ubuntu'), ('GTK_MODULES', 'gail:atk-bridge'), ('SYSTEMD_EXEC_PID', '1792'), ('DBUS_SESSION_BUS_ADDRESS', 'unix:path=/run/user/1000/bus'), ('COLORTERM', 'truecolor'), ('IM_CONFIG_PHASE', '1'), ('WAYLAND_DISPLAY', 'wayland-0'), ('COLCON_PREFIX_PATH', '/home/leo/TFG_Proyect/install:/home/leo/ros2_ws/install'), ('ROS_DISTRO', 'humble'), ('LOGNAME', 'leo'), ('_', '/usr/bin/colcon'), ('ROS_VERSION', '2'), ('XDG_SESSION_CLASS', 'user'), ('USERNAME', 'leo'), ('TERM', 'xterm-256color'), ('GNOME_DESKTOP_SESSION_ID', 'this-is-deprecated'), ('ROS_LOCALHOST_ONLY', '0'), ('PATH', '/opt/ros/humble/bin:/usr/local/sbin:/usr/local/bin:/usr/sbin:/usr/bin:/sbin:/bin:/usr/games:/usr/local/games:/snap/bin:/snap/bin'), ('SESSION_MANAGER', 'local/Humble:@/tmp/.ICE-unix/1756,unix/Humble:/tmp/.ICE-unix/1756'), ('XDG_MENU_PREFIX', 'gnome-'), ('GNOME_TERMINAL_SCREEN', '/org/gnome/Terminal/screen/2b4dea12_1f86_421f_8bc4_ec42bc12e536'), ('GNOME_SETUP_DISPLAY', ':1'), ('XDG_RUNTIME_DIR', '/run/user/1000'), ('DISPLAY', ':0'), ('LANG', 'es_ES.UTF-8'), ('XDG_CURRENT_DESKTOP', 'ubuntu:GNOME'), ('XMODIFIERS', '@im=ibus'), ('XDG_SESSION_DESKTOP', 'ubuntu'), ('XAUTHORITY', '/run/user/1000/.mutter-Xwaylandauth.S170C2'), ('GNOME_TERMINAL_SERVICE', ':1.158'), ('SSH_AGENT_LAUNCHER', 'gnome-keyring'), ('SSH_AUTH_SOCK', '/run/user/1000/keyring/ssh'), ('ROS_DOMAIN_ID', '30'), ('AMENT_PREFIX_PATH', '/home/leo/TFG_Proyect/install/turtlebot3_simulations:/home/leo/TFG_Proyect/install/turtlebot3_gazebo:/home/leo/TFG_Proyect/install/turtlebot3_fake_node:/home/leo/ros2_ws/install/turtlebot3_simulations:/home/leo/ros2_ws/install/turtlebot3_gazebo:/home/leo/ros2_ws/install/turtlebot3_fake_node:/home/leo/ros2_ws/install/examples_pkg:/opt/ros/humble'), ('SHELL', '/bin/bash'), ('QT_ACCESSIBILITY', '1'), ('GDMSESSION', 'ubuntu'), ('QT_IM_MODULE', 'ibus'), ('PWD', '/home/leo/TFG_Proyect/build/turtlebot3_gazebo'), ('TURTLEBOT3_MODEL', 'burger'), ('LC_ALL', 'es_ES.UTF-8'), ('XDG_CONFIG_DIRS', '/etc/xdg/xdg-ubuntu:/etc/xdg'), ('XDG_DATA_DIRS', '/usr/share/ubuntu:/usr/local/share/:/usr/share/:/var/lib/snapd/desktop'), ('PYTHONPATH', '/home/leo/ros2_ws/build/examples_pkg:/home/leo/ros2_ws/install/examples_pkg/lib/python3.10/site-packages:/opt/ros/humble/lib/python3.10/site-packages:/opt/ros/humble/local/lib/python3.10/dist-packages'), ('COLCON', '1'), ('VTE_VERSION', '6800'), ('CMAKE_PREFIX_PATH', '/home/leo/TFG_Proyect/install/turtlebot3_simulations:/home/leo/TFG_Proyect/install/turtlebot3_gazebo:/home/leo/TFG_Proyect/install/turtlebot3_fake_node:/home/leo/ros2_ws/install/turtlebot3_simulations:/home/leo/ros2_ws/install/turtlebot3_gazebo:/home/leo/ros2_ws/install/turtlebot3_fake_node:/home/leo/ros2_ws/install/examples_pkg:/opt/ros/humble')]), 'shell': False}
[0.399565] (-) TimerEvent: {}
[0.494518] (turtlebot3_gazebo) StdoutLine: {'line': b'[ 25%] Built target turtlebot3_drive\n'}
[0.496665] (turtlebot3_fake_node) StdoutLine: {'line': b'[100%] Built target turtlebot3_fake_node\n'}
[0.499667] (-) TimerEvent: {}
[0.517821] (turtlebot3_fake_node) CommandEnded: {'returncode': 0}
[0.525765] (turtlebot3_gazebo) StdoutLine: {'line': b'[ 50%] Built target obstacle2\n'}
[0.526736] (turtlebot3_gazebo) StdoutLine: {'line': b'[ 75%] Built target obstacle1\n'}
[0.528757] (turtlebot3_gazebo) StdoutLine: {'line': b'[100%] Built target obstacles\n'}
[0.548993] (turtlebot3_gazebo) CommandEnded: {'returncode': 0}
[0.564389] (turtlebot3_fake_node) JobProgress: {'identifier': 'turtlebot3_fake_node', 'progress': 'install'}
[0.580254] (turtlebot3_fake_node) Command: {'cmd': ['/usr/bin/cmake', '--install', '/home/leo/TFG_Proyect/build/turtlebot3_fake_node'], 'cwd': '/home/leo/TFG_Proyect/build/turtlebot3_fake_node', 'env': OrderedDict([('USER', 'leo'), ('XDG_SESSION_TYPE', 'wayland'), ('SHLVL', '1'), ('LD_LIBRARY_PATH', '/usr/lib/x86_64-linux-gnu/gazebo-11/plugins:/opt/ros/humble/opt/rviz_ogre_vendor/lib:/opt/ros/humble/lib/x86_64-linux-gnu:/opt/ros/humble/lib'), ('HOME', '/home/leo'), ('OLDPWD', '/home/leo'), ('DESKTOP_SESSION', 'ubuntu'), ('ROS_PYTHON_VERSION', '3'), ('GNOME_SHELL_SESSION_MODE', 'ubuntu'), ('GTK_MODULES', 'gail:atk-bridge'), ('SYSTEMD_EXEC_PID', '1792'), ('DBUS_SESSION_BUS_ADDRESS', 'unix:path=/run/user/1000/bus'), ('COLORTERM', 'truecolor'), ('IM_CONFIG_PHASE', '1'), ('WAYLAND_DISPLAY', 'wayland-0'), ('COLCON_PREFIX_PATH', '/home/leo/TFG_Proyect/install:/home/leo/ros2_ws/install'), ('ROS_DISTRO', 'humble'), ('LOGNAME', 'leo'), ('_', '/usr/bin/colcon'), ('ROS_VERSION', '2'), ('XDG_SESSION_CLASS', 'user'), ('USERNAME', 'leo'), ('TERM', 'xterm-256color'), ('GNOME_DESKTOP_SESSION_ID', 'this-is-deprecated'), ('ROS_LOCALHOST_ONLY', '0'), ('PATH', '/opt/ros/humble/bin:/usr/local/sbin:/usr/local/bin:/usr/sbin:/usr/bin:/sbin:/bin:/usr/games:/usr/local/games:/snap/bin:/snap/bin'), ('SESSION_MANAGER', 'local/Humble:@/tmp/.ICE-unix/1756,unix/Humble:/tmp/.ICE-unix/1756'), ('XDG_MENU_PREFIX', 'gnome-'), ('GNOME_TERMINAL_SCREEN', '/org/gnome/Terminal/screen/2b4dea12_1f86_421f_8bc4_ec42bc12e536'), ('GNOME_SETUP_DISPLAY', ':1'), ('XDG_RUNTIME_DIR', '/run/user/1000'), ('DISPLAY', ':0'), ('LANG', 'es_ES.UTF-8'), ('XDG_CURRENT_DESKTOP', 'ubuntu:GNOME'), ('XMODIFIERS', '@im=ibus'), ('XDG_SESSION_DESKTOP', 'ubuntu'), ('XAUTHORITY', '/run/user/1000/.mutter-Xwaylandauth.S170C2'), ('GNOME_TERMINAL_SERVICE', ':1.158'), ('SSH_AGENT_LAUNCHER', 'gnome-keyring'), ('SSH_AUTH_SOCK', '/run/user/1000/keyring/ssh'), ('ROS_DOMAIN_ID', '30'), ('AMENT_PREFIX_PATH', '/home/leo/TFG_Proyect/install/turtlebot3_simulations:/home/leo/TFG_Proyect/install/turtlebot3_gazebo:/home/leo/TFG_Proyect/install/turtlebot3_fake_node:/home/leo/ros2_ws/install/turtlebot3_simulations:/home/leo/ros2_ws/install/turtlebot3_gazebo:/home/leo/ros2_ws/install/turtlebot3_fake_node:/home/leo/ros2_ws/install/examples_pkg:/opt/ros/humble'), ('SHELL', '/bin/bash'), ('QT_ACCESSIBILITY', '1'), ('GDMSESSION', 'ubuntu'), ('QT_IM_MODULE', 'ibus'), ('PWD', '/home/leo/TFG_Proyect/build/turtlebot3_fake_node'), ('TURTLEBOT3_MODEL', 'burger'), ('LC_ALL', 'es_ES.UTF-8'), ('XDG_CONFIG_DIRS', '/etc/xdg/xdg-ubuntu:/etc/xdg'), ('XDG_DATA_DIRS', '/usr/share/ubuntu:/usr/local/share/:/usr/share/:/var/lib/snapd/desktop'), ('PYTHONPATH', '/home/leo/ros2_ws/build/examples_pkg:/home/leo/ros2_ws/install/examples_pkg/lib/python3.10/site-packages:/opt/ros/humble/lib/python3.10/site-packages:/opt/ros/humble/local/lib/python3.10/dist-packages'), ('COLCON', '1'), ('VTE_VERSION', '6800'), ('CMAKE_PREFIX_PATH', '/home/leo/TFG_Proyect/install/turtlebot3_simulations:/home/leo/TFG_Proyect/install/turtlebot3_gazebo:/home/leo/TFG_Proyect/install/turtlebot3_fake_node:/home/leo/ros2_ws/install/turtlebot3_simulations:/home/leo/ros2_ws/install/turtlebot3_gazebo:/home/leo/ros2_ws/install/turtlebot3_fake_node:/home/leo/ros2_ws/install/examples_pkg:/opt/ros/humble')]), 'shell': False}
[0.596103] (turtlebot3_fake_node) StdoutLine: {'line': b'-- Install configuration: ""\n'}
[0.598229] (turtlebot3_fake_node) StdoutLine: {'line': b'-- Up-to-date: /home/leo/TFG_Proyect/install/turtlebot3_fake_node/lib/turtlebot3_fake_node/turtlebot3_fake_node\n'}
[0.598803] (turtlebot3_fake_node) StdoutLine: {'line': b'-- Up-to-date: /home/leo/TFG_Proyect/install/turtlebot3_fake_node/share/turtlebot3_fake_node/launch\n'}
[0.599038] (turtlebot3_fake_node) StdoutLine: {'line': b'-- Up-to-date: /home/leo/TFG_Proyect/install/turtlebot3_fake_node/share/turtlebot3_fake_node/launch/turtlebot3_fake_node.launch.py\n'}
[0.599230] (turtlebot3_fake_node) StdoutLine: {'line': b'-- Up-to-date: /home/leo/TFG_Proyect/install/turtlebot3_fake_node/share/turtlebot3_fake_node/launch/rviz2.launch.py\n'}
[0.599410] (turtlebot3_fake_node) StdoutLine: {'line': b'-- Up-to-date: /home/leo/TFG_Proyect/install/turtlebot3_fake_node/share/turtlebot3_fake_node/param\n'}
[0.599589] (turtlebot3_fake_node) StdoutLine: {'line': b'-- Up-to-date: /home/leo/TFG_Proyect/install/turtlebot3_fake_node/share/turtlebot3_fake_node/param/burger.yaml\n'}
[0.599713] (-) TimerEvent: {}
[0.599975] (turtlebot3_fake_node) StdoutLine: {'line': b'-- Up-to-date: /home/leo/TFG_Proyect/install/turtlebot3_fake_node/share/turtlebot3_fake_node/param/waffle.yaml\n'}
[0.600138] (turtlebot3_fake_node) StdoutLine: {'line': b'-- Up-to-date: /home/leo/TFG_Proyect/install/turtlebot3_fake_node/share/turtlebot3_fake_node/param/waffle_pi.yaml\n'}
[0.600282] (turtlebot3_fake_node) StdoutLine: {'line': b'-- Up-to-date: /home/leo/TFG_Proyect/install/turtlebot3_fake_node/include/\n'}
[0.600544] (turtlebot3_fake_node) StdoutLine: {'line': b'-- Up-to-date: /home/leo/TFG_Proyect/install/turtlebot3_fake_node/include//turtlebot3_fake_node\n'}
[0.600694] (turtlebot3_fake_node) StdoutLine: {'line': b'-- Up-to-date: /home/leo/TFG_Proyect/install/turtlebot3_fake_node/include//turtlebot3_fake_node/turtlebot3_fake_node.hpp\n'}
[0.600834] (turtlebot3_fake_node) StdoutLine: {'line': b'-- Up-to-date: /home/leo/TFG_Proyect/install/turtlebot3_fake_node/share/ament_index/resource_index/package_run_dependencies/turtlebot3_fake_node\n'}
[0.601012] (turtlebot3_fake_node) StdoutLine: {'line': b'-- Up-to-date: /home/leo/TFG_Proyect/install/turtlebot3_fake_node/share/ament_index/resource_index/parent_prefix_path/turtlebot3_fake_node\n'}
[0.601276] (turtlebot3_fake_node) StdoutLine: {'line': b'-- Up-to-date: /home/leo/TFG_Proyect/install/turtlebot3_fake_node/share/turtlebot3_fake_node/environment/ament_prefix_path.sh\n'}
[0.601843] (turtlebot3_fake_node) StdoutLine: {'line': b'-- Up-to-date: /home/leo/TFG_Proyect/install/turtlebot3_fake_node/share/turtlebot3_fake_node/environment/ament_prefix_path.dsv\n'}
[0.602103] (turtlebot3_fake_node) StdoutLine: {'line': b'-- Up-to-date: /home/leo/TFG_Proyect/install/turtlebot3_fake_node/share/turtlebot3_fake_node/environment/path.sh\n'}
[0.602236] (turtlebot3_fake_node) StdoutLine: {'line': b'-- Up-to-date: /home/leo/TFG_Proyect/install/turtlebot3_fake_node/share/turtlebot3_fake_node/environment/path.dsv\n'}
[0.602360] (turtlebot3_fake_node) StdoutLine: {'line': b'-- Up-to-date: /home/leo/TFG_Proyect/install/turtlebot3_fake_node/share/turtlebot3_fake_node/local_setup.bash\n'}
[0.602496] (turtlebot3_fake_node) StdoutLine: {'line': b'-- Up-to-date: /home/leo/TFG_Proyect/install/turtlebot3_fake_node/share/turtlebot3_fake_node/local_setup.sh\n'}
[0.602668] (turtlebot3_fake_node) StdoutLine: {'line': b'-- Up-to-date: /home/leo/TFG_Proyect/install/turtlebot3_fake_node/share/turtlebot3_fake_node/local_setup.zsh\n'}
[0.602792] (turtlebot3_fake_node) StdoutLine: {'line': b'-- Up-to-date: /home/leo/TFG_Proyect/install/turtlebot3_fake_node/share/turtlebot3_fake_node/local_setup.dsv\n'}
[0.602913] (turtlebot3_fake_node) StdoutLine: {'line': b'-- Installing: /home/leo/TFG_Proyect/install/turtlebot3_fake_node/share/turtlebot3_fake_node/package.dsv\n'}
[0.603032] (turtlebot3_fake_node) StdoutLine: {'line': b'-- Up-to-date: /home/leo/TFG_Proyect/install/turtlebot3_fake_node/share/ament_index/resource_index/packages/turtlebot3_fake_node\n'}
[0.603331] (turtlebot3_fake_node) StdoutLine: {'line': b'-- Up-to-date: /home/leo/TFG_Proyect/install/turtlebot3_fake_node/share/turtlebot3_fake_node/cmake/ament_cmake_export_include_directories-extras.cmake\n'}
[0.603589] (turtlebot3_fake_node) StdoutLine: {'line': b'-- Up-to-date: /home/leo/TFG_Proyect/install/turtlebot3_fake_node/share/turtlebot3_fake_node/cmake/ament_cmake_export_dependencies-extras.cmake\n'}
[0.603723] (turtlebot3_fake_node) StdoutLine: {'line': b'-- Up-to-date: /home/leo/TFG_Proyect/install/turtlebot3_fake_node/share/turtlebot3_fake_node/cmake/turtlebot3_fake_nodeConfig.cmake\n'}
[0.603849] (turtlebot3_fake_node) StdoutLine: {'line': b'-- Up-to-date: /home/leo/TFG_Proyect/install/turtlebot3_fake_node/share/turtlebot3_fake_node/cmake/turtlebot3_fake_nodeConfig-version.cmake\n'}
[0.603962] (turtlebot3_fake_node) StdoutLine: {'line': b'-- Up-to-date: /home/leo/TFG_Proyect/install/turtlebot3_fake_node/share/turtlebot3_fake_node/package.xml\n'}
[0.605563] (turtlebot3_fake_node) CommandEnded: {'returncode': 0}
[0.700043] (-) TimerEvent: {}
[0.729233] (turtlebot3_gazebo) JobProgress: {'identifier': 'turtlebot3_gazebo', 'progress': 'install'}
[0.731269] (turtlebot3_gazebo) Command: {'cmd': ['/usr/bin/cmake', '--install', '/home/leo/TFG_Proyect/build/turtlebot3_gazebo'], 'cwd': '/home/leo/TFG_Proyect/build/turtlebot3_gazebo', 'env': OrderedDict([('USER', 'leo'), ('XDG_SESSION_TYPE', 'wayland'), ('SHLVL', '1'), ('LD_LIBRARY_PATH', '/usr/lib/x86_64-linux-gnu/gazebo-11/plugins:/opt/ros/humble/opt/rviz_ogre_vendor/lib:/opt/ros/humble/lib/x86_64-linux-gnu:/opt/ros/humble/lib'), ('HOME', '/home/leo'), ('OLDPWD', '/home/leo'), ('DESKTOP_SESSION', 'ubuntu'), ('ROS_PYTHON_VERSION', '3'), ('GNOME_SHELL_SESSION_MODE', 'ubuntu'), ('GTK_MODULES', 'gail:atk-bridge'), ('SYSTEMD_EXEC_PID', '1792'), ('DBUS_SESSION_BUS_ADDRESS', 'unix:path=/run/user/1000/bus'), ('COLORTERM', 'truecolor'), ('IM_CONFIG_PHASE', '1'), ('WAYLAND_DISPLAY', 'wayland-0'), ('COLCON_PREFIX_PATH', '/home/leo/TFG_Proyect/install:/home/leo/ros2_ws/install'), ('ROS_DISTRO', 'humble'), ('LOGNAME', 'leo'), ('_', '/usr/bin/colcon'), ('ROS_VERSION', '2'), ('XDG_SESSION_CLASS', 'user'), ('USERNAME', 'leo'), ('TERM', 'xterm-256color'), ('GNOME_DESKTOP_SESSION_ID', 'this-is-deprecated'), ('ROS_LOCALHOST_ONLY', '0'), ('PATH', '/opt/ros/humble/bin:/usr/local/sbin:/usr/local/bin:/usr/sbin:/usr/bin:/sbin:/bin:/usr/games:/usr/local/games:/snap/bin:/snap/bin'), ('SESSION_MANAGER', 'local/Humble:@/tmp/.ICE-unix/1756,unix/Humble:/tmp/.ICE-unix/1756'), ('XDG_MENU_PREFIX', 'gnome-'), ('GNOME_TERMINAL_SCREEN', '/org/gnome/Terminal/screen/2b4dea12_1f86_421f_8bc4_ec42bc12e536'), ('GNOME_SETUP_DISPLAY', ':1'), ('XDG_RUNTIME_DIR', '/run/user/1000'), ('DISPLAY', ':0'), ('LANG', 'es_ES.UTF-8'), ('XDG_CURRENT_DESKTOP', 'ubuntu:GNOME'), ('XMODIFIERS', '@im=ibus'), ('XDG_SESSION_DESKTOP', 'ubuntu'), ('XAUTHORITY', '/run/user/1000/.mutter-Xwaylandauth.S170C2'), ('GNOME_TERMINAL_SERVICE', ':1.158'), ('SSH_AGENT_LAUNCHER', 'gnome-keyring'), ('SSH_AUTH_SOCK', '/run/user/1000/keyring/ssh'), ('ROS_DOMAIN_ID', '30'), ('AMENT_PREFIX_PATH', '/home/leo/TFG_Proyect/install/turtlebot3_simulations:/home/leo/TFG_Proyect/install/turtlebot3_gazebo:/home/leo/TFG_Proyect/install/turtlebot3_fake_node:/home/leo/ros2_ws/install/turtlebot3_simulations:/home/leo/ros2_ws/install/turtlebot3_gazebo:/home/leo/ros2_ws/install/turtlebot3_fake_node:/home/leo/ros2_ws/install/examples_pkg:/opt/ros/humble'), ('SHELL', '/bin/bash'), ('QT_ACCESSIBILITY', '1'), ('GDMSESSION', 'ubuntu'), ('QT_IM_MODULE', 'ibus'), ('PWD', '/home/leo/TFG_Proyect/build/turtlebot3_gazebo'), ('TURTLEBOT3_MODEL', 'burger'), ('LC_ALL', 'es_ES.UTF-8'), ('XDG_CONFIG_DIRS', '/etc/xdg/xdg-ubuntu:/etc/xdg'), ('XDG_DATA_DIRS', '/usr/share/ubuntu:/usr/local/share/:/usr/share/:/var/lib/snapd/desktop'), ('PYTHONPATH', '/home/leo/ros2_ws/build/examples_pkg:/home/leo/ros2_ws/install/examples_pkg/lib/python3.10/site-packages:/opt/ros/humble/lib/python3.10/site-packages:/opt/ros/humble/local/lib/python3.10/dist-packages'), ('COLCON', '1'), ('VTE_VERSION', '6800'), ('CMAKE_PREFIX_PATH', '/home/leo/TFG_Proyect/install/turtlebot3_simulations:/home/leo/TFG_Proyect/install/turtlebot3_gazebo:/home/leo/TFG_Proyect/install/turtlebot3_fake_node:/home/leo/ros2_ws/install/turtlebot3_simulations:/home/leo/ros2_ws/install/turtlebot3_gazebo:/home/leo/ros2_ws/install/turtlebot3_fake_node:/home/leo/ros2_ws/install/examples_pkg:/opt/ros/humble')]), 'shell': False}
[0.746249] (turtlebot3_gazebo) StdoutLine: {'line': b'-- Install configuration: ""\n'}
[0.747628] (turtlebot3_gazebo) StdoutLine: {'line': b'-- Up-to-date: /home/leo/TFG_Proyect/install/turtlebot3_gazebo/lib/turtlebot3_gazebo/turtlebot3_drive\n'}
[0.747930] (turtlebot3_gazebo) StdoutLine: {'line': b'-- Up-to-date: /home/leo/TFG_Proyect/install/turtlebot3_gazebo/share/turtlebot3_gazebo//launch\n'}
[0.748184] (turtlebot3_gazebo) StdoutLine: {'line': b'-- Up-to-date: /home/leo/TFG_Proyect/install/turtlebot3_gazebo/share/turtlebot3_gazebo//launch/spawn_turtlebot3.launch.py\n'}
[0.748413] (turtlebot3_gazebo) StdoutLine: {'line': b'-- Up-to-date: /home/leo/TFG_Proyect/install/turtlebot3_gazebo/share/turtlebot3_gazebo//launch/turtlebot3_dqn_stage1.launch.py\n'}
[0.748546] (turtlebot3_gazebo) StdoutLine: {'line': b'-- Up-to-date: /home/leo/TFG_Proyect/install/turtlebot3_gazebo/share/turtlebot3_gazebo//launch/turtlebot3_house.launch.py\n'}
[0.748665] (turtlebot3_gazebo) StdoutLine: {'line': b'-- Up-to-date: /home/leo/TFG_Proyect/install/turtlebot3_gazebo/share/turtlebot3_gazebo//launch/empty_world.launch.py\n'}
[0.748796] (turtlebot3_gazebo) StdoutLine: {'line': b'-- Up-to-date: /home/leo/TFG_Proyect/install/turtlebot3_gazebo/share/turtlebot3_gazebo//launch/turtlebot3_dqn_stage3.launch.py\n'}
[0.748946] (turtlebot3_gazebo) StdoutLine: {'line': b'-- Up-to-date: /home/leo/TFG_Proyect/install/turtlebot3_gazebo/share/turtlebot3_gazebo//launch/turtlebot3_dqn_stage2.launch.py\n'}
[0.749393] (turtlebot3_gazebo) StdoutLine: {'line': b'-- Up-to-date: /home/leo/TFG_Proyect/install/turtlebot3_gazebo/share/turtlebot3_gazebo//launch/turtlebot3_world.launch.py\n'}
[0.749738] (turtlebot3_gazebo) StdoutLine: {'line': b'-- Up-to-date: /home/leo/TFG_Proyect/install/turtlebot3_gazebo/share/turtlebot3_gazebo//launch/turtlebot3_dqn_stage4.launch.py\n'}
[0.750047] (turtlebot3_gazebo) StdoutLine: {'line': b'-- Up-to-date: /home/leo/TFG_Proyect/install/turtlebot3_gazebo/share/turtlebot3_gazebo//launch/warehouse.launch.py\n'}
[0.750248] (turtlebot3_gazebo) StdoutLine: {'line': b'-- Up-to-date: /home/leo/TFG_Proyect/install/turtlebot3_gazebo/share/turtlebot3_gazebo//launch/robot_state_publisher.launch.py\n'}
[0.750523] (turtlebot3_gazebo) StdoutLine: {'line': b'-- Up-to-date: /home/leo/TFG_Proyect/install/turtlebot3_gazebo/share/turtlebot3_gazebo//launch/map.launch.py\n'}
[0.750698] (turtlebot3_gazebo) StdoutLine: {'line': b'-- Up-to-date: /home/leo/TFG_Proyect/install/turtlebot3_gazebo/share/turtlebot3_gazebo//models\n'}
[0.750819] (turtlebot3_gazebo) StdoutLine: {'line': b'-- Up-to-date: /home/leo/TFG_Proyect/install/turtlebot3_gazebo/share/turtlebot3_gazebo//models/turtlebot3_waffle\n'}
[0.750936] (turtlebot3_gazebo) StdoutLine: {'line': b'-- Up-to-date: /home/leo/TFG_Proyect/install/turtlebot3_gazebo/share/turtlebot3_gazebo//models/turtlebot3_waffle/model.sdf\n'}
[0.751053] (turtlebot3_gazebo) StdoutLine: {'line': b'-- Up-to-date: /home/leo/TFG_Proyect/install/turtlebot3_gazebo/share/turtlebot3_gazebo//models/turtlebot3_waffle/model.config\n'}
[0.751183] (turtlebot3_gazebo) StdoutLine: {'line': b'-- Up-to-date: /home/leo/TFG_Proyect/install/turtlebot3_gazebo/share/turtlebot3_gazebo//models/turtlebot3_waffle/model-1_4.sdf\n'}
[0.751324] (turtlebot3_gazebo) StdoutLine: {'line': b'-- Up-to-date: /home/leo/TFG_Proyect/install/turtlebot3_gazebo/share/turtlebot3_gazebo//models/turtlebot3_waffle_pi\n'}
[0.751442] (turtlebot3_gazebo) StdoutLine: {'line': b'-- Up-to-date: /home/leo/TFG_Proyect/install/turtlebot3_gazebo/share/turtlebot3_gazebo//models/turtlebot3_waffle_pi/model.sdf\n'}
[0.751559] (turtlebot3_gazebo) StdoutLine: {'line': b'-- Up-to-date: /home/leo/TFG_Proyect/install/turtlebot3_gazebo/share/turtlebot3_gazebo//models/turtlebot3_waffle_pi/model.config\n'}
[0.751673] (turtlebot3_gazebo) StdoutLine: {'line': b'-- Up-to-date: /home/leo/TFG_Proyect/install/turtlebot3_gazebo/share/turtlebot3_gazebo//models/turtlebot3_waffle_pi/model-1_4_.sdf\n'}
[0.752196] (turtlebot3_gazebo) StdoutLine: {'line': b'-- Up-to-date: /home/leo/TFG_Proyect/install/turtlebot3_gazebo/share/turtlebot3_gazebo//models/turtlebot3_common\n'}
[0.752356] (turtlebot3_gazebo) StdoutLine: {'line': b'-- Up-to-date: /home/leo/TFG_Proyect/install/turtlebot3_gazebo/share/turtlebot3_gazebo//models/turtlebot3_common/model.config\n'}
[0.752494] (turtlebot3_gazebo) StdoutLine: {'line': b'-- Up-to-date: /home/leo/TFG_Proyect/install/turtlebot3_gazebo/share/turtlebot3_gazebo//models/turtlebot3_common/meshes\n'}
[0.753017] (turtlebot3_gazebo) StdoutLine: {'line': b'-- Up-to-date: /home/leo/TFG_Proyect/install/turtlebot3_gazebo/share/turtlebot3_gazebo//models/turtlebot3_common/meshes/tire.dae\n'}
[0.753160] (turtlebot3_gazebo) StdoutLine: {'line': b'-- Up-to-date: /home/leo/TFG_Proyect/install/turtlebot3_gazebo/share/turtlebot3_gazebo//models/turtlebot3_common/meshes/burger_base.dae\n'}
[0.753407] (turtlebot3_gazebo) StdoutLine: {'line': b'-- Up-to-date: /home/leo/TFG_Proyect/install/turtlebot3_gazebo/share/turtlebot3_gazebo//models/turtlebot3_common/meshes/waffle_base.dae\n'}
[0.753548] (turtlebot3_gazebo) StdoutLine: {'line': b'-- Up-to-date: /home/leo/TFG_Proyect/install/turtlebot3_gazebo/share/turtlebot3_gazebo//models/turtlebot3_common/meshes/lds.dae\n'}
[0.753684] (turtlebot3_gazebo) StdoutLine: {'line': b'-- Up-to-date: /home/leo/TFG_Proyect/install/turtlebot3_gazebo/share/turtlebot3_gazebo//models/turtlebot3_common/meshes/waffle_pi_base.dae\n'}
[0.753816] (turtlebot3_gazebo) StdoutLine: {'line': b'-- Up-to-date: /home/leo/TFG_Proyect/install/turtlebot3_gazebo/share/turtlebot3_gazebo//models/turtlebot3_common/meshes/r200.dae\n'}
[0.753949] (turtlebot3_gazebo) StdoutLine: {'line': b'-- Up-to-date: /home/leo/TFG_Proyect/install/turtlebot3_gazebo/share/turtlebot3_gazebo//models/Warehouse\n'}
[0.754111] (turtlebot3_gazebo) StdoutLine: {'line': b'-- Up-to-date: /home/leo/TFG_Proyect/install/turtlebot3_gazebo/share/turtlebot3_gazebo//models/Warehouse/model.sdf\n'}
[0.754759] (turtlebot3_gazebo) StdoutLine: {'line': b'-- Up-to-date: /home/leo/TFG_Proyect/install/turtlebot3_gazebo/share/turtlebot3_gazebo//models/Warehouse/model.config\n'}
[0.754942] (turtlebot3_gazebo) StdoutLine: {'line': b'-- Up-to-date: /home/leo/TFG_Proyect/install/turtlebot3_gazebo/share/turtlebot3_gazebo//models/Warehouse/thumbnails\n'}
[0.755074] (turtlebot3_gazebo) StdoutLine: {'line': b'-- Up-to-date: /home/leo/TFG_Proyect/install/turtlebot3_gazebo/share/turtlebot3_gazebo//models/Warehouse/thumbnails/4.png\n'}
[0.755217] (turtlebot3_gazebo) StdoutLine: {'line': b'-- Up-to-date: /home/leo/TFG_Proyect/install/turtlebot3_gazebo/share/turtlebot3_gazebo//models/Warehouse/thumbnails/3.png\n'}
[0.755358] (turtlebot3_gazebo) StdoutLine: {'line': b'-- Up-to-date: /home/leo/TFG_Proyect/install/turtlebot3_gazebo/share/turtlebot3_gazebo//models/Warehouse/thumbnails/2.png\n'}
[0.755478] (turtlebot3_gazebo) StdoutLine: {'line': b'-- Up-to-date: /home/leo/TFG_Proyect/install/turtlebot3_gazebo/share/turtlebot3_gazebo//models/Warehouse/thumbnails/1.png\n'}
[0.755608] (turtlebot3_gazebo) StdoutLine: {'line': b'-- Up-to-date: /home/leo/TFG_Proyect/install/turtlebot3_gazebo/share/turtlebot3_gazebo//models/Warehouse/meshes\n'}
[0.755742] (turtlebot3_gazebo) StdoutLine: {'line': b'-- Up-to-date: /home/leo/TFG_Proyect/install/turtlebot3_gazebo/share/turtlebot3_gazebo//models/Warehouse/meshes/Asphalt010_1K_Color.jpg\n'}
[0.755877] (turtlebot3_gazebo) StdoutLine: {'line': b'-- Up-to-date: /home/leo/TFG_Proyect/install/turtlebot3_gazebo/share/turtlebot3_gazebo//models/Warehouse/meshes/Tape001_1K_Color.png\n'}
[0.756012] (turtlebot3_gazebo) StdoutLine: {'line': b'-- Up-to-date: /home/leo/TFG_Proyect/install/turtlebot3_gazebo/share/turtlebot3_gazebo//models/Warehouse/meshes/Rough_Square_Concrete_Block.jpg\n'}
[0.756146] (turtlebot3_gazebo) StdoutLine: {'line': b'-- Up-to-date: /home/leo/TFG_Proyect/install/turtlebot3_gazebo/share/turtlebot3_gazebo//models/Warehouse/meshes/warehouse.dae\n'}
[0.756324] (turtlebot3_gazebo) StdoutLine: {'line': b'-- Up-to-date: /home/leo/TFG_Proyect/install/turtlebot3_gazebo/share/turtlebot3_gazebo//models/Warehouse/meshes/Terrazzo005_1K_Color.jpg\n'}
[0.756695] (turtlebot3_gazebo) StdoutLine: {'line': b'-- Up-to-date: /home/leo/TFG_Proyect/install/turtlebot3_gazebo/share/turtlebot3_gazebo//models/Warehouse/meshes/ground.png\n'}
[0.756883] (turtlebot3_gazebo) StdoutLine: {'line': b'-- Up-to-date: /home/leo/TFG_Proyect/install/turtlebot3_gazebo/share/turtlebot3_gazebo//models/Warehouse/meshes/warehouse_colision.stl\n'}
[0.757065] (turtlebot3_gazebo) StdoutLine: {'line': b'-- Up-to-date: /home/leo/TFG_Proyect/install/turtlebot3_gazebo/share/turtlebot3_gazebo//models/turtlebot3_burger\n'}
[0.757249] (turtlebot3_gazebo) StdoutLine: {'line': b'-- Up-to-date: /home/leo/TFG_Proyect/install/turtlebot3_gazebo/share/turtlebot3_gazebo//models/turtlebot3_burger/model.sdf\n'}
[0.757443] (turtlebot3_gazebo) StdoutLine: {'line': b'-- Up-to-date: /home/leo/TFG_Proyect/install/turtlebot3_gazebo/share/turtlebot3_gazebo//models/turtlebot3_burger/model.config\n'}
[0.757647] (turtlebot3_gazebo) StdoutLine: {'line': b'-- Up-to-date: /home/leo/TFG_Proyect/install/turtlebot3_gazebo/share/turtlebot3_gazebo//models/turtlebot3_burger/model-1_4.sdf\n'}
[0.757818] (turtlebot3_gazebo) StdoutLine: {'line': b'-- Up-to-date: /home/leo/TFG_Proyect/install/turtlebot3_gazebo/share/turtlebot3_gazebo//models/turtlebot3_world\n'}
[0.757947] (turtlebot3_gazebo) StdoutLine: {'line': b'-- Up-to-date: /home/leo/TFG_Proyect/install/turtlebot3_gazebo/share/turtlebot3_gazebo//models/turtlebot3_world/model.sdf\n'}
[0.758107] (turtlebot3_gazebo) StdoutLine: {'line': b'-- Up-to-date: /home/leo/TFG_Proyect/install/turtlebot3_gazebo/share/turtlebot3_gazebo//models/turtlebot3_world/model.config\n'}
[0.758241] (turtlebot3_gazebo) StdoutLine: {'line': b'-- Up-to-date: /home/leo/TFG_Proyect/install/turtlebot3_gazebo/share/turtlebot3_gazebo//models/turtlebot3_world/model-1_4.sdf\n'}
[0.758545] (turtlebot3_gazebo) StdoutLine: {'line': b'-- Up-to-date: /home/leo/TFG_Proyect/install/turtlebot3_gazebo/share/turtlebot3_gazebo//models/turtlebot3_world/meshes\n'}
[0.758682] (turtlebot3_gazebo) StdoutLine: {'line': b'-- Up-to-date: /home/leo/TFG_Proyect/install/turtlebot3_gazebo/share/turtlebot3_gazebo//models/turtlebot3_world/meshes/hexagon.dae\n'}
[0.758799] (turtlebot3_gazebo) StdoutLine: {'line': b'-- Up-to-date: /home/leo/TFG_Proyect/install/turtlebot3_gazebo/share/turtlebot3_gazebo//models/turtlebot3_world/meshes/wall.dae\n'}
[0.758916] (turtlebot3_gazebo) StdoutLine: {'line': b'-- Up-to-date: /home/leo/TFG_Proyect/install/turtlebot3_gazebo/share/turtlebot3_gazebo//models/turtlebot3_dqn_world\n'}
[0.759036] (turtlebot3_gazebo) StdoutLine: {'line': b'-- Up-to-date: /home/leo/TFG_Proyect/install/turtlebot3_gazebo/share/turtlebot3_gazebo//models/turtlebot3_dqn_world/model.sdf\n'}
[0.759548] (turtlebot3_gazebo) StdoutLine: {'line': b'-- Up-to-date: /home/leo/TFG_Proyect/install/turtlebot3_gazebo/share/turtlebot3_gazebo//models/turtlebot3_dqn_world/model.config\n'}
[0.759695] (turtlebot3_gazebo) StdoutLine: {'line': b'-- Up-to-date: /home/leo/TFG_Proyect/install/turtlebot3_gazebo/share/turtlebot3_gazebo//models/turtlebot3_dqn_world/goal_box\n'}
[0.759823] (turtlebot3_gazebo) StdoutLine: {'line': b'-- Up-to-date: /home/leo/TFG_Proyect/install/turtlebot3_gazebo/share/turtlebot3_gazebo//models/turtlebot3_dqn_world/goal_box/model.sdf\n'}
[0.759953] (turtlebot3_gazebo) StdoutLine: {'line': b'-- Up-to-date: /home/leo/TFG_Proyect/install/turtlebot3_gazebo/share/turtlebot3_gazebo//models/turtlebot3_dqn_world/goal_box/model.config\n'}
[0.760079] (turtlebot3_gazebo) StdoutLine: {'line': b'-- Up-to-date: /home/leo/TFG_Proyect/install/turtlebot3_gazebo/share/turtlebot3_gazebo//models/turtlebot3_dqn_world/obstacle_plugin\n'}
[0.760232] (turtlebot3_gazebo) StdoutLine: {'line': b'-- Up-to-date: /home/leo/TFG_Proyect/install/turtlebot3_gazebo/share/turtlebot3_gazebo//models/turtlebot3_dqn_world/obstacle_plugin/obstacle2.cc\n'}
[0.760524] (turtlebot3_gazebo) StdoutLine: {'line': b'-- Up-to-date: /home/leo/TFG_Proyect/install/turtlebot3_gazebo/share/turtlebot3_gazebo//models/turtlebot3_dqn_world/obstacle_plugin/CMakeLists.txt\n'}
[0.760850] (turtlebot3_gazebo) StdoutLine: {'line': b'-- Up-to-date: /home/leo/TFG_Proyect/install/turtlebot3_gazebo/share/turtlebot3_gazebo//models/turtlebot3_dqn_world/obstacle_plugin/obstacle1.cc\n'}
[0.760974] (turtlebot3_gazebo) StdoutLine: {'line': b'-- Up-to-date: /home/leo/TFG_Proyect/install/turtlebot3_gazebo/share/turtlebot3_gazebo//models/turtlebot3_dqn_world/obstacle_plugin/obstacles.cc\n'}
[0.761094] (turtlebot3_gazebo) StdoutLine: {'line': b'-- Up-to-date: /home/leo/TFG_Proyect/install/turtlebot3_gazebo/share/turtlebot3_gazebo//models/turtlebot3_dqn_world/obstacle1\n'}
[0.761246] (turtlebot3_gazebo) StdoutLine: {'line': b'-- Up-to-date: /home/leo/TFG_Proyect/install/turtlebot3_gazebo/share/turtlebot3_gazebo//models/turtlebot3_dqn_world/obstacle1/model.sdf\n'}
[0.761374] (turtlebot3_gazebo) StdoutLine: {'line': b'-- Up-to-date: /home/leo/TFG_Proyect/install/turtlebot3_gazebo/share/turtlebot3_gazebo//models/turtlebot3_dqn_world/obstacle1/model.config\n'}
[0.761497] (turtlebot3_gazebo) StdoutLine: {'line': b'-- Up-to-date: /home/leo/TFG_Proyect/install/turtlebot3_gazebo/share/turtlebot3_gazebo//models/turtlebot3_dqn_world/obstacles\n'}
[0.761619] (turtlebot3_gazebo) StdoutLine: {'line': b'-- Up-to-date: /home/leo/TFG_Proyect/install/turtlebot3_gazebo/share/turtlebot3_gazebo//models/turtlebot3_dqn_world/obstacles/model.sdf\n'}
[0.761745] (turtlebot3_gazebo) StdoutLine: {'line': b'-- Up-to-date: /home/leo/TFG_Proyect/install/turtlebot3_gazebo/share/turtlebot3_gazebo//models/turtlebot3_dqn_world/obstacles/model.config\n'}
[0.761869] (turtlebot3_gazebo) StdoutLine: {'line': b'-- Up-to-date: /home/leo/TFG_Proyect/install/turtlebot3_gazebo/share/turtlebot3_gazebo//models/turtlebot3_dqn_world/obstacle2\n'}
[0.761987] (turtlebot3_gazebo) StdoutLine: {'line': b'-- Up-to-date: /home/leo/TFG_Proyect/install/turtlebot3_gazebo/share/turtlebot3_gazebo//models/turtlebot3_dqn_world/obstacle2/model.sdf\n'}
[0.762224] (turtlebot3_gazebo) StdoutLine: {'line': b'-- Up-to-date: /home/leo/TFG_Proyect/install/turtlebot3_gazebo/share/turtlebot3_gazebo//models/turtlebot3_dqn_world/obstacle2/model.config\n'}
[0.762591] (turtlebot3_gazebo) StdoutLine: {'line': b'-- Up-to-date: /home/leo/TFG_Proyect/install/turtlebot3_gazebo/share/turtlebot3_gazebo//models/turtlebot3_dqn_world/inner_walls\n'}
[0.762764] (turtlebot3_gazebo) StdoutLine: {'line': b'-- Up-to-date: /home/leo/TFG_Proyect/install/turtlebot3_gazebo/share/turtlebot3_gazebo//models/turtlebot3_dqn_world/inner_walls/model.sdf\n'}
[0.762878] (turtlebot3_gazebo) StdoutLine: {'line': b'-- Up-to-date: /home/leo/TFG_Proyect/install/turtlebot3_gazebo/share/turtlebot3_gazebo//models/turtlebot3_dqn_world/inner_walls/model.config\n'}
[0.762993] (turtlebot3_gazebo) StdoutLine: {'line': b'-- Up-to-date: /home/leo/TFG_Proyect/install/turtlebot3_gazebo/share/turtlebot3_gazebo//models/turtlebot3_house\n'}
[0.763130] (turtlebot3_gazebo) StdoutLine: {'line': b'-- Up-to-date: /home/leo/TFG_Proyect/install/turtlebot3_gazebo/share/turtlebot3_gazebo//models/turtlebot3_house/model.sdf\n'}
[0.763253] (turtlebot3_gazebo) StdoutLine: {'line': b'-- Up-to-date: /home/leo/TFG_Proyect/install/turtlebot3_gazebo/share/turtlebot3_gazebo//models/turtlebot3_house/model.config\n'}
[0.763547] (turtlebot3_gazebo) StdoutLine: {'line': b'-- Up-to-date: /home/leo/TFG_Proyect/install/turtlebot3_gazebo/share/turtlebot3_gazebo//rviz\n'}
[0.763668] (turtlebot3_gazebo) StdoutLine: {'line': b'-- Up-to-date: /home/leo/TFG_Proyect/install/turtlebot3_gazebo/share/turtlebot3_gazebo//rviz/tb3_gazebo.rviz\n'}
[0.763786] (turtlebot3_gazebo) StdoutLine: {'line': b'-- Up-to-date: /home/leo/TFG_Proyect/install/turtlebot3_gazebo/share/turtlebot3_gazebo//urdf\n'}
[0.763901] (turtlebot3_gazebo) StdoutLine: {'line': b'-- Up-to-date: /home/leo/TFG_Proyect/install/turtlebot3_gazebo/share/turtlebot3_gazebo//urdf/turtlebot3_burger.urdf\n'}
[0.764017] (turtlebot3_gazebo) StdoutLine: {'line': b'-- Up-to-date: /home/leo/TFG_Proyect/install/turtlebot3_gazebo/share/turtlebot3_gazebo//urdf/turtlebot3_waffle_pi.urdf\n'}
[0.764350] (turtlebot3_gazebo) StdoutLine: {'line': b'-- Up-to-date: /home/leo/TFG_Proyect/install/turtlebot3_gazebo/share/turtlebot3_gazebo//urdf/common_properties.urdf\n'}
[0.764470] (turtlebot3_gazebo) StdoutLine: {'line': b'-- Up-to-date: /home/leo/TFG_Proyect/install/turtlebot3_gazebo/share/turtlebot3_gazebo//urdf/turtlebot3_waffle.urdf\n'}
[0.764586] (turtlebot3_gazebo) StdoutLine: {'line': b'-- Up-to-date: /home/leo/TFG_Proyect/install/turtlebot3_gazebo/share/turtlebot3_gazebo//worlds\n'}
[0.764704] (turtlebot3_gazebo) StdoutLine: {'line': b'-- Up-to-date: /home/leo/TFG_Proyect/install/turtlebot3_gazebo/share/turtlebot3_gazebo//worlds/turtlebot3_dqn_stage2.world\n'}
[0.764820] (turtlebot3_gazebo) StdoutLine: {'line': b'-- Up-to-date: /home/leo/TFG_Proyect/install/turtlebot3_gazebo/share/turtlebot3_gazebo//worlds/warehouseV9.world\n'}
[0.764935] (turtlebot3_gazebo) StdoutLine: {'line': b'-- Up-to-date: /home/leo/TFG_Proyect/install/turtlebot3_gazebo/share/turtlebot3_gazebo//worlds/warehouseV15.world\n'}
[0.765051] (turtlebot3_gazebo) StdoutLine: {'line': b'-- Up-to-date: /home/leo/TFG_Proyect/install/turtlebot3_gazebo/share/turtlebot3_gazebo//worlds/empty_world.world\n'}
[0.765185] (turtlebot3_gazebo) StdoutLine: {'line': b'-- Up-to-date: /home/leo/TFG_Proyect/install/turtlebot3_gazebo/share/turtlebot3_gazebo//worlds/warehouseV13.world\n'}
[0.765301] (turtlebot3_gazebo) StdoutLine: {'line': b'-- Up-to-date: /home/leo/TFG_Proyect/install/turtlebot3_gazebo/share/turtlebot3_gazebo//worlds/turtlebot3_house.world\n'}
[0.765417] (turtlebot3_gazebo) StdoutLine: {'line': b'-- Up-to-date: /home/leo/TFG_Proyect/install/turtlebot3_gazebo/share/turtlebot3_gazebo//worlds/turtlebot3_dqn_stage3.world\n'}
[0.766500] (turtlebot3_gazebo) StdoutLine: {'line': b'-- Up-to-date: /home/leo/TFG_Proyect/install/turtlebot3_gazebo/share/turtlebot3_gazebo//worlds/turtlebot3_dqn_stage1.world\n'}
[0.766669] (turtlebot3_gazebo) StdoutLine: {'line': b'-- Up-to-date: /home/leo/TFG_Proyect/install/turtlebot3_gazebo/share/turtlebot3_gazebo//worlds/warehouse.world\n'}
[0.766794] (turtlebot3_gazebo) StdoutLine: {'line': b'-- Up-to-date: /home/leo/TFG_Proyect/install/turtlebot3_gazebo/share/turtlebot3_gazebo//worlds/cylinder.world\n'}
[0.766911] (turtlebot3_gazebo) StdoutLine: {'line': b'-- Up-to-date: /home/leo/TFG_Proyect/install/turtlebot3_gazebo/share/turtlebot3_gazebo//worlds/turtlebot3_dqn_stage4.world\n'}
[0.767029] (turtlebot3_gazebo) StdoutLine: {'line': b'-- Up-to-date: /home/leo/TFG_Proyect/install/turtlebot3_gazebo/share/turtlebot3_gazebo//worlds/warehouseV14.world\n'}
[0.767142] (turtlebot3_gazebo) StdoutLine: {'line': b'-- Up-to-date: /home/leo/TFG_Proyect/install/turtlebot3_gazebo/share/turtlebot3_gazebo//worlds/turtlebot3_warehouse.world\n'}
[0.767257] (turtlebot3_gazebo) StdoutLine: {'line': b'-- Up-to-date: /home/leo/TFG_Proyect/install/turtlebot3_gazebo/share/turtlebot3_gazebo//worlds/turtlebot3_world.world\n'}
[0.767371] (turtlebot3_gazebo) StdoutLine: {'line': b'-- Up-to-date: /home/leo/TFG_Proyect/install/turtlebot3_gazebo/include/\n'}
[0.767486] (turtlebot3_gazebo) StdoutLine: {'line': b'-- Up-to-date: /home/leo/TFG_Proyect/install/turtlebot3_gazebo/include//turtlebot3_gazebo\n'}
[0.767599] (turtlebot3_gazebo) StdoutLine: {'line': b'-- Up-to-date: /home/leo/TFG_Proyect/install/turtlebot3_gazebo/include//turtlebot3_gazebo/turtlebot3_drive.hpp\n'}
[0.767712] (turtlebot3_gazebo) StdoutLine: {'line': b'-- Up-to-date: /home/leo/TFG_Proyect/install/turtlebot3_gazebo/share/ament_index/resource_index/package_run_dependencies/turtlebot3_gazebo\n'}
[0.767826] (turtlebot3_gazebo) StdoutLine: {'line': b'-- Up-to-date: /home/leo/TFG_Proyect/install/turtlebot3_gazebo/share/ament_index/resource_index/parent_prefix_path/turtlebot3_gazebo\n'}
[0.767939] (turtlebot3_gazebo) StdoutLine: {'line': b'-- Up-to-date: /home/leo/TFG_Proyect/install/turtlebot3_gazebo/share/turtlebot3_gazebo/environment/ament_prefix_path.sh\n'}
[0.768052] (turtlebot3_gazebo) StdoutLine: {'line': b'-- Up-to-date: /home/leo/TFG_Proyect/install/turtlebot3_gazebo/share/turtlebot3_gazebo/environment/ament_prefix_path.dsv\n'}
[0.768172] (turtlebot3_gazebo) StdoutLine: {'line': b'-- Up-to-date: /home/leo/TFG_Proyect/install/turtlebot3_gazebo/share/turtlebot3_gazebo/environment/path.sh\n'}
[0.768286] (turtlebot3_gazebo) StdoutLine: {'line': b'-- Up-to-date: /home/leo/TFG_Proyect/install/turtlebot3_gazebo/share/turtlebot3_gazebo/environment/path.dsv\n'}
[0.768398] (turtlebot3_gazebo) StdoutLine: {'line': b'-- Up-to-date: /home/leo/TFG_Proyect/install/turtlebot3_gazebo/share/turtlebot3_gazebo/local_setup.bash\n'}
[0.768511] (turtlebot3_gazebo) StdoutLine: {'line': b'-- Up-to-date: /home/leo/TFG_Proyect/install/turtlebot3_gazebo/share/turtlebot3_gazebo/local_setup.sh\n'}
[0.768626] (turtlebot3_gazebo) StdoutLine: {'line': b'-- Up-to-date: /home/leo/TFG_Proyect/install/turtlebot3_gazebo/share/turtlebot3_gazebo/local_setup.zsh\n'}
[0.768817] (turtlebot3_gazebo) StdoutLine: {'line': b'-- Up-to-date: /home/leo/TFG_Proyect/install/turtlebot3_gazebo/share/turtlebot3_gazebo/local_setup.dsv\n'}
[0.768936] (turtlebot3_gazebo) StdoutLine: {'line': b'-- Installing: /home/leo/TFG_Proyect/install/turtlebot3_gazebo/share/turtlebot3_gazebo/package.dsv\n'}
[0.769050] (turtlebot3_gazebo) StdoutLine: {'line': b'-- Up-to-date: /home/leo/TFG_Proyect/install/turtlebot3_gazebo/share/ament_index/resource_index/packages/turtlebot3_gazebo\n'}
[0.769164] (turtlebot3_gazebo) StdoutLine: {'line': b'-- Up-to-date: /home/leo/TFG_Proyect/install/turtlebot3_gazebo/share/turtlebot3_gazebo/cmake/ament_cmake_export_include_directories-extras.cmake\n'}
[0.769279] (turtlebot3_gazebo) StdoutLine: {'line': b'-- Up-to-date: /home/leo/TFG_Proyect/install/turtlebot3_gazebo/share/turtlebot3_gazebo/cmake/ament_cmake_export_dependencies-extras.cmake\n'}
[0.769394] (turtlebot3_gazebo) StdoutLine: {'line': b'-- Up-to-date: /home/leo/TFG_Proyect/install/turtlebot3_gazebo/share/turtlebot3_gazebo/cmake/turtlebot3_gazeboConfig.cmake\n'}
[0.769508] (turtlebot3_gazebo) StdoutLine: {'line': b'-- Up-to-date: /home/leo/TFG_Proyect/install/turtlebot3_gazebo/share/turtlebot3_gazebo/cmake/turtlebot3_gazeboConfig-version.cmake\n'}
[0.769623] (turtlebot3_gazebo) StdoutLine: {'line': b'-- Up-to-date: /home/leo/TFG_Proyect/install/turtlebot3_gazebo/share/turtlebot3_gazebo/package.xml\n'}
[0.769740] (turtlebot3_gazebo) CommandEnded: {'returncode': 0}
[0.801668] (-) TimerEvent: {}
[0.904388] (-) TimerEvent: {}
[1.004956] (-) TimerEvent: {}
[1.009363] (turtlebot3_fake_node) JobEnded: {'identifier': 'turtlebot3_fake_node', 'rc': 0}
[1.105070] (-) TimerEvent: {}
[1.142887] (turtlebot3_gazebo) JobEnded: {'identifier': 'turtlebot3_gazebo', 'rc': 0}
[1.144554] (turtlebot3_simulations) JobStarted: {'identifier': 'turtlebot3_simulations'}
[1.205215] (-) TimerEvent: {}
[1.305663] (-) TimerEvent: {}
[1.314261] (turtlebot3_simulations) JobProgress: {'identifier': 'turtlebot3_simulations', 'progress': 'cmake'}
[1.315660] (turtlebot3_simulations) JobProgress: {'identifier': 'turtlebot3_simulations', 'progress': 'build'}
[1.316330] (turtlebot3_simulations) Command: {'cmd': ['/usr/bin/cmake', '--build', '/home/leo/TFG_Proyect/build/turtlebot3_simulations', '--', '-j8', '-l8'], 'cwd': '/home/leo/TFG_Proyect/build/turtlebot3_simulations', 'env': OrderedDict([('USER', 'leo'), ('XDG_SESSION_TYPE', 'wayland'), ('SHLVL', '1'), ('LD_LIBRARY_PATH', '/usr/lib/x86_64-linux-gnu/gazebo-11/plugins:/opt/ros/humble/opt/rviz_ogre_vendor/lib:/opt/ros/humble/lib/x86_64-linux-gnu:/opt/ros/humble/lib'), ('HOME', '/home/leo'), ('OLDPWD', '/home/leo'), ('DESKTOP_SESSION', 'ubuntu'), ('ROS_PYTHON_VERSION', '3'), ('GNOME_SHELL_SESSION_MODE', 'ubuntu'), ('GTK_MODULES', 'gail:atk-bridge'), ('SYSTEMD_EXEC_PID', '1792'), ('DBUS_SESSION_BUS_ADDRESS', 'unix:path=/run/user/1000/bus'), ('COLORTERM', 'truecolor'), ('IM_CONFIG_PHASE', '1'), ('WAYLAND_DISPLAY', 'wayland-0'), ('COLCON_PREFIX_PATH', '/home/leo/TFG_Proyect/install:/home/leo/ros2_ws/install'), ('ROS_DISTRO', 'humble'), ('LOGNAME', 'leo'), ('_', '/usr/bin/colcon'), ('ROS_VERSION', '2'), ('XDG_SESSION_CLASS', 'user'), ('USERNAME', 'leo'), ('TERM', 'xterm-256color'), ('GNOME_DESKTOP_SESSION_ID', 'this-is-deprecated'), ('ROS_LOCALHOST_ONLY', '0'), ('PATH', '/opt/ros/humble/bin:/usr/local/sbin:/usr/local/bin:/usr/sbin:/usr/bin:/sbin:/bin:/usr/games:/usr/local/games:/snap/bin:/snap/bin'), ('SESSION_MANAGER', 'local/Humble:@/tmp/.ICE-unix/1756,unix/Humble:/tmp/.ICE-unix/1756'), ('XDG_MENU_PREFIX', 'gnome-'), ('GNOME_TERMINAL_SCREEN', '/org/gnome/Terminal/screen/2b4dea12_1f86_421f_8bc4_ec42bc12e536'), ('GNOME_SETUP_DISPLAY', ':1'), ('XDG_RUNTIME_DIR', '/run/user/1000'), ('DISPLAY', ':0'), ('LANG', 'es_ES.UTF-8'), ('XDG_CURRENT_DESKTOP', 'ubuntu:GNOME'), ('XMODIFIERS', '@im=ibus'), ('XDG_SESSION_DESKTOP', 'ubuntu'), ('XAUTHORITY', '/run/user/1000/.mutter-Xwaylandauth.S170C2'), ('GNOME_TERMINAL_SERVICE', ':1.158'), ('SSH_AGENT_LAUNCHER', 'gnome-keyring'), ('SSH_AUTH_SOCK', '/run/user/1000/keyring/ssh'), ('ROS_DOMAIN_ID', '30'), ('AMENT_PREFIX_PATH', '/home/leo/TFG_Proyect/install/turtlebot3_simulations:/home/leo/TFG_Proyect/install/turtlebot3_gazebo:/home/leo/TFG_Proyect/install/turtlebot3_fake_node:/home/leo/ros2_ws/install/turtlebot3_simulations:/home/leo/ros2_ws/install/turtlebot3_gazebo:/home/leo/ros2_ws/install/turtlebot3_fake_node:/home/leo/ros2_ws/install/examples_pkg:/opt/ros/humble'), ('SHELL', '/bin/bash'), ('QT_ACCESSIBILITY', '1'), ('GDMSESSION', 'ubuntu'), ('QT_IM_MODULE', 'ibus'), ('PWD', '/home/leo/TFG_Proyect/build/turtlebot3_simulations'), ('TURTLEBOT3_MODEL', 'burger'), ('LC_ALL', 'es_ES.UTF-8'), ('XDG_CONFIG_DIRS', '/etc/xdg/xdg-ubuntu:/etc/xdg'), ('XDG_DATA_DIRS', '/usr/share/ubuntu:/usr/local/share/:/usr/share/:/var/lib/snapd/desktop'), ('PYTHONPATH', '/home/leo/ros2_ws/build/examples_pkg:/home/leo/ros2_ws/install/examples_pkg/lib/python3.10/site-packages:/opt/ros/humble/lib/python3.10/site-packages:/opt/ros/humble/local/lib/python3.10/dist-packages'), ('COLCON', '1'), ('VTE_VERSION', '6800'), ('CMAKE_PREFIX_PATH', '/home/leo/TFG_Proyect/install/turtlebot3_gazebo:/home/leo/TFG_Proyect/install/turtlebot3_fake_node:/home/leo/TFG_Proyect/install/turtlebot3_simulations:/home/leo/ros2_ws/install/turtlebot3_simulations:/home/leo/ros2_ws/install/turtlebot3_gazebo:/home/leo/ros2_ws/install/turtlebot3_fake_node:/home/leo/ros2_ws/install/examples_pkg:/opt/ros/humble')]), 'shell': False}
[1.388917] (turtlebot3_simulations) CommandEnded: {'returncode': 0}
[1.405801] (-) TimerEvent: {}
[1.427741] (turtlebot3_simulations) JobProgress: {'identifier': 'turtlebot3_simulations', 'progress': 'install'}
[1.428454] (turtlebot3_simulations) Command: {'cmd': ['/usr/bin/cmake', '--install', '/home/leo/TFG_Proyect/build/turtlebot3_simulations'], 'cwd': '/home/leo/TFG_Proyect/build/turtlebot3_simulations', 'env': OrderedDict([('USER', 'leo'), ('XDG_SESSION_TYPE', 'wayland'), ('SHLVL', '1'), ('LD_LIBRARY_PATH', '/usr/lib/x86_64-linux-gnu/gazebo-11/plugins:/opt/ros/humble/opt/rviz_ogre_vendor/lib:/opt/ros/humble/lib/x86_64-linux-gnu:/opt/ros/humble/lib'), ('HOME', '/home/leo'), ('OLDPWD', '/home/leo'), ('DESKTOP_SESSION', 'ubuntu'), ('ROS_PYTHON_VERSION', '3'), ('GNOME_SHELL_SESSION_MODE', 'ubuntu'), ('GTK_MODULES', 'gail:atk-bridge'), ('SYSTEMD_EXEC_PID', '1792'), ('DBUS_SESSION_BUS_ADDRESS', 'unix:path=/run/user/1000/bus'), ('COLORTERM', 'truecolor'), ('IM_CONFIG_PHASE', '1'), ('WAYLAND_DISPLAY', 'wayland-0'), ('COLCON_PREFIX_PATH', '/home/leo/TFG_Proyect/install:/home/leo/ros2_ws/install'), ('ROS_DISTRO', 'humble'), ('LOGNAME', 'leo'), ('_', '/usr/bin/colcon'), ('ROS_VERSION', '2'), ('XDG_SESSION_CLASS', 'user'), ('USERNAME', 'leo'), ('TERM', 'xterm-256color'), ('GNOME_DESKTOP_SESSION_ID', 'this-is-deprecated'), ('ROS_LOCALHOST_ONLY', '0'), ('PATH', '/opt/ros/humble/bin:/usr/local/sbin:/usr/local/bin:/usr/sbin:/usr/bin:/sbin:/bin:/usr/games:/usr/local/games:/snap/bin:/snap/bin'), ('SESSION_MANAGER', 'local/Humble:@/tmp/.ICE-unix/1756,unix/Humble:/tmp/.ICE-unix/1756'), ('XDG_MENU_PREFIX', 'gnome-'), ('GNOME_TERMINAL_SCREEN', '/org/gnome/Terminal/screen/2b4dea12_1f86_421f_8bc4_ec42bc12e536'), ('GNOME_SETUP_DISPLAY', ':1'), ('XDG_RUNTIME_DIR', '/run/user/1000'), ('DISPLAY', ':0'), ('LANG', 'es_ES.UTF-8'), ('XDG_CURRENT_DESKTOP', 'ubuntu:GNOME'), ('XMODIFIERS', '@im=ibus'), ('XDG_SESSION_DESKTOP', 'ubuntu'), ('XAUTHORITY', '/run/user/1000/.mutter-Xwaylandauth.S170C2'), ('GNOME_TERMINAL_SERVICE', ':1.158'), ('SSH_AGENT_LAUNCHER', 'gnome-keyring'), ('SSH_AUTH_SOCK', '/run/user/1000/keyring/ssh'), ('ROS_DOMAIN_ID', '30'), ('AMENT_PREFIX_PATH', '/home/leo/TFG_Proyect/install/turtlebot3_simulations:/home/leo/TFG_Proyect/install/turtlebot3_gazebo:/home/leo/TFG_Proyect/install/turtlebot3_fake_node:/home/leo/ros2_ws/install/turtlebot3_simulations:/home/leo/ros2_ws/install/turtlebot3_gazebo:/home/leo/ros2_ws/install/turtlebot3_fake_node:/home/leo/ros2_ws/install/examples_pkg:/opt/ros/humble'), ('SHELL', '/bin/bash'), ('QT_ACCESSIBILITY', '1'), ('GDMSESSION', 'ubuntu'), ('QT_IM_MODULE', 'ibus'), ('PWD', '/home/leo/TFG_Proyect/build/turtlebot3_simulations'), ('TURTLEBOT3_MODEL', 'burger'), ('LC_ALL', 'es_ES.UTF-8'), ('XDG_CONFIG_DIRS', '/etc/xdg/xdg-ubuntu:/etc/xdg'), ('XDG_DATA_DIRS', '/usr/share/ubuntu:/usr/local/share/:/usr/share/:/var/lib/snapd/desktop'), ('PYTHONPATH', '/home/leo/ros2_ws/build/examples_pkg:/home/leo/ros2_ws/install/examples_pkg/lib/python3.10/site-packages:/opt/ros/humble/lib/python3.10/site-packages:/opt/ros/humble/local/lib/python3.10/dist-packages'), ('COLCON', '1'), ('VTE_VERSION', '6800'), ('CMAKE_PREFIX_PATH', '/home/leo/TFG_Proyect/install/turtlebot3_gazebo:/home/leo/TFG_Proyect/install/turtlebot3_fake_node:/home/leo/TFG_Proyect/install/turtlebot3_simulations:/home/leo/ros2_ws/install/turtlebot3_simulations:/home/leo/ros2_ws/install/turtlebot3_gazebo:/home/leo/ros2_ws/install/turtlebot3_fake_node:/home/leo/ros2_ws/install/examples_pkg:/opt/ros/humble')]), 'shell': False}
[1.443214] (turtlebot3_simulations) StdoutLine: {'line': b'-- Install configuration: ""\n'}
[1.443560] (turtlebot3_simulations) StdoutLine: {'line': b'-- Up-to-date: /home/leo/TFG_Proyect/install/turtlebot3_simulations/share/ament_index/resource_index/package_run_dependencies/turtlebot3_simulations\n'}
[1.443755] (turtlebot3_simulations) StdoutLine: {'line': b'-- Up-to-date: /home/leo/TFG_Proyect/install/turtlebot3_simulations/share/ament_index/resource_index/parent_prefix_path/turtlebot3_simulations\n'}
[1.443896] (turtlebot3_simulations) StdoutLine: {'line': b'-- Up-to-date: /home/leo/TFG_Proyect/install/turtlebot3_simulations/share/turtlebot3_simulations/environment/ament_prefix_path.sh\n'}
[1.444068] (turtlebot3_simulations) StdoutLine: {'line': b'-- Up-to-date: /home/leo/TFG_Proyect/install/turtlebot3_simulations/share/turtlebot3_simulations/environment/ament_prefix_path.dsv\n'}
[1.444273] (turtlebot3_simulations) StdoutLine: {'line': b'-- Up-to-date: /home/leo/TFG_Proyect/install/turtlebot3_simulations/share/turtlebot3_simulations/environment/path.sh\n'}
[1.444410] (turtlebot3_simulations) StdoutLine: {'line': b'-- Up-to-date: /home/leo/TFG_Proyect/install/turtlebot3_simulations/share/turtlebot3_simulations/environment/path.dsv\n'}
[1.444578] (turtlebot3_simulations) StdoutLine: {'line': b'-- Up-to-date: /home/leo/TFG_Proyect/install/turtlebot3_simulations/share/turtlebot3_simulations/local_setup.bash\n'}
[1.444823] (turtlebot3_simulations) StdoutLine: {'line': b'-- Up-to-date: /home/leo/TFG_Proyect/install/turtlebot3_simulations/share/turtlebot3_simulations/local_setup.sh\n'}
[1.445003] (turtlebot3_simulations) StdoutLine: {'line': b'-- Up-to-date: /home/leo/TFG_Proyect/install/turtlebot3_simulations/share/turtlebot3_simulations/local_setup.zsh\n'}
[1.445178] (turtlebot3_simulations) StdoutLine: {'line': b'-- Up-to-date: /home/leo/TFG_Proyect/install/turtlebot3_simulations/share/turtlebot3_simulations/local_setup.dsv\n'}
[1.445352] (turtlebot3_simulations) StdoutLine: {'line': b'-- Installing: /home/leo/TFG_Proyect/install/turtlebot3_simulations/share/turtlebot3_simulations/package.dsv\n'}
[1.445646] (turtlebot3_simulations) StdoutLine: {'line': b'-- Up-to-date: /home/leo/TFG_Proyect/install/turtlebot3_simulations/share/ament_index/resource_index/packages/turtlebot3_simulations\n'}
[1.445855] (turtlebot3_simulations) StdoutLine: {'line': b'-- Up-to-date: /home/leo/TFG_Proyect/install/turtlebot3_simulations/share/turtlebot3_simulations/cmake/turtlebot3_simulationsConfig.cmake\n'}
[1.445991] (turtlebot3_simulations) StdoutLine: {'line': b'-- Up-to-date: /home/leo/TFG_Proyect/install/turtlebot3_simulations/share/turtlebot3_simulations/cmake/turtlebot3_simulationsConfig-version.cmake\n'}
[1.446140] (turtlebot3_simulations) StdoutLine: {'line': b'-- Up-to-date: /home/leo/TFG_Proyect/install/turtlebot3_simulations/share/turtlebot3_simulations/package.xml\n'}
[1.447538] (turtlebot3_simulations) CommandEnded: {'returncode': 0}
[1.505926] (-) TimerEvent: {}
[1.606821] (-) TimerEvent: {}
[1.707755] (-) TimerEvent: {}
[1.720557] (turtlebot3_simulations) JobEnded: {'identifier': 'turtlebot3_simulations', 'rc': 0}
[1.721771] (-) EventReactorShutdown: {}
