running egg_info
writing ../../build/rmf_v2/rmf_v2.egg-info/PKG-INFO
writing dependency_links to ../../build/rmf_v2/rmf_v2.egg-info/dependency_links.txt
writing entry points to ../../build/rmf_v2/rmf_v2.egg-info/entry_points.txt
writing requirements to ../../build/rmf_v2/rmf_v2.egg-info/requires.txt
writing top-level names to ../../build/rmf_v2/rmf_v2.egg-info/top_level.txt
reading manifest file '../../build/rmf_v2/rmf_v2.egg-info/SOURCES.txt'
writing manifest file '../../build/rmf_v2/rmf_v2.egg-info/SOURCES.txt'
running build
running build_py
running install
/usr/lib/python3/dist-packages/setuptools/command/install.py:34: SetuptoolsDeprecationWarning: setup.py install is deprecated. Use build and pip and other standards-based tools.
  warnings.warn(
running install_lib
running install_data
running install_egg_info
removing '/home/leo/TFG_Proyect/install/rmf_v2/lib/python3.10/site-packages/rmf_v2-0.0.0-py3.10.egg-info' (and everything under it)
Copying ../../build/rmf_v2/rmf_v2.egg-info to /home/leo/TFG_Proyect/install/rmf_v2/lib/python3.10/site-packages/rmf_v2-0.0.0-py3.10.egg-info
running install_scripts
writing list of installed files to '/home/leo/TFG_Proyect/build/rmf_v2/install.log'
