[0.055s] Invoking command in '/home/leo/TFG_Proyect/build/turtlebot3_gazebo': CMAKE_PREFIX_PATH=${CMAKE_PREFIX_PATH}:/home/leo/ros2_ws/install/examples_pkg:/opt/ros/humble /usr/bin/cmake --build /home/leo/TFG_Proyect/build/turtlebot3_gazebo -- -j8 -l8
[0.096s] [ 25%] Built target turtlebot3_drive
[0.105s] [ 50%] Built target obstacle1
[0.105s] [ 75%] Built target obstacle2
[0.105s] [100%] Built target obstacles
[0.113s] Invoked command in '/home/leo/TFG_Proyect/build/turtlebot3_gazebo' returned '0': CMAKE_PREFIX_PATH=${CMAKE_PREFIX_PATH}:/home/leo/ros2_ws/install/examples_pkg:/opt/ros/humble /usr/bin/cmake --build /home/leo/TFG_Proyect/build/turtlebot3_gazebo -- -j8 -l8
[0.165s] Invoking command in '/home/leo/TFG_Proyect/build/turtlebot3_gazebo': CMAKE_PREFIX_PATH=${CMAKE_PREFIX_PATH}:/home/leo/ros2_ws/install/examples_pkg:/opt/ros/humble /usr/bin/cmake --install /home/leo/TFG_Proyect/build/turtlebot3_gazebo
[0.170s] -- Install configuration: ""
[0.170s] -- Up-to-date: /home/leo/TFG_Proyect/install/turtlebot3_gazebo/lib/turtlebot3_gazebo/turtlebot3_drive
[0.170s] -- Up-to-date: /home/leo/TFG_Proyect/install/turtlebot3_gazebo/share/turtlebot3_gazebo//launch
[0.170s] -- Up-to-date: /home/leo/TFG_Proyect/install/turtlebot3_gazebo/share/turtlebot3_gazebo//launch/spawn_turtlebot3.launch.py
[0.170s] -- Up-to-date: /home/leo/TFG_Proyect/install/turtlebot3_gazebo/share/turtlebot3_gazebo//launch/turtlebot3_dqn_stage1.launch.py
[0.170s] -- Up-to-date: /home/leo/TFG_Proyect/install/turtlebot3_gazebo/share/turtlebot3_gazebo//launch/turtlebot3_house.launch.py
[0.170s] -- Up-to-date: /home/leo/TFG_Proyect/install/turtlebot3_gazebo/share/turtlebot3_gazebo//launch/empty_world.launch.py
[0.171s] -- Up-to-date: /home/leo/TFG_Proyect/install/turtlebot3_gazebo/share/turtlebot3_gazebo//launch/turtlebot3_dqn_stage3.launch.py
[0.171s] -- Up-to-date: /home/leo/TFG_Proyect/install/turtlebot3_gazebo/share/turtlebot3_gazebo//launch/turtlebot3_dqn_stage2.launch.py
[0.171s] -- Up-to-date: /home/leo/TFG_Proyect/install/turtlebot3_gazebo/share/turtlebot3_gazebo//launch/turtlebot3_world.launch.py
[0.171s] -- Up-to-date: /home/leo/TFG_Proyect/install/turtlebot3_gazebo/share/turtlebot3_gazebo//launch/turtlebot3_dqn_stage4.launch.py
[0.171s] -- Up-to-date: /home/leo/TFG_Proyect/install/turtlebot3_gazebo/share/turtlebot3_gazebo//launch/warehouse.launch.py
[0.171s] -- Up-to-date: /home/leo/TFG_Proyect/install/turtlebot3_gazebo/share/turtlebot3_gazebo//launch/robot_state_publisher.launch.py
[0.171s] -- Up-to-date: /home/leo/TFG_Proyect/install/turtlebot3_gazebo/share/turtlebot3_gazebo//models
[0.171s] -- Up-to-date: /home/leo/TFG_Proyect/install/turtlebot3_gazebo/share/turtlebot3_gazebo//models/turtlebot3_waffle
[0.171s] -- Up-to-date: /home/leo/TFG_Proyect/install/turtlebot3_gazebo/share/turtlebot3_gazebo//models/turtlebot3_waffle/model.sdf
[0.172s] -- Up-to-date: /home/leo/TFG_Proyect/install/turtlebot3_gazebo/share/turtlebot3_gazebo//models/turtlebot3_waffle/model.config
[0.172s] -- Up-to-date: /home/leo/TFG_Proyect/install/turtlebot3_gazebo/share/turtlebot3_gazebo//models/turtlebot3_waffle/model-1_4.sdf
[0.172s] -- Up-to-date: /home/leo/TFG_Proyect/install/turtlebot3_gazebo/share/turtlebot3_gazebo//models/turtlebot3_waffle_pi
[0.172s] -- Up-to-date: /home/leo/TFG_Proyect/install/turtlebot3_gazebo/share/turtlebot3_gazebo//models/turtlebot3_waffle_pi/model.sdf
[0.172s] -- Up-to-date: /home/leo/TFG_Proyect/install/turtlebot3_gazebo/share/turtlebot3_gazebo//models/turtlebot3_waffle_pi/model.config
[0.172s] -- Up-to-date: /home/leo/TFG_Proyect/install/turtlebot3_gazebo/share/turtlebot3_gazebo//models/turtlebot3_waffle_pi/model-1_4_.sdf
[0.172s] -- Up-to-date: /home/leo/TFG_Proyect/install/turtlebot3_gazebo/share/turtlebot3_gazebo//models/turtlebot3_common
[0.172s] -- Up-to-date: /home/leo/TFG_Proyect/install/turtlebot3_gazebo/share/turtlebot3_gazebo//models/turtlebot3_common/model.config
[0.172s] -- Up-to-date: /home/leo/TFG_Proyect/install/turtlebot3_gazebo/share/turtlebot3_gazebo//models/turtlebot3_common/meshes
[0.172s] -- Up-to-date: /home/leo/TFG_Proyect/install/turtlebot3_gazebo/share/turtlebot3_gazebo//models/turtlebot3_common/meshes/tire.dae
[0.173s] -- Up-to-date: /home/leo/TFG_Proyect/install/turtlebot3_gazebo/share/turtlebot3_gazebo//models/turtlebot3_common/meshes/burger_base.dae
[0.173s] -- Up-to-date: /home/leo/TFG_Proyect/install/turtlebot3_gazebo/share/turtlebot3_gazebo//models/turtlebot3_common/meshes/waffle_base.dae
[0.173s] -- Up-to-date: /home/leo/TFG_Proyect/install/turtlebot3_gazebo/share/turtlebot3_gazebo//models/turtlebot3_common/meshes/lds.dae
[0.173s] -- Up-to-date: /home/leo/TFG_Proyect/install/turtlebot3_gazebo/share/turtlebot3_gazebo//models/turtlebot3_common/meshes/waffle_pi_base.dae
[0.173s] -- Up-to-date: /home/leo/TFG_Proyect/install/turtlebot3_gazebo/share/turtlebot3_gazebo//models/turtlebot3_common/meshes/r200.dae
[0.173s] -- Up-to-date: /home/leo/TFG_Proyect/install/turtlebot3_gazebo/share/turtlebot3_gazebo//models/Warehouse
[0.173s] -- Up-to-date: /home/leo/TFG_Proyect/install/turtlebot3_gazebo/share/turtlebot3_gazebo//models/Warehouse/model.sdf
[0.173s] -- Up-to-date: /home/leo/TFG_Proyect/install/turtlebot3_gazebo/share/turtlebot3_gazebo//models/Warehouse/model.config
[0.173s] -- Up-to-date: /home/leo/TFG_Proyect/install/turtlebot3_gazebo/share/turtlebot3_gazebo//models/Warehouse/thumbnails
[0.173s] -- Up-to-date: /home/leo/TFG_Proyect/install/turtlebot3_gazebo/share/turtlebot3_gazebo//models/Warehouse/thumbnails/4.png
[0.173s] -- Up-to-date: /home/leo/TFG_Proyect/install/turtlebot3_gazebo/share/turtlebot3_gazebo//models/Warehouse/thumbnails/3.png
[0.173s] -- Up-to-date: /home/leo/TFG_Proyect/install/turtlebot3_gazebo/share/turtlebot3_gazebo//models/Warehouse/thumbnails/2.png
[0.173s] -- Up-to-date: /home/leo/TFG_Proyect/install/turtlebot3_gazebo/share/turtlebot3_gazebo//models/Warehouse/thumbnails/1.png
[0.173s] -- Up-to-date: /home/leo/TFG_Proyect/install/turtlebot3_gazebo/share/turtlebot3_gazebo//models/Warehouse/meshes
[0.173s] -- Up-to-date: /home/leo/TFG_Proyect/install/turtlebot3_gazebo/share/turtlebot3_gazebo//models/Warehouse/meshes/Asphalt010_1K_Color.jpg
[0.173s] -- Up-to-date: /home/leo/TFG_Proyect/install/turtlebot3_gazebo/share/turtlebot3_gazebo//models/Warehouse/meshes/Tape001_1K_Color.png
[0.173s] -- Up-to-date: /home/leo/TFG_Proyect/install/turtlebot3_gazebo/share/turtlebot3_gazebo//models/Warehouse/meshes/Rough_Square_Concrete_Block.jpg
[0.174s] -- Up-to-date: /home/leo/TFG_Proyect/install/turtlebot3_gazebo/share/turtlebot3_gazebo//models/Warehouse/meshes/warehouse.dae
[0.174s] -- Up-to-date: /home/leo/TFG_Proyect/install/turtlebot3_gazebo/share/turtlebot3_gazebo//models/Warehouse/meshes/Terrazzo005_1K_Color.jpg
[0.174s] -- Up-to-date: /home/leo/TFG_Proyect/install/turtlebot3_gazebo/share/turtlebot3_gazebo//models/Warehouse/meshes/ground.png
[0.174s] -- Up-to-date: /home/leo/TFG_Proyect/install/turtlebot3_gazebo/share/turtlebot3_gazebo//models/Warehouse/meshes/warehouse_colision.stl
[0.174s] -- Up-to-date: /home/leo/TFG_Proyect/install/turtlebot3_gazebo/share/turtlebot3_gazebo//models/turtlebot3_burger
[0.174s] -- Up-to-date: /home/leo/TFG_Proyect/install/turtlebot3_gazebo/share/turtlebot3_gazebo//models/turtlebot3_burger/model.sdf
[0.174s] -- Up-to-date: /home/leo/TFG_Proyect/install/turtlebot3_gazebo/share/turtlebot3_gazebo//models/turtlebot3_burger/model.config
[0.174s] -- Up-to-date: /home/leo/TFG_Proyect/install/turtlebot3_gazebo/share/turtlebot3_gazebo//models/turtlebot3_burger/model-1_4.sdf
[0.174s] -- Up-to-date: /home/leo/TFG_Proyect/install/turtlebot3_gazebo/share/turtlebot3_gazebo//models/turtlebot3_world
[0.174s] -- Up-to-date: /home/leo/TFG_Proyect/install/turtlebot3_gazebo/share/turtlebot3_gazebo//models/turtlebot3_world/model.sdf
[0.174s] -- Up-to-date: /home/leo/TFG_Proyect/install/turtlebot3_gazebo/share/turtlebot3_gazebo//models/turtlebot3_world/model.config
[0.174s] -- Up-to-date: /home/leo/TFG_Proyect/install/turtlebot3_gazebo/share/turtlebot3_gazebo//models/turtlebot3_world/model-1_4.sdf
[0.174s] -- Up-to-date: /home/leo/TFG_Proyect/install/turtlebot3_gazebo/share/turtlebot3_gazebo//models/turtlebot3_world/meshes
[0.174s] -- Up-to-date: /home/leo/TFG_Proyect/install/turtlebot3_gazebo/share/turtlebot3_gazebo//models/turtlebot3_world/meshes/hexagon.dae
[0.174s] -- Up-to-date: /home/leo/TFG_Proyect/install/turtlebot3_gazebo/share/turtlebot3_gazebo//models/turtlebot3_world/meshes/wall.dae
[0.174s] -- Up-to-date: /home/leo/TFG_Proyect/install/turtlebot3_gazebo/share/turtlebot3_gazebo//models/turtlebot3_dqn_world
[0.174s] -- Up-to-date: /home/leo/TFG_Proyect/install/turtlebot3_gazebo/share/turtlebot3_gazebo//models/turtlebot3_dqn_world/model.sdf
[0.174s] -- Up-to-date: /home/leo/TFG_Proyect/install/turtlebot3_gazebo/share/turtlebot3_gazebo//models/turtlebot3_dqn_world/model.config
[0.174s] -- Up-to-date: /home/leo/TFG_Proyect/install/turtlebot3_gazebo/share/turtlebot3_gazebo//models/turtlebot3_dqn_world/goal_box
[0.174s] -- Up-to-date: /home/leo/TFG_Proyect/install/turtlebot3_gazebo/share/turtlebot3_gazebo//models/turtlebot3_dqn_world/goal_box/model.sdf
[0.174s] -- Up-to-date: /home/leo/TFG_Proyect/install/turtlebot3_gazebo/share/turtlebot3_gazebo//models/turtlebot3_dqn_world/goal_box/model.config
[0.174s] -- Up-to-date: /home/leo/TFG_Proyect/install/turtlebot3_gazebo/share/turtlebot3_gazebo//models/turtlebot3_dqn_world/obstacle_plugin
[0.175s] -- Up-to-date: /home/leo/TFG_Proyect/install/turtlebot3_gazebo/share/turtlebot3_gazebo//models/turtlebot3_dqn_world/obstacle_plugin/obstacle2.cc
[0.175s] -- Up-to-date: /home/leo/TFG_Proyect/install/turtlebot3_gazebo/share/turtlebot3_gazebo//models/turtlebot3_dqn_world/obstacle_plugin/CMakeLists.txt
[0.175s] -- Up-to-date: /home/leo/TFG_Proyect/install/turtlebot3_gazebo/share/turtlebot3_gazebo//models/turtlebot3_dqn_world/obstacle_plugin/obstacle1.cc
[0.175s] -- Up-to-date: /home/leo/TFG_Proyect/install/turtlebot3_gazebo/share/turtlebot3_gazebo//models/turtlebot3_dqn_world/obstacle_plugin/obstacles.cc
[0.175s] -- Up-to-date: /home/leo/TFG_Proyect/install/turtlebot3_gazebo/share/turtlebot3_gazebo//models/turtlebot3_dqn_world/obstacle1
[0.175s] -- Up-to-date: /home/leo/TFG_Proyect/install/turtlebot3_gazebo/share/turtlebot3_gazebo//models/turtlebot3_dqn_world/obstacle1/model.sdf
[0.175s] -- Up-to-date: /home/leo/TFG_Proyect/install/turtlebot3_gazebo/share/turtlebot3_gazebo//models/turtlebot3_dqn_world/obstacle1/model.config
[0.175s] -- Up-to-date: /home/leo/TFG_Proyect/install/turtlebot3_gazebo/share/turtlebot3_gazebo//models/turtlebot3_dqn_world/obstacles
[0.175s] -- Up-to-date: /home/leo/TFG_Proyect/install/turtlebot3_gazebo/share/turtlebot3_gazebo//models/turtlebot3_dqn_world/obstacles/model.sdf
[0.175s] -- Up-to-date: /home/leo/TFG_Proyect/install/turtlebot3_gazebo/share/turtlebot3_gazebo//models/turtlebot3_dqn_world/obstacles/model.config
[0.175s] -- Up-to-date: /home/leo/TFG_Proyect/install/turtlebot3_gazebo/share/turtlebot3_gazebo//models/turtlebot3_dqn_world/obstacle2
[0.175s] -- Up-to-date: /home/leo/TFG_Proyect/install/turtlebot3_gazebo/share/turtlebot3_gazebo//models/turtlebot3_dqn_world/obstacle2/model.sdf
[0.175s] -- Up-to-date: /home/leo/TFG_Proyect/install/turtlebot3_gazebo/share/turtlebot3_gazebo//models/turtlebot3_dqn_world/obstacle2/model.config
[0.175s] -- Up-to-date: /home/leo/TFG_Proyect/install/turtlebot3_gazebo/share/turtlebot3_gazebo//models/turtlebot3_dqn_world/inner_walls
[0.175s] -- Up-to-date: /home/leo/TFG_Proyect/install/turtlebot3_gazebo/share/turtlebot3_gazebo//models/turtlebot3_dqn_world/inner_walls/model.sdf
[0.175s] -- Up-to-date: /home/leo/TFG_Proyect/install/turtlebot3_gazebo/share/turtlebot3_gazebo//models/turtlebot3_dqn_world/inner_walls/model.config
[0.175s] -- Up-to-date: /home/leo/TFG_Proyect/install/turtlebot3_gazebo/share/turtlebot3_gazebo//models/turtlebot3_house
[0.175s] -- Up-to-date: /home/leo/TFG_Proyect/install/turtlebot3_gazebo/share/turtlebot3_gazebo//models/turtlebot3_house/model.sdf
[0.175s] -- Up-to-date: /home/leo/TFG_Proyect/install/turtlebot3_gazebo/share/turtlebot3_gazebo//models/turtlebot3_house/model.config
[0.175s] -- Up-to-date: /home/leo/TFG_Proyect/install/turtlebot3_gazebo/share/turtlebot3_gazebo//rviz
[0.175s] -- Up-to-date: /home/leo/TFG_Proyect/install/turtlebot3_gazebo/share/turtlebot3_gazebo//rviz/tb3_gazebo.rviz
[0.176s] -- Up-to-date: /home/leo/TFG_Proyect/install/turtlebot3_gazebo/share/turtlebot3_gazebo//urdf
[0.176s] -- Up-to-date: /home/leo/TFG_Proyect/install/turtlebot3_gazebo/share/turtlebot3_gazebo//urdf/turtlebot3_burger.urdf
[0.176s] -- Up-to-date: /home/leo/TFG_Proyect/install/turtlebot3_gazebo/share/turtlebot3_gazebo//urdf/turtlebot3_waffle_pi.urdf
[0.176s] -- Up-to-date: /home/leo/TFG_Proyect/install/turtlebot3_gazebo/share/turtlebot3_gazebo//urdf/common_properties.urdf
[0.176s] -- Up-to-date: /home/leo/TFG_Proyect/install/turtlebot3_gazebo/share/turtlebot3_gazebo//urdf/turtlebot3_waffle.urdf
[0.176s] -- Up-to-date: /home/leo/TFG_Proyect/install/turtlebot3_gazebo/share/turtlebot3_gazebo//worlds
[0.176s] -- Up-to-date: /home/leo/TFG_Proyect/install/turtlebot3_gazebo/share/turtlebot3_gazebo//worlds/turtlebot3_dqn_stage2.world
[0.176s] -- Up-to-date: /home/leo/TFG_Proyect/install/turtlebot3_gazebo/share/turtlebot3_gazebo//worlds/empty_world.world
[0.176s] -- Up-to-date: /home/leo/TFG_Proyect/install/turtlebot3_gazebo/share/turtlebot3_gazebo//worlds/turtlebot3_house.world
[0.176s] -- Up-to-date: /home/leo/TFG_Proyect/install/turtlebot3_gazebo/share/turtlebot3_gazebo//worlds/turtlebot3_dqn_stage3.world
[0.176s] -- Up-to-date: /home/leo/TFG_Proyect/install/turtlebot3_gazebo/share/turtlebot3_gazebo//worlds/turtlebot3_dqn_stage1.world
[0.177s] -- Up-to-date: /home/leo/TFG_Proyect/install/turtlebot3_gazebo/share/turtlebot3_gazebo//worlds/warehouse.world
[0.177s] -- Up-to-date: /home/leo/TFG_Proyect/install/turtlebot3_gazebo/share/turtlebot3_gazebo//worlds/cylinder.world
[0.177s] -- Up-to-date: /home/leo/TFG_Proyect/install/turtlebot3_gazebo/share/turtlebot3_gazebo//worlds/turtlebot3_dqn_stage4.world
[0.177s] -- Up-to-date: /home/leo/TFG_Proyect/install/turtlebot3_gazebo/share/turtlebot3_gazebo//worlds/turtlebot3_warehouse.world
[0.177s] -- Up-to-date: /home/leo/TFG_Proyect/install/turtlebot3_gazebo/share/turtlebot3_gazebo//worlds/turtlebot3_world.world
[0.177s] -- Up-to-date: /home/leo/TFG_Proyect/install/turtlebot3_gazebo/include/
[0.178s] -- Up-to-date: /home/leo/TFG_Proyect/install/turtlebot3_gazebo/include//turtlebot3_gazebo
[0.178s] -- Up-to-date: /home/leo/TFG_Proyect/install/turtlebot3_gazebo/include//turtlebot3_gazebo/turtlebot3_drive.hpp
[0.178s] -- Up-to-date: /home/leo/TFG_Proyect/install/turtlebot3_gazebo/share/ament_index/resource_index/package_run_dependencies/turtlebot3_gazebo
[0.178s] -- Up-to-date: /home/leo/TFG_Proyect/install/turtlebot3_gazebo/share/ament_index/resource_index/parent_prefix_path/turtlebot3_gazebo
[0.178s] -- Up-to-date: /home/leo/TFG_Proyect/install/turtlebot3_gazebo/share/turtlebot3_gazebo/environment/ament_prefix_path.sh
[0.178s] -- Up-to-date: /home/leo/TFG_Proyect/install/turtlebot3_gazebo/share/turtlebot3_gazebo/environment/ament_prefix_path.dsv
[0.178s] -- Up-to-date: /home/leo/TFG_Proyect/install/turtlebot3_gazebo/share/turtlebot3_gazebo/environment/path.sh
[0.178s] -- Up-to-date: /home/leo/TFG_Proyect/install/turtlebot3_gazebo/share/turtlebot3_gazebo/environment/path.dsv
[0.178s] -- Up-to-date: /home/leo/TFG_Proyect/install/turtlebot3_gazebo/share/turtlebot3_gazebo/local_setup.bash
[0.179s] -- Up-to-date: /home/leo/TFG_Proyect/install/turtlebot3_gazebo/share/turtlebot3_gazebo/local_setup.sh
[0.179s] -- Up-to-date: /home/leo/TFG_Proyect/install/turtlebot3_gazebo/share/turtlebot3_gazebo/local_setup.zsh
[0.179s] -- Up-to-date: /home/leo/TFG_Proyect/install/turtlebot3_gazebo/share/turtlebot3_gazebo/local_setup.dsv
[0.179s] -- Installing: /home/leo/TFG_Proyect/install/turtlebot3_gazebo/share/turtlebot3_gazebo/package.dsv
[0.179s] -- Up-to-date: /home/leo/TFG_Proyect/install/turtlebot3_gazebo/share/ament_index/resource_index/packages/turtlebot3_gazebo
[0.179s] -- Up-to-date: /home/leo/TFG_Proyect/install/turtlebot3_gazebo/share/turtlebot3_gazebo/cmake/ament_cmake_export_include_directories-extras.cmake
[0.179s] -- Up-to-date: /home/leo/TFG_Proyect/install/turtlebot3_gazebo/share/turtlebot3_gazebo/cmake/ament_cmake_export_dependencies-extras.cmake
[0.179s] -- Up-to-date: /home/leo/TFG_Proyect/install/turtlebot3_gazebo/share/turtlebot3_gazebo/cmake/turtlebot3_gazeboConfig.cmake
[0.179s] -- Up-to-date: /home/leo/TFG_Proyect/install/turtlebot3_gazebo/share/turtlebot3_gazebo/cmake/turtlebot3_gazeboConfig-version.cmake
[0.179s] -- Up-to-date: /home/leo/TFG_Proyect/install/turtlebot3_gazebo/share/turtlebot3_gazebo/package.xml
[0.180s] Invoked command in '/home/leo/TFG_Proyect/build/turtlebot3_gazebo' returned '0': CMAKE_PREFIX_PATH=${CMAKE_PREFIX_PATH}:/home/leo/ros2_ws/install/examples_pkg:/opt/ros/humble /usr/bin/cmake --install /home/leo/TFG_Proyect/build/turtlebot3_gazebo
