[0.096s] Invoking command in '/home/leo/TFG_Proyect/build/turtlebot3_fake_node': CMAKE_PREFIX_PATH=${CMAKE_PREFIX_PATH}:/home/leo/ros2_ws/install/examples_pkg:/opt/ros/humble /usr/bin/cmake /home/leo/TFG_Proyect/src/ros2_ws/src/turtlebot3_simulations/turtlebot3_fake_node -DCMAKE_INSTALL_PREFIX=/home/leo/TFG_Proyect/install/turtlebot3_fake_node
[0.134s] -- The C compiler identification is GNU 11.4.0
[0.175s] -- The CXX compiler identification is GNU 11.4.0
[0.180s] -- Detecting C compiler ABI info
[0.228s] -- Detecting C compiler ABI info - done
[0.239s] -- Check for working C compiler: /usr/bin/cc - skipped
[0.239s] -- Detecting C compile features
[0.239s] -- Detecting C compile features - done
[0.243s] -- Detecting CXX compiler ABI info
[0.301s] -- Detecting CXX compiler ABI info - done
[0.307s] -- Check for working CXX compiler: /usr/bin/c++ - skipped
[0.307s] -- Detecting CXX compile features
[0.307s] -- Detecting CXX compile features - done
[0.309s] -- Found ament_cmake: 1.3.5 (/opt/ros/humble/share/ament_cmake/cmake)
[0.444s] -- Found Python3: /usr/bin/python3.10 (found version "3.10.12") found components: Interpreter 
[0.526s] -- Found geometry_msgs: 4.2.3 (/opt/ros/humble/share/geometry_msgs/cmake)
[0.562s] -- Found rosidl_generator_c: 3.1.5 (/opt/ros/humble/share/rosidl_generator_c/cmake)
[0.567s] -- Found rosidl_adapter: 3.1.5 (/opt/ros/humble/share/rosidl_adapter/cmake)
[0.577s] -- Found rosidl_generator_cpp: 3.1.5 (/opt/ros/humble/share/rosidl_generator_cpp/cmake)
[0.592s] -- Using all available rosidl_typesupport_c: rosidl_typesupport_fastrtps_c;rosidl_typesupport_introspection_c
[0.607s] -- Using all available rosidl_typesupport_cpp: rosidl_typesupport_fastrtps_cpp;rosidl_typesupport_introspection_cpp
[0.700s] -- Found nav_msgs: 4.2.3 (/opt/ros/humble/share/nav_msgs/cmake)
[0.767s] -- Found rclcpp: 16.0.6 (/opt/ros/humble/share/rclcpp/cmake)
[0.823s] -- Found rmw_implementation_cmake: 6.1.1 (/opt/ros/humble/share/rmw_implementation_cmake/cmake)
[0.825s] -- Found rmw_fastrtps_cpp: 6.2.4 (/opt/ros/humble/share/rmw_fastrtps_cpp/cmake)
[0.899s] -- Found OpenSSL: /usr/lib/x86_64-linux-gnu/libcrypto.so (found version "3.0.2")  
[0.927s] -- Found FastRTPS: /opt/ros/humble/include  
[0.970s] -- Using RMW implementation 'rmw_fastrtps_cpp' as default
[0.978s] -- Looking for pthread.h
[1.028s] -- Looking for pthread.h - found
[1.028s] -- Performing Test CMAKE_HAVE_LIBC_PTHREAD
[1.080s] -- Performing Test CMAKE_HAVE_LIBC_PTHREAD - Success
[1.081s] -- Found Threads: TRUE  
[1.189s] -- Found sensor_msgs: 4.2.3 (/opt/ros/humble/share/sensor_msgs/cmake)
[1.255s] -- Found tf2: 0.25.4 (/opt/ros/humble/share/tf2/cmake)
[1.267s] -- Found tf2_msgs: 0.25.4 (/opt/ros/humble/share/tf2_msgs/cmake)
[1.385s] -- Found turtlebot3_msgs: 2.2.3 (/opt/ros/humble/share/turtlebot3_msgs/cmake)
[1.499s] -- Configuring done
[1.507s] -- Generating done
[1.509s] -- Build files have been written to: /home/leo/TFG_Proyect/build/turtlebot3_fake_node
[1.516s] Invoked command in '/home/leo/TFG_Proyect/build/turtlebot3_fake_node' returned '0': CMAKE_PREFIX_PATH=${CMAKE_PREFIX_PATH}:/home/leo/ros2_ws/install/examples_pkg:/opt/ros/humble /usr/bin/cmake /home/leo/TFG_Proyect/src/ros2_ws/src/turtlebot3_simulations/turtlebot3_fake_node -DCMAKE_INSTALL_PREFIX=/home/leo/TFG_Proyect/install/turtlebot3_fake_node
[1.518s] Invoking command in '/home/leo/TFG_Proyect/build/turtlebot3_fake_node': CMAKE_PREFIX_PATH=${CMAKE_PREFIX_PATH}:/home/leo/ros2_ws/install/examples_pkg:/opt/ros/humble /usr/bin/cmake --build /home/leo/TFG_Proyect/build/turtlebot3_fake_node -- -j8 -l8
[1.554s] [ 50%] [32mBuilding CXX object CMakeFiles/turtlebot3_fake_node.dir/src/turtlebot3_fake_node.cpp.o[0m
[12.636s] [100%] [32m[1mLinking CXX executable turtlebot3_fake_node[0m
[13.236s] [100%] Built target turtlebot3_fake_node
[13.244s] Invoked command in '/home/leo/TFG_Proyect/build/turtlebot3_fake_node' returned '0': CMAKE_PREFIX_PATH=${CMAKE_PREFIX_PATH}:/home/leo/ros2_ws/install/examples_pkg:/opt/ros/humble /usr/bin/cmake --build /home/leo/TFG_Proyect/build/turtlebot3_fake_node -- -j8 -l8
[13.268s] Invoking command in '/home/leo/TFG_Proyect/build/turtlebot3_fake_node': CMAKE_PREFIX_PATH=${CMAKE_PREFIX_PATH}:/home/leo/ros2_ws/install/examples_pkg:/opt/ros/humble /usr/bin/cmake --install /home/leo/TFG_Proyect/build/turtlebot3_fake_node
[13.275s] -- Install configuration: ""
[13.275s] -- Installing: /home/leo/TFG_Proyect/install/turtlebot3_fake_node/lib/turtlebot3_fake_node/turtlebot3_fake_node
[13.278s] -- Set runtime path of "/home/leo/TFG_Proyect/install/turtlebot3_fake_node/lib/turtlebot3_fake_node/turtlebot3_fake_node" to ""
[13.278s] -- Installing: /home/leo/TFG_Proyect/install/turtlebot3_fake_node/share/turtlebot3_fake_node/launch
[13.278s] -- Installing: /home/leo/TFG_Proyect/install/turtlebot3_fake_node/share/turtlebot3_fake_node/launch/turtlebot3_fake_node.launch.py
[13.278s] -- Installing: /home/leo/TFG_Proyect/install/turtlebot3_fake_node/share/turtlebot3_fake_node/launch/rviz2.launch.py
[13.278s] -- Installing: /home/leo/TFG_Proyect/install/turtlebot3_fake_node/share/turtlebot3_fake_node/param
[13.278s] -- Installing: /home/leo/TFG_Proyect/install/turtlebot3_fake_node/share/turtlebot3_fake_node/param/burger.yaml
[13.278s] -- Installing: /home/leo/TFG_Proyect/install/turtlebot3_fake_node/share/turtlebot3_fake_node/param/waffle.yaml
[13.278s] -- Installing: /home/leo/TFG_Proyect/install/turtlebot3_fake_node/share/turtlebot3_fake_node/param/waffle_pi.yaml
[13.279s] -- Installing: /home/leo/TFG_Proyect/install/turtlebot3_fake_node/include/
[13.279s] -- Installing: /home/leo/TFG_Proyect/install/turtlebot3_fake_node/include//turtlebot3_fake_node
[13.279s] -- Installing: /home/leo/TFG_Proyect/install/turtlebot3_fake_node/include//turtlebot3_fake_node/turtlebot3_fake_node.hpp
[13.279s] -- Installing: /home/leo/TFG_Proyect/install/turtlebot3_fake_node/share/ament_index/resource_index/package_run_dependencies/turtlebot3_fake_node
[13.279s] -- Installing: /home/leo/TFG_Proyect/install/turtlebot3_fake_node/share/ament_index/resource_index/parent_prefix_path/turtlebot3_fake_node
[13.279s] -- Installing: /home/leo/TFG_Proyect/install/turtlebot3_fake_node/share/turtlebot3_fake_node/environment/ament_prefix_path.sh
[13.279s] -- Installing: /home/leo/TFG_Proyect/install/turtlebot3_fake_node/share/turtlebot3_fake_node/environment/ament_prefix_path.dsv
[13.279s] -- Installing: /home/leo/TFG_Proyect/install/turtlebot3_fake_node/share/turtlebot3_fake_node/environment/path.sh
[13.279s] -- Installing: /home/leo/TFG_Proyect/install/turtlebot3_fake_node/share/turtlebot3_fake_node/environment/path.dsv
[13.279s] -- Installing: /home/leo/TFG_Proyect/install/turtlebot3_fake_node/share/turtlebot3_fake_node/local_setup.bash
[13.279s] -- Installing: /home/leo/TFG_Proyect/install/turtlebot3_fake_node/share/turtlebot3_fake_node/local_setup.sh
[13.279s] -- Installing: /home/leo/TFG_Proyect/install/turtlebot3_fake_node/share/turtlebot3_fake_node/local_setup.zsh
[13.280s] -- Installing: /home/leo/TFG_Proyect/install/turtlebot3_fake_node/share/turtlebot3_fake_node/local_setup.dsv
[13.280s] -- Installing: /home/leo/TFG_Proyect/install/turtlebot3_fake_node/share/turtlebot3_fake_node/package.dsv
[13.280s] -- Installing: /home/leo/TFG_Proyect/install/turtlebot3_fake_node/share/ament_index/resource_index/packages/turtlebot3_fake_node
[13.280s] -- Installing: /home/leo/TFG_Proyect/install/turtlebot3_fake_node/share/turtlebot3_fake_node/cmake/ament_cmake_export_include_directories-extras.cmake
[13.280s] -- Installing: /home/leo/TFG_Proyect/install/turtlebot3_fake_node/share/turtlebot3_fake_node/cmake/ament_cmake_export_dependencies-extras.cmake
[13.280s] -- Installing: /home/leo/TFG_Proyect/install/turtlebot3_fake_node/share/turtlebot3_fake_node/cmake/turtlebot3_fake_nodeConfig.cmake
[13.280s] -- Installing: /home/leo/TFG_Proyect/install/turtlebot3_fake_node/share/turtlebot3_fake_node/cmake/turtlebot3_fake_nodeConfig-version.cmake
[13.280s] -- Installing: /home/leo/TFG_Proyect/install/turtlebot3_fake_node/share/turtlebot3_fake_node/package.xml
[13.282s] Invoked command in '/home/leo/TFG_Proyect/build/turtlebot3_fake_node' returned '0': CMAKE_PREFIX_PATH=${CMAKE_PREFIX_PATH}:/home/leo/ros2_ws/install/examples_pkg:/opt/ros/humble /usr/bin/cmake --install /home/leo/TFG_Proyect/build/turtlebot3_fake_node
