[0.053s] Invoking command in '/home/leo/TFG_Proyect/build/aws_robomaker_small_warehouse_world': /usr/bin/cmake /home/leo/TFG_Proyect/src/ros2_ws/src/aws-robomaker-small-warehouse-world -DCATKIN_INSTALL_INTO_PREFIX_ROOT=0 -DCMAKE_INSTALL_PREFIX=/home/leo/TFG_Proyect/install/aws_robomaker_small_warehouse_world
[0.057s] [0mCMake Deprecation Warning at CMakeLists.txt:1 (cmake_minimum_required):
[0.057s]   Compatibility with CMake < 2.8.12 will be removed from a future version of
[0.057s]   CMake.
[0.057s] 
[0.057s]   Update the VERSION argument <min> value or use a ...<max> suffix to tell
[0.057s]   CMake that the project does not need compatibility with older versions.
[0.057s] 
[0.057s] [0m
[0.130s] -- The C compiler identification is GNU 11.4.0
[0.193s] -- The CXX compiler identification is GNU 11.4.0
[0.198s] -- Detecting C compiler ABI info
[0.257s] -- Detecting C compiler ABI info - done
[0.265s] -- Check for working C compiler: /usr/bin/cc - skipped
[0.266s] -- Detecting C compile features
[0.266s] -- Detecting C compile features - done
[0.269s] -- Detecting CXX compiler ABI info
[0.327s] -- Detecting CXX compiler ABI info - done
[0.333s] -- Check for working CXX compiler: /usr/bin/c++ - skipped
[0.333s] -- Detecting CXX compile features
[0.333s] -- Detecting CXX compile features - done
[0.341s] [31mCMake Error at CMakeLists.txt:4 (find_package):
[0.342s]   By not providing "Findcatkin.cmake" in CMAKE_MODULE_PATH this project has
[0.342s]   asked CMake to find a package configuration file provided by "catkin", but
[0.342s]   CMake did not find one.
[0.342s] 
[0.342s]   Could not find a package configuration file provided by "catkin" with any
[0.342s]   of the following names:
[0.342s] 
[0.342s]     catkinConfig.cmake
[0.342s]     catkin-config.cmake
[0.342s] 
[0.342s]   Add the installation prefix of "catkin" to CMAKE_PREFIX_PATH or set
[0.342s]   "catkin_DIR" to a directory containing one of the above files.  If "catkin"
[0.342s]   provides a separate development package or SDK, be sure it has been
[0.342s]   installed.
[0.342s] 
[0.342s] [0m
[0.342s] -- Configuring incomplete, errors occurred!
[0.342s] See also "/home/leo/TFG_Proyect/build/aws_robomaker_small_warehouse_world/CMakeFiles/CMakeOutput.log".
[0.344s] Invoked command in '/home/leo/TFG_Proyect/build/aws_robomaker_small_warehouse_world' returned '1': /usr/bin/cmake /home/leo/TFG_Proyect/src/ros2_ws/src/aws-robomaker-small-warehouse-world -DCATKIN_INSTALL_INTO_PREFIX_ROOT=0 -DCMAKE_INSTALL_PREFIX=/home/leo/TFG_Proyect/install/aws_robomaker_small_warehouse_world
